2023-08-31 18:58:20 DEBUG Logger Initialized
2023-08-31 18:58:20 INFO running the adaptation effector module
2023-08-31 18:58:20 INFO Inside the Analyzer: Performing the analysis
2023-08-31 18:58:20 INFO Inside the planner: Generating the adaptation plan
2023-08-31 18:58:20 INFO calculating the utility values
2023-08-31 18:58:20 INFO Current dimmer value 0.9
2023-08-31 18:58:20 INFO  dimmer flag status, increase : decrease True : True
2023-08-31 18:58:20 INFO Inside the Executor: executing the adaptations
2023-08-31 18:58:20 INFO removing server
2023-08-31 18:58:20 INFO server removed successfully
2023-08-31 18:58:20 INFO inside change dimer module, change dimmer by -0.1
2023-08-31 18:59:20 INFO Inside the Analyzer: Performing the analysis
2023-08-31 18:59:20 INFO Inside the planner: Generating the adaptation plan
2023-08-31 18:59:20 INFO calculating the utility values
2023-08-31 18:59:20 INFO Current dimmer value 0.8
2023-08-31 18:59:20 INFO  dimmer flag status, increase : decrease True : True
2023-08-31 18:59:20 INFO Inside the Executor: executing the adaptations
2023-08-31 18:59:20 INFO removing server
2023-08-31 18:59:20 INFO server removed successfully
2023-08-31 18:59:20 INFO inside change dimer module, change dimmer by -0.1
2023-08-31 19:00:20 INFO Inside the Analyzer: Performing the analysis
2023-08-31 19:00:20 INFO  The response time above threshold -- Initializing Planner
2023-08-31 19:00:20 INFO Inside the planner: Generating the adaptation plan
2023-08-31 19:00:20 INFO calculating the utility values
2023-08-31 19:00:20 INFO Current dimmer value 0.7
2023-08-31 19:00:20 INFO  dimmer flag status, increase : decrease True : True
2023-08-31 19:00:20 INFO Inside the Executor: executing the adaptations
2023-08-31 19:00:20 INFO inside add server module
2023-08-31 19:00:20 INFO Server added successfully
2023-08-31 19:00:20 INFO inside change dimer module, change dimmer by -0.1
2023-08-31 19:00:20 ERROR 'Planner' object has no attribute 'learn'
2023-08-31 19:01:20 INFO Inside the Analyzer: Performing the analysis
2023-08-31 19:01:20 INFO  The response time above threshold -- Initializing Planner
2023-08-31 19:01:20 INFO Inside the planner: Generating the adaptation plan
2023-08-31 19:01:20 INFO calculating the utility values
2023-08-31 19:01:20 INFO Current dimmer value 0.6
2023-08-31 19:01:20 INFO  dimmer flag status, increase : decrease True : True
2023-08-31 19:01:20 INFO Inside the Executor: executing the adaptations
2023-08-31 19:01:20 INFO inside change dimer module, change dimmer by -0.1
2023-08-31 19:01:20 ERROR 'Planner' object has no attribute 'learn'
2023-08-31 19:02:20 INFO Inside the Analyzer: Performing the analysis
2023-08-31 19:02:20 INFO  The response time above threshold -- Initializing Planner
2023-08-31 19:02:20 INFO Inside the planner: Generating the adaptation plan
2023-08-31 19:02:20 INFO calculating the utility values
2023-08-31 19:02:20 INFO Current dimmer value 0.5
2023-08-31 19:02:20 INFO  dimmer flag status, increase : decrease True : True
2023-08-31 19:02:20 INFO Inside the Executor: executing the adaptations
2023-08-31 19:02:20 INFO inside add server module
2023-08-31 19:02:20 INFO Server added successfully
2023-08-31 19:02:20 INFO inside change dimer module, change dimmer by -0.1
2023-08-31 19:02:20 ERROR 'Planner' object has no attribute 'learn'
2023-08-31 19:03:20 INFO Inside the Analyzer: Performing the analysis
2023-08-31 19:04:20 INFO Inside the Analyzer: Performing the analysis
2023-08-31 19:05:20 INFO Inside the Analyzer: Performing the analysis
2023-08-31 19:06:20 INFO Inside the Analyzer: Performing the analysis
2023-08-31 19:07:20 INFO Inside the Analyzer: Performing the analysis
2023-08-31 19:08:20 INFO Inside the Analyzer: Performing the analysis
2023-08-31 19:09:20 INFO Inside the Analyzer: Performing the analysis
2023-08-31 19:10:20 INFO Inside the Analyzer: Performing the analysis
2023-08-31 19:11:20 INFO Inside the Analyzer: Performing the analysis
2023-08-31 19:12:20 INFO Inside the Analyzer: Performing the analysis
2023-08-31 19:13:20 INFO Inside the Analyzer: Performing the analysis
2023-08-31 19:14:20 INFO Inside the Analyzer: Performing the analysis
2023-08-31 19:15:20 INFO Inside the Analyzer: Performing the analysis
2023-08-31 19:16:20 INFO Inside the Analyzer: Performing the analysis
2023-08-31 19:17:20 INFO Inside the Analyzer: Performing the analysis
2023-08-31 19:18:20 INFO Inside the Analyzer: Performing the analysis
2023-08-31 19:19:20 INFO Inside the Analyzer: Performing the analysis
2023-08-31 19:20:20 INFO Inside the Analyzer: Performing the analysis
2023-08-31 19:21:20 INFO Inside the Analyzer: Performing the analysis
2023-08-31 19:22:20 INFO Inside the Analyzer: Performing the analysis
2023-08-31 19:23:20 INFO Inside the Analyzer: Performing the analysis
2023-08-31 19:24:20 INFO Inside the Analyzer: Performing the analysis
2023-08-31 19:25:20 INFO Inside the Analyzer: Performing the analysis
2023-08-31 19:26:20 INFO Inside the Analyzer: Performing the analysis
2023-08-31 19:27:20 INFO Inside the Analyzer: Performing the analysis
2023-08-31 19:28:20 INFO Inside the Analyzer: Performing the analysis
2023-08-31 19:29:20 INFO Inside the Analyzer: Performing the analysis
2023-08-31 19:30:20 INFO Inside the Analyzer: Performing the analysis
2023-08-31 19:31:20 INFO Inside the Analyzer: Performing the analysis
2023-08-31 19:32:20 INFO Inside the Analyzer: Performing the analysis
2023-08-31 19:33:20 INFO Inside the Analyzer: Performing the analysis
2023-08-31 19:34:20 INFO Inside the Analyzer: Performing the analysis
2023-08-31 19:35:20 INFO Inside the Analyzer: Performing the analysis
2023-08-31 19:36:20 INFO Inside the Analyzer: Performing the analysis
2023-08-31 19:37:20 INFO Inside the Analyzer: Performing the analysis
2023-08-31 19:38:20 INFO Inside the Analyzer: Performing the analysis
2023-08-31 19:39:20 INFO Inside the Analyzer: Performing the analysis
2023-08-31 19:40:20 INFO Inside the Analyzer: Performing the analysis
2023-08-31 19:41:20 INFO Inside the Analyzer: Performing the analysis
2023-08-31 19:42:20 INFO Inside the Analyzer: Performing the analysis
2023-08-31 19:43:20 INFO Inside the Analyzer: Performing the analysis
2023-08-31 19:44:20 INFO Inside the Analyzer: Performing the analysis
2023-08-31 19:45:20 INFO Inside the Analyzer: Performing the analysis
2023-08-31 19:46:20 INFO Inside the Analyzer: Performing the analysis
2023-08-31 19:47:20 INFO Inside the Analyzer: Performing the analysis
2023-08-31 19:48:20 INFO Inside the Analyzer: Performing the analysis
2023-08-31 19:49:20 INFO Inside the Analyzer: Performing the analysis
2023-08-31 19:50:20 INFO Inside the Analyzer: Performing the analysis
2023-08-31 19:51:20 INFO Inside the Analyzer: Performing the analysis
2023-08-31 19:52:20 INFO Inside the Analyzer: Performing the analysis
2023-08-31 19:53:20 INFO Inside the Analyzer: Performing the analysis
2023-08-31 19:54:20 INFO Inside the Analyzer: Performing the analysis
2023-08-31 19:55:20 INFO Inside the Analyzer: Performing the analysis
2023-08-31 19:56:20 INFO Inside the Analyzer: Performing the analysis
2023-08-31 19:57:20 INFO Inside the Analyzer: Performing the analysis
2023-08-31 19:58:20 INFO Inside the Analyzer: Performing the analysis
2023-08-31 19:59:20 INFO Inside the Analyzer: Performing the analysis
2023-08-31 20:00:20 INFO Inside the Analyzer: Performing the analysis
2023-08-31 20:01:20 INFO Inside the Analyzer: Performing the analysis
2023-08-31 20:02:20 INFO Inside the Analyzer: Performing the analysis
2023-08-31 20:03:20 INFO Inside the Analyzer: Performing the analysis
2023-08-31 20:04:20 INFO Inside the Analyzer: Performing the analysis
2023-08-31 20:05:20 INFO Inside the Analyzer: Performing the analysis
2023-08-31 20:06:20 INFO Inside the Analyzer: Performing the analysis
2023-08-31 20:07:20 INFO Inside the Analyzer: Performing the analysis
2023-08-31 20:08:20 INFO Inside the Analyzer: Performing the analysis
2023-08-31 20:09:20 INFO Inside the Analyzer: Performing the analysis
2023-08-31 20:10:20 INFO Inside the Analyzer: Performing the analysis
2023-08-31 20:11:20 INFO Inside the Analyzer: Performing the analysis
2023-08-31 20:12:20 INFO Inside the Analyzer: Performing the analysis
2023-08-31 20:13:20 INFO Inside the Analyzer: Performing the analysis
2023-08-31 20:14:20 INFO Inside the Analyzer: Performing the analysis
2023-08-31 20:15:20 INFO Inside the Analyzer: Performing the analysis
2023-08-31 20:16:20 INFO Inside the Analyzer: Performing the analysis
2023-08-31 20:17:20 INFO Inside the Analyzer: Performing the analysis
2023-08-31 20:18:20 INFO Inside the Analyzer: Performing the analysis
2023-08-31 20:19:20 INFO Inside the Analyzer: Performing the analysis
2023-08-31 20:20:20 INFO Inside the Analyzer: Performing the analysis
2023-08-31 20:21:20 INFO Inside the Analyzer: Performing the analysis
2023-08-31 20:22:20 INFO Inside the Analyzer: Performing the analysis
2023-08-31 20:23:20 INFO Inside the Analyzer: Performing the analysis
2023-08-31 20:24:20 INFO Inside the Analyzer: Performing the analysis
2023-08-31 20:25:20 INFO Inside the Analyzer: Performing the analysis
2023-08-31 20:26:20 INFO Inside the Analyzer: Performing the analysis
2023-08-31 20:27:20 INFO Inside the Analyzer: Performing the analysis
2023-08-31 20:28:20 INFO Inside the Analyzer: Performing the analysis
2023-08-31 20:29:20 INFO Inside the Analyzer: Performing the analysis
2023-08-31 20:30:20 INFO Inside the Analyzer: Performing the analysis
2023-08-31 20:31:20 INFO Inside the Analyzer: Performing the analysis
2023-08-31 20:32:20 INFO Inside the Analyzer: Performing the analysis
2023-08-31 20:33:20 INFO Inside the Analyzer: Performing the analysis
2023-08-31 20:34:20 INFO Inside the Analyzer: Performing the analysis
2023-08-31 20:35:20 INFO Inside the Analyzer: Performing the analysis
2023-08-31 20:36:20 INFO Inside the Analyzer: Performing the analysis
2023-08-31 20:37:20 INFO Inside the Analyzer: Performing the analysis
2023-08-31 20:38:20 INFO Inside the Analyzer: Performing the analysis
2023-08-31 20:39:20 INFO Inside the Analyzer: Performing the analysis
2023-08-31 20:40:20 INFO Inside the Analyzer: Performing the analysis
2023-08-31 20:41:20 INFO Inside the Analyzer: Performing the analysis
2023-08-31 20:42:20 INFO Inside the Analyzer: Performing the analysis
2023-08-31 20:43:20 ERROR [Errno 104] Connection reset by peer
2023-08-31 20:44:21 ERROR [Errno 104] Connection reset by peer
2023-08-31 20:45:21 ERROR [Errno 104] Connection reset by peer
2023-08-31 20:46:21 ERROR [Errno 104] Connection reset by peer
2023-08-31 20:47:21 ERROR [Errno 104] Connection reset by peer
2023-08-31 20:48:21 ERROR [Errno 104] Connection reset by peer
2023-08-31 20:49:21 ERROR [Errno 104] Connection reset by peer
2023-08-31 20:50:21 ERROR [Errno 104] Connection reset by peer
2023-08-31 20:51:21 ERROR [Errno 104] Connection reset by peer
2023-08-31 20:52:21 ERROR [Errno 104] Connection reset by peer
2023-08-31 20:53:21 ERROR [Errno 104] Connection reset by peer
2023-08-31 20:54:21 ERROR [Errno 104] Connection reset by peer
2023-08-31 20:55:21 ERROR [Errno 104] Connection reset by peer
2023-08-31 20:56:21 ERROR [Errno 104] Connection reset by peer
2023-08-31 20:57:21 ERROR [Errno 104] Connection reset by peer
2023-08-31 20:58:21 ERROR [Errno 104] Connection reset by peer
2023-08-31 20:59:21 ERROR [Errno 104] Connection reset by peer
2023-08-31 21:00:21 ERROR [Errno 104] Connection reset by peer
2023-08-31 21:01:21 ERROR [Errno 104] Connection reset by peer
2023-08-31 21:02:21 ERROR [Errno 104] Connection reset by peer
2023-08-31 21:03:21 ERROR [Errno 104] Connection reset by peer
2023-08-31 21:04:21 ERROR [Errno 104] Connection reset by peer
2023-08-31 21:05:21 ERROR [Errno 104] Connection reset by peer
2023-08-31 21:06:21 ERROR [Errno 104] Connection reset by peer
2023-08-31 21:07:21 ERROR [Errno 104] Connection reset by peer
2023-08-31 21:08:21 ERROR [Errno 104] Connection reset by peer
2023-08-31 21:09:21 ERROR [Errno 104] Connection reset by peer
2023-08-31 21:10:21 ERROR [Errno 104] Connection reset by peer
2023-08-31 21:11:21 ERROR [Errno 104] Connection reset by peer
2023-08-31 21:12:21 ERROR [Errno 104] Connection reset by peer
2023-08-31 21:13:21 ERROR [Errno 104] Connection reset by peer
2023-08-31 21:14:21 ERROR [Errno 104] Connection reset by peer
2023-08-31 21:15:21 ERROR [Errno 104] Connection reset by peer
2023-08-31 21:16:21 ERROR [Errno 104] Connection reset by peer
2023-08-31 21:17:21 ERROR [Errno 104] Connection reset by peer
2023-08-31 21:18:21 ERROR [Errno 104] Connection reset by peer
2023-08-31 21:19:21 ERROR [Errno 104] Connection reset by peer
2023-08-31 21:20:21 ERROR [Errno 104] Connection reset by peer
2023-08-31 21:21:21 ERROR [Errno 104] Connection reset by peer
2023-08-31 21:22:21 ERROR [Errno 104] Connection reset by peer
2023-08-31 21:23:21 ERROR [Errno 104] Connection reset by peer
2023-08-31 21:24:21 ERROR [Errno 104] Connection reset by peer
2023-08-31 21:25:21 ERROR [Errno 104] Connection reset by peer
2023-08-31 21:26:21 ERROR [Errno 104] Connection reset by peer
2023-08-31 21:27:21 ERROR [Errno 104] Connection reset by peer
2023-08-31 21:28:21 ERROR [Errno 104] Connection reset by peer
2023-08-31 21:29:21 ERROR [Errno 104] Connection reset by peer
2023-08-31 21:30:38 DEBUG Logger Initialized
2023-08-31 21:30:38 INFO running the adaptation effector module
2023-08-31 21:30:38 ERROR 'Monitor' object has no attribute 'server_in_use'
2023-08-31 21:32:11 DEBUG Logger Initialized
2023-08-31 21:32:11 INFO running the adaptation effector module
2023-08-31 21:32:11 ERROR local variable 'old_state' referenced before assignment
2023-08-31 21:32:34 DEBUG Logger Initialized
2023-08-31 21:32:34 INFO running the adaptation effector module
2023-08-31 21:32:34 ERROR local variable 'old_state' referenced before assignment
2023-08-31 21:33:27 DEBUG Logger Initialized
2023-08-31 21:33:27 INFO running the adaptation effector module
2023-08-31 21:33:27 ERROR [Errno 104] Connection reset by peer
2023-08-31 21:33:31 DEBUG Logger Initialized
2023-08-31 21:33:31 INFO running the adaptation effector module
2023-08-31 21:33:31 ERROR local variable 'new_action' referenced before assignment
2023-08-31 21:34:01 DEBUG Logger Initialized
2023-08-31 21:34:01 INFO running the adaptation effector module
2023-08-31 21:34:01 ERROR local variable 'new_action' referenced before assignment
2023-08-31 21:34:04 DEBUG Logger Initialized
2023-08-31 21:34:04 INFO running the adaptation effector module
2023-08-31 21:34:04 ERROR local variable 'new_action' referenced before assignment
2023-08-31 21:34:36 DEBUG Logger Initialized
2023-08-31 21:34:36 INFO running the adaptation effector module
2023-08-31 21:34:36 INFO Inside the Analyzer: Performing the analysis
2023-08-31 21:34:36 INFO Inside the planner: Generating the adaptation plan
2023-08-31 21:34:36 INFO calculating the utility values
2023-08-31 21:34:36 INFO Current dimmer value 0.9
2023-08-31 21:34:36 INFO  dimmer flag status, increase : decrease True : True
2023-08-31 21:34:36 INFO Inside the Executor: executing the adaptations
2023-08-31 21:35:36 ERROR 'module' object is not callable
2023-08-31 21:38:03 DEBUG Logger Initialized
2023-08-31 21:38:03 INFO running the adaptation effector module
2023-08-31 21:38:03 INFO Inside the Analyzer: Performing the analysis
2023-08-31 21:38:03 INFO Inside the planner: Generating the adaptation plan
2023-08-31 21:38:03 ERROR __init__() takes 1 positional argument but 4 were given
2023-08-31 21:38:55 DEBUG Logger Initialized
2023-08-31 21:38:55 INFO running the adaptation effector module
2023-08-31 21:38:55 INFO Inside the Analyzer: Performing the analysis
2023-08-31 21:38:55 ERROR 'module' object is not callable
2023-08-31 21:43:03 DEBUG Logger Initialized
2023-08-31 21:43:51 DEBUG Logger Initialized
2023-08-31 21:43:51 INFO running the adaptation effector module
2023-08-31 21:43:51 ERROR [Errno 104] Connection reset by peer
2023-08-31 21:44:18 DEBUG Logger Initialized
2023-08-31 21:44:18 INFO running the adaptation effector module
2023-08-31 21:44:18 INFO Inside the Analyzer: Performing the analysis
2023-08-31 21:44:18 ERROR 'float' object cannot be interpreted as an integer
2023-08-31 21:58:16 DEBUG Logger Initialized
2023-08-31 21:58:16 INFO running the adaptation effector module
2023-08-31 21:58:16 INFO Inside the Analyzer: Performing the analysis
2023-08-31 21:58:16 ERROR [Errno 2] No such file or directory: 'q_values.json'
2023-08-31 21:58:48 DEBUG Logger Initialized
2023-08-31 21:58:48 INFO running the adaptation effector module
2023-08-31 21:58:48 INFO Inside the Analyzer: Performing the analysis
2023-08-31 21:58:48 ERROR Expecting value: line 1 column 1 (char 0)
2023-08-31 21:59:14 DEBUG Logger Initialized
2023-08-31 21:59:14 INFO running the adaptation effector module
2023-08-31 21:59:14 INFO Inside the Analyzer: Performing the analysis
2023-08-31 21:59:14 INFO Inside the planner: Generating the adaptation plan
2023-08-31 21:59:14 ERROR only integers, slices (`:`), ellipsis (`...`), numpy.newaxis (`None`) and integer or boolean arrays are valid indices
2023-08-31 22:00:14 ERROR 'module' object is not callable
2023-08-31 22:01:14 ERROR 'module' object is not callable
2023-08-31 22:02:14 ERROR 'module' object is not callable
2023-08-31 22:03:14 ERROR 'module' object is not callable
2023-08-31 22:04:14 ERROR 'module' object is not callable
2023-08-31 22:05:14 ERROR 'module' object is not callable
2023-08-31 22:06:14 ERROR 'module' object is not callable
2023-08-31 22:30:43 DEBUG Logger Initialized
2023-08-31 22:30:43 INFO running the adaptation effector module
2023-08-31 22:30:43 INFO Inside the Analyzer: Performing the analysis
2023-08-31 22:30:43 INFO Inside the planner: Generating the adaptation plan
2023-08-31 22:30:43 ERROR only integers, slices (`:`), ellipsis (`...`), numpy.newaxis (`None`) and integer or boolean arrays are valid indices
2023-08-31 22:34:16 DEBUG Logger Initialized
2023-08-31 22:34:16 INFO running the adaptation effector module
2023-08-31 22:34:16 INFO Inside the Analyzer: Performing the analysis
2023-08-31 22:34:16 INFO Inside the planner: Generating the adaptation plan
2023-08-31 22:34:16 ERROR only integers, slices (`:`), ellipsis (`...`), numpy.newaxis (`None`) and integer or boolean arrays are valid indices
2023-08-31 22:52:21 DEBUG Logger Initialized
2023-08-31 22:52:21 INFO running the adaptation effector module
2023-08-31 22:52:21 INFO Inside the Analyzer: Performing the analysis
2023-08-31 22:52:21 INFO Inside the planner: Generating the adaptation plan
2023-08-31 22:52:21 ERROR only integers, slices (`:`), ellipsis (`...`), numpy.newaxis (`None`) and integer or boolean arrays are valid indices
2023-08-31 22:53:23 DEBUG Logger Initialized
2023-08-31 22:53:23 INFO running the adaptation effector module
2023-08-31 22:53:23 INFO Inside the Analyzer: Performing the analysis
2023-08-31 22:53:23 INFO Inside the planner: Generating the adaptation plan
2023-08-31 22:53:23 ERROR only integers, slices (`:`), ellipsis (`...`), numpy.newaxis (`None`) and integer or boolean arrays are valid indices
2023-08-31 22:53:45 DEBUG Logger Initialized
2023-08-31 22:53:45 INFO running the adaptation effector module
2023-08-31 22:53:45 INFO Inside the Analyzer: Performing the analysis
2023-08-31 22:53:45 INFO Inside the planner: Generating the adaptation plan
2023-08-31 22:53:45 ERROR only integers, slices (`:`), ellipsis (`...`), numpy.newaxis (`None`) and integer or boolean arrays are valid indices
2023-08-31 22:54:20 DEBUG Logger Initialized
2023-08-31 22:54:20 INFO running the adaptation effector module
2023-08-31 22:54:20 INFO Inside the Analyzer: Performing the analysis
2023-08-31 22:54:21 INFO Inside the planner: Generating the adaptation plan
2023-08-31 22:54:21 ERROR only integers, slices (`:`), ellipsis (`...`), numpy.newaxis (`None`) and integer or boolean arrays are valid indices
2023-08-31 22:54:59 DEBUG Logger Initialized
2023-08-31 22:55:05 DEBUG Logger Initialized
2023-08-31 22:55:27 DEBUG Logger Initialized
2023-08-31 22:55:27 INFO running the adaptation effector module
2023-08-31 22:55:27 INFO Inside the Analyzer: Performing the analysis
2023-08-31 22:55:28 INFO Inside the planner: Generating the adaptation plan
2023-08-31 22:55:28 ERROR index 3 is out of bounds for axis 0 with size 3
2023-08-31 22:56:21 DEBUG Logger Initialized
2023-08-31 22:56:21 INFO running the adaptation effector module
2023-08-31 22:56:21 INFO Inside the Analyzer: Performing the analysis
2023-08-31 22:56:22 INFO Inside the planner: Generating the adaptation plan
2023-08-31 22:56:22 ERROR index 3 is out of bounds for axis 0 with size 3
2023-08-31 22:56:53 DEBUG Logger Initialized
2023-08-31 22:56:53 INFO running the adaptation effector module
2023-08-31 22:56:53 INFO Inside the Analyzer: Performing the analysis
2023-08-31 22:56:53 INFO Inside the planner: Generating the adaptation plan
2023-08-31 22:56:53 ERROR index 3 is out of bounds for axis 0 with size 3
2023-08-31 22:57:03 DEBUG Logger Initialized
2023-08-31 22:57:04 INFO running the adaptation effector module
2023-08-31 22:57:04 INFO Inside the Analyzer: Performing the analysis
2023-08-31 22:57:05 INFO Inside the planner: Generating the adaptation plan
2023-08-31 22:57:05 ERROR index 3 is out of bounds for axis 0 with size 3
2023-08-31 23:09:18 DEBUG Logger Initialized
2023-08-31 23:09:18 INFO running the adaptation effector module
2023-08-31 23:09:18 INFO Inside the Analyzer: Performing the analysis
2023-08-31 23:09:18 INFO Inside the planner: Generating the adaptation plan
2023-08-31 23:09:18 ERROR index 3 is out of bounds for axis 0 with size 3
2023-08-31 23:09:53 DEBUG Logger Initialized
2023-08-31 23:09:53 INFO running the adaptation effector module
2023-08-31 23:09:53 INFO Inside the Analyzer: Performing the analysis
2023-08-31 23:09:54 INFO Inside the planner: Generating the adaptation plan
2023-08-31 23:09:54 ERROR index 3 is out of bounds for axis 0 with size 3
2023-08-31 23:10:54 ERROR 'module' object is not callable
2023-08-31 23:14:01 DEBUG Logger Initialized
2023-08-31 23:14:01 INFO running the adaptation effector module
2023-08-31 23:14:01 INFO Inside the Analyzer: Performing the analysis
2023-08-31 23:14:01 INFO Inside the planner: Generating the adaptation plan
2023-08-31 23:14:01 ERROR index 3 is out of bounds for axis 0 with size 3
2023-08-31 23:15:21 DEBUG Logger Initialized
2023-08-31 23:15:21 INFO running the adaptation effector module
2023-08-31 23:15:21 INFO Inside the Analyzer: Performing the analysis
2023-08-31 23:15:22 INFO Inside the planner: Generating the adaptation plan
2023-08-31 23:15:22 INFO Inside the Executor: executing the adaptations
2023-08-31 23:15:22 INFO removing server
2023-08-31 23:15:22 INFO server removed successfully
2023-08-31 23:16:22 INFO calculating the utility values
2023-08-31 23:16:22 ERROR 'Monitor' object has no attribute 'learn'
2023-08-31 23:17:22 INFO calculating the utility values
2023-08-31 23:17:22 ERROR 'Monitor' object has no attribute 'learn'
2023-08-31 23:18:22 INFO calculating the utility values
2023-08-31 23:18:22 ERROR 'Monitor' object has no attribute 'learn'
2023-08-31 23:19:22 INFO calculating the utility values
2023-08-31 23:19:22 ERROR 'Monitor' object has no attribute 'learn'
2023-08-31 23:20:22 INFO calculating the utility values
2023-08-31 23:20:22 ERROR 'Monitor' object has no attribute 'learn'
2023-08-31 23:21:22 INFO calculating the utility values
2023-08-31 23:21:22 ERROR 'Monitor' object has no attribute 'learn'
2023-08-31 23:22:22 INFO calculating the utility values
2023-08-31 23:22:22 ERROR 'Monitor' object has no attribute 'learn'
2023-08-31 23:23:22 INFO calculating the utility values
2023-08-31 23:23:22 ERROR 'Monitor' object has no attribute 'learn'
2023-08-31 23:24:22 INFO calculating the utility values
2023-08-31 23:24:22 ERROR 'Monitor' object has no attribute 'learn'
2023-08-31 23:24:25 DEBUG Logger Initialized
2023-08-31 23:24:25 INFO running the adaptation effector module
2023-08-31 23:24:25 INFO Inside the Analyzer: Performing the analysis
2023-08-31 23:24:26 INFO Inside the planner: Generating the adaptation plan
2023-08-31 23:24:26 INFO Inside the Executor: executing the adaptations
2023-08-31 23:24:26 INFO inside add server module
2023-08-31 23:24:26 INFO Server added successfully
2023-08-31 23:25:26 INFO calculating the utility values
2023-08-31 23:25:26 ERROR only integers, slices (`:`), ellipsis (`...`), numpy.newaxis (`None`) and integer or boolean arrays are valid indices
2023-08-31 23:26:26 INFO calculating the utility values
2023-08-31 23:26:27 ERROR only integers, slices (`:`), ellipsis (`...`), numpy.newaxis (`None`) and integer or boolean arrays are valid indices
2023-08-31 23:27:27 INFO calculating the utility values
2023-08-31 23:27:27 ERROR only integers, slices (`:`), ellipsis (`...`), numpy.newaxis (`None`) and integer or boolean arrays are valid indices
2023-08-31 23:27:56 DEBUG Logger Initialized
2023-08-31 23:27:56 INFO running the adaptation effector module
2023-08-31 23:27:56 INFO Inside the Analyzer: Performing the analysis
2023-08-31 23:27:58 INFO Inside the planner: Generating the adaptation plan
2023-08-31 23:27:58 ERROR index 3 is out of bounds for axis 0 with size 3
2023-08-31 23:28:37 DEBUG Logger Initialized
2023-08-31 23:28:38 INFO running the adaptation effector module
2023-08-31 23:28:38 INFO Inside the Analyzer: Performing the analysis
2023-08-31 23:28:39 INFO Inside the planner: Generating the adaptation plan
2023-08-31 23:28:39 ERROR index 3 is out of bounds for axis 0 with size 3
2023-08-31 23:29:39 INFO calculating the utility values
2023-08-31 23:29:39 ERROR only integers, slices (`:`), ellipsis (`...`), numpy.newaxis (`None`) and integer or boolean arrays are valid indices
2023-08-31 23:30:39 INFO calculating the utility values
2023-08-31 23:30:40 ERROR only integers, slices (`:`), ellipsis (`...`), numpy.newaxis (`None`) and integer or boolean arrays are valid indices
2023-08-31 23:31:40 INFO calculating the utility values
2023-08-31 23:31:40 ERROR only integers, slices (`:`), ellipsis (`...`), numpy.newaxis (`None`) and integer or boolean arrays are valid indices
2023-08-31 23:32:40 INFO calculating the utility values
2023-08-31 23:32:40 ERROR only integers, slices (`:`), ellipsis (`...`), numpy.newaxis (`None`) and integer or boolean arrays are valid indices
2023-08-31 23:33:40 INFO calculating the utility values
2023-08-31 23:33:41 ERROR only integers, slices (`:`), ellipsis (`...`), numpy.newaxis (`None`) and integer or boolean arrays are valid indices
2023-08-31 23:34:41 INFO calculating the utility values
2023-08-31 23:34:41 ERROR only integers, slices (`:`), ellipsis (`...`), numpy.newaxis (`None`) and integer or boolean arrays are valid indices
2023-08-31 23:35:41 INFO calculating the utility values
2023-08-31 23:35:42 ERROR only integers, slices (`:`), ellipsis (`...`), numpy.newaxis (`None`) and integer or boolean arrays are valid indices
2023-08-31 23:36:42 INFO calculating the utility values
2023-08-31 23:36:42 ERROR only integers, slices (`:`), ellipsis (`...`), numpy.newaxis (`None`) and integer or boolean arrays are valid indices
2023-08-31 23:37:42 INFO calculating the utility values
2023-08-31 23:37:42 ERROR only integers, slices (`:`), ellipsis (`...`), numpy.newaxis (`None`) and integer or boolean arrays are valid indices
2023-08-31 23:38:42 INFO calculating the utility values
2023-08-31 23:38:43 ERROR only integers, slices (`:`), ellipsis (`...`), numpy.newaxis (`None`) and integer or boolean arrays are valid indices
2023-08-31 23:39:43 INFO calculating the utility values
2023-08-31 23:39:43 ERROR only integers, slices (`:`), ellipsis (`...`), numpy.newaxis (`None`) and integer or boolean arrays are valid indices
2023-08-31 23:40:43 INFO calculating the utility values
2023-08-31 23:40:43 ERROR only integers, slices (`:`), ellipsis (`...`), numpy.newaxis (`None`) and integer or boolean arrays are valid indices
2023-08-31 23:41:43 INFO calculating the utility values
2023-08-31 23:41:44 ERROR only integers, slices (`:`), ellipsis (`...`), numpy.newaxis (`None`) and integer or boolean arrays are valid indices
2023-08-31 23:41:50 DEBUG Logger Initialized
2023-08-31 23:41:50 INFO running the adaptation effector module
2023-08-31 23:41:50 INFO Inside the Analyzer: Performing the analysis
2023-08-31 23:41:52 INFO Inside the planner: Generating the adaptation plan
2023-08-31 23:41:52 ERROR index 3 is out of bounds for axis 0 with size 3
2023-08-31 23:42:52 INFO calculating the utility values
2023-08-31 23:42:52 ERROR index 3 is out of bounds for axis 0 with size 3
2023-08-31 23:43:52 INFO calculating the utility values
2023-08-31 23:43:53 ERROR index 3 is out of bounds for axis 0 with size 3
2023-08-31 23:44:53 INFO calculating the utility values
2023-08-31 23:44:53 ERROR index 3 is out of bounds for axis 0 with size 3
2023-08-31 23:45:05 DEBUG Logger Initialized
2023-08-31 23:45:05 INFO running the adaptation effector module
2023-08-31 23:45:05 INFO Inside the Analyzer: Performing the analysis
2023-08-31 23:45:06 INFO Inside the planner: Generating the adaptation plan
2023-08-31 23:45:06 ERROR index 3 is out of bounds for axis 0 with size 3
2023-08-31 23:45:39 DEBUG Logger Initialized
2023-08-31 23:45:39 INFO running the adaptation effector module
2023-08-31 23:45:39 INFO Inside the Analyzer: Performing the analysis
2023-08-31 23:45:39 INFO Inside the planner: Generating the adaptation plan
2023-08-31 23:45:39 ERROR can only concatenate str (not "tuple") to str
2023-08-31 23:46:02 DEBUG Logger Initialized
2023-08-31 23:46:02 INFO running the adaptation effector module
2023-08-31 23:46:02 INFO Inside the Analyzer: Performing the analysis
2023-08-31 23:46:04 INFO Inside the planner: Generating the adaptation plan
2023-08-31 23:46:04 ERROR can only concatenate str (not "tuple") to str
2023-08-31 23:46:39 DEBUG Logger Initialized
2023-08-31 23:46:39 INFO running the adaptation effector module
2023-08-31 23:46:39 INFO Inside the Analyzer: Performing the analysis
2023-08-31 23:46:41 INFO Inside the planner: Generating the adaptation plan
2023-08-31 23:46:41 ERROR index 3 is out of bounds for axis 0 with size 3
2023-08-31 23:47:14 DEBUG Logger Initialized
2023-08-31 23:47:14 INFO running the adaptation effector module
2023-08-31 23:47:14 INFO Inside the Analyzer: Performing the analysis
2023-08-31 23:47:16 INFO Inside the planner: Generating the adaptation plan
2023-08-31 23:47:16 INFO Inside the Executor: executing the adaptations
2023-08-31 23:47:16 INFO inside add server module
2023-08-31 23:47:16 INFO Server added successfully
2023-08-31 23:48:16 INFO calculating the utility values
2023-08-31 23:48:17 ERROR only integers, slices (`:`), ellipsis (`...`), numpy.newaxis (`None`) and integer or boolean arrays are valid indices
2023-08-31 23:51:37 DEBUG Logger Initialized
2023-08-31 23:51:37 INFO running the adaptation effector module
2023-08-31 23:51:37 INFO Inside the Analyzer: Performing the analysis
2023-08-31 23:51:39 INFO Inside the planner: Generating the adaptation plan
2023-08-31 23:51:39 ERROR index 4 is out of bounds for axis 0 with size 4
2023-08-31 23:54:03 DEBUG Logger Initialized
2023-08-31 23:54:03 INFO running the adaptation effector module
2023-08-31 23:54:03 ERROR 'active_servers'
2023-08-31 23:55:44 DEBUG Logger Initialized
2023-08-31 23:55:45 INFO running the adaptation effector module
2023-08-31 23:55:45 ERROR 'active_servers'
2023-08-31 23:57:19 DEBUG Logger Initialized
2023-08-31 23:57:20 INFO running the adaptation effector module
2023-08-31 23:57:20 INFO Inside the Analyzer: Performing the analysis
2023-08-31 23:57:22 INFO Inside the planner: Generating the adaptation plan
2023-08-31 23:57:22 INFO Inside the Executor: executing the adaptations
2023-08-31 23:58:22 INFO calculating the utility values
2023-08-31 23:58:22 ERROR only integers, slices (`:`), ellipsis (`...`), numpy.newaxis (`None`) and integer or boolean arrays are valid indices
2023-08-31 23:59:22 INFO calculating the utility values
2023-08-31 23:59:22 ERROR only integers, slices (`:`), ellipsis (`...`), numpy.newaxis (`None`) and integer or boolean arrays are valid indices
