2023-09-01 00:00:24 DEBUG Logger Initialized
2023-09-01 00:00:24 INFO running the adaptation effector module
2023-09-01 00:00:24 INFO Inside the Analyzer: Performing the analysis
2023-09-01 00:00:27 INFO Inside the planner: Generating the adaptation plan
2023-09-01 00:00:27 INFO Inside the Executor: executing the adaptations
2023-09-01 00:01:27 INFO calculating the utility values
2023-09-01 00:01:27 ERROR only integers, slices (`:`), ellipsis (`...`), numpy.newaxis (`None`) and integer or boolean arrays are valid indices
2023-09-01 00:02:27 INFO calculating the utility values
2023-09-01 00:02:28 ERROR only integers, slices (`:`), ellipsis (`...`), numpy.newaxis (`None`) and integer or boolean arrays are valid indices
2023-09-01 00:03:28 INFO calculating the utility values
2023-09-01 00:03:28 ERROR only integers, slices (`:`), ellipsis (`...`), numpy.newaxis (`None`) and integer or boolean arrays are valid indices
2023-09-01 00:04:28 INFO calculating the utility values
2023-09-01 00:04:29 ERROR only integers, slices (`:`), ellipsis (`...`), numpy.newaxis (`None`) and integer or boolean arrays are valid indices
2023-09-01 00:05:29 INFO calculating the utility values
2023-09-01 00:05:29 ERROR only integers, slices (`:`), ellipsis (`...`), numpy.newaxis (`None`) and integer or boolean arrays are valid indices
2023-09-01 00:05:52 DEBUG Logger Initialized
2023-09-01 00:05:52 INFO running the adaptation effector module
2023-09-01 00:05:52 INFO Inside the Analyzer: Performing the analysis
2023-09-01 00:05:54 INFO Inside the planner: Generating the adaptation plan
2023-09-01 00:05:54 INFO Inside the Executor: executing the adaptations
2023-09-01 00:06:54 INFO calculating the utility values
2023-09-01 00:06:56 INFO Inside the Analyzer: Performing the analysis
2023-09-01 00:06:57 INFO Inside the planner: Generating the adaptation plan
2023-09-01 00:06:57 INFO Inside the Executor: executing the adaptations
2023-09-01 00:07:57 INFO calculating the utility values
2023-09-01 00:07:59 INFO Inside the Analyzer: Performing the analysis
2023-09-01 00:07:59 INFO Inside the planner: Generating the adaptation plan
2023-09-01 00:07:59 INFO Inside the Executor: executing the adaptations
2023-09-01 00:08:59 INFO calculating the utility values
2023-09-01 00:09:01 INFO Inside the Analyzer: Performing the analysis
2023-09-01 00:09:02 INFO Inside the planner: Generating the adaptation plan
2023-09-01 00:09:02 INFO Inside the Executor: executing the adaptations
2023-09-01 00:10:02 INFO calculating the utility values
2023-09-01 00:10:04 INFO Inside the Analyzer: Performing the analysis
2023-09-01 00:10:05 INFO Inside the planner: Generating the adaptation plan
2023-09-01 00:10:05 INFO Inside the Executor: executing the adaptations
2023-09-01 00:11:05 INFO calculating the utility values
2023-09-01 00:11:07 INFO Inside the Analyzer: Performing the analysis
2023-09-01 00:11:07 INFO Inside the planner: Generating the adaptation plan
2023-09-01 00:11:07 INFO Inside the Executor: executing the adaptations
2023-09-01 00:12:39 DEBUG Logger Initialized
2023-09-01 00:12:39 INFO running the adaptation effector module
2023-09-01 00:12:39 INFO Inside the Analyzer: Performing the analysis
2023-09-01 00:12:41 INFO Inside the planner: Generating the adaptation plan
2023-09-01 00:12:41 INFO Inside the Executor: executing the adaptations
2023-09-01 00:13:41 INFO calculating the utility values
2023-09-01 00:13:43 INFO Inside the Analyzer: Performing the analysis
2023-09-01 00:13:43 INFO Inside the planner: Generating the adaptation plan
2023-09-01 00:13:43 INFO Inside the Executor: executing the adaptations
2023-09-01 00:14:43 INFO calculating the utility values
2023-09-01 00:14:45 INFO Inside the Analyzer: Performing the analysis
2023-09-01 00:14:46 INFO Inside the planner: Generating the adaptation plan
2023-09-01 00:14:46 INFO Inside the Executor: executing the adaptations
2023-09-01 00:15:46 INFO calculating the utility values
2023-09-01 00:15:48 INFO Inside the Analyzer: Performing the analysis
2023-09-01 00:15:48 INFO Inside the planner: Generating the adaptation plan
2023-09-01 00:15:48 INFO Inside the Executor: executing the adaptations
2023-09-01 00:16:50 DEBUG Logger Initialized
2023-09-01 00:16:50 INFO running the adaptation effector module
2023-09-01 00:16:50 INFO Inside the Analyzer: Performing the analysis
2023-09-01 00:16:52 INFO Inside the planner: Generating the adaptation plan
2023-09-01 00:16:52 INFO Inside the Executor: executing the adaptations
2023-09-01 00:16:52 INFO inside change dimer module, change flag increase
2023-09-01 00:17:52 INFO calculating the utility values
2023-09-01 00:17:54 INFO Inside the Analyzer: Performing the analysis
2023-09-01 00:17:55 INFO Inside the planner: Generating the adaptation plan
2023-09-01 00:17:55 INFO Inside the Executor: executing the adaptations
2023-09-01 00:18:55 INFO calculating the utility values
2023-09-01 00:18:57 INFO Inside the Analyzer: Performing the analysis
2023-09-01 00:18:57 INFO Inside the planner: Generating the adaptation plan
2023-09-01 00:18:57 INFO Inside the Executor: executing the adaptations
2023-09-01 10:45:36 DEBUG Logger Initialized
2023-09-01 10:45:36 INFO running the adaptation effector module
2023-09-01 10:45:36 INFO Inside the Analyzer: Performing the analysis
2023-09-01 10:45:36 INFO Inside the planner: Generating the adaptation plan
2023-09-01 10:45:36 INFO Inside the Executor: executing the adaptations
2023-09-01 10:46:36 INFO calculating the utility values
2023-09-01 10:46:38 INFO Inside the Analyzer: Performing the analysis
2023-09-01 10:46:38 INFO Inside the planner: Generating the adaptation plan
2023-09-01 10:46:38 INFO Inside the Executor: executing the adaptations
2023-09-01 10:47:17 DEBUG Logger Initialized
2023-09-01 10:47:17 INFO running the adaptation effector module
2023-09-01 10:47:17 INFO Inside the Analyzer: Performing the analysis
2023-09-01 10:47:17 INFO Inside the planner: Generating the adaptation plan
2023-09-01 10:47:17 INFO Inside the Executor: executing the adaptations
2023-09-01 10:47:58 DEBUG Logger Initialized
2023-09-01 10:47:58 INFO running the adaptation effector module
2023-09-01 10:47:58 INFO Inside the Analyzer: Performing the analysis
2023-09-01 10:47:58 INFO Inside the planner: Generating the adaptation plan
2023-09-01 10:47:58 INFO Inside the Executor: executing the adaptations
2023-09-01 10:48:58 INFO calculating the utility values
2023-09-01 10:49:00 INFO Inside the Analyzer: Performing the analysis
2023-09-01 10:49:00 INFO Inside the planner: Generating the adaptation plan
2023-09-01 10:49:00 INFO Inside the Executor: executing the adaptations
2023-09-01 10:50:00 INFO calculating the utility values
2023-09-01 10:50:01 INFO Inside the Analyzer: Performing the analysis
2023-09-01 10:50:02 INFO Inside the planner: Generating the adaptation plan
2023-09-01 10:50:02 INFO Inside the Executor: executing the adaptations
2023-09-01 10:50:16 DEBUG Logger Initialized
2023-09-01 10:50:16 INFO running the adaptation effector module
2023-09-01 10:50:16 INFO Inside the Analyzer: Performing the analysis
2023-09-01 10:50:16 INFO Inside the planner: Generating the adaptation plan
2023-09-01 10:50:16 INFO Inside the Executor: executing the adaptations
2023-09-01 10:51:16 INFO calculating the utility values
2023-09-01 10:51:18 INFO Inside the Analyzer: Performing the analysis
2023-09-01 10:51:18 INFO Inside the planner: Generating the adaptation plan
2023-09-01 10:51:18 INFO Inside the Executor: executing the adaptations
2023-09-01 10:52:18 INFO calculating the utility values
2023-09-01 10:52:19 INFO Inside the Analyzer: Performing the analysis
2023-09-01 10:52:20 INFO Inside the planner: Generating the adaptation plan
2023-09-01 10:52:20 INFO Inside the Executor: executing the adaptations
2023-09-01 10:57:17 DEBUG Logger Initialized
2023-09-01 10:57:17 INFO running the adaptation effector module
2023-09-01 10:57:17 INFO Inside the Analyzer: Performing the analysis
2023-09-01 10:57:18 INFO Inside the planner: Generating the adaptation plan
2023-09-01 10:57:18 INFO Inside the Executor: executing the adaptations
2023-09-01 10:58:18 INFO calculating the utility values
2023-09-01 10:58:19 INFO Inside the Analyzer: Performing the analysis
2023-09-01 10:58:20 INFO Inside the planner: Generating the adaptation plan
2023-09-01 10:58:20 INFO Inside the Executor: executing the adaptations
2023-09-01 10:58:20 INFO removing server
2023-09-01 10:58:20 INFO server removed successfully
2023-09-01 10:58:20 INFO inside change dimer module, change flag increase
2023-09-01 10:59:20 INFO calculating the utility values
2023-09-01 10:59:21 INFO Inside the Analyzer: Performing the analysis
2023-09-01 10:59:22 INFO Inside the planner: Generating the adaptation plan
2023-09-01 10:59:22 INFO Inside the Executor: executing the adaptations
2023-09-01 10:59:22 INFO inside add server module
2023-09-01 10:59:22 INFO Server added successfully
2023-09-01 11:00:56 DEBUG Logger Initialized
2023-09-01 11:00:57 INFO running the adaptation effector module
2023-09-01 11:00:57 INFO Inside the Analyzer: Performing the analysis
2023-09-01 11:00:58 INFO Inside the planner: Generating the adaptation plan
2023-09-01 11:00:58 INFO Inside the Executor: executing the adaptations
2023-09-01 11:00:58 INFO inside change dimer module, change flag decrease
2023-09-01 11:02:50 DEBUG Logger Initialized
2023-09-01 11:02:50 INFO running the adaptation effector module
2023-09-01 11:02:50 INFO Inside the Analyzer: Performing the analysis
2023-09-01 11:02:51 INFO Inside the planner: Generating the adaptation plan
2023-09-01 11:02:51 INFO Inside the Executor: executing the adaptations
2023-09-01 11:02:51 INFO inside change dimer module, change flag increase
2023-09-01 11:03:51 INFO calculating the utility values
2023-09-01 11:03:53 INFO Inside the Analyzer: Performing the analysis
2023-09-01 11:03:53 INFO Inside the planner: Generating the adaptation plan
2023-09-01 11:03:53 INFO Inside the Executor: executing the adaptations
2023-09-01 11:04:53 INFO calculating the utility values
2023-09-01 11:04:54 INFO Inside the Analyzer: Performing the analysis
2023-09-01 11:04:55 INFO Inside the planner: Generating the adaptation plan
2023-09-01 11:04:55 INFO Inside the Executor: executing the adaptations
2023-09-01 11:05:55 INFO calculating the utility values
2023-09-01 11:05:56 INFO Inside the Analyzer: Performing the analysis
2023-09-01 11:05:56 INFO Inside the planner: Generating the adaptation plan
2023-09-01 11:05:56 INFO Inside the Executor: executing the adaptations
2023-09-01 11:06:56 INFO calculating the utility values
2023-09-01 11:06:58 INFO Inside the Analyzer: Performing the analysis
2023-09-01 11:06:59 INFO Inside the planner: Generating the adaptation plan
2023-09-01 11:06:59 INFO Inside the Executor: executing the adaptations
2023-09-01 11:07:59 INFO calculating the utility values
2023-09-01 11:08:00 INFO Inside the Analyzer: Performing the analysis
2023-09-01 11:08:00 INFO Inside the planner: Generating the adaptation plan
2023-09-01 11:08:00 INFO Inside the Executor: executing the adaptations
2023-09-01 11:08:00 INFO removing server
2023-09-01 11:08:00 INFO server removed successfully
2023-09-01 11:09:00 INFO calculating the utility values
2023-09-01 11:09:02 INFO Inside the Analyzer: Performing the analysis
2023-09-01 11:09:02 INFO  The response time above threshold -- Initializing Planner
2023-09-01 11:09:02 INFO Inside the planner: Generating the adaptation plan
2023-09-01 11:09:02 INFO Inside the Executor: executing the adaptations
2023-09-01 11:09:02 INFO inside add server module
2023-09-01 11:09:02 INFO Server added successfully
2023-09-01 11:10:02 INFO calculating the utility values
2023-09-01 11:10:04 INFO Inside the Analyzer: Performing the analysis
2023-09-01 11:10:04 INFO  The response time above threshold -- Initializing Planner
2023-09-01 11:10:04 INFO Inside the planner: Generating the adaptation plan
2023-09-01 11:10:04 INFO Inside the Executor: executing the adaptations
2023-09-01 11:10:04 INFO inside change dimer module, change flag decrease
2023-09-01 11:11:04 INFO calculating the utility values
2023-09-01 11:11:06 INFO Inside the Analyzer: Performing the analysis
2023-09-01 11:11:06 INFO  The response time above threshold -- Initializing Planner
2023-09-01 11:11:06 INFO Inside the planner: Generating the adaptation plan
2023-09-01 11:11:06 INFO Inside the Executor: executing the adaptations
2023-09-01 11:11:06 INFO removing server
2023-09-01 11:11:06 INFO server removed successfully
2023-09-01 11:11:06 INFO inside change dimer module, change flag decrease
2023-09-01 11:12:06 INFO calculating the utility values
2023-09-01 11:12:08 INFO Inside the Analyzer: Performing the analysis
2023-09-01 11:12:08 INFO Inside the planner: Generating the adaptation plan
2023-09-01 11:12:08 INFO Inside the Executor: executing the adaptations
2023-09-01 11:12:08 INFO inside add server module
2023-09-01 11:12:08 INFO Server added successfully
2023-09-01 11:13:08 INFO calculating the utility values
2023-09-01 11:13:09 INFO Inside the Analyzer: Performing the analysis
2023-09-01 11:13:10 INFO Inside the planner: Generating the adaptation plan
2023-09-01 11:13:10 INFO Inside the Executor: executing the adaptations
2023-09-01 11:14:10 INFO calculating the utility values
2023-09-01 11:14:11 INFO Inside the Analyzer: Performing the analysis
2023-09-01 11:14:12 INFO Inside the planner: Generating the adaptation plan
2023-09-01 11:14:12 INFO Inside the Executor: executing the adaptations
2023-09-01 11:14:12 INFO inside change dimer module, change flag increase
2023-09-01 11:15:12 INFO calculating the utility values
2023-09-01 11:15:13 INFO Inside the Analyzer: Performing the analysis
2023-09-01 11:15:13 INFO Inside the planner: Generating the adaptation plan
2023-09-01 11:15:13 INFO Inside the Executor: executing the adaptations
2023-09-01 11:16:13 INFO calculating the utility values
2023-09-01 11:16:15 INFO Inside the Analyzer: Performing the analysis
2023-09-01 11:16:15 INFO Inside the planner: Generating the adaptation plan
2023-09-01 11:16:15 INFO Inside the Executor: executing the adaptations
2023-09-01 11:16:15 INFO removing server
2023-09-01 11:16:15 INFO server removed successfully
2023-09-01 11:16:15 INFO inside change dimer module, change flag decrease
2023-09-01 11:17:15 INFO calculating the utility values
2023-09-01 11:17:17 INFO Inside the Analyzer: Performing the analysis
2023-09-01 11:17:17 INFO Inside the planner: Generating the adaptation plan
2023-09-01 11:17:17 INFO Inside the Executor: executing the adaptations
2023-09-01 11:17:17 INFO inside add server module
2023-09-01 11:17:17 INFO Server added successfully
2023-09-01 11:18:17 INFO calculating the utility values
2023-09-01 11:18:18 INFO Inside the Analyzer: Performing the analysis
2023-09-01 11:18:19 INFO Inside the planner: Generating the adaptation plan
2023-09-01 11:18:19 INFO Inside the Executor: executing the adaptations
2023-09-01 11:18:19 INFO removing server
2023-09-01 11:18:19 INFO server removed successfully
2023-09-01 11:18:19 INFO inside change dimer module, change flag increase
2023-09-01 11:19:19 INFO calculating the utility values
2023-09-01 11:19:20 INFO Inside the Analyzer: Performing the analysis
2023-09-01 11:19:20 INFO Inside the planner: Generating the adaptation plan
2023-09-01 11:19:20 INFO Inside the Executor: executing the adaptations
2023-09-01 11:19:20 INFO inside add server module
2023-09-01 11:19:20 INFO Server added successfully
2023-09-01 11:20:20 INFO calculating the utility values
2023-09-01 11:20:22 INFO Inside the Analyzer: Performing the analysis
2023-09-01 11:20:22 INFO Inside the planner: Generating the adaptation plan
2023-09-01 11:20:22 INFO Inside the Executor: executing the adaptations
2023-09-01 11:21:22 INFO calculating the utility values
2023-09-01 11:21:23 INFO Inside the Analyzer: Performing the analysis
2023-09-01 11:21:24 INFO Inside the planner: Generating the adaptation plan
2023-09-01 11:21:24 INFO Inside the Executor: executing the adaptations
2023-09-01 11:22:24 INFO calculating the utility values
2023-09-01 11:22:25 INFO Inside the Analyzer: Performing the analysis
2023-09-01 11:22:26 INFO Inside the planner: Generating the adaptation plan
2023-09-01 11:22:26 INFO Inside the Executor: executing the adaptations
2023-09-01 11:22:26 INFO removing server
2023-09-01 11:22:26 INFO server removed successfully
2023-09-01 11:22:26 INFO inside change dimer module, change flag increase
2023-09-01 11:23:26 INFO calculating the utility values
2023-09-01 11:23:27 INFO Inside the Analyzer: Performing the analysis
2023-09-01 11:23:27 INFO  The response time above threshold -- Initializing Planner
2023-09-01 11:23:27 INFO Inside the planner: Generating the adaptation plan
2023-09-01 11:23:27 INFO Inside the Executor: executing the adaptations
2023-09-01 11:23:27 INFO inside add server module
2023-09-01 11:23:27 INFO Server added successfully
2023-09-01 11:24:27 INFO calculating the utility values
2023-09-01 11:24:29 INFO Inside the Analyzer: Performing the analysis
2023-09-01 11:24:29 INFO  The response time above threshold -- Initializing Planner
2023-09-01 11:24:29 INFO Inside the planner: Generating the adaptation plan
2023-09-01 11:24:29 INFO Inside the Executor: executing the adaptations
2023-09-01 11:25:29 INFO calculating the utility values
2023-09-01 11:25:31 INFO Inside the Analyzer: Performing the analysis
2023-09-01 11:25:31 INFO  The response time above threshold -- Initializing Planner
2023-09-01 11:25:31 INFO Inside the planner: Generating the adaptation plan
2023-09-01 11:25:31 INFO Inside the Executor: executing the adaptations
2023-09-01 11:26:31 INFO calculating the utility values
2023-09-01 11:26:32 INFO Inside the Analyzer: Performing the analysis
2023-09-01 11:26:33 INFO Inside the planner: Generating the adaptation plan
2023-09-01 11:26:33 INFO Inside the Executor: executing the adaptations
2023-09-01 11:26:33 INFO inside change dimer module, change flag decrease
2023-09-01 11:27:33 INFO calculating the utility values
2023-09-01 11:27:34 INFO Inside the Analyzer: Performing the analysis
2023-09-01 11:27:34 INFO Inside the planner: Generating the adaptation plan
2023-09-01 11:27:34 INFO Inside the Executor: executing the adaptations
2023-09-01 11:27:34 INFO removing server
2023-09-01 11:27:34 INFO server removed successfully
2023-09-01 11:27:34 INFO inside change dimer module, change flag increase
2023-09-01 11:28:34 INFO calculating the utility values
2023-09-01 11:28:36 INFO Inside the Analyzer: Performing the analysis
2023-09-01 11:28:36 INFO  The response time above threshold -- Initializing Planner
2023-09-01 11:28:36 INFO Inside the planner: Generating the adaptation plan
2023-09-01 11:28:36 INFO Inside the Executor: executing the adaptations
2023-09-01 11:28:36 INFO inside add server module
2023-09-01 11:28:36 INFO Server added successfully
2023-09-01 11:29:36 INFO calculating the utility values
2023-09-01 11:29:38 INFO Inside the Analyzer: Performing the analysis
2023-09-01 11:29:38 INFO  The response time above threshold -- Initializing Planner
2023-09-01 11:29:38 INFO Inside the planner: Generating the adaptation plan
2023-09-01 11:29:38 INFO Inside the Executor: executing the adaptations
2023-09-01 11:29:38 INFO removing server
2023-09-01 11:29:38 INFO server removed successfully
2023-09-01 11:30:38 INFO calculating the utility values
2023-09-01 11:30:39 INFO Inside the Analyzer: Performing the analysis
2023-09-01 11:30:39 INFO  The response time above threshold -- Initializing Planner
2023-09-01 11:30:40 INFO Inside the planner: Generating the adaptation plan
2023-09-01 11:30:40 INFO Inside the Executor: executing the adaptations
2023-09-01 11:30:40 INFO removing server
2023-09-01 11:30:40 INFO server removed successfully
2023-09-01 11:31:40 INFO calculating the utility values
2023-09-01 11:31:41 INFO Inside the Analyzer: Performing the analysis
2023-09-01 11:31:41 INFO  The response time above threshold -- Initializing Planner
2023-09-01 11:31:42 INFO Inside the planner: Generating the adaptation plan
2023-09-01 11:31:42 INFO Inside the Executor: executing the adaptations
2023-09-01 11:31:42 INFO inside add server module
2023-09-01 11:31:42 INFO Server added successfully
2023-09-01 11:31:42 INFO inside change dimer module, change flag decrease
2023-09-01 11:32:42 INFO calculating the utility values
2023-09-01 11:32:43 INFO Inside the Analyzer: Performing the analysis
2023-09-01 11:32:43 INFO  The response time above threshold -- Initializing Planner
2023-09-01 11:32:43 INFO Inside the planner: Generating the adaptation plan
2023-09-01 11:32:43 INFO Inside the Executor: executing the adaptations
2023-09-01 11:32:43 INFO removing server
2023-09-01 11:32:43 INFO server removed successfully
2023-09-01 11:32:43 INFO inside change dimer module, change flag increase
2023-09-01 11:33:43 INFO calculating the utility values
2023-09-01 11:33:45 INFO Inside the Analyzer: Performing the analysis
2023-09-01 11:33:45 INFO  The response time above threshold -- Initializing Planner
2023-09-01 11:33:45 INFO Inside the planner: Generating the adaptation plan
2023-09-01 11:33:45 INFO Inside the Executor: executing the adaptations
2023-09-01 11:33:45 INFO inside add server module
2023-09-01 11:33:45 INFO Server added successfully
2023-09-01 11:34:45 INFO calculating the utility values
2023-09-01 11:34:46 INFO Inside the Analyzer: Performing the analysis
2023-09-01 11:34:46 INFO  The response time above threshold -- Initializing Planner
2023-09-01 11:34:47 INFO Inside the planner: Generating the adaptation plan
2023-09-01 11:34:47 INFO Inside the Executor: executing the adaptations
2023-09-01 11:34:47 INFO inside add server module
2023-09-01 11:34:47 INFO Server added successfully
2023-09-01 11:35:47 INFO calculating the utility values
2023-09-01 11:35:48 INFO Inside the Analyzer: Performing the analysis
2023-09-01 11:35:48 INFO  The response time above threshold -- Initializing Planner
2023-09-01 11:35:48 INFO Inside the planner: Generating the adaptation plan
2023-09-01 11:35:48 INFO Inside the Executor: executing the adaptations
2023-09-01 11:36:48 INFO calculating the utility values
2023-09-01 11:36:50 INFO Inside the Analyzer: Performing the analysis
2023-09-01 11:36:50 INFO Inside the planner: Generating the adaptation plan
2023-09-01 11:36:50 INFO Inside the Executor: executing the adaptations
2023-09-01 11:37:50 INFO calculating the utility values
2023-09-01 11:37:51 INFO Inside the Analyzer: Performing the analysis
2023-09-01 11:37:52 INFO Inside the planner: Generating the adaptation plan
2023-09-01 11:37:52 INFO Inside the Executor: executing the adaptations
2023-09-01 11:38:52 INFO calculating the utility values
2023-09-01 11:38:53 INFO Inside the Analyzer: Performing the analysis
2023-09-01 11:38:54 INFO Inside the planner: Generating the adaptation plan
2023-09-01 11:38:54 INFO Inside the Executor: executing the adaptations
2023-09-01 11:39:54 INFO calculating the utility values
2023-09-01 11:39:55 INFO Inside the Analyzer: Performing the analysis
2023-09-01 11:39:55 INFO Inside the planner: Generating the adaptation plan
2023-09-01 11:39:55 INFO Inside the Executor: executing the adaptations
2023-09-01 11:40:55 INFO calculating the utility values
2023-09-01 11:40:57 INFO Inside the Analyzer: Performing the analysis
2023-09-01 11:40:57 INFO Inside the planner: Generating the adaptation plan
2023-09-01 11:40:57 INFO Inside the Executor: executing the adaptations
2023-09-01 11:40:57 INFO inside change dimer module, change flag decrease
2023-09-01 11:41:57 INFO calculating the utility values
2023-09-01 11:41:58 INFO Inside the Analyzer: Performing the analysis
2023-09-01 11:41:59 INFO Inside the planner: Generating the adaptation plan
2023-09-01 11:41:59 INFO Inside the Executor: executing the adaptations
2023-09-01 11:41:59 INFO removing server
2023-09-01 11:41:59 INFO server removed successfully
2023-09-01 11:41:59 INFO inside change dimer module, change flag increase
2023-09-01 11:42:59 INFO calculating the utility values
2023-09-01 11:43:00 INFO Inside the Analyzer: Performing the analysis
2023-09-01 11:43:01 INFO Inside the planner: Generating the adaptation plan
2023-09-01 11:43:01 INFO Inside the Executor: executing the adaptations
2023-09-01 11:43:01 INFO inside add server module
2023-09-01 11:43:01 INFO Server added successfully
2023-09-01 11:44:01 INFO calculating the utility values
2023-09-01 11:44:02 INFO Inside the Analyzer: Performing the analysis
2023-09-01 11:44:02 INFO Inside the planner: Generating the adaptation plan
2023-09-01 11:44:02 INFO Inside the Executor: executing the adaptations
2023-09-01 11:45:02 INFO calculating the utility values
2023-09-01 11:45:04 INFO Inside the Analyzer: Performing the analysis
2023-09-01 11:45:04 INFO Inside the planner: Generating the adaptation plan
2023-09-01 11:45:04 INFO Inside the Executor: executing the adaptations
2023-09-01 11:46:04 INFO calculating the utility values
2023-09-01 11:46:06 INFO Inside the Analyzer: Performing the analysis
2023-09-01 11:46:06 INFO Inside the planner: Generating the adaptation plan
2023-09-01 11:46:06 INFO Inside the Executor: executing the adaptations
2023-09-01 11:47:06 INFO calculating the utility values
2023-09-01 11:47:07 INFO Inside the Analyzer: Performing the analysis
2023-09-01 11:47:08 INFO Inside the planner: Generating the adaptation plan
2023-09-01 11:47:08 INFO Inside the Executor: executing the adaptations
2023-09-01 11:47:08 INFO removing server
2023-09-01 11:47:08 INFO server removed successfully
2023-09-01 11:48:08 INFO calculating the utility values
2023-09-01 11:48:09 INFO Inside the Analyzer: Performing the analysis
2023-09-01 11:48:09 INFO Inside the planner: Generating the adaptation plan
2023-09-01 11:48:09 INFO Inside the Executor: executing the adaptations
2023-09-01 11:48:09 INFO inside add server module
2023-09-01 11:48:09 INFO Server added successfully
2023-09-01 11:48:09 INFO inside change dimer module, change flag decrease
2023-09-01 11:49:09 INFO calculating the utility values
2023-09-01 11:49:11 INFO Inside the Analyzer: Performing the analysis
2023-09-01 11:49:11 INFO Inside the planner: Generating the adaptation plan
2023-09-01 11:49:11 INFO Inside the Executor: executing the adaptations
2023-09-01 11:50:11 INFO calculating the utility values
2023-09-01 11:50:12 INFO Inside the Analyzer: Performing the analysis
2023-09-01 11:50:13 INFO Inside the planner: Generating the adaptation plan
2023-09-01 11:50:13 INFO Inside the Executor: executing the adaptations
2023-09-01 11:51:13 INFO calculating the utility values
2023-09-01 11:51:14 INFO Inside the Analyzer: Performing the analysis
2023-09-01 11:51:14 INFO Inside the planner: Generating the adaptation plan
2023-09-01 11:51:14 INFO Inside the Executor: executing the adaptations
2023-09-01 11:51:14 INFO inside change dimer module, change flag decrease
2023-09-01 11:52:14 INFO calculating the utility values
2023-09-01 11:52:16 INFO Inside the Analyzer: Performing the analysis
2023-09-01 11:52:16 INFO Inside the planner: Generating the adaptation plan
2023-09-01 11:52:16 INFO Inside the Executor: executing the adaptations
2023-09-01 11:53:16 INFO calculating the utility values
2023-09-01 11:53:17 INFO Inside the Analyzer: Performing the analysis
2023-09-01 11:53:18 INFO Inside the planner: Generating the adaptation plan
2023-09-01 11:53:18 INFO Inside the Executor: executing the adaptations
2023-09-01 11:54:18 INFO calculating the utility values
2023-09-01 11:54:19 INFO Inside the Analyzer: Performing the analysis
2023-09-01 11:54:19 INFO Inside the planner: Generating the adaptation plan
2023-09-01 11:54:19 INFO Inside the Executor: executing the adaptations
2023-09-01 11:55:19 INFO calculating the utility values
2023-09-01 11:55:21 INFO Inside the Analyzer: Performing the analysis
2023-09-01 11:55:21 INFO Inside the planner: Generating the adaptation plan
2023-09-01 11:55:21 INFO Inside the Executor: executing the adaptations
2023-09-01 11:56:21 INFO calculating the utility values
2023-09-01 11:56:23 INFO Inside the Analyzer: Performing the analysis
2023-09-01 11:56:23 INFO Inside the planner: Generating the adaptation plan
2023-09-01 11:56:23 INFO Inside the Executor: executing the adaptations
2023-09-01 11:57:23 INFO calculating the utility values
2023-09-01 11:57:24 INFO Inside the Analyzer: Performing the analysis
2023-09-01 11:57:25 INFO Inside the planner: Generating the adaptation plan
2023-09-01 11:57:25 INFO Inside the Executor: executing the adaptations
2023-09-01 11:58:25 INFO calculating the utility values
2023-09-01 11:58:26 INFO Inside the Analyzer: Performing the analysis
2023-09-01 11:58:26 INFO Inside the planner: Generating the adaptation plan
2023-09-01 11:58:26 INFO Inside the Executor: executing the adaptations
2023-09-01 11:59:26 INFO calculating the utility values
2023-09-01 11:59:28 INFO Inside the Analyzer: Performing the analysis
2023-09-01 11:59:28 INFO Inside the planner: Generating the adaptation plan
2023-09-01 11:59:28 INFO Inside the Executor: executing the adaptations
2023-09-01 12:00:28 INFO calculating the utility values
2023-09-01 12:00:29 INFO Inside the Analyzer: Performing the analysis
2023-09-01 12:00:30 INFO Inside the planner: Generating the adaptation plan
2023-09-01 12:00:30 INFO Inside the Executor: executing the adaptations
2023-09-01 12:01:30 INFO calculating the utility values
2023-09-01 12:01:31 INFO Inside the Analyzer: Performing the analysis
2023-09-01 12:01:31 INFO Inside the planner: Generating the adaptation plan
2023-09-01 12:01:31 INFO Inside the Executor: executing the adaptations
2023-09-01 12:02:31 INFO calculating the utility values
2023-09-01 12:02:33 INFO Inside the Analyzer: Performing the analysis
2023-09-01 12:02:33 INFO Inside the planner: Generating the adaptation plan
2023-09-01 12:02:33 INFO Inside the Executor: executing the adaptations
2023-09-01 12:03:33 INFO calculating the utility values
2023-09-01 12:03:34 INFO Inside the Analyzer: Performing the analysis
2023-09-01 12:03:35 INFO Inside the planner: Generating the adaptation plan
2023-09-01 12:03:35 INFO Inside the Executor: executing the adaptations
2023-09-01 12:04:35 INFO calculating the utility values
2023-09-01 12:04:36 INFO Inside the Analyzer: Performing the analysis
2023-09-01 12:04:36 INFO Inside the planner: Generating the adaptation plan
2023-09-01 12:04:36 INFO Inside the Executor: executing the adaptations
2023-09-01 12:04:36 INFO removing server
2023-09-01 12:04:36 INFO server removed successfully
2023-09-01 12:04:36 INFO inside change dimer module, change flag increase
2023-09-01 12:05:36 INFO calculating the utility values
2023-09-01 12:05:38 INFO Inside the Analyzer: Performing the analysis
2023-09-01 12:05:38 INFO Inside the planner: Generating the adaptation plan
2023-09-01 12:05:38 INFO Inside the Executor: executing the adaptations
2023-09-01 12:05:38 INFO removing server
2023-09-01 12:05:38 INFO server removed successfully
2023-09-01 12:05:38 INFO inside change dimer module, change flag decrease
2023-09-01 12:06:38 INFO calculating the utility values
2023-09-01 12:06:40 INFO Inside the Analyzer: Performing the analysis
2023-09-01 12:06:40 ERROR local variable 'action_taken' referenced before assignment
2023-09-01 12:07:40 INFO calculating the utility values
2023-09-01 12:07:41 INFO Inside the Analyzer: Performing the analysis
2023-09-01 12:07:41 ERROR local variable 'action_taken' referenced before assignment
2023-09-01 12:08:41 INFO calculating the utility values
2023-09-01 12:08:43 INFO Inside the Analyzer: Performing the analysis
2023-09-01 12:08:43 ERROR local variable 'action_taken' referenced before assignment
2023-09-01 12:09:43 INFO calculating the utility values
2023-09-01 12:09:44 INFO Inside the Analyzer: Performing the analysis
2023-09-01 12:09:44 ERROR local variable 'action_taken' referenced before assignment
2023-09-01 12:10:44 INFO calculating the utility values
2023-09-01 12:10:45 INFO Inside the Analyzer: Performing the analysis
2023-09-01 12:10:45 ERROR local variable 'action_taken' referenced before assignment
2023-09-01 12:11:45 INFO calculating the utility values
2023-09-01 12:11:47 INFO Inside the Analyzer: Performing the analysis
2023-09-01 12:11:47 ERROR local variable 'action_taken' referenced before assignment
2023-09-01 12:12:47 INFO calculating the utility values
2023-09-01 12:12:48 INFO Inside the Analyzer: Performing the analysis
2023-09-01 12:12:48 ERROR local variable 'action_taken' referenced before assignment
2023-09-01 12:13:48 INFO calculating the utility values
2023-09-01 12:13:50 INFO Inside the Analyzer: Performing the analysis
2023-09-01 12:13:50 ERROR local variable 'action_taken' referenced before assignment
2023-09-01 12:14:50 INFO calculating the utility values
2023-09-01 12:14:51 INFO Inside the Analyzer: Performing the analysis
2023-09-01 12:14:51 ERROR local variable 'action_taken' referenced before assignment
2023-09-01 12:15:51 INFO calculating the utility values
2023-09-01 12:15:53 INFO Inside the Analyzer: Performing the analysis
2023-09-01 12:15:53 ERROR local variable 'action_taken' referenced before assignment
2023-09-01 12:16:53 INFO calculating the utility values
2023-09-01 12:16:54 INFO Inside the Analyzer: Performing the analysis
2023-09-01 12:16:54 ERROR local variable 'action_taken' referenced before assignment
2023-09-01 12:17:54 INFO calculating the utility values
2023-09-01 12:17:56 INFO Inside the Analyzer: Performing the analysis
2023-09-01 12:17:56 ERROR local variable 'action_taken' referenced before assignment
2023-09-01 12:18:56 INFO calculating the utility values
2023-09-01 12:18:57 INFO Inside the Analyzer: Performing the analysis
2023-09-01 12:18:57 ERROR local variable 'action_taken' referenced before assignment
2023-09-01 12:19:57 INFO calculating the utility values
2023-09-01 12:19:58 INFO Inside the Analyzer: Performing the analysis
2023-09-01 12:19:59 ERROR local variable 'action_taken' referenced before assignment
2023-09-01 12:20:59 INFO calculating the utility values
2023-09-01 12:21:00 INFO Inside the Analyzer: Performing the analysis
2023-09-01 12:21:00 ERROR local variable 'action_taken' referenced before assignment
2023-09-01 12:22:00 INFO calculating the utility values
2023-09-01 12:22:02 INFO Inside the Analyzer: Performing the analysis
2023-09-01 12:22:02 ERROR local variable 'action_taken' referenced before assignment
2023-09-01 12:23:02 INFO calculating the utility values
2023-09-01 12:23:03 INFO Inside the Analyzer: Performing the analysis
2023-09-01 12:23:03 ERROR local variable 'action_taken' referenced before assignment
2023-09-01 12:24:03 INFO calculating the utility values
2023-09-01 12:24:05 INFO Inside the Analyzer: Performing the analysis
2023-09-01 12:24:05 ERROR local variable 'action_taken' referenced before assignment
2023-09-01 12:25:19 DEBUG Logger Initialized
2023-09-01 12:25:19 INFO running the adaptation effector module
2023-09-01 12:25:19 INFO Inside the Analyzer: Performing the analysis
2023-09-01 12:25:20 INFO Inside the planner: Generating the adaptation plan
2023-09-01 12:25:20 INFO Inside the Executor: executing the adaptations
2023-09-01 12:25:20 INFO removing server
2023-09-01 12:25:20 INFO server removed successfully
2023-09-01 12:26:20 INFO calculating the utility values
2023-09-01 12:26:21 INFO Inside the Analyzer: Performing the analysis
2023-09-01 12:26:22 INFO Inside the planner: Generating the adaptation plan
2023-09-01 12:26:22 INFO Inside the Executor: executing the adaptations
2023-09-01 12:27:22 INFO calculating the utility values
2023-09-01 12:27:24 INFO Inside the Analyzer: Performing the analysis
2023-09-01 12:27:24 INFO Inside the planner: Generating the adaptation plan
2023-09-01 12:27:24 INFO Inside the Executor: executing the adaptations
2023-09-01 12:27:24 INFO inside add server module
2023-09-01 12:27:24 INFO Server added successfully
2023-09-01 12:27:24 INFO inside change dimer module, change flag increase
2023-09-01 12:28:27 DEBUG Logger Initialized
2023-09-01 12:28:27 INFO running the adaptation effector module
2023-09-01 12:28:27 INFO Inside the Analyzer: Performing the analysis
2023-09-01 12:28:28 INFO Inside the planner: Generating the adaptation plan
2023-09-01 12:28:28 INFO Inside the Executor: executing the adaptations
2023-09-01 12:28:28 INFO inside change dimer module, change flag increase
2023-09-01 12:29:51 DEBUG Logger Initialized
2023-09-01 12:29:51 INFO running the adaptation effector module
2023-09-01 12:29:51 INFO Inside the Analyzer: Performing the analysis
2023-09-01 12:29:52 INFO Inside the planner: Generating the adaptation plan
2023-09-01 12:29:52 INFO Inside the Executor: executing the adaptations
2023-09-01 12:29:52 INFO removing server
2023-09-01 12:29:52 INFO server removed successfully
2023-09-01 12:30:52 INFO calculating the utility values
2023-09-01 12:30:54 INFO Inside the Analyzer: Performing the analysis
2023-09-01 12:30:54 INFO Inside the planner: Generating the adaptation plan
2023-09-01 12:30:54 INFO No adaptation required
2023-09-01 12:31:54 INFO calculating the utility values
2023-09-01 12:31:56 INFO Inside the Analyzer: Performing the analysis
2023-09-01 12:31:56 INFO Inside the planner: Generating the adaptation plan
2023-09-01 12:31:56 INFO Inside the Executor: executing the adaptations
2023-09-01 12:31:56 INFO inside change dimer module, change flag decrease
2023-09-01 12:32:56 INFO calculating the utility values
2023-09-01 12:32:58 INFO Inside the Analyzer: Performing the analysis
2023-09-01 12:32:58 INFO Inside the planner: Generating the adaptation plan
2023-09-01 12:32:58 INFO Inside the Executor: executing the adaptations
2023-09-01 12:32:58 INFO removing server
2023-09-01 12:32:58 INFO server removed successfully
2023-09-01 12:32:58 INFO inside change dimer module, change flag decrease
2023-09-01 12:33:58 INFO calculating the utility values
2023-09-01 12:33:59 INFO Inside the Analyzer: Performing the analysis
2023-09-01 12:33:59 INFO  The response time above threshold -- Initializing Planner
2023-09-01 12:34:00 INFO Inside the planner: Generating the adaptation plan
2023-09-01 12:34:00 INFO Inside the Executor: executing the adaptations
2023-09-01 12:34:00 INFO inside change dimer module, change flag increase
2023-09-01 12:35:14 DEBUG Logger Initialized
2023-09-01 12:35:14 INFO running the adaptation effector module
2023-09-01 12:35:14 INFO Inside the Analyzer: Performing the analysis
2023-09-01 12:35:15 INFO Inside the planner: Generating the adaptation plan
2023-09-01 12:35:15 INFO Inside the Executor: executing the adaptations
2023-09-01 12:35:15 INFO inside change dimer module, change flag increase
2023-09-01 12:36:15 INFO calculating the utility values
2023-09-01 12:36:17 INFO Inside the Analyzer: Performing the analysis
2023-09-01 12:36:17 INFO Inside the planner: Generating the adaptation plan
2023-09-01 12:36:17 INFO Inside the Executor: executing the adaptations
2023-09-01 12:37:17 INFO calculating the utility values
2023-09-01 12:37:19 INFO Inside the Analyzer: Performing the analysis
2023-09-01 12:37:20 INFO Inside the planner: Generating the adaptation plan
2023-09-01 12:37:20 INFO Inside the Executor: executing the adaptations
2023-09-01 12:37:20 INFO removing server
2023-09-01 12:37:20 INFO server removed successfully
2023-09-01 12:38:20 INFO calculating the utility values
2023-09-01 12:38:22 INFO Inside the Analyzer: Performing the analysis
2023-09-01 12:38:22 INFO Inside the planner: Generating the adaptation plan
2023-09-01 12:38:22 INFO Inside the Executor: executing the adaptations
2023-09-01 12:38:22 INFO inside add server module
2023-09-01 12:38:22 INFO Server added successfully
2023-09-01 12:39:22 INFO calculating the utility values
2023-09-01 12:39:24 INFO Inside the Analyzer: Performing the analysis
2023-09-01 12:39:24 INFO  The response time above threshold -- Initializing Planner
2023-09-01 12:39:25 INFO Inside the planner: Generating the adaptation plan
2023-09-01 12:39:25 INFO Inside the Executor: executing the adaptations
2023-09-01 12:39:25 INFO removing server
2023-09-01 12:39:25 INFO server removed successfully
2023-09-01 12:39:25 INFO inside change dimer module, change flag decrease
2023-09-01 12:40:25 INFO calculating the utility values
2023-09-01 12:40:27 INFO Inside the Analyzer: Performing the analysis
2023-09-01 12:40:27 INFO  The response time above threshold -- Initializing Planner
2023-09-01 12:40:27 INFO Inside the planner: Generating the adaptation plan
2023-09-01 12:40:27 INFO No adaptation required
2023-09-01 12:41:27 INFO calculating the utility values
2023-09-01 12:41:29 INFO Inside the Analyzer: Performing the analysis
2023-09-01 12:41:29 INFO  The response time above threshold -- Initializing Planner
2023-09-01 12:41:30 INFO Inside the planner: Generating the adaptation plan
2023-09-01 12:41:30 INFO Inside the Executor: executing the adaptations
2023-09-01 12:41:30 INFO removing server
2023-09-01 12:41:30 INFO server removed successfully
2023-09-01 12:41:30 INFO inside change dimer module, change flag increase
2023-09-01 12:42:30 INFO calculating the utility values
2023-09-01 12:42:32 INFO Inside the Analyzer: Performing the analysis
2023-09-01 12:42:32 INFO  The response time above threshold -- Initializing Planner
2023-09-01 12:42:32 INFO Inside the planner: Generating the adaptation plan
2023-09-01 12:42:32 INFO No adaptation required
2023-09-01 12:43:32 INFO calculating the utility values
2023-09-01 12:43:35 INFO Inside the Analyzer: Performing the analysis
2023-09-01 12:43:35 INFO  The response time above threshold -- Initializing Planner
2023-09-01 12:43:35 INFO Inside the planner: Generating the adaptation plan
2023-09-01 12:43:35 INFO Inside the Executor: executing the adaptations
2023-09-01 12:44:35 INFO calculating the utility values
2023-09-01 12:44:37 INFO Inside the Analyzer: Performing the analysis
2023-09-01 12:44:37 INFO  The response time above threshold -- Initializing Planner
2023-09-01 12:44:38 INFO Inside the planner: Generating the adaptation plan
2023-09-01 12:44:38 INFO Inside the Executor: executing the adaptations
2023-09-01 12:45:38 INFO calculating the utility values
2023-09-01 12:45:40 INFO Inside the Analyzer: Performing the analysis
2023-09-01 12:45:40 INFO  The response time above threshold -- Initializing Planner
2023-09-01 12:45:41 INFO Inside the planner: Generating the adaptation plan
2023-09-01 12:45:41 INFO Inside the Executor: executing the adaptations
2023-09-01 12:45:41 INFO inside change dimer module, change flag decrease
2023-09-01 12:46:41 INFO calculating the utility values
2023-09-01 12:46:43 INFO Inside the Analyzer: Performing the analysis
2023-09-01 12:46:43 INFO  The response time above threshold -- Initializing Planner
2023-09-01 12:46:43 INFO Inside the planner: Generating the adaptation plan
2023-09-01 12:46:43 INFO Inside the Executor: executing the adaptations
2023-09-01 12:46:43 INFO inside change dimer module, change flag increase
2023-09-01 12:47:43 INFO calculating the utility values
2023-09-01 12:47:46 INFO Inside the Analyzer: Performing the analysis
2023-09-01 12:47:46 INFO  The response time above threshold -- Initializing Planner
2023-09-01 12:47:46 INFO Inside the planner: Generating the adaptation plan
2023-09-01 12:47:46 INFO Inside the Executor: executing the adaptations
2023-09-01 12:48:46 INFO calculating the utility values
2023-09-01 12:48:48 INFO Inside the Analyzer: Performing the analysis
2023-09-01 12:48:48 INFO  The response time above threshold -- Initializing Planner
2023-09-01 12:48:49 INFO Inside the planner: Generating the adaptation plan
2023-09-01 12:48:49 INFO Inside the Executor: executing the adaptations
2023-09-01 12:48:49 INFO inside add server module
2023-09-01 12:48:49 INFO Server added successfully
2023-09-01 12:48:49 INFO inside change dimer module, change flag decrease
2023-09-01 12:49:49 INFO calculating the utility values
2023-09-01 12:49:51 INFO Inside the Analyzer: Performing the analysis
2023-09-01 12:49:51 INFO  The response time above threshold -- Initializing Planner
2023-09-01 12:49:52 INFO Inside the planner: Generating the adaptation plan
2023-09-01 12:49:52 INFO Inside the Executor: executing the adaptations
2023-09-01 12:49:52 INFO removing server
2023-09-01 12:49:52 INFO server removed successfully
2023-09-01 12:50:52 INFO calculating the utility values
2023-09-01 12:50:54 INFO Inside the Analyzer: Performing the analysis
2023-09-01 12:50:54 INFO  The response time above threshold -- Initializing Planner
2023-09-01 12:50:55 INFO Inside the planner: Generating the adaptation plan
2023-09-01 12:50:55 INFO No adaptation required
2023-09-01 12:51:55 INFO calculating the utility values
2023-09-01 12:51:58 INFO Inside the Analyzer: Performing the analysis
2023-09-01 12:51:58 INFO  The response time above threshold -- Initializing Planner
2023-09-01 12:51:58 INFO Inside the planner: Generating the adaptation plan
2023-09-01 12:51:58 INFO No adaptation required
2023-09-01 12:52:58 INFO calculating the utility values
2023-09-01 12:53:01 INFO Inside the Analyzer: Performing the analysis
2023-09-01 12:53:01 INFO  The response time above threshold -- Initializing Planner
2023-09-01 12:53:01 INFO Inside the planner: Generating the adaptation plan
2023-09-01 12:53:01 INFO No adaptation required
2023-09-01 12:54:01 INFO calculating the utility values
2023-09-01 12:54:04 INFO Inside the Analyzer: Performing the analysis
2023-09-01 12:54:04 INFO  The response time above threshold -- Initializing Planner
2023-09-01 12:54:04 INFO Inside the planner: Generating the adaptation plan
2023-09-01 12:54:04 INFO No adaptation required
2023-09-01 12:55:04 INFO calculating the utility values
2023-09-01 12:55:06 INFO Inside the Analyzer: Performing the analysis
2023-09-01 12:55:06 INFO  The response time above threshold -- Initializing Planner
2023-09-01 12:55:07 INFO Inside the planner: Generating the adaptation plan
2023-09-01 12:55:07 INFO Inside the Executor: executing the adaptations
2023-09-01 12:55:07 INFO inside change dimer module, change flag decrease
2023-09-01 12:56:07 INFO calculating the utility values
2023-09-01 12:56:10 INFO Inside the Analyzer: Performing the analysis
2023-09-01 12:56:10 INFO  The response time above threshold -- Initializing Planner
2023-09-01 12:56:10 INFO Inside the planner: Generating the adaptation plan
2023-09-01 12:56:10 INFO Inside the Executor: executing the adaptations
2023-09-01 12:57:10 INFO calculating the utility values
2023-09-01 12:57:12 INFO Inside the Analyzer: Performing the analysis
2023-09-01 12:57:12 INFO  The response time above threshold -- Initializing Planner
2023-09-01 12:57:13 INFO Inside the planner: Generating the adaptation plan
2023-09-01 12:57:13 INFO Inside the Executor: executing the adaptations
2023-09-01 12:57:13 INFO inside change dimer module, change flag decrease
2023-09-01 12:58:13 INFO calculating the utility values
2023-09-01 12:58:15 INFO Inside the Analyzer: Performing the analysis
2023-09-01 12:58:15 INFO  The response time above threshold -- Initializing Planner
2023-09-01 12:58:16 INFO Inside the planner: Generating the adaptation plan
2023-09-01 12:58:16 INFO No adaptation required
2023-09-01 12:59:16 INFO calculating the utility values
2023-09-01 12:59:18 INFO Inside the Analyzer: Performing the analysis
2023-09-01 12:59:18 INFO  The response time above threshold -- Initializing Planner
2023-09-01 12:59:18 INFO Inside the planner: Generating the adaptation plan
2023-09-01 12:59:18 INFO No adaptation required
2023-09-01 13:00:18 INFO calculating the utility values
2023-09-01 13:00:21 INFO Inside the Analyzer: Performing the analysis
2023-09-01 13:00:21 INFO  The response time above threshold -- Initializing Planner
2023-09-01 13:00:21 INFO Inside the planner: Generating the adaptation plan
2023-09-01 13:00:21 INFO No adaptation required
2023-09-01 13:01:21 INFO calculating the utility values
2023-09-01 13:01:24 INFO Inside the Analyzer: Performing the analysis
2023-09-01 13:01:24 INFO  The response time above threshold -- Initializing Planner
2023-09-01 13:01:24 INFO Inside the planner: Generating the adaptation plan
2023-09-01 13:01:24 INFO Inside the Executor: executing the adaptations
2023-09-01 13:01:24 INFO inside change dimer module, change flag decrease
2023-09-01 13:02:24 INFO calculating the utility values
2023-09-01 13:02:26 INFO Inside the Analyzer: Performing the analysis
2023-09-01 13:02:26 INFO  The response time above threshold -- Initializing Planner
2023-09-01 13:02:27 INFO Inside the planner: Generating the adaptation plan
2023-09-01 13:02:27 INFO Inside the Executor: executing the adaptations
2023-09-01 13:02:27 INFO inside change dimer module, change flag increase
2023-09-01 13:03:27 INFO calculating the utility values
2023-09-01 13:03:29 INFO Inside the Analyzer: Performing the analysis
2023-09-01 13:03:29 INFO  The response time above threshold -- Initializing Planner
2023-09-01 13:03:29 INFO Inside the planner: Generating the adaptation plan
2023-09-01 13:03:29 INFO Inside the Executor: executing the adaptations
2023-09-01 13:03:29 INFO inside change dimer module, change flag decrease
2023-09-01 13:04:29 INFO calculating the utility values
2023-09-01 13:04:31 INFO Inside the Analyzer: Performing the analysis
2023-09-01 13:04:31 INFO  The response time above threshold -- Initializing Planner
2023-09-01 13:04:32 INFO Inside the planner: Generating the adaptation plan
2023-09-01 13:04:32 INFO No adaptation required
2023-09-01 13:05:32 INFO calculating the utility values
2023-09-01 13:05:34 INFO Inside the Analyzer: Performing the analysis
2023-09-01 13:06:34 INFO calculating the utility values
2023-09-01 13:06:36 INFO Inside the Analyzer: Performing the analysis
2023-09-01 13:07:36 INFO calculating the utility values
2023-09-01 13:07:38 INFO Inside the Analyzer: Performing the analysis
2023-09-01 13:08:38 INFO calculating the utility values
2023-09-01 13:08:40 INFO Inside the Analyzer: Performing the analysis
2023-09-01 13:09:40 INFO calculating the utility values
2023-09-01 13:09:43 INFO Inside the Analyzer: Performing the analysis
2023-09-01 13:10:43 INFO calculating the utility values
2023-09-01 13:10:45 INFO Inside the Analyzer: Performing the analysis
2023-09-01 13:11:45 INFO calculating the utility values
2023-09-01 13:11:47 INFO Inside the Analyzer: Performing the analysis
2023-09-01 13:12:47 INFO calculating the utility values
2023-09-01 13:12:49 INFO Inside the Analyzer: Performing the analysis
2023-09-01 13:13:49 INFO calculating the utility values
2023-09-01 13:13:51 INFO Inside the Analyzer: Performing the analysis
2023-09-01 13:14:51 INFO calculating the utility values
2023-09-01 13:14:54 INFO Inside the Analyzer: Performing the analysis
2023-09-01 13:15:54 INFO calculating the utility values
2023-09-01 13:15:56 INFO Inside the Analyzer: Performing the analysis
2023-09-01 13:16:56 INFO calculating the utility values
2023-09-01 13:16:59 INFO Inside the Analyzer: Performing the analysis
2023-09-01 13:17:59 INFO calculating the utility values
2023-09-01 13:18:01 INFO Inside the Analyzer: Performing the analysis
2023-09-01 13:19:01 INFO calculating the utility values
2023-09-01 13:19:04 INFO Inside the Analyzer: Performing the analysis
2023-09-01 13:20:04 INFO calculating the utility values
2023-09-01 13:20:07 INFO Inside the Analyzer: Performing the analysis
2023-09-01 13:21:07 INFO calculating the utility values
2023-09-01 13:21:09 INFO Inside the Analyzer: Performing the analysis
2023-09-01 13:22:09 INFO calculating the utility values
2023-09-01 13:22:12 INFO Inside the Analyzer: Performing the analysis
2023-09-01 13:23:12 INFO calculating the utility values
2023-09-01 13:23:14 INFO Inside the Analyzer: Performing the analysis
2023-09-01 13:24:14 INFO calculating the utility values
2023-09-01 13:24:16 INFO Inside the Analyzer: Performing the analysis
2023-09-01 13:25:16 INFO calculating the utility values
2023-09-01 13:25:19 INFO Inside the Analyzer: Performing the analysis
2023-09-01 13:26:19 INFO calculating the utility values
2023-09-01 13:26:21 INFO Inside the Analyzer: Performing the analysis
2023-09-01 13:27:21 INFO calculating the utility values
2023-09-01 13:27:23 INFO Inside the Analyzer: Performing the analysis
2023-09-01 13:28:23 INFO calculating the utility values
2023-09-01 13:28:25 INFO Inside the Analyzer: Performing the analysis
2023-09-01 13:29:25 INFO calculating the utility values
2023-09-01 13:29:27 INFO Inside the Analyzer: Performing the analysis
2023-09-01 13:30:27 INFO calculating the utility values
2023-09-01 13:30:29 INFO Inside the Analyzer: Performing the analysis
2023-09-01 13:31:29 INFO calculating the utility values
2023-09-01 13:31:31 INFO Inside the Analyzer: Performing the analysis
2023-09-01 13:32:31 INFO calculating the utility values
2023-09-01 13:32:33 INFO Inside the Analyzer: Performing the analysis
2023-09-01 13:33:33 INFO calculating the utility values
2023-09-01 13:33:35 INFO Inside the Analyzer: Performing the analysis
2023-09-01 13:34:35 INFO calculating the utility values
2023-09-01 13:34:37 INFO Inside the Analyzer: Performing the analysis
2023-09-01 13:35:37 INFO calculating the utility values
2023-09-01 13:35:39 INFO Inside the Analyzer: Performing the analysis
2023-09-01 13:36:39 INFO calculating the utility values
2023-09-01 13:36:41 INFO Inside the Analyzer: Performing the analysis
2023-09-01 13:37:41 INFO calculating the utility values
2023-09-01 13:37:43 INFO Inside the Analyzer: Performing the analysis
2023-09-01 13:38:43 INFO calculating the utility values
2023-09-01 13:38:45 INFO Inside the Analyzer: Performing the analysis
2023-09-01 13:39:45 INFO calculating the utility values
2023-09-01 13:39:47 INFO Inside the Analyzer: Performing the analysis
2023-09-01 13:40:47 INFO calculating the utility values
2023-09-01 13:40:49 INFO Inside the Analyzer: Performing the analysis
2023-09-01 13:41:49 INFO calculating the utility values
2023-09-01 13:41:50 INFO Inside the Analyzer: Performing the analysis
2023-09-01 13:42:50 INFO calculating the utility values
2023-09-01 13:42:52 INFO Inside the Analyzer: Performing the analysis
2023-09-01 13:43:52 INFO calculating the utility values
2023-09-01 13:43:54 INFO Inside the Analyzer: Performing the analysis
2023-09-01 13:44:54 INFO calculating the utility values
2023-09-01 13:44:56 INFO Inside the Analyzer: Performing the analysis
2023-09-01 13:45:56 INFO calculating the utility values
2023-09-01 13:45:57 INFO Inside the Analyzer: Performing the analysis
2023-09-01 13:46:57 INFO calculating the utility values
2023-09-01 13:46:59 INFO Inside the Analyzer: Performing the analysis
2023-09-01 13:47:59 INFO calculating the utility values
2023-09-01 13:48:01 INFO Inside the Analyzer: Performing the analysis
2023-09-01 13:49:01 INFO calculating the utility values
2023-09-01 13:49:02 INFO Inside the Analyzer: Performing the analysis
2023-09-01 13:50:02 INFO calculating the utility values
2023-09-01 13:50:04 INFO Inside the Analyzer: Performing the analysis
2023-09-01 13:51:04 INFO calculating the utility values
2023-09-01 13:51:06 INFO Inside the Analyzer: Performing the analysis
2023-09-01 13:52:06 INFO calculating the utility values
2023-09-01 13:52:08 INFO Inside the Analyzer: Performing the analysis
2023-09-01 13:53:08 INFO calculating the utility values
2023-09-01 13:53:09 INFO Inside the Analyzer: Performing the analysis
2023-09-01 13:54:09 INFO calculating the utility values
2023-09-01 13:54:11 INFO Inside the Analyzer: Performing the analysis
2023-09-01 13:55:11 INFO calculating the utility values
2023-09-01 13:55:13 INFO Inside the Analyzer: Performing the analysis
2023-09-01 13:56:13 INFO calculating the utility values
2023-09-01 13:56:15 INFO Inside the Analyzer: Performing the analysis
2023-09-01 13:57:15 INFO calculating the utility values
2023-09-01 13:57:16 INFO Inside the Analyzer: Performing the analysis
2023-09-01 13:58:16 INFO calculating the utility values
2023-09-01 13:58:18 INFO Inside the Analyzer: Performing the analysis
2023-09-01 13:59:18 INFO calculating the utility values
2023-09-01 13:59:20 INFO Inside the Analyzer: Performing the analysis
2023-09-01 14:00:20 INFO calculating the utility values
2023-09-01 14:00:21 INFO Inside the Analyzer: Performing the analysis
2023-09-01 14:01:21 INFO calculating the utility values
2023-09-01 14:01:23 INFO Inside the Analyzer: Performing the analysis
2023-09-01 14:02:23 INFO calculating the utility values
2023-09-01 14:02:25 INFO Inside the Analyzer: Performing the analysis
2023-09-01 14:03:25 INFO calculating the utility values
2023-09-01 14:03:26 INFO Inside the Analyzer: Performing the analysis
2023-09-01 14:04:26 INFO calculating the utility values
2023-09-01 14:04:28 INFO Inside the Analyzer: Performing the analysis
2023-09-01 14:05:28 INFO calculating the utility values
2023-09-01 14:05:30 INFO Inside the Analyzer: Performing the analysis
2023-09-01 14:06:30 INFO calculating the utility values
2023-09-01 14:06:32 INFO Inside the Analyzer: Performing the analysis
2023-09-01 14:07:32 INFO calculating the utility values
2023-09-01 14:07:35 INFO Inside the Analyzer: Performing the analysis
2023-09-01 14:08:35 INFO calculating the utility values
2023-09-01 14:08:37 INFO Inside the Analyzer: Performing the analysis
2023-09-01 14:09:37 INFO calculating the utility values
2023-09-01 14:09:39 INFO Inside the Analyzer: Performing the analysis
2023-09-01 14:10:39 INFO calculating the utility values
2023-09-01 14:10:42 INFO Inside the Analyzer: Performing the analysis
2023-09-01 14:11:42 INFO calculating the utility values
2023-09-01 14:11:44 INFO Inside the Analyzer: Performing the analysis
2023-09-01 14:12:44 INFO calculating the utility values
2023-09-01 14:12:46 INFO Inside the Analyzer: Performing the analysis
2023-09-01 14:13:46 INFO calculating the utility values
2023-09-01 14:13:49 INFO Inside the Analyzer: Performing the analysis
2023-09-01 14:14:49 INFO calculating the utility values
2023-09-01 14:14:51 INFO Inside the Analyzer: Performing the analysis
2023-09-01 14:15:51 INFO calculating the utility values
2023-09-01 14:15:54 INFO Inside the Analyzer: Performing the analysis
2023-09-01 14:16:54 INFO calculating the utility values
2023-09-01 14:16:56 INFO Inside the Analyzer: Performing the analysis
2023-09-01 14:17:56 INFO calculating the utility values
2023-09-01 14:17:59 INFO Inside the Analyzer: Performing the analysis
2023-09-01 14:18:59 INFO calculating the utility values
2023-09-01 14:19:01 INFO Inside the Analyzer: Performing the analysis
2023-09-01 14:20:01 INFO calculating the utility values
2023-09-01 14:20:03 INFO Inside the Analyzer: Performing the analysis
2023-09-01 14:21:03 ERROR [Errno 104] Connection reset by peer
2023-09-01 14:22:03 ERROR [Errno 104] Connection reset by peer
2023-09-01 14:23:03 ERROR [Errno 104] Connection reset by peer
2023-09-01 14:24:03 ERROR [Errno 104] Connection reset by peer
2023-09-01 14:25:03 ERROR [Errno 104] Connection reset by peer
2023-09-01 14:26:03 ERROR [Errno 104] Connection reset by peer
2023-09-01 14:27:03 ERROR [Errno 104] Connection reset by peer
2023-09-01 14:28:03 ERROR [Errno 104] Connection reset by peer
2023-09-01 14:29:03 ERROR [Errno 104] Connection reset by peer
2023-09-01 14:30:03 ERROR [Errno 104] Connection reset by peer
2023-09-01 14:31:03 ERROR [Errno 104] Connection reset by peer
