2023-09-23 12:56:03 DEBUG Logger Initialized
2023-09-23 12:56:03 INFO running the adaptation effector module
2023-09-23 12:56:03 INFO Inside the Analyzer: Performing the analysis
2023-09-23 12:56:03 INFO Inside the planner: Generating the adaptation plan
2023-09-23 12:56:03 INFO Inside the Executor: executing the adaptations
2023-09-23 12:56:03 INFO removing server
2023-09-23 12:56:03 INFO server removed successfully
2023-09-23 12:56:03 INFO inside change dimer module, change flag decrease
2023-09-23 12:57:03 INFO calculating the utility values
2023-09-23 12:57:03 INFO Inside the Analyzer: Performing the analysis
2023-09-23 12:57:03 INFO Inside the planner: Generating the adaptation plan
2023-09-23 12:57:03 INFO Inside the Executor: executing the adaptations
2023-09-23 12:57:03 INFO inside add server module
2023-09-23 12:57:03 INFO Server added successfully
2023-09-23 12:57:03 INFO inside change dimer module, change flag decrease
2023-09-23 12:58:03 INFO calculating the utility values
2023-09-23 12:58:03 INFO Inside the Analyzer: Performing the analysis
2023-09-23 12:58:03 INFO Inside the planner: Generating the adaptation plan
2023-09-23 12:58:03 INFO Inside the Executor: executing the adaptations
2023-09-23 12:59:03 INFO calculating the utility values
2023-09-23 12:59:03 INFO Inside the Analyzer: Performing the analysis
2023-09-23 12:59:03 INFO Inside the planner: Generating the adaptation plan
2023-09-23 12:59:03 INFO Inside the Executor: executing the adaptations
2023-09-23 12:59:03 INFO removing server
2023-09-23 12:59:03 INFO server removed successfully
2023-09-23 12:59:03 INFO inside change dimer module, change flag decrease
2023-09-23 12:59:22 DEBUG Logger Initialized
2023-09-23 12:59:22 INFO running the adaptation effector module
2023-09-23 12:59:22 INFO Inside the Analyzer: Performing the analysis
2023-09-23 12:59:22 INFO Inside the planner: Generating the adaptation plan
2023-09-23 12:59:22 INFO Inside the Executor: executing the adaptations
2023-09-23 12:59:22 INFO removing server
2023-09-23 12:59:22 INFO server removed successfully
2023-09-23 13:00:22 INFO calculating the utility values
2023-09-23 13:00:22 INFO Inside the Analyzer: Performing the analysis
2023-09-23 13:00:22 INFO Inside the planner: Generating the adaptation plan
2023-09-23 13:00:22 INFO No adaptation required
2023-09-23 13:01:22 INFO calculating the utility values
2023-09-23 13:01:22 INFO Inside the Analyzer: Performing the analysis
2023-09-23 13:01:22 INFO Inside the planner: Generating the adaptation plan
2023-09-23 13:01:22 INFO No adaptation required
2023-09-23 13:02:22 INFO calculating the utility values
2023-09-23 13:02:22 INFO Inside the Analyzer: Performing the analysis
2023-09-23 13:02:22 INFO Inside the planner: Generating the adaptation plan
2023-09-23 13:02:22 INFO No adaptation required
2023-09-23 13:03:22 INFO calculating the utility values
2023-09-23 13:03:22 INFO Inside the Analyzer: Performing the analysis
2023-09-23 13:03:22 INFO Inside the planner: Generating the adaptation plan
2023-09-23 13:03:22 INFO Inside the Executor: executing the adaptations
2023-09-23 13:03:22 INFO removing server
2023-09-23 13:03:22 INFO server removed successfully
2023-09-23 13:03:22 INFO inside change dimer module, change flag increase
2023-09-23 13:04:22 INFO calculating the utility values
2023-09-23 13:04:22 INFO Inside the Analyzer: Performing the analysis
2023-09-23 13:04:22 INFO Inside the planner: Generating the adaptation plan
2023-09-23 13:04:22 INFO Inside the Executor: executing the adaptations
2023-09-23 13:04:22 INFO inside add server module
2023-09-23 13:04:22 INFO Server added successfully
2023-09-23 13:04:22 INFO inside change dimer module, change flag decrease
2023-09-23 13:05:22 INFO calculating the utility values
2023-09-23 13:05:22 INFO Inside the Analyzer: Performing the analysis
2023-09-23 13:05:22 INFO Inside the planner: Generating the adaptation plan
2023-09-23 13:05:22 INFO Inside the Executor: executing the adaptations
2023-09-23 13:05:22 INFO inside add server module
2023-09-23 13:05:22 INFO Server added successfully
2023-09-23 13:05:22 INFO inside change dimer module, change flag decrease
2023-09-23 13:06:22 INFO calculating the utility values
2023-09-23 13:06:22 INFO Inside the Analyzer: Performing the analysis
2023-09-23 13:06:22 INFO Inside the planner: Generating the adaptation plan
2023-09-23 13:06:22 INFO Inside the Executor: executing the adaptations
2023-09-23 13:06:22 INFO removing server
2023-09-23 13:06:22 INFO server removed successfully
2023-09-23 13:07:22 INFO calculating the utility values
2023-09-23 13:07:22 INFO Inside the Analyzer: Performing the analysis
2023-09-23 13:07:22 INFO Inside the planner: Generating the adaptation plan
2023-09-23 13:07:22 INFO Inside the Executor: executing the adaptations
2023-09-23 13:07:22 INFO removing server
2023-09-23 13:07:22 INFO server removed successfully
2023-09-23 13:07:22 INFO inside change dimer module, change flag decrease
2023-09-23 13:08:22 INFO calculating the utility values
2023-09-23 13:08:22 INFO Inside the Analyzer: Performing the analysis
2023-09-23 13:08:22 INFO Inside the planner: Generating the adaptation plan
2023-09-23 13:08:22 INFO Inside the Executor: executing the adaptations
2023-09-23 13:08:22 INFO inside add server module
2023-09-23 13:08:22 INFO Server added successfully
2023-09-23 13:08:22 INFO inside change dimer module, change flag increase
2023-09-23 13:09:22 INFO calculating the utility values
2023-09-23 13:09:22 INFO Inside the Analyzer: Performing the analysis
2023-09-23 13:09:22 INFO Inside the planner: Generating the adaptation plan
2023-09-23 13:09:22 INFO Inside the Executor: executing the adaptations
2023-09-23 13:09:22 INFO removing server
2023-09-23 13:09:22 INFO server removed successfully
2023-09-23 13:09:22 INFO inside change dimer module, change flag increase
2023-09-23 13:10:22 INFO calculating the utility values
2023-09-23 13:10:22 INFO Inside the Analyzer: Performing the analysis
2023-09-23 13:10:22 INFO Inside the planner: Generating the adaptation plan
2023-09-23 13:10:22 INFO Inside the Executor: executing the adaptations
2023-09-23 13:10:22 INFO inside add server module
2023-09-23 13:10:22 INFO Server added successfully
2023-09-23 13:10:22 INFO inside change dimer module, change flag decrease
2023-09-23 13:11:22 INFO calculating the utility values
2023-09-23 13:11:22 INFO Inside the Analyzer: Performing the analysis
2023-09-23 13:11:22 INFO Inside the planner: Generating the adaptation plan
2023-09-23 13:11:22 INFO Inside the Executor: executing the adaptations
2023-09-23 13:11:22 INFO inside add server module
2023-09-23 13:11:22 INFO Server added successfully
2023-09-23 13:11:22 INFO inside change dimer module, change flag decrease
2023-09-23 13:12:22 INFO calculating the utility values
2023-09-23 13:12:22 INFO Inside the Analyzer: Performing the analysis
2023-09-23 13:12:22 INFO Inside the planner: Generating the adaptation plan
2023-09-23 13:12:22 INFO No adaptation required
2023-09-23 13:13:22 INFO calculating the utility values
2023-09-23 13:13:22 INFO Inside the Analyzer: Performing the analysis
2023-09-23 13:13:22 INFO Inside the planner: Generating the adaptation plan
2023-09-23 13:13:22 INFO Inside the Executor: executing the adaptations
2023-09-23 13:14:22 INFO calculating the utility values
2023-09-23 13:14:22 INFO Inside the Analyzer: Performing the analysis
2023-09-23 13:14:22 INFO Inside the planner: Generating the adaptation plan
2023-09-23 13:14:22 INFO Inside the Executor: executing the adaptations
2023-09-23 13:14:22 INFO removing server
2023-09-23 13:14:22 INFO server removed successfully
2023-09-23 13:14:22 INFO inside change dimer module, change flag increase
2023-09-23 13:15:22 INFO calculating the utility values
2023-09-23 13:15:22 INFO Inside the Analyzer: Performing the analysis
2023-09-23 13:15:22 INFO Inside the planner: Generating the adaptation plan
2023-09-23 13:15:22 INFO Inside the Executor: executing the adaptations
2023-09-23 13:15:22 INFO removing server
2023-09-23 13:15:22 INFO server removed successfully
2023-09-23 13:16:22 INFO calculating the utility values
2023-09-23 13:16:22 INFO Inside the Analyzer: Performing the analysis
2023-09-23 13:16:22 INFO Inside the planner: Generating the adaptation plan
2023-09-23 13:16:22 INFO Inside the Executor: executing the adaptations
2023-09-23 13:16:22 INFO inside change dimer module, change flag increase
2023-09-23 13:17:22 INFO calculating the utility values
2023-09-23 13:17:22 INFO Inside the Analyzer: Performing the analysis
2023-09-23 13:17:22 INFO Inside the planner: Generating the adaptation plan
2023-09-23 13:17:22 INFO Inside the Executor: executing the adaptations
2023-09-23 13:18:22 INFO calculating the utility values
2023-09-23 13:18:22 INFO Inside the Analyzer: Performing the analysis
2023-09-23 13:18:22 INFO Inside the planner: Generating the adaptation plan
2023-09-23 13:18:22 INFO Inside the Executor: executing the adaptations
2023-09-23 13:18:22 INFO inside change dimer module, change flag increase
2023-09-23 13:19:22 INFO calculating the utility values
2023-09-23 13:19:22 INFO Inside the Analyzer: Performing the analysis
2023-09-23 13:19:22 INFO Inside the planner: Generating the adaptation plan
2023-09-23 13:19:22 INFO No adaptation required
2023-09-23 13:20:22 INFO calculating the utility values
2023-09-23 13:20:22 INFO Inside the Analyzer: Performing the analysis
2023-09-23 13:20:22 INFO Inside the planner: Generating the adaptation plan
2023-09-23 13:20:22 INFO Inside the Executor: executing the adaptations
2023-09-23 13:20:22 INFO inside add server module
2023-09-23 13:20:22 INFO Server added successfully
2023-09-23 13:20:22 INFO inside change dimer module, change flag decrease
2023-09-23 13:21:22 INFO calculating the utility values
2023-09-23 13:21:22 INFO Inside the Analyzer: Performing the analysis
2023-09-23 13:21:22 INFO Inside the planner: Generating the adaptation plan
2023-09-23 13:21:22 INFO Inside the Executor: executing the adaptations
2023-09-23 13:21:22 INFO inside add server module
2023-09-23 13:21:22 INFO Server added successfully
2023-09-23 13:22:22 INFO calculating the utility values
2023-09-23 13:22:22 INFO Inside the Analyzer: Performing the analysis
2023-09-23 13:22:22 INFO Inside the planner: Generating the adaptation plan
2023-09-23 13:22:22 INFO Inside the Executor: executing the adaptations
2023-09-23 13:22:22 INFO removing server
2023-09-23 13:22:22 INFO server removed successfully
2023-09-23 13:22:22 INFO inside change dimer module, change flag decrease
2023-09-23 13:23:23 INFO calculating the utility values
2023-09-23 13:23:23 INFO Inside the Analyzer: Performing the analysis
2023-09-23 13:23:23 INFO Inside the planner: Generating the adaptation plan
2023-09-23 13:23:23 INFO No adaptation required
2023-09-23 13:24:23 INFO calculating the utility values
2023-09-23 13:24:23 INFO Inside the Analyzer: Performing the analysis
2023-09-23 13:24:23 INFO Inside the planner: Generating the adaptation plan
2023-09-23 13:24:23 INFO Inside the Executor: executing the adaptations
2023-09-23 13:24:23 INFO removing server
2023-09-23 13:24:23 INFO server removed successfully
2023-09-23 13:24:23 INFO inside change dimer module, change flag decrease
2023-09-23 13:25:23 INFO calculating the utility values
2023-09-23 13:25:23 INFO Inside the Analyzer: Performing the analysis
2023-09-23 13:25:23 INFO Inside the planner: Generating the adaptation plan
2023-09-23 13:25:23 INFO Inside the Executor: executing the adaptations
2023-09-23 13:25:23 INFO inside change dimer module, change flag decrease
2023-09-23 13:26:23 INFO calculating the utility values
2023-09-23 13:26:23 INFO Inside the Analyzer: Performing the analysis
2023-09-23 13:26:23 INFO Inside the planner: Generating the adaptation plan
2023-09-23 13:26:23 INFO Inside the Executor: executing the adaptations
2023-09-23 13:26:23 INFO inside change dimer module, change flag decrease
2023-09-23 13:27:23 INFO calculating the utility values
2023-09-23 13:27:23 INFO Inside the Analyzer: Performing the analysis
2023-09-23 13:27:23 INFO Inside the planner: Generating the adaptation plan
2023-09-23 13:27:23 INFO Inside the Executor: executing the adaptations
2023-09-23 13:27:23 INFO inside change dimer module, change flag increase
2023-09-23 13:28:23 INFO calculating the utility values
2023-09-23 13:28:23 INFO Inside the Analyzer: Performing the analysis
2023-09-23 13:28:23 INFO Inside the planner: Generating the adaptation plan
2023-09-23 13:28:23 INFO Inside the Executor: executing the adaptations
2023-09-23 13:28:23 INFO inside change dimer module, change flag decrease
2023-09-23 13:29:23 INFO calculating the utility values
2023-09-23 13:29:23 INFO Inside the Analyzer: Performing the analysis
2023-09-23 13:29:23 INFO Inside the planner: Generating the adaptation plan
2023-09-23 13:29:23 INFO Inside the Executor: executing the adaptations
2023-09-23 13:29:23 INFO inside change dimer module, change flag decrease
2023-09-23 13:30:23 INFO calculating the utility values
2023-09-23 13:30:23 INFO Inside the Analyzer: Performing the analysis
2023-09-23 13:30:23 INFO Inside the planner: Generating the adaptation plan
2023-09-23 13:30:23 INFO No adaptation required
2023-09-23 13:31:23 INFO calculating the utility values
2023-09-23 13:31:23 INFO Inside the Analyzer: Performing the analysis
2023-09-23 13:31:23 INFO Inside the planner: Generating the adaptation plan
2023-09-23 13:31:23 INFO Inside the Executor: executing the adaptations
2023-09-23 13:32:23 INFO calculating the utility values
2023-09-23 13:32:23 INFO Inside the Analyzer: Performing the analysis
2023-09-23 13:32:23 INFO Inside the planner: Generating the adaptation plan
2023-09-23 13:32:23 INFO Inside the Executor: executing the adaptations
2023-09-23 13:32:23 INFO inside change dimer module, change flag increase
2023-09-23 13:33:23 INFO calculating the utility values
2023-09-23 13:33:23 INFO Inside the Analyzer: Performing the analysis
2023-09-23 13:33:23 INFO Inside the planner: Generating the adaptation plan
2023-09-23 13:33:23 INFO Inside the Executor: executing the adaptations
2023-09-23 13:33:23 INFO inside add server module
2023-09-23 13:33:23 INFO Server added successfully
2023-09-23 13:33:23 INFO inside change dimer module, change flag decrease
2023-09-23 13:34:23 INFO calculating the utility values
2023-09-23 13:34:23 INFO Inside the Analyzer: Performing the analysis
2023-09-23 13:34:23 INFO Inside the planner: Generating the adaptation plan
2023-09-23 13:34:23 INFO Inside the Executor: executing the adaptations
2023-09-23 13:34:23 INFO inside add server module
2023-09-23 13:34:23 INFO Server added successfully
2023-09-23 13:35:23 INFO calculating the utility values
2023-09-23 13:35:23 INFO Inside the Analyzer: Performing the analysis
2023-09-23 13:35:23 INFO Inside the planner: Generating the adaptation plan
2023-09-23 13:35:23 INFO Inside the Executor: executing the adaptations
2023-09-23 13:36:23 INFO calculating the utility values
2023-09-23 13:36:23 INFO Inside the Analyzer: Performing the analysis
2023-09-23 13:36:23 INFO Inside the planner: Generating the adaptation plan
2023-09-23 13:36:23 INFO Inside the Executor: executing the adaptations
2023-09-23 13:37:23 INFO calculating the utility values
2023-09-23 13:37:23 INFO Inside the Analyzer: Performing the analysis
2023-09-23 13:37:23 INFO Inside the planner: Generating the adaptation plan
2023-09-23 13:37:23 INFO Inside the Executor: executing the adaptations
2023-09-23 13:38:23 INFO calculating the utility values
2023-09-23 13:38:23 INFO Inside the Analyzer: Performing the analysis
2023-09-23 13:38:23 INFO Inside the planner: Generating the adaptation plan
2023-09-23 13:38:23 INFO Inside the Executor: executing the adaptations
2023-09-23 13:38:23 INFO inside change dimer module, change flag increase
2023-09-23 13:39:23 INFO calculating the utility values
2023-09-23 13:39:23 INFO Inside the Analyzer: Performing the analysis
2023-09-23 13:39:23 INFO Inside the planner: Generating the adaptation plan
2023-09-23 13:39:23 INFO Inside the Executor: executing the adaptations
2023-09-23 13:39:23 INFO removing server
2023-09-23 13:39:23 INFO server removed successfully
2023-09-23 13:39:23 INFO inside change dimer module, change flag increase
2023-09-23 13:40:23 INFO calculating the utility values
2023-09-23 13:40:23 INFO Inside the Analyzer: Performing the analysis
2023-09-23 13:40:23 INFO Inside the planner: Generating the adaptation plan
2023-09-23 13:40:23 INFO No adaptation required
2023-09-23 13:41:23 INFO calculating the utility values
2023-09-23 13:41:23 INFO Inside the Analyzer: Performing the analysis
2023-09-23 13:41:23 INFO Inside the planner: Generating the adaptation plan
2023-09-23 13:41:23 INFO Inside the Executor: executing the adaptations
2023-09-23 13:41:23 INFO removing server
2023-09-23 13:41:23 INFO server removed successfully
2023-09-23 13:41:23 INFO inside change dimer module, change flag increase
2023-09-23 13:42:23 INFO calculating the utility values
2023-09-23 13:42:23 INFO Inside the Analyzer: Performing the analysis
2023-09-23 13:42:23 INFO Inside the planner: Generating the adaptation plan
2023-09-23 13:42:23 INFO Inside the Executor: executing the adaptations
2023-09-23 13:43:23 INFO calculating the utility values
2023-09-23 13:43:23 INFO Inside the Analyzer: Performing the analysis
2023-09-23 13:43:23 INFO Inside the planner: Generating the adaptation plan
2023-09-23 13:43:23 INFO Inside the Executor: executing the adaptations
2023-09-23 13:43:23 INFO inside change dimer module, change flag increase
2023-09-23 13:44:23 INFO calculating the utility values
2023-09-23 13:44:23 INFO Inside the Analyzer: Performing the analysis
2023-09-23 13:44:23 INFO Inside the planner: Generating the adaptation plan
2023-09-23 13:44:23 INFO Inside the Executor: executing the adaptations
2023-09-23 13:45:23 INFO calculating the utility values
2023-09-23 13:45:23 INFO Inside the Analyzer: Performing the analysis
2023-09-23 13:45:23 INFO Inside the planner: Generating the adaptation plan
2023-09-23 13:45:23 INFO Inside the Executor: executing the adaptations
2023-09-23 13:45:23 INFO inside change dimer module, change flag increase
2023-09-23 13:46:23 INFO calculating the utility values
2023-09-23 13:46:23 INFO Inside the Analyzer: Performing the analysis
2023-09-23 13:46:23 INFO Inside the planner: Generating the adaptation plan
2023-09-23 13:46:23 INFO No adaptation required
2023-09-23 13:47:23 INFO calculating the utility values
2023-09-23 13:47:23 INFO Inside the Analyzer: Performing the analysis
2023-09-23 13:47:23 INFO Inside the planner: Generating the adaptation plan
2023-09-23 13:47:23 INFO Inside the Executor: executing the adaptations
2023-09-23 13:47:23 INFO inside change dimer module, change flag increase
2023-09-23 13:48:23 INFO calculating the utility values
2023-09-23 13:48:23 INFO Inside the Analyzer: Performing the analysis
2023-09-23 13:48:23 INFO Inside the planner: Generating the adaptation plan
2023-09-23 13:48:23 INFO Inside the Executor: executing the adaptations
2023-09-23 13:49:23 INFO calculating the utility values
2023-09-23 13:49:23 INFO Inside the Analyzer: Performing the analysis
2023-09-23 13:49:23 INFO Inside the planner: Generating the adaptation plan
2023-09-23 13:49:23 INFO Inside the Executor: executing the adaptations
2023-09-23 13:50:23 INFO calculating the utility values
2023-09-23 13:50:23 INFO Inside the Analyzer: Performing the analysis
2023-09-23 13:50:23 INFO Inside the planner: Generating the adaptation plan
2023-09-23 13:50:23 INFO Inside the Executor: executing the adaptations
2023-09-23 13:50:23 INFO inside change dimer module, change flag decrease
2023-09-23 13:51:23 INFO calculating the utility values
2023-09-23 13:51:23 INFO Inside the Analyzer: Performing the analysis
2023-09-23 13:51:23 INFO Inside the planner: Generating the adaptation plan
2023-09-23 13:51:23 INFO Inside the Executor: executing the adaptations
2023-09-23 13:51:23 INFO inside change dimer module, change flag increase
2023-09-23 13:52:23 INFO calculating the utility values
2023-09-23 13:52:23 INFO Inside the Analyzer: Performing the analysis
2023-09-23 13:52:23 INFO Inside the planner: Generating the adaptation plan
2023-09-23 13:52:23 INFO No adaptation required
2023-09-23 13:53:23 INFO calculating the utility values
2023-09-23 13:53:23 INFO Inside the Analyzer: Performing the analysis
2023-09-23 13:53:23 INFO Inside the planner: Generating the adaptation plan
2023-09-23 13:53:23 INFO Inside the Executor: executing the adaptations
2023-09-23 13:54:23 INFO calculating the utility values
2023-09-23 13:54:23 INFO Inside the Analyzer: Performing the analysis
2023-09-23 13:54:23 INFO Inside the planner: Generating the adaptation plan
2023-09-23 13:54:23 INFO No adaptation required
2023-09-23 13:55:23 INFO calculating the utility values
2023-09-23 13:55:23 INFO Inside the Analyzer: Performing the analysis
2023-09-23 13:55:23 INFO Inside the planner: Generating the adaptation plan
2023-09-23 13:55:23 INFO Inside the Executor: executing the adaptations
2023-09-23 13:56:23 INFO calculating the utility values
2023-09-23 13:56:23 INFO Inside the Analyzer: Performing the analysis
2023-09-23 13:56:23 INFO Inside the planner: Generating the adaptation plan
2023-09-23 13:56:23 INFO No adaptation required
2023-09-23 13:57:23 INFO calculating the utility values
2023-09-23 13:57:23 INFO Inside the Analyzer: Performing the analysis
2023-09-23 13:57:23 INFO Inside the planner: Generating the adaptation plan
2023-09-23 13:57:23 INFO Inside the Executor: executing the adaptations
2023-09-23 13:58:23 INFO calculating the utility values
2023-09-23 13:58:23 INFO Inside the Analyzer: Performing the analysis
2023-09-23 13:58:23 INFO Inside the planner: Generating the adaptation plan
2023-09-23 13:58:23 INFO Inside the Executor: executing the adaptations
2023-09-23 13:58:23 INFO inside add server module
2023-09-23 13:58:23 INFO Server added successfully
2023-09-23 13:59:23 INFO calculating the utility values
2023-09-23 13:59:23 INFO Inside the Analyzer: Performing the analysis
2023-09-23 13:59:23 INFO Inside the planner: Generating the adaptation plan
2023-09-23 13:59:23 INFO Inside the Executor: executing the adaptations
2023-09-23 13:59:23 INFO inside add server module
2023-09-23 13:59:23 INFO Server added successfully
2023-09-23 14:00:23 INFO calculating the utility values
2023-09-23 14:00:23 INFO Inside the Analyzer: Performing the analysis
2023-09-23 14:00:23 INFO Inside the planner: Generating the adaptation plan
2023-09-23 14:00:23 INFO No adaptation required
2023-09-23 14:01:23 INFO calculating the utility values
2023-09-23 14:01:23 INFO Inside the Analyzer: Performing the analysis
2023-09-23 14:01:23 INFO Inside the planner: Generating the adaptation plan
2023-09-23 14:01:23 INFO Inside the Executor: executing the adaptations
2023-09-23 14:02:23 INFO calculating the utility values
2023-09-23 14:02:23 INFO Inside the Analyzer: Performing the analysis
2023-09-23 14:02:23 INFO Inside the planner: Generating the adaptation plan
2023-09-23 14:02:23 INFO No adaptation required
2023-09-23 14:03:23 INFO calculating the utility values
2023-09-23 14:03:23 INFO Inside the Analyzer: Performing the analysis
2023-09-23 14:03:23 INFO Inside the planner: Generating the adaptation plan
2023-09-23 14:03:23 INFO No adaptation required
2023-09-23 14:04:23 INFO calculating the utility values
2023-09-23 14:04:23 INFO Inside the Analyzer: Performing the analysis
2023-09-23 14:04:23 INFO Inside the planner: Generating the adaptation plan
2023-09-23 14:04:23 INFO Inside the Executor: executing the adaptations
2023-09-23 14:05:23 INFO calculating the utility values
2023-09-23 14:05:23 INFO Inside the Analyzer: Performing the analysis
2023-09-23 14:05:23 INFO Inside the planner: Generating the adaptation plan
2023-09-23 14:05:23 INFO No adaptation required
2023-09-23 14:06:23 INFO calculating the utility values
2023-09-23 14:06:23 INFO Inside the Analyzer: Performing the analysis
2023-09-23 14:06:23 INFO Inside the planner: Generating the adaptation plan
2023-09-23 14:06:23 INFO No adaptation required
2023-09-23 14:07:23 INFO calculating the utility values
2023-09-23 14:07:23 INFO Inside the Analyzer: Performing the analysis
2023-09-23 14:07:23 INFO Inside the planner: Generating the adaptation plan
2023-09-23 14:07:23 INFO Inside the Executor: executing the adaptations
2023-09-23 14:07:23 INFO removing server
2023-09-23 14:07:23 INFO server removed successfully
2023-09-23 14:07:23 INFO inside change dimer module, change flag decrease
2023-09-23 14:08:23 INFO calculating the utility values
2023-09-23 14:08:23 INFO Inside the Analyzer: Performing the analysis
2023-09-23 14:08:23 INFO Inside the planner: Generating the adaptation plan
2023-09-23 14:08:23 INFO No adaptation required
2023-09-23 14:09:23 INFO calculating the utility values
2023-09-23 14:09:23 INFO Inside the Analyzer: Performing the analysis
2023-09-23 14:09:23 INFO Inside the planner: Generating the adaptation plan
2023-09-23 14:09:23 INFO No adaptation required
2023-09-23 14:10:23 INFO calculating the utility values
2023-09-23 14:10:23 INFO Inside the Analyzer: Performing the analysis
2023-09-23 14:10:23 INFO Inside the planner: Generating the adaptation plan
2023-09-23 14:10:23 INFO No adaptation required
2023-09-23 14:11:23 INFO calculating the utility values
2023-09-23 14:11:23 INFO Inside the Analyzer: Performing the analysis
2023-09-23 14:11:23 INFO Inside the planner: Generating the adaptation plan
2023-09-23 14:11:23 INFO No adaptation required
2023-09-23 14:12:23 INFO calculating the utility values
2023-09-23 14:12:23 INFO Inside the Analyzer: Performing the analysis
2023-09-23 14:12:23 INFO Inside the planner: Generating the adaptation plan
2023-09-23 14:12:23 INFO Inside the Executor: executing the adaptations
2023-09-23 14:12:23 INFO removing server
2023-09-23 14:12:23 INFO server removed successfully
2023-09-23 14:13:23 INFO calculating the utility values
2023-09-23 14:13:23 INFO Inside the Analyzer: Performing the analysis
2023-09-23 14:13:23 INFO Inside the planner: Generating the adaptation plan
2023-09-23 14:13:23 INFO No adaptation required
2023-09-23 14:14:23 INFO calculating the utility values
2023-09-23 14:14:23 INFO Inside the Analyzer: Performing the analysis
2023-09-23 14:14:23 INFO Inside the planner: Generating the adaptation plan
2023-09-23 14:14:23 INFO No adaptation required
2023-09-23 14:15:23 INFO calculating the utility values
2023-09-23 14:15:23 INFO Inside the Analyzer: Performing the analysis
2023-09-23 14:15:23 INFO Inside the planner: Generating the adaptation plan
2023-09-23 14:15:23 INFO Inside the Executor: executing the adaptations
2023-09-23 14:15:23 INFO inside change dimer module, change flag increase
2023-09-23 14:16:23 INFO calculating the utility values
2023-09-23 14:16:23 INFO Inside the Analyzer: Performing the analysis
2023-09-23 14:16:23 INFO Inside the planner: Generating the adaptation plan
2023-09-23 14:16:23 INFO No adaptation required
2023-09-23 14:17:23 INFO calculating the utility values
2023-09-23 14:17:23 INFO Inside the Analyzer: Performing the analysis
2023-09-23 14:17:23 INFO Inside the planner: Generating the adaptation plan
2023-09-23 14:17:23 INFO No adaptation required
2023-09-23 14:18:23 INFO calculating the utility values
2023-09-23 14:18:23 INFO Inside the Analyzer: Performing the analysis
2023-09-23 14:18:23 INFO Inside the planner: Generating the adaptation plan
2023-09-23 14:18:23 INFO Inside the Executor: executing the adaptations
2023-09-23 14:18:23 INFO inside add server module
2023-09-23 14:18:23 INFO Server added successfully
2023-09-23 14:19:23 INFO calculating the utility values
2023-09-23 14:19:23 INFO Inside the Analyzer: Performing the analysis
2023-09-23 14:19:23 INFO Inside the planner: Generating the adaptation plan
2023-09-23 14:19:23 INFO No adaptation required
2023-09-23 14:20:23 INFO calculating the utility values
2023-09-23 14:20:23 INFO Inside the Analyzer: Performing the analysis
2023-09-23 14:20:23 INFO Inside the planner: Generating the adaptation plan
2023-09-23 14:20:23 INFO No adaptation required
2023-09-23 14:21:23 INFO calculating the utility values
2023-09-23 14:21:23 INFO Inside the Analyzer: Performing the analysis
2023-09-23 14:21:23 INFO Inside the planner: Generating the adaptation plan
2023-09-23 14:21:23 INFO No adaptation required
2023-09-23 14:22:23 INFO calculating the utility values
2023-09-23 14:22:23 INFO Inside the Analyzer: Performing the analysis
2023-09-23 14:22:23 INFO Inside the planner: Generating the adaptation plan
2023-09-23 14:22:23 INFO Inside the Executor: executing the adaptations
2023-09-23 14:22:23 INFO inside add server module
2023-09-23 14:22:23 INFO Server added successfully
2023-09-23 14:23:23 INFO calculating the utility values
2023-09-23 14:23:23 INFO Inside the Analyzer: Performing the analysis
2023-09-23 14:23:23 INFO Inside the planner: Generating the adaptation plan
2023-09-23 14:23:23 INFO No adaptation required
2023-09-23 14:24:23 INFO calculating the utility values
2023-09-23 14:24:23 INFO Inside the Analyzer: Performing the analysis
2023-09-23 14:24:23 INFO Inside the planner: Generating the adaptation plan
2023-09-23 14:24:23 INFO No adaptation required
2023-09-23 14:25:23 INFO calculating the utility values
2023-09-23 14:25:23 INFO Inside the Analyzer: Performing the analysis
2023-09-23 14:25:23 INFO Inside the planner: Generating the adaptation plan
2023-09-23 14:25:23 INFO No adaptation required
2023-09-23 14:26:23 INFO calculating the utility values
2023-09-23 14:26:24 INFO Inside the Analyzer: Performing the analysis
2023-09-23 14:26:24 INFO Inside the planner: Generating the adaptation plan
2023-09-23 14:26:24 INFO No adaptation required
2023-09-23 14:27:24 INFO calculating the utility values
2023-09-23 14:27:24 INFO Inside the Analyzer: Performing the analysis
2023-09-23 14:27:24 INFO Inside the planner: Generating the adaptation plan
2023-09-23 14:27:24 INFO No adaptation required
2023-09-23 14:28:24 INFO calculating the utility values
2023-09-23 14:28:24 INFO Inside the Analyzer: Performing the analysis
2023-09-23 14:28:24 INFO Inside the planner: Generating the adaptation plan
2023-09-23 14:28:24 INFO No adaptation required
2023-09-23 14:29:24 INFO calculating the utility values
2023-09-23 14:29:24 INFO Inside the Analyzer: Performing the analysis
2023-09-23 14:29:24 INFO Inside the planner: Generating the adaptation plan
2023-09-23 14:29:24 INFO No adaptation required
2023-09-23 14:30:24 INFO calculating the utility values
2023-09-23 14:30:24 INFO Inside the Analyzer: Performing the analysis
2023-09-23 14:30:24 INFO Inside the planner: Generating the adaptation plan
2023-09-23 14:30:24 INFO No adaptation required
2023-09-23 14:31:24 INFO calculating the utility values
2023-09-23 14:31:24 INFO Inside the Analyzer: Performing the analysis
2023-09-23 14:31:24 INFO Inside the planner: Generating the adaptation plan
2023-09-23 14:31:24 INFO No adaptation required
2023-09-23 14:32:24 INFO calculating the utility values
2023-09-23 14:32:24 INFO Inside the Analyzer: Performing the analysis
2023-09-23 14:32:24 INFO Inside the planner: Generating the adaptation plan
2023-09-23 14:32:24 INFO No adaptation required
2023-09-23 14:33:24 INFO calculating the utility values
2023-09-23 14:33:24 INFO Inside the Analyzer: Performing the analysis
2023-09-23 14:33:24 INFO Inside the planner: Generating the adaptation plan
2023-09-23 14:33:24 INFO No adaptation required
2023-09-23 14:34:24 INFO calculating the utility values
2023-09-23 14:34:24 INFO Inside the Analyzer: Performing the analysis
2023-09-23 14:34:24 INFO Inside the planner: Generating the adaptation plan
2023-09-23 14:34:24 INFO No adaptation required
2023-09-23 14:35:24 INFO calculating the utility values
2023-09-23 14:35:24 INFO Inside the Analyzer: Performing the analysis
2023-09-23 14:35:24 INFO Inside the planner: Generating the adaptation plan
2023-09-23 14:35:24 INFO No adaptation required
2023-09-23 14:36:24 INFO calculating the utility values
2023-09-23 14:36:24 INFO Inside the Analyzer: Performing the analysis
2023-09-23 14:36:24 INFO Inside the planner: Generating the adaptation plan
2023-09-23 14:36:24 INFO No adaptation required
2023-09-23 14:37:24 INFO calculating the utility values
2023-09-23 14:37:24 INFO Inside the Analyzer: Performing the analysis
2023-09-23 14:37:24 INFO Inside the planner: Generating the adaptation plan
2023-09-23 14:37:24 INFO No adaptation required
2023-09-23 14:38:24 INFO calculating the utility values
2023-09-23 14:38:24 INFO Inside the Analyzer: Performing the analysis
2023-09-23 14:38:24 INFO Inside the planner: Generating the adaptation plan
2023-09-23 14:38:24 INFO No adaptation required
2023-09-23 14:39:24 INFO calculating the utility values
2023-09-23 14:39:24 INFO Inside the Analyzer: Performing the analysis
2023-09-23 14:39:24 INFO Inside the planner: Generating the adaptation plan
2023-09-23 14:39:24 INFO No adaptation required
2023-09-23 14:40:24 INFO calculating the utility values
2023-09-23 14:40:24 INFO Inside the Analyzer: Performing the analysis
2023-09-23 14:40:24 INFO Inside the planner: Generating the adaptation plan
2023-09-23 14:40:24 INFO No adaptation required
2023-09-23 14:41:24 INFO calculating the utility values
2023-09-23 14:41:24 INFO Inside the Analyzer: Performing the analysis
2023-09-23 14:41:24 INFO Inside the planner: Generating the adaptation plan
2023-09-23 14:41:24 INFO No adaptation required
2023-09-23 14:42:24 INFO calculating the utility values
2023-09-23 14:42:24 INFO Inside the Analyzer: Performing the analysis
2023-09-23 14:42:24 INFO Inside the planner: Generating the adaptation plan
2023-09-23 14:42:24 INFO No adaptation required
2023-09-23 14:43:24 INFO calculating the utility values
2023-09-23 14:43:24 INFO Inside the Analyzer: Performing the analysis
2023-09-23 14:43:24 INFO Inside the planner: Generating the adaptation plan
2023-09-23 14:43:24 INFO No adaptation required
2023-09-23 14:44:24 ERROR [Errno 104] Connection reset by peer
2023-09-23 14:45:24 ERROR [Errno 104] Connection reset by peer
2023-09-23 14:46:24 ERROR [Errno 104] Connection reset by peer
2023-09-23 14:47:24 ERROR [Errno 104] Connection reset by peer
2023-09-23 14:48:24 ERROR [Errno 104] Connection reset by peer
2023-09-23 14:49:24 ERROR [Errno 104] Connection reset by peer
2023-09-23 14:50:24 ERROR [Errno 104] Connection reset by peer
2023-09-23 14:51:24 ERROR [Errno 104] Connection reset by peer
2023-09-23 14:52:24 ERROR [Errno 104] Connection reset by peer
2023-09-23 14:53:24 ERROR [Errno 104] Connection reset by peer
2023-09-23 14:54:24 ERROR [Errno 104] Connection reset by peer
2023-09-23 14:55:24 ERROR [Errno 104] Connection reset by peer
2023-09-23 14:56:24 ERROR [Errno 104] Connection reset by peer
2023-09-23 14:57:24 ERROR [Errno 104] Connection reset by peer
2023-09-23 14:58:24 ERROR [Errno 104] Connection reset by peer
2023-09-23 14:59:24 ERROR [Errno 104] Connection reset by peer
2023-09-23 15:00:24 ERROR [Errno 104] Connection reset by peer
2023-09-23 15:01:24 ERROR [Errno 104] Connection reset by peer
2023-09-23 15:02:24 ERROR [Errno 104] Connection reset by peer
2023-09-23 15:03:24 ERROR [Errno 104] Connection reset by peer
2023-09-23 15:04:24 ERROR [Errno 104] Connection reset by peer
2023-09-23 15:05:24 ERROR [Errno 104] Connection reset by peer
2023-09-23 15:06:24 ERROR [Errno 104] Connection reset by peer
2023-09-23 15:07:24 ERROR [Errno 104] Connection reset by peer
2023-09-23 15:08:24 ERROR [Errno 104] Connection reset by peer
2023-09-23 15:09:24 ERROR [Errno 104] Connection reset by peer
2023-09-23 15:10:24 ERROR [Errno 104] Connection reset by peer
2023-09-23 15:11:24 ERROR [Errno 104] Connection reset by peer
2023-09-23 15:12:24 ERROR [Errno 104] Connection reset by peer
2023-09-23 15:13:24 ERROR [Errno 104] Connection reset by peer
2023-09-23 15:14:24 ERROR [Errno 104] Connection reset by peer
2023-09-23 15:15:24 ERROR [Errno 104] Connection reset by peer
2023-09-23 15:16:24 ERROR [Errno 104] Connection reset by peer
2023-09-23 15:17:24 ERROR [Errno 104] Connection reset by peer
2023-09-23 15:18:24 ERROR [Errno 104] Connection reset by peer
2023-09-23 15:19:24 ERROR [Errno 104] Connection reset by peer
2023-09-23 15:20:24 ERROR [Errno 104] Connection reset by peer
2023-09-23 15:21:24 ERROR [Errno 104] Connection reset by peer
2023-09-23 15:22:24 ERROR [Errno 104] Connection reset by peer
2023-09-23 15:23:24 ERROR [Errno 104] Connection reset by peer
2023-09-23 15:24:24 ERROR [Errno 104] Connection reset by peer
2023-09-23 15:25:24 ERROR [Errno 104] Connection reset by peer
2023-09-23 15:26:24 ERROR [Errno 104] Connection reset by peer
2023-09-23 15:27:24 ERROR [Errno 104] Connection reset by peer
2023-09-23 15:28:24 ERROR [Errno 104] Connection reset by peer
2023-09-23 15:29:24 ERROR [Errno 104] Connection reset by peer
2023-09-23 15:35:53 DEBUG Logger Initialized
2023-09-23 15:35:53 INFO running the adaptation effector module
2023-09-23 15:35:53 INFO Inside the Analyzer: Performing the analysis
2023-09-23 15:35:53 INFO Inside the planner: Generating the adaptation plan
2023-09-23 15:35:53 INFO No adaptation required
2023-09-23 15:36:53 INFO calculating the utility values
2023-09-23 15:36:53 INFO Inside the Analyzer: Performing the analysis
2023-09-23 15:36:53 INFO Inside the planner: Generating the adaptation plan
2023-09-23 15:36:53 INFO No adaptation required
2023-09-23 15:37:53 INFO calculating the utility values
2023-09-23 15:37:53 INFO Inside the Analyzer: Performing the analysis
2023-09-23 15:37:53 INFO Inside the planner: Generating the adaptation plan
2023-09-23 15:37:53 INFO No adaptation required
2023-09-23 15:38:53 INFO calculating the utility values
2023-09-23 15:38:53 INFO Inside the Analyzer: Performing the analysis
2023-09-23 15:38:53 INFO Inside the planner: Generating the adaptation plan
2023-09-23 15:38:53 INFO No adaptation required
2023-09-23 15:39:53 INFO calculating the utility values
2023-09-23 15:39:53 INFO Inside the Analyzer: Performing the analysis
2023-09-23 15:39:53 INFO Inside the planner: Generating the adaptation plan
2023-09-23 15:39:53 INFO Inside the Executor: executing the adaptations
2023-09-23 15:40:53 INFO calculating the utility values
2023-09-23 15:40:53 INFO Inside the Analyzer: Performing the analysis
2023-09-23 15:40:53 INFO Inside the planner: Generating the adaptation plan
2023-09-23 15:40:53 INFO Inside the Executor: executing the adaptations
2023-09-23 15:41:53 INFO calculating the utility values
2023-09-23 15:41:53 INFO Inside the Analyzer: Performing the analysis
2023-09-23 15:41:53 INFO Inside the planner: Generating the adaptation plan
2023-09-23 15:41:53 INFO Inside the Executor: executing the adaptations
2023-09-23 15:42:53 INFO calculating the utility values
2023-09-23 15:42:53 INFO Inside the Analyzer: Performing the analysis
2023-09-23 15:42:53 INFO Inside the planner: Generating the adaptation plan
2023-09-23 15:42:53 INFO Inside the Executor: executing the adaptations
2023-09-23 15:43:53 INFO calculating the utility values
2023-09-23 15:43:53 INFO Inside the Analyzer: Performing the analysis
2023-09-23 15:43:53 INFO Inside the planner: Generating the adaptation plan
2023-09-23 15:43:53 INFO Inside the Executor: executing the adaptations
2023-09-23 15:44:53 INFO calculating the utility values
2023-09-23 15:44:53 INFO Inside the Analyzer: Performing the analysis
2023-09-23 15:44:53 INFO Inside the planner: Generating the adaptation plan
2023-09-23 15:44:53 INFO Inside the Executor: executing the adaptations
2023-09-23 15:45:53 INFO calculating the utility values
2023-09-23 15:45:53 INFO Inside the Analyzer: Performing the analysis
2023-09-23 15:45:53 INFO Inside the planner: Generating the adaptation plan
2023-09-23 15:45:53 INFO Inside the Executor: executing the adaptations
2023-09-23 15:46:53 INFO calculating the utility values
2023-09-23 15:46:53 INFO Inside the Analyzer: Performing the analysis
2023-09-23 15:46:53 INFO Inside the planner: Generating the adaptation plan
2023-09-23 15:46:53 INFO Inside the Executor: executing the adaptations
2023-09-23 15:47:53 INFO calculating the utility values
2023-09-23 15:47:53 INFO Inside the Analyzer: Performing the analysis
2023-09-23 15:47:53 INFO Inside the planner: Generating the adaptation plan
2023-09-23 15:47:53 INFO Inside the Executor: executing the adaptations
2023-09-23 15:48:53 INFO calculating the utility values
2023-09-23 15:48:53 INFO Inside the Analyzer: Performing the analysis
2023-09-23 15:48:53 INFO Inside the planner: Generating the adaptation plan
2023-09-23 15:48:53 INFO Inside the Executor: executing the adaptations
2023-09-23 15:49:53 INFO calculating the utility values
2023-09-23 15:49:53 INFO Inside the Analyzer: Performing the analysis
2023-09-23 15:49:53 INFO Inside the planner: Generating the adaptation plan
2023-09-23 15:49:53 INFO Inside the Executor: executing the adaptations
2023-09-23 15:50:53 INFO calculating the utility values
2023-09-23 15:50:53 INFO Inside the Analyzer: Performing the analysis
2023-09-23 15:50:53 INFO Inside the planner: Generating the adaptation plan
2023-09-23 15:50:53 INFO Inside the Executor: executing the adaptations
2023-09-23 15:51:53 INFO calculating the utility values
2023-09-23 15:51:53 INFO Inside the Analyzer: Performing the analysis
2023-09-23 15:51:53 INFO Inside the planner: Generating the adaptation plan
2023-09-23 15:51:53 INFO Inside the Executor: executing the adaptations
2023-09-23 15:52:53 INFO calculating the utility values
2023-09-23 15:52:53 INFO Inside the Analyzer: Performing the analysis
2023-09-23 15:52:53 INFO Inside the planner: Generating the adaptation plan
2023-09-23 15:52:53 INFO Inside the Executor: executing the adaptations
2023-09-23 15:53:53 INFO calculating the utility values
2023-09-23 15:53:53 INFO Inside the Analyzer: Performing the analysis
2023-09-23 15:53:53 INFO Inside the planner: Generating the adaptation plan
2023-09-23 15:53:53 INFO Inside the Executor: executing the adaptations
2023-09-23 15:54:53 INFO calculating the utility values
2023-09-23 15:54:53 INFO Inside the Analyzer: Performing the analysis
2023-09-23 15:54:53 INFO Inside the planner: Generating the adaptation plan
2023-09-23 15:54:53 INFO Inside the Executor: executing the adaptations
2023-09-23 15:55:53 INFO calculating the utility values
2023-09-23 15:55:53 INFO Inside the Analyzer: Performing the analysis
2023-09-23 15:55:53 INFO Inside the planner: Generating the adaptation plan
2023-09-23 15:55:53 INFO Inside the Executor: executing the adaptations
2023-09-23 15:56:53 INFO calculating the utility values
2023-09-23 15:56:53 INFO Inside the Analyzer: Performing the analysis
2023-09-23 15:56:53 INFO Inside the planner: Generating the adaptation plan
2023-09-23 15:56:53 INFO Inside the Executor: executing the adaptations
2023-09-23 15:57:53 INFO calculating the utility values
2023-09-23 15:57:53 INFO Inside the Analyzer: Performing the analysis
2023-09-23 15:57:53 INFO Inside the planner: Generating the adaptation plan
2023-09-23 15:57:53 INFO Inside the Executor: executing the adaptations
2023-09-23 15:58:53 INFO calculating the utility values
2023-09-23 15:58:53 INFO Inside the Analyzer: Performing the analysis
2023-09-23 15:58:53 INFO Inside the planner: Generating the adaptation plan
2023-09-23 15:58:53 INFO Inside the Executor: executing the adaptations
2023-09-23 15:59:53 INFO calculating the utility values
2023-09-23 15:59:53 INFO Inside the Analyzer: Performing the analysis
2023-09-23 15:59:53 INFO Inside the planner: Generating the adaptation plan
2023-09-23 15:59:53 INFO Inside the Executor: executing the adaptations
2023-09-23 16:00:53 INFO calculating the utility values
2023-09-23 16:00:53 INFO Inside the Analyzer: Performing the analysis
2023-09-23 16:00:53 INFO Inside the planner: Generating the adaptation plan
2023-09-23 16:00:53 INFO Inside the Executor: executing the adaptations
2023-09-23 16:01:53 INFO calculating the utility values
2023-09-23 16:01:53 INFO Inside the Analyzer: Performing the analysis
2023-09-23 16:01:53 INFO Inside the planner: Generating the adaptation plan
2023-09-23 16:01:53 INFO Inside the Executor: executing the adaptations
2023-09-23 16:02:53 INFO calculating the utility values
2023-09-23 16:02:53 INFO Inside the Analyzer: Performing the analysis
2023-09-23 16:02:53 INFO Inside the planner: Generating the adaptation plan
2023-09-23 16:02:53 INFO Inside the Executor: executing the adaptations
2023-09-23 16:03:53 INFO calculating the utility values
2023-09-23 16:03:53 INFO Inside the Analyzer: Performing the analysis
2023-09-23 16:03:53 INFO Inside the planner: Generating the adaptation plan
2023-09-23 16:03:53 INFO Inside the Executor: executing the adaptations
2023-09-23 16:04:53 INFO calculating the utility values
2023-09-23 16:04:53 INFO Inside the Analyzer: Performing the analysis
2023-09-23 16:04:53 INFO Inside the planner: Generating the adaptation plan
2023-09-23 16:04:53 INFO Inside the Executor: executing the adaptations
2023-09-23 16:05:53 INFO calculating the utility values
2023-09-23 16:05:53 INFO Inside the Analyzer: Performing the analysis
2023-09-23 16:05:53 INFO Inside the planner: Generating the adaptation plan
2023-09-23 16:05:53 INFO Inside the Executor: executing the adaptations
2023-09-23 16:06:53 INFO calculating the utility values
2023-09-23 16:06:53 INFO Inside the Analyzer: Performing the analysis
2023-09-23 16:06:53 INFO Inside the planner: Generating the adaptation plan
2023-09-23 16:06:53 INFO Inside the Executor: executing the adaptations
2023-09-23 16:07:53 INFO calculating the utility values
2023-09-23 16:07:53 INFO Inside the Analyzer: Performing the analysis
2023-09-23 16:07:53 INFO Inside the planner: Generating the adaptation plan
2023-09-23 16:07:53 INFO Inside the Executor: executing the adaptations
2023-09-23 16:08:53 INFO calculating the utility values
2023-09-23 16:08:53 INFO Inside the Analyzer: Performing the analysis
2023-09-23 16:08:53 INFO Inside the planner: Generating the adaptation plan
2023-09-23 16:08:53 INFO Inside the Executor: executing the adaptations
2023-09-23 16:09:53 INFO calculating the utility values
2023-09-23 16:09:53 INFO Inside the Analyzer: Performing the analysis
2023-09-23 16:09:53 INFO Inside the planner: Generating the adaptation plan
2023-09-23 16:09:53 INFO Inside the Executor: executing the adaptations
2023-09-23 16:10:53 INFO calculating the utility values
2023-09-23 16:10:53 INFO Inside the Analyzer: Performing the analysis
2023-09-23 16:10:53 INFO Inside the planner: Generating the adaptation plan
2023-09-23 16:10:53 INFO Inside the Executor: executing the adaptations
2023-09-23 16:11:53 INFO calculating the utility values
2023-09-23 16:11:53 INFO Inside the Analyzer: Performing the analysis
2023-09-23 16:11:53 INFO Inside the planner: Generating the adaptation plan
2023-09-23 16:11:53 INFO Inside the Executor: executing the adaptations
2023-09-23 16:12:53 INFO calculating the utility values
2023-09-23 16:12:53 INFO Inside the Analyzer: Performing the analysis
2023-09-23 16:12:53 INFO Inside the planner: Generating the adaptation plan
2023-09-23 16:12:53 INFO Inside the Executor: executing the adaptations
2023-09-23 16:13:53 INFO calculating the utility values
2023-09-23 16:13:53 INFO Inside the Analyzer: Performing the analysis
2023-09-23 16:13:53 INFO Inside the planner: Generating the adaptation plan
2023-09-23 16:13:53 INFO Inside the Executor: executing the adaptations
2023-09-23 16:14:53 INFO calculating the utility values
2023-09-23 16:14:53 INFO Inside the Analyzer: Performing the analysis
2023-09-23 16:14:53 INFO Inside the planner: Generating the adaptation plan
2023-09-23 16:14:53 INFO Inside the Executor: executing the adaptations
2023-09-23 16:15:53 INFO calculating the utility values
2023-09-23 16:15:53 INFO Inside the Analyzer: Performing the analysis
2023-09-23 16:15:53 INFO Inside the planner: Generating the adaptation plan
2023-09-23 16:15:53 INFO Inside the Executor: executing the adaptations
2023-09-23 16:16:53 INFO calculating the utility values
2023-09-23 16:16:53 INFO Inside the Analyzer: Performing the analysis
2023-09-23 16:16:53 INFO Inside the planner: Generating the adaptation plan
2023-09-23 16:16:53 INFO Inside the Executor: executing the adaptations
2023-09-23 16:17:53 INFO calculating the utility values
2023-09-23 16:17:53 INFO Inside the Analyzer: Performing the analysis
2023-09-23 16:17:53 INFO Inside the planner: Generating the adaptation plan
2023-09-23 16:17:53 INFO Inside the Executor: executing the adaptations
2023-09-23 16:18:53 INFO calculating the utility values
2023-09-23 16:18:53 INFO Inside the Analyzer: Performing the analysis
2023-09-23 16:18:53 INFO Inside the planner: Generating the adaptation plan
2023-09-23 16:18:53 INFO Inside the Executor: executing the adaptations
2023-09-23 16:19:53 INFO calculating the utility values
2023-09-23 16:19:53 INFO Inside the Analyzer: Performing the analysis
2023-09-23 16:19:53 INFO Inside the planner: Generating the adaptation plan
2023-09-23 16:19:53 INFO Inside the Executor: executing the adaptations
2023-09-23 16:20:53 INFO calculating the utility values
2023-09-23 16:20:53 INFO Inside the Analyzer: Performing the analysis
2023-09-23 16:20:53 INFO Inside the planner: Generating the adaptation plan
2023-09-23 16:20:53 INFO Inside the Executor: executing the adaptations
2023-09-23 16:21:53 INFO calculating the utility values
2023-09-23 16:21:53 INFO Inside the Analyzer: Performing the analysis
2023-09-23 16:21:53 INFO Inside the planner: Generating the adaptation plan
2023-09-23 16:21:53 INFO Inside the Executor: executing the adaptations
2023-09-23 16:22:53 INFO calculating the utility values
2023-09-23 16:22:53 INFO Inside the Analyzer: Performing the analysis
2023-09-23 16:22:53 INFO Inside the planner: Generating the adaptation plan
2023-09-23 16:22:53 INFO Inside the Executor: executing the adaptations
2023-09-23 16:23:53 INFO calculating the utility values
2023-09-23 16:23:53 INFO Inside the Analyzer: Performing the analysis
2023-09-23 16:23:53 INFO Inside the planner: Generating the adaptation plan
2023-09-23 16:23:53 INFO Inside the Executor: executing the adaptations
2023-09-23 16:24:53 INFO calculating the utility values
2023-09-23 16:24:53 INFO Inside the Analyzer: Performing the analysis
2023-09-23 16:24:53 INFO Inside the planner: Generating the adaptation plan
2023-09-23 16:24:53 INFO Inside the Executor: executing the adaptations
2023-09-23 16:25:53 INFO calculating the utility values
2023-09-23 16:25:53 INFO Inside the Analyzer: Performing the analysis
2023-09-23 16:25:53 INFO Inside the planner: Generating the adaptation plan
2023-09-23 16:25:53 INFO Inside the Executor: executing the adaptations
2023-09-23 16:26:53 INFO calculating the utility values
2023-09-23 16:26:53 INFO Inside the Analyzer: Performing the analysis
2023-09-23 16:26:54 INFO Inside the planner: Generating the adaptation plan
2023-09-23 16:26:54 INFO Inside the Executor: executing the adaptations
2023-09-23 16:27:54 INFO calculating the utility values
2023-09-23 16:27:54 INFO Inside the Analyzer: Performing the analysis
2023-09-23 16:27:54 INFO Inside the planner: Generating the adaptation plan
2023-09-23 16:27:54 INFO Inside the Executor: executing the adaptations
2023-09-23 16:28:54 INFO calculating the utility values
2023-09-23 16:28:54 INFO Inside the Analyzer: Performing the analysis
2023-09-23 16:28:54 INFO Inside the planner: Generating the adaptation plan
2023-09-23 16:28:54 INFO No adaptation required
2023-09-23 16:29:54 INFO calculating the utility values
2023-09-23 16:29:54 INFO Inside the Analyzer: Performing the analysis
2023-09-23 16:29:54 INFO Inside the planner: Generating the adaptation plan
2023-09-23 16:29:54 INFO No adaptation required
2023-09-23 16:30:54 INFO calculating the utility values
2023-09-23 16:30:54 INFO Inside the Analyzer: Performing the analysis
2023-09-23 16:30:54 INFO Inside the planner: Generating the adaptation plan
2023-09-23 16:30:54 INFO No adaptation required
2023-09-23 16:31:54 INFO calculating the utility values
2023-09-23 16:31:54 INFO Inside the Analyzer: Performing the analysis
2023-09-23 16:31:54 INFO Inside the planner: Generating the adaptation plan
2023-09-23 16:31:54 INFO No adaptation required
2023-09-23 16:32:54 INFO calculating the utility values
2023-09-23 16:32:54 INFO Inside the Analyzer: Performing the analysis
2023-09-23 16:32:54 INFO Inside the planner: Generating the adaptation plan
2023-09-23 16:32:54 INFO No adaptation required
2023-09-23 16:33:54 INFO calculating the utility values
2023-09-23 16:33:54 INFO Inside the Analyzer: Performing the analysis
2023-09-23 16:33:54 INFO Inside the planner: Generating the adaptation plan
2023-09-23 16:33:54 INFO No adaptation required
2023-09-23 16:34:54 INFO calculating the utility values
2023-09-23 16:34:54 INFO Inside the Analyzer: Performing the analysis
2023-09-23 16:34:54 INFO Inside the planner: Generating the adaptation plan
2023-09-23 16:34:54 INFO No adaptation required
2023-09-23 16:35:54 INFO calculating the utility values
2023-09-23 16:35:54 INFO Inside the Analyzer: Performing the analysis
2023-09-23 16:35:54 INFO Inside the planner: Generating the adaptation plan
2023-09-23 16:35:54 INFO No adaptation required
2023-09-23 16:36:54 INFO calculating the utility values
2023-09-23 16:36:54 INFO Inside the Analyzer: Performing the analysis
2023-09-23 16:36:54 INFO Inside the planner: Generating the adaptation plan
2023-09-23 16:36:54 INFO No adaptation required
2023-09-23 16:37:54 INFO calculating the utility values
2023-09-23 16:37:54 INFO Inside the Analyzer: Performing the analysis
2023-09-23 16:37:54 INFO Inside the planner: Generating the adaptation plan
2023-09-23 16:37:54 INFO No adaptation required
2023-09-23 16:38:54 INFO calculating the utility values
2023-09-23 16:38:54 INFO Inside the Analyzer: Performing the analysis
2023-09-23 16:38:54 INFO Inside the planner: Generating the adaptation plan
2023-09-23 16:38:54 INFO No adaptation required
2023-09-23 16:39:54 INFO calculating the utility values
2023-09-23 16:39:54 INFO Inside the Analyzer: Performing the analysis
2023-09-23 16:39:54 INFO Inside the planner: Generating the adaptation plan
2023-09-23 16:39:54 INFO No adaptation required
2023-09-23 16:40:54 INFO calculating the utility values
2023-09-23 16:40:54 INFO Inside the Analyzer: Performing the analysis
2023-09-23 16:40:54 INFO Inside the planner: Generating the adaptation plan
2023-09-23 16:40:54 INFO No adaptation required
2023-09-23 16:41:54 INFO calculating the utility values
2023-09-23 16:41:54 INFO Inside the Analyzer: Performing the analysis
2023-09-23 16:41:54 INFO Inside the planner: Generating the adaptation plan
2023-09-23 16:41:54 INFO No adaptation required
2023-09-23 16:42:54 INFO calculating the utility values
2023-09-23 16:42:54 INFO Inside the Analyzer: Performing the analysis
2023-09-23 16:42:54 INFO Inside the planner: Generating the adaptation plan
2023-09-23 16:42:54 INFO No adaptation required
2023-09-23 16:43:54 INFO calculating the utility values
2023-09-23 16:43:54 INFO Inside the Analyzer: Performing the analysis
2023-09-23 16:43:54 INFO Inside the planner: Generating the adaptation plan
2023-09-23 16:43:54 INFO No adaptation required
2023-09-23 16:44:54 INFO calculating the utility values
2023-09-23 16:44:54 INFO Inside the Analyzer: Performing the analysis
2023-09-23 16:44:54 INFO Inside the planner: Generating the adaptation plan
2023-09-23 16:44:54 INFO No adaptation required
2023-09-23 16:45:54 INFO calculating the utility values
2023-09-23 16:45:54 INFO Inside the Analyzer: Performing the analysis
2023-09-23 16:45:54 INFO Inside the planner: Generating the adaptation plan
2023-09-23 16:45:54 INFO No adaptation required
2023-09-23 16:46:54 INFO calculating the utility values
2023-09-23 16:46:54 INFO Inside the Analyzer: Performing the analysis
2023-09-23 16:46:54 INFO Inside the planner: Generating the adaptation plan
2023-09-23 16:46:54 INFO No adaptation required
2023-09-23 16:47:54 INFO calculating the utility values
2023-09-23 16:47:54 INFO Inside the Analyzer: Performing the analysis
2023-09-23 16:47:54 INFO Inside the planner: Generating the adaptation plan
2023-09-23 16:47:54 INFO No adaptation required
2023-09-23 16:48:54 INFO calculating the utility values
2023-09-23 16:48:54 INFO Inside the Analyzer: Performing the analysis
2023-09-23 16:48:54 INFO Inside the planner: Generating the adaptation plan
2023-09-23 16:48:54 INFO No adaptation required
2023-09-23 16:49:54 INFO calculating the utility values
2023-09-23 16:49:54 INFO Inside the Analyzer: Performing the analysis
2023-09-23 16:49:54 INFO Inside the planner: Generating the adaptation plan
2023-09-23 16:49:54 INFO No adaptation required
2023-09-23 16:50:54 INFO calculating the utility values
2023-09-23 16:50:54 INFO Inside the Analyzer: Performing the analysis
2023-09-23 16:50:54 INFO Inside the planner: Generating the adaptation plan
2023-09-23 16:50:54 INFO No adaptation required
2023-09-23 16:51:54 INFO calculating the utility values
2023-09-23 16:51:54 INFO Inside the Analyzer: Performing the analysis
2023-09-23 16:51:54 INFO Inside the planner: Generating the adaptation plan
2023-09-23 16:51:54 INFO No adaptation required
2023-09-23 16:52:54 INFO calculating the utility values
2023-09-23 16:52:54 INFO Inside the Analyzer: Performing the analysis
2023-09-23 16:52:54 INFO Inside the planner: Generating the adaptation plan
2023-09-23 16:52:54 INFO No adaptation required
2023-09-23 16:53:54 INFO calculating the utility values
2023-09-23 16:53:54 INFO Inside the Analyzer: Performing the analysis
2023-09-23 16:53:54 INFO Inside the planner: Generating the adaptation plan
2023-09-23 16:53:54 INFO No adaptation required
2023-09-23 16:54:54 INFO calculating the utility values
2023-09-23 16:54:54 INFO Inside the Analyzer: Performing the analysis
2023-09-23 16:54:54 INFO Inside the planner: Generating the adaptation plan
2023-09-23 16:54:54 INFO No adaptation required
2023-09-23 16:55:54 INFO calculating the utility values
2023-09-23 16:55:54 INFO Inside the Analyzer: Performing the analysis
2023-09-23 16:55:54 INFO Inside the planner: Generating the adaptation plan
2023-09-23 16:55:54 INFO No adaptation required
2023-09-23 16:56:54 INFO calculating the utility values
2023-09-23 16:56:54 INFO Inside the Analyzer: Performing the analysis
2023-09-23 16:56:54 INFO Inside the planner: Generating the adaptation plan
2023-09-23 16:56:54 INFO No adaptation required
2023-09-23 16:57:54 INFO calculating the utility values
2023-09-23 16:57:54 INFO Inside the Analyzer: Performing the analysis
2023-09-23 16:57:54 INFO Inside the planner: Generating the adaptation plan
2023-09-23 16:57:54 INFO No adaptation required
2023-09-23 16:58:54 INFO calculating the utility values
2023-09-23 16:58:54 INFO Inside the Analyzer: Performing the analysis
2023-09-23 16:58:54 INFO Inside the planner: Generating the adaptation plan
2023-09-23 16:58:54 INFO No adaptation required
2023-09-23 16:59:54 INFO calculating the utility values
2023-09-23 16:59:54 INFO Inside the Analyzer: Performing the analysis
2023-09-23 16:59:54 INFO Inside the planner: Generating the adaptation plan
2023-09-23 16:59:54 INFO No adaptation required
2023-09-23 17:00:54 INFO calculating the utility values
2023-09-23 17:00:54 INFO Inside the Analyzer: Performing the analysis
2023-09-23 17:00:54 INFO Inside the planner: Generating the adaptation plan
2023-09-23 17:00:54 INFO No adaptation required
2023-09-23 17:01:54 INFO calculating the utility values
2023-09-23 17:01:54 INFO Inside the Analyzer: Performing the analysis
2023-09-23 17:01:54 INFO Inside the planner: Generating the adaptation plan
2023-09-23 17:01:54 INFO No adaptation required
2023-09-23 17:02:54 INFO calculating the utility values
2023-09-23 17:02:54 INFO Inside the Analyzer: Performing the analysis
2023-09-23 17:02:54 INFO Inside the planner: Generating the adaptation plan
2023-09-23 17:02:54 INFO No adaptation required
2023-09-23 17:03:54 INFO calculating the utility values
2023-09-23 17:03:54 INFO Inside the Analyzer: Performing the analysis
2023-09-23 17:03:54 INFO Inside the planner: Generating the adaptation plan
2023-09-23 17:03:54 INFO No adaptation required
2023-09-23 17:04:54 INFO calculating the utility values
2023-09-23 17:04:54 INFO Inside the Analyzer: Performing the analysis
2023-09-23 17:04:54 INFO Inside the planner: Generating the adaptation plan
2023-09-23 17:04:54 INFO No adaptation required
2023-09-23 17:05:54 INFO calculating the utility values
2023-09-23 17:05:54 INFO Inside the Analyzer: Performing the analysis
2023-09-23 17:05:54 INFO Inside the planner: Generating the adaptation plan
2023-09-23 17:05:54 INFO No adaptation required
2023-09-23 17:06:54 INFO calculating the utility values
2023-09-23 17:06:54 INFO Inside the Analyzer: Performing the analysis
2023-09-23 17:06:54 INFO Inside the planner: Generating the adaptation plan
2023-09-23 17:06:54 INFO No adaptation required
2023-09-23 17:07:54 INFO calculating the utility values
2023-09-23 17:07:54 INFO Inside the Analyzer: Performing the analysis
2023-09-23 17:07:54 INFO Inside the planner: Generating the adaptation plan
2023-09-23 17:07:54 INFO No adaptation required
2023-09-23 17:08:54 INFO calculating the utility values
2023-09-23 17:08:54 INFO Inside the Analyzer: Performing the analysis
2023-09-23 17:08:54 INFO Inside the planner: Generating the adaptation plan
2023-09-23 17:08:54 INFO No adaptation required
2023-09-23 17:09:54 INFO calculating the utility values
2023-09-23 17:09:54 INFO Inside the Analyzer: Performing the analysis
2023-09-23 17:09:54 INFO Inside the planner: Generating the adaptation plan
2023-09-23 17:09:54 INFO No adaptation required
2023-09-23 17:10:54 INFO calculating the utility values
2023-09-23 17:10:54 INFO Inside the Analyzer: Performing the analysis
2023-09-23 17:10:54 INFO Inside the planner: Generating the adaptation plan
2023-09-23 17:10:54 INFO No adaptation required
2023-09-23 17:11:54 INFO calculating the utility values
2023-09-23 17:11:54 INFO Inside the Analyzer: Performing the analysis
2023-09-23 17:11:54 INFO Inside the planner: Generating the adaptation plan
2023-09-23 17:11:54 INFO No adaptation required
2023-09-23 17:12:54 INFO calculating the utility values
2023-09-23 17:12:54 INFO Inside the Analyzer: Performing the analysis
2023-09-23 17:12:54 INFO Inside the planner: Generating the adaptation plan
2023-09-23 17:12:54 INFO No adaptation required
2023-09-23 17:13:54 INFO calculating the utility values
2023-09-23 17:13:54 INFO Inside the Analyzer: Performing the analysis
2023-09-23 17:13:54 INFO Inside the planner: Generating the adaptation plan
2023-09-23 17:13:54 INFO No adaptation required
2023-09-23 17:14:54 INFO calculating the utility values
2023-09-23 17:14:54 INFO Inside the Analyzer: Performing the analysis
2023-09-23 17:14:54 INFO Inside the planner: Generating the adaptation plan
2023-09-23 17:14:54 INFO No adaptation required
2023-09-23 17:15:54 INFO calculating the utility values
2023-09-23 17:15:54 INFO Inside the Analyzer: Performing the analysis
2023-09-23 17:15:54 INFO Inside the planner: Generating the adaptation plan
2023-09-23 17:15:54 INFO No adaptation required
2023-09-23 17:16:54 INFO calculating the utility values
2023-09-23 17:16:54 INFO Inside the Analyzer: Performing the analysis
2023-09-23 17:16:54 INFO Inside the planner: Generating the adaptation plan
2023-09-23 17:16:54 INFO No adaptation required
2023-09-23 17:17:54 INFO calculating the utility values
2023-09-23 17:17:54 INFO Inside the Analyzer: Performing the analysis
2023-09-23 17:17:54 INFO Inside the planner: Generating the adaptation plan
2023-09-23 17:17:54 INFO No adaptation required
2023-09-23 17:18:54 INFO calculating the utility values
2023-09-23 17:18:54 INFO Inside the Analyzer: Performing the analysis
2023-09-23 17:18:54 INFO Inside the planner: Generating the adaptation plan
2023-09-23 17:18:54 INFO No adaptation required
2023-09-23 17:19:54 INFO calculating the utility values
2023-09-23 17:19:54 INFO Inside the Analyzer: Performing the analysis
2023-09-23 17:19:54 INFO Inside the planner: Generating the adaptation plan
2023-09-23 17:19:54 INFO No adaptation required
2023-09-23 17:20:54 ERROR [Errno 104] Connection reset by peer
2023-09-23 17:26:05 DEBUG Logger Initialized
2023-09-23 17:26:05 INFO running the adaptation effector module
2023-09-23 17:26:05 INFO Inside the Analyzer: Performing the analysis
2023-09-23 17:26:05 INFO Inside the planner: Generating the adaptation plan
2023-09-23 17:26:05 INFO No adaptation required
2023-09-23 17:27:05 INFO calculating the utility values
2023-09-23 17:27:05 INFO Inside the Analyzer: Performing the analysis
2023-09-23 17:27:05 INFO Inside the planner: Generating the adaptation plan
2023-09-23 17:27:05 INFO Inside the Executor: executing the adaptations
2023-09-23 17:27:05 INFO removing server
2023-09-23 17:27:05 INFO server removed successfully
2023-09-23 17:28:05 INFO calculating the utility values
2023-09-23 17:28:05 INFO Inside the Analyzer: Performing the analysis
2023-09-23 17:28:05 INFO Inside the planner: Generating the adaptation plan
2023-09-23 17:28:05 INFO Inside the Executor: executing the adaptations
2023-09-23 17:28:05 INFO removing server
2023-09-23 17:28:05 INFO server removed successfully
2023-09-23 17:28:05 INFO inside change dimer module, change flag decrease
2023-09-23 17:29:05 INFO calculating the utility values
2023-09-23 17:29:05 INFO Inside the Analyzer: Performing the analysis
2023-09-23 17:29:05 INFO Inside the planner: Generating the adaptation plan
2023-09-23 17:29:05 INFO No adaptation required
2023-09-23 17:30:05 INFO calculating the utility values
2023-09-23 17:30:05 INFO Inside the Analyzer: Performing the analysis
2023-09-23 17:30:05 INFO Inside the planner: Generating the adaptation plan
2023-09-23 17:30:05 INFO Inside the Executor: executing the adaptations
2023-09-23 17:30:05 INFO inside change dimer module, change flag increase
2023-09-23 17:31:05 INFO calculating the utility values
2023-09-23 17:31:05 INFO Inside the Analyzer: Performing the analysis
2023-09-23 17:31:05 INFO Inside the planner: Generating the adaptation plan
2023-09-23 17:31:05 INFO Inside the Executor: executing the adaptations
2023-09-23 17:31:05 INFO inside change dimer module, change flag decrease
2023-09-23 17:32:05 INFO calculating the utility values
2023-09-23 17:32:05 INFO Inside the Analyzer: Performing the analysis
2023-09-23 17:32:05 INFO Inside the planner: Generating the adaptation plan
2023-09-23 17:32:05 INFO No adaptation required
2023-09-23 17:33:05 INFO calculating the utility values
2023-09-23 17:33:05 INFO Inside the Analyzer: Performing the analysis
2023-09-23 17:33:05 INFO Inside the planner: Generating the adaptation plan
2023-09-23 17:33:05 INFO Inside the Executor: executing the adaptations
2023-09-23 17:33:05 INFO inside change dimer module, change flag decrease
2023-09-23 17:34:05 INFO calculating the utility values
2023-09-23 17:34:05 INFO Inside the Analyzer: Performing the analysis
2023-09-23 17:34:05 INFO Inside the planner: Generating the adaptation plan
2023-09-23 17:34:05 INFO Inside the Executor: executing the adaptations
2023-09-23 17:34:05 INFO inside change dimer module, change flag increase
2023-09-23 17:35:05 INFO calculating the utility values
2023-09-23 17:35:05 INFO Inside the Analyzer: Performing the analysis
2023-09-23 17:35:05 INFO Inside the planner: Generating the adaptation plan
2023-09-23 17:35:05 INFO Inside the Executor: executing the adaptations
2023-09-23 17:36:05 INFO calculating the utility values
2023-09-23 17:36:05 INFO Inside the Analyzer: Performing the analysis
2023-09-23 17:36:05 INFO Inside the planner: Generating the adaptation plan
2023-09-23 17:36:05 INFO Inside the Executor: executing the adaptations
2023-09-23 17:36:05 INFO inside change dimer module, change flag decrease
2023-09-23 17:37:05 INFO calculating the utility values
2023-09-23 17:37:05 INFO Inside the Analyzer: Performing the analysis
2023-09-23 17:37:05 INFO Inside the planner: Generating the adaptation plan
2023-09-23 17:37:05 INFO Inside the Executor: executing the adaptations
2023-09-23 17:37:05 INFO inside change dimer module, change flag decrease
2023-09-23 17:38:05 INFO calculating the utility values
2023-09-23 17:38:05 INFO Inside the Analyzer: Performing the analysis
2023-09-23 17:38:05 INFO Inside the planner: Generating the adaptation plan
2023-09-23 17:38:05 INFO Inside the Executor: executing the adaptations
2023-09-23 17:38:05 INFO inside add server module
2023-09-23 17:38:05 INFO Server added successfully
2023-09-23 17:38:05 INFO inside change dimer module, change flag decrease
2023-09-23 17:39:05 INFO calculating the utility values
2023-09-23 17:39:05 INFO Inside the Analyzer: Performing the analysis
2023-09-23 17:39:05 INFO Inside the planner: Generating the adaptation plan
2023-09-23 17:39:05 INFO Inside the Executor: executing the adaptations
2023-09-23 17:39:05 INFO inside add server module
2023-09-23 17:39:05 INFO Server added successfully
2023-09-23 17:39:05 INFO inside change dimer module, change flag increase
2023-09-23 17:40:05 INFO calculating the utility values
2023-09-23 17:40:06 INFO Inside the Analyzer: Performing the analysis
2023-09-23 17:40:06 INFO Inside the planner: Generating the adaptation plan
2023-09-23 17:40:06 INFO No adaptation required
2023-09-23 17:41:06 INFO calculating the utility values
2023-09-23 17:41:06 INFO Inside the Analyzer: Performing the analysis
2023-09-23 17:41:06 INFO Inside the planner: Generating the adaptation plan
2023-09-23 17:41:06 INFO Inside the Executor: executing the adaptations
2023-09-23 17:42:06 INFO calculating the utility values
2023-09-23 17:42:06 INFO Inside the Analyzer: Performing the analysis
2023-09-23 17:42:06 INFO Inside the planner: Generating the adaptation plan
2023-09-23 17:42:06 INFO Inside the Executor: executing the adaptations
2023-09-23 17:43:06 INFO calculating the utility values
2023-09-23 17:43:06 INFO Inside the Analyzer: Performing the analysis
2023-09-23 17:43:06 INFO Inside the planner: Generating the adaptation plan
2023-09-23 17:43:06 INFO Inside the Executor: executing the adaptations
2023-09-23 17:43:06 INFO removing server
2023-09-23 17:43:06 INFO server removed successfully
2023-09-23 17:43:06 INFO inside change dimer module, change flag decrease
2023-09-23 17:44:06 INFO calculating the utility values
2023-09-23 17:44:06 INFO Inside the Analyzer: Performing the analysis
2023-09-23 17:44:06 INFO Inside the planner: Generating the adaptation plan
2023-09-23 17:44:06 INFO Inside the Executor: executing the adaptations
2023-09-23 17:44:06 INFO inside add server module
2023-09-23 17:44:06 INFO Server added successfully
2023-09-23 17:44:06 INFO inside change dimer module, change flag increase
2023-09-23 17:45:06 INFO calculating the utility values
2023-09-23 17:45:06 INFO Inside the Analyzer: Performing the analysis
2023-09-23 17:45:06 INFO Inside the planner: Generating the adaptation plan
2023-09-23 17:45:06 INFO Inside the Executor: executing the adaptations
2023-09-23 17:45:06 INFO removing server
2023-09-23 17:45:06 INFO server removed successfully
2023-09-23 17:46:06 INFO calculating the utility values
2023-09-23 17:46:06 INFO Inside the Analyzer: Performing the analysis
2023-09-23 17:46:06 INFO Inside the planner: Generating the adaptation plan
2023-09-23 17:46:06 INFO Inside the Executor: executing the adaptations
2023-09-23 17:46:06 INFO inside change dimer module, change flag increase
2023-09-23 17:47:06 INFO calculating the utility values
2023-09-23 17:47:06 INFO Inside the Analyzer: Performing the analysis
2023-09-23 17:47:06 INFO Inside the planner: Generating the adaptation plan
2023-09-23 17:47:06 INFO Inside the Executor: executing the adaptations
2023-09-23 17:47:06 INFO removing server
2023-09-23 17:47:06 INFO server removed successfully
2023-09-23 17:48:06 INFO calculating the utility values
2023-09-23 17:48:06 INFO Inside the Analyzer: Performing the analysis
2023-09-23 17:48:06 INFO Inside the planner: Generating the adaptation plan
2023-09-23 17:48:06 INFO Inside the Executor: executing the adaptations
2023-09-23 17:48:06 INFO inside add server module
2023-09-23 17:48:06 INFO Server added successfully
2023-09-23 17:49:06 INFO calculating the utility values
2023-09-23 17:49:06 INFO Inside the Analyzer: Performing the analysis
2023-09-23 17:49:06 INFO Inside the planner: Generating the adaptation plan
2023-09-23 17:49:06 INFO Inside the Executor: executing the adaptations
2023-09-23 17:49:06 INFO inside add server module
2023-09-23 17:49:06 INFO Server added successfully
2023-09-23 17:50:06 INFO calculating the utility values
2023-09-23 17:50:06 INFO Inside the Analyzer: Performing the analysis
2023-09-23 17:50:06 INFO Inside the planner: Generating the adaptation plan
2023-09-23 17:50:06 INFO Inside the Executor: executing the adaptations
2023-09-23 17:51:06 INFO calculating the utility values
2023-09-23 17:51:06 INFO Inside the Analyzer: Performing the analysis
2023-09-23 17:51:06 INFO Inside the planner: Generating the adaptation plan
2023-09-23 17:51:06 INFO Inside the Executor: executing the adaptations
2023-09-23 17:52:06 INFO calculating the utility values
2023-09-23 17:52:06 INFO Inside the Analyzer: Performing the analysis
2023-09-23 17:52:06 INFO Inside the planner: Generating the adaptation plan
2023-09-23 17:52:06 INFO Inside the Executor: executing the adaptations
2023-09-23 17:53:06 INFO calculating the utility values
2023-09-23 17:53:06 INFO Inside the Analyzer: Performing the analysis
2023-09-23 17:53:06 INFO Inside the planner: Generating the adaptation plan
2023-09-23 17:53:06 INFO Inside the Executor: executing the adaptations
2023-09-23 17:54:06 INFO calculating the utility values
2023-09-23 17:54:06 INFO Inside the Analyzer: Performing the analysis
2023-09-23 17:54:06 INFO Inside the planner: Generating the adaptation plan
2023-09-23 17:54:06 INFO Inside the Executor: executing the adaptations
2023-09-23 17:54:06 INFO removing server
2023-09-23 17:54:06 INFO server removed successfully
2023-09-23 17:54:06 INFO inside change dimer module, change flag decrease
2023-09-23 17:55:06 INFO calculating the utility values
2023-09-23 17:55:06 INFO Inside the Analyzer: Performing the analysis
2023-09-23 17:55:06 INFO Inside the planner: Generating the adaptation plan
2023-09-23 17:55:06 INFO Inside the Executor: executing the adaptations
2023-09-23 17:55:06 INFO removing server
2023-09-23 17:55:06 INFO server removed successfully
2023-09-23 17:55:06 INFO inside change dimer module, change flag decrease
2023-09-23 17:56:06 INFO calculating the utility values
2023-09-23 17:56:06 INFO Inside the Analyzer: Performing the analysis
2023-09-23 17:56:06 INFO Inside the planner: Generating the adaptation plan
2023-09-23 17:56:06 INFO No adaptation required
2023-09-23 17:57:06 INFO calculating the utility values
2023-09-23 17:57:06 INFO Inside the Analyzer: Performing the analysis
2023-09-23 17:57:06 INFO Inside the planner: Generating the adaptation plan
2023-09-23 17:57:06 INFO Inside the Executor: executing the adaptations
2023-09-23 17:57:06 INFO inside change dimer module, change flag decrease
2023-09-23 17:58:06 INFO calculating the utility values
2023-09-23 17:58:06 INFO Inside the Analyzer: Performing the analysis
2023-09-23 17:58:06 INFO Inside the planner: Generating the adaptation plan
2023-09-23 17:58:06 INFO No adaptation required
2023-09-23 17:59:06 INFO calculating the utility values
2023-09-23 17:59:06 INFO Inside the Analyzer: Performing the analysis
2023-09-23 17:59:06 INFO Inside the planner: Generating the adaptation plan
2023-09-23 17:59:06 INFO Inside the Executor: executing the adaptations
2023-09-23 17:59:06 INFO inside change dimer module, change flag decrease
2023-09-23 18:00:06 INFO calculating the utility values
2023-09-23 18:00:06 INFO Inside the Analyzer: Performing the analysis
2023-09-23 18:00:06 INFO Inside the planner: Generating the adaptation plan
2023-09-23 18:00:06 INFO No adaptation required
2023-09-23 18:01:06 INFO calculating the utility values
2023-09-23 18:01:06 INFO Inside the Analyzer: Performing the analysis
2023-09-23 18:01:06 INFO Inside the planner: Generating the adaptation plan
2023-09-23 18:01:06 INFO Inside the Executor: executing the adaptations
2023-09-23 18:01:06 INFO inside change dimer module, change flag decrease
2023-09-23 18:02:06 INFO calculating the utility values
2023-09-23 18:02:06 INFO Inside the Analyzer: Performing the analysis
2023-09-23 18:02:06 INFO Inside the planner: Generating the adaptation plan
2023-09-23 18:02:06 INFO No adaptation required
2023-09-23 18:03:06 INFO calculating the utility values
2023-09-23 18:03:06 INFO Inside the Analyzer: Performing the analysis
2023-09-23 18:03:06 INFO Inside the planner: Generating the adaptation plan
2023-09-23 18:03:06 INFO Inside the Executor: executing the adaptations
2023-09-23 18:03:06 INFO inside change dimer module, change flag increase
2023-09-23 18:04:06 INFO calculating the utility values
2023-09-23 18:04:06 INFO Inside the Analyzer: Performing the analysis
2023-09-23 18:04:06 INFO Inside the planner: Generating the adaptation plan
2023-09-23 18:04:06 INFO Inside the Executor: executing the adaptations
2023-09-23 18:04:06 INFO inside change dimer module, change flag decrease
2023-09-23 18:05:06 INFO calculating the utility values
2023-09-23 18:05:06 INFO Inside the Analyzer: Performing the analysis
2023-09-23 18:05:06 INFO Inside the planner: Generating the adaptation plan
2023-09-23 18:05:06 INFO Inside the Executor: executing the adaptations
2023-09-23 18:05:06 INFO inside change dimer module, change flag decrease
2023-09-23 18:06:06 INFO calculating the utility values
2023-09-23 18:06:06 INFO Inside the Analyzer: Performing the analysis
2023-09-23 18:06:06 INFO Inside the planner: Generating the adaptation plan
2023-09-23 18:06:06 INFO No adaptation required
2023-09-23 18:07:06 INFO calculating the utility values
2023-09-23 18:07:06 INFO Inside the Analyzer: Performing the analysis
2023-09-23 18:07:06 INFO Inside the planner: Generating the adaptation plan
2023-09-23 18:07:06 INFO Inside the Executor: executing the adaptations
2023-09-23 18:07:06 INFO inside change dimer module, change flag decrease
2023-09-23 18:08:06 INFO calculating the utility values
2023-09-23 18:08:06 INFO Inside the Analyzer: Performing the analysis
2023-09-23 18:08:06 INFO Inside the planner: Generating the adaptation plan
2023-09-23 18:08:06 INFO No adaptation required
2023-09-23 18:09:06 INFO calculating the utility values
2023-09-23 18:09:06 INFO Inside the Analyzer: Performing the analysis
2023-09-23 18:09:06 INFO Inside the planner: Generating the adaptation plan
2023-09-23 18:09:06 INFO Inside the Executor: executing the adaptations
2023-09-23 18:10:06 INFO calculating the utility values
2023-09-23 18:10:06 INFO Inside the Analyzer: Performing the analysis
2023-09-23 18:10:06 INFO Inside the planner: Generating the adaptation plan
2023-09-23 18:10:06 INFO No adaptation required
2023-09-23 18:11:06 INFO calculating the utility values
2023-09-23 18:11:06 INFO Inside the Analyzer: Performing the analysis
2023-09-23 18:11:06 INFO Inside the planner: Generating the adaptation plan
2023-09-23 18:11:06 INFO Inside the Executor: executing the adaptations
2023-09-23 18:12:06 INFO calculating the utility values
2023-09-23 18:12:06 INFO Inside the Analyzer: Performing the analysis
2023-09-23 18:12:06 INFO Inside the planner: Generating the adaptation plan
2023-09-23 18:12:06 INFO No adaptation required
2023-09-23 18:13:06 INFO calculating the utility values
2023-09-23 18:13:06 INFO Inside the Analyzer: Performing the analysis
2023-09-23 18:13:06 INFO Inside the planner: Generating the adaptation plan
2023-09-23 18:13:06 INFO Inside the Executor: executing the adaptations
2023-09-23 18:13:06 INFO inside add server module
2023-09-23 18:13:06 INFO Server added successfully
2023-09-23 18:14:06 INFO calculating the utility values
2023-09-23 18:14:06 INFO Inside the Analyzer: Performing the analysis
2023-09-23 18:14:06 INFO Inside the planner: Generating the adaptation plan
2023-09-23 18:14:06 INFO No adaptation required
2023-09-23 18:15:06 INFO calculating the utility values
2023-09-23 18:15:06 INFO Inside the Analyzer: Performing the analysis
2023-09-23 18:15:06 INFO Inside the planner: Generating the adaptation plan
2023-09-23 18:15:06 INFO Inside the Executor: executing the adaptations
2023-09-23 18:15:06 INFO inside add server module
2023-09-23 18:15:06 INFO Server added successfully
2023-09-23 18:16:06 INFO calculating the utility values
2023-09-23 18:16:06 INFO Inside the Analyzer: Performing the analysis
2023-09-23 18:16:06 INFO Inside the planner: Generating the adaptation plan
2023-09-23 18:16:06 INFO No adaptation required
2023-09-23 18:17:06 INFO calculating the utility values
2023-09-23 18:17:06 INFO Inside the Analyzer: Performing the analysis
2023-09-23 18:17:06 INFO Inside the planner: Generating the adaptation plan
2023-09-23 18:17:06 INFO Inside the Executor: executing the adaptations
2023-09-23 18:17:06 INFO removing server
2023-09-23 18:17:06 INFO server removed successfully
2023-09-23 18:18:06 INFO calculating the utility values
2023-09-23 18:18:06 INFO Inside the Analyzer: Performing the analysis
2023-09-23 18:18:06 INFO Inside the planner: Generating the adaptation plan
2023-09-23 18:18:06 INFO Inside the Executor: executing the adaptations
2023-09-23 18:18:06 INFO removing server
2023-09-23 18:18:06 INFO server removed successfully
2023-09-23 18:19:06 INFO calculating the utility values
2023-09-23 18:19:06 INFO Inside the Analyzer: Performing the analysis
2023-09-23 18:19:06 INFO Inside the planner: Generating the adaptation plan
2023-09-23 18:19:06 INFO Inside the Executor: executing the adaptations
2023-09-23 18:19:06 INFO inside add server module
2023-09-23 18:19:06 INFO Server added successfully
2023-09-23 18:20:06 INFO calculating the utility values
2023-09-23 18:20:06 INFO Inside the Analyzer: Performing the analysis
2023-09-23 18:20:06 INFO Inside the planner: Generating the adaptation plan
2023-09-23 18:20:06 INFO No adaptation required
2023-09-23 18:21:06 INFO calculating the utility values
2023-09-23 18:21:06 INFO Inside the Analyzer: Performing the analysis
2023-09-23 18:21:06 INFO Inside the planner: Generating the adaptation plan
2023-09-23 18:21:06 INFO Inside the Executor: executing the adaptations
2023-09-23 18:21:06 INFO removing server
2023-09-23 18:21:06 INFO server removed successfully
2023-09-23 18:21:06 INFO inside change dimer module, change flag increase
2023-09-23 18:22:06 INFO calculating the utility values
2023-09-23 18:22:06 INFO Inside the Analyzer: Performing the analysis
2023-09-23 18:22:06 INFO Inside the planner: Generating the adaptation plan
2023-09-23 18:22:06 INFO No adaptation required
2023-09-23 18:23:06 INFO calculating the utility values
2023-09-23 18:23:06 INFO Inside the Analyzer: Performing the analysis
2023-09-23 18:23:06 INFO Inside the planner: Generating the adaptation plan
2023-09-23 18:23:06 INFO Inside the Executor: executing the adaptations
2023-09-23 18:23:06 INFO inside change dimer module, change flag increase
2023-09-23 18:24:06 INFO calculating the utility values
2023-09-23 18:24:06 INFO Inside the Analyzer: Performing the analysis
2023-09-23 18:24:06 INFO Inside the planner: Generating the adaptation plan
2023-09-23 18:24:06 INFO Inside the Executor: executing the adaptations
2023-09-23 18:24:06 INFO inside add server module
2023-09-23 18:24:06 INFO Server added successfully
2023-09-23 18:24:06 INFO inside change dimer module, change flag decrease
2023-09-23 18:25:06 INFO calculating the utility values
2023-09-23 18:25:06 INFO Inside the Analyzer: Performing the analysis
2023-09-23 18:25:06 INFO Inside the planner: Generating the adaptation plan
2023-09-23 18:25:06 INFO No adaptation required
2023-09-23 18:26:06 INFO calculating the utility values
2023-09-23 18:26:06 INFO Inside the Analyzer: Performing the analysis
2023-09-23 18:26:06 INFO Inside the planner: Generating the adaptation plan
2023-09-23 18:26:06 INFO Inside the Executor: executing the adaptations
2023-09-23 18:26:06 INFO inside add server module
2023-09-23 18:26:06 INFO Server added successfully
2023-09-23 18:26:06 INFO inside change dimer module, change flag decrease
2023-09-23 18:27:06 INFO calculating the utility values
2023-09-23 18:27:06 INFO Inside the Analyzer: Performing the analysis
2023-09-23 18:27:06 INFO Inside the planner: Generating the adaptation plan
2023-09-23 18:27:06 INFO No adaptation required
2023-09-23 18:28:06 INFO calculating the utility values
2023-09-23 18:28:06 INFO Inside the Analyzer: Performing the analysis
2023-09-23 18:28:06 INFO Inside the planner: Generating the adaptation plan
2023-09-23 18:28:06 INFO Inside the Executor: executing the adaptations
2023-09-23 18:29:06 INFO calculating the utility values
2023-09-23 18:29:06 INFO Inside the Analyzer: Performing the analysis
2023-09-23 18:29:06 INFO Inside the planner: Generating the adaptation plan
2023-09-23 18:29:06 INFO No adaptation required
2023-09-23 18:30:06 INFO calculating the utility values
2023-09-23 18:30:06 INFO Inside the Analyzer: Performing the analysis
2023-09-23 18:30:06 INFO Inside the planner: Generating the adaptation plan
2023-09-23 18:30:06 INFO Inside the Executor: executing the adaptations
2023-09-23 18:31:06 INFO calculating the utility values
2023-09-23 18:31:06 INFO Inside the Analyzer: Performing the analysis
2023-09-23 18:31:06 INFO Inside the planner: Generating the adaptation plan
2023-09-23 18:31:06 INFO No adaptation required
2023-09-23 18:32:06 INFO calculating the utility values
2023-09-23 18:32:06 INFO Inside the Analyzer: Performing the analysis
2023-09-23 18:32:06 INFO Inside the planner: Generating the adaptation plan
2023-09-23 18:32:06 INFO Inside the Executor: executing the adaptations
2023-09-23 18:33:06 INFO calculating the utility values
2023-09-23 18:33:06 INFO Inside the Analyzer: Performing the analysis
2023-09-23 18:33:06 INFO Inside the planner: Generating the adaptation plan
2023-09-23 18:33:06 INFO No adaptation required
2023-09-23 18:34:06 INFO calculating the utility values
2023-09-23 18:34:06 INFO Inside the Analyzer: Performing the analysis
2023-09-23 18:34:06 INFO Inside the planner: Generating the adaptation plan
2023-09-23 18:34:06 INFO Inside the Executor: executing the adaptations
2023-09-23 18:35:06 INFO calculating the utility values
2023-09-23 18:35:06 INFO Inside the Analyzer: Performing the analysis
2023-09-23 18:35:06 INFO Inside the planner: Generating the adaptation plan
2023-09-23 18:35:06 INFO No adaptation required
2023-09-23 18:36:06 INFO calculating the utility values
2023-09-23 18:36:06 INFO Inside the Analyzer: Performing the analysis
2023-09-23 18:36:06 INFO Inside the planner: Generating the adaptation plan
2023-09-23 18:36:06 INFO Inside the Executor: executing the adaptations
2023-09-23 18:37:06 INFO calculating the utility values
2023-09-23 18:37:06 INFO Inside the Analyzer: Performing the analysis
2023-09-23 18:37:06 INFO Inside the planner: Generating the adaptation plan
2023-09-23 18:37:06 INFO No adaptation required
2023-09-23 18:38:06 INFO calculating the utility values
2023-09-23 18:38:06 INFO Inside the Analyzer: Performing the analysis
2023-09-23 18:38:06 INFO Inside the planner: Generating the adaptation plan
2023-09-23 18:38:06 INFO Inside the Executor: executing the adaptations
2023-09-23 18:39:06 INFO calculating the utility values
2023-09-23 18:39:06 INFO Inside the Analyzer: Performing the analysis
2023-09-23 18:39:06 INFO Inside the planner: Generating the adaptation plan
2023-09-23 18:39:06 INFO No adaptation required
2023-09-23 18:40:06 INFO calculating the utility values
2023-09-23 18:40:06 INFO Inside the Analyzer: Performing the analysis
2023-09-23 18:40:06 INFO Inside the planner: Generating the adaptation plan
2023-09-23 18:40:06 INFO Inside the Executor: executing the adaptations
2023-09-23 18:41:06 INFO calculating the utility values
2023-09-23 18:41:06 INFO Inside the Analyzer: Performing the analysis
2023-09-23 18:41:06 INFO Inside the planner: Generating the adaptation plan
2023-09-23 18:41:06 INFO Inside the Executor: executing the adaptations
2023-09-23 18:42:06 INFO calculating the utility values
2023-09-23 18:42:06 INFO Inside the Analyzer: Performing the analysis
2023-09-23 18:42:06 INFO Inside the planner: Generating the adaptation plan
2023-09-23 18:42:06 INFO Inside the Executor: executing the adaptations
2023-09-23 18:43:06 INFO calculating the utility values
2023-09-23 18:43:06 INFO Inside the Analyzer: Performing the analysis
2023-09-23 18:43:06 INFO Inside the planner: Generating the adaptation plan
2023-09-23 18:43:06 INFO Inside the Executor: executing the adaptations
2023-09-23 18:44:06 INFO calculating the utility values
2023-09-23 18:44:06 INFO Inside the Analyzer: Performing the analysis
2023-09-23 18:44:06 INFO Inside the planner: Generating the adaptation plan
2023-09-23 18:44:06 INFO Inside the Executor: executing the adaptations
2023-09-23 18:45:06 INFO calculating the utility values
2023-09-23 18:45:06 INFO Inside the Analyzer: Performing the analysis
2023-09-23 18:45:06 INFO Inside the planner: Generating the adaptation plan
2023-09-23 18:45:06 INFO Inside the Executor: executing the adaptations
2023-09-23 18:46:06 INFO calculating the utility values
2023-09-23 18:46:06 INFO Inside the Analyzer: Performing the analysis
2023-09-23 18:46:06 INFO Inside the planner: Generating the adaptation plan
2023-09-23 18:46:06 INFO No adaptation required
2023-09-23 18:47:06 INFO calculating the utility values
2023-09-23 18:47:06 INFO Inside the Analyzer: Performing the analysis
2023-09-23 18:47:06 INFO Inside the planner: Generating the adaptation plan
2023-09-23 18:47:06 INFO Inside the Executor: executing the adaptations
2023-09-23 18:48:06 INFO calculating the utility values
2023-09-23 18:48:06 INFO Inside the Analyzer: Performing the analysis
2023-09-23 18:48:06 INFO Inside the planner: Generating the adaptation plan
2023-09-23 18:48:06 INFO Inside the Executor: executing the adaptations
2023-09-23 18:49:06 INFO calculating the utility values
2023-09-23 18:49:06 INFO Inside the Analyzer: Performing the analysis
2023-09-23 18:49:06 INFO Inside the planner: Generating the adaptation plan
2023-09-23 18:49:06 INFO Inside the Executor: executing the adaptations
2023-09-23 18:50:06 INFO calculating the utility values
2023-09-23 18:50:06 INFO Inside the Analyzer: Performing the analysis
2023-09-23 18:50:06 INFO Inside the planner: Generating the adaptation plan
2023-09-23 18:50:06 INFO No adaptation required
2023-09-23 18:51:06 INFO calculating the utility values
2023-09-23 18:51:06 INFO Inside the Analyzer: Performing the analysis
2023-09-23 18:51:06 INFO Inside the planner: Generating the adaptation plan
2023-09-23 18:51:06 INFO Inside the Executor: executing the adaptations
2023-09-23 18:52:06 INFO calculating the utility values
2023-09-23 18:52:06 INFO Inside the Analyzer: Performing the analysis
2023-09-23 18:52:06 INFO Inside the planner: Generating the adaptation plan
2023-09-23 18:52:06 INFO Inside the Executor: executing the adaptations
2023-09-23 18:53:06 INFO calculating the utility values
2023-09-23 18:53:06 INFO Inside the Analyzer: Performing the analysis
2023-09-23 18:53:06 INFO Inside the planner: Generating the adaptation plan
2023-09-23 18:53:06 INFO Inside the Executor: executing the adaptations
2023-09-23 18:54:06 INFO calculating the utility values
2023-09-23 18:54:06 INFO Inside the Analyzer: Performing the analysis
2023-09-23 18:54:06 INFO Inside the planner: Generating the adaptation plan
2023-09-23 18:54:06 INFO Inside the Executor: executing the adaptations
2023-09-23 18:55:06 INFO calculating the utility values
2023-09-23 18:55:06 INFO Inside the Analyzer: Performing the analysis
2023-09-23 18:55:06 INFO Inside the planner: Generating the adaptation plan
2023-09-23 18:55:06 INFO Inside the Executor: executing the adaptations
2023-09-23 18:56:06 INFO calculating the utility values
2023-09-23 18:56:06 INFO Inside the Analyzer: Performing the analysis
2023-09-23 18:56:06 INFO Inside the planner: Generating the adaptation plan
2023-09-23 18:56:06 INFO Inside the Executor: executing the adaptations
2023-09-23 18:57:06 INFO calculating the utility values
2023-09-23 18:57:06 INFO Inside the Analyzer: Performing the analysis
2023-09-23 18:57:06 INFO Inside the planner: Generating the adaptation plan
2023-09-23 18:57:06 INFO Inside the Executor: executing the adaptations
2023-09-23 18:58:06 INFO calculating the utility values
2023-09-23 18:58:06 INFO Inside the Analyzer: Performing the analysis
2023-09-23 18:58:06 INFO Inside the planner: Generating the adaptation plan
2023-09-23 18:58:06 INFO Inside the Executor: executing the adaptations
2023-09-23 18:59:06 INFO calculating the utility values
2023-09-23 18:59:06 INFO Inside the Analyzer: Performing the analysis
2023-09-23 18:59:06 INFO Inside the planner: Generating the adaptation plan
2023-09-23 18:59:06 INFO Inside the Executor: executing the adaptations
2023-09-23 19:00:06 INFO calculating the utility values
2023-09-23 19:00:06 INFO Inside the Analyzer: Performing the analysis
2023-09-23 19:00:06 INFO Inside the planner: Generating the adaptation plan
2023-09-23 19:00:06 INFO Inside the Executor: executing the adaptations
2023-09-23 19:01:06 INFO calculating the utility values
2023-09-23 19:01:06 INFO Inside the Analyzer: Performing the analysis
2023-09-23 19:01:06 INFO Inside the planner: Generating the adaptation plan
2023-09-23 19:01:06 INFO Inside the Executor: executing the adaptations
2023-09-23 19:02:06 INFO calculating the utility values
2023-09-23 19:02:06 INFO Inside the Analyzer: Performing the analysis
2023-09-23 19:02:06 INFO Inside the planner: Generating the adaptation plan
2023-09-23 19:02:06 INFO Inside the Executor: executing the adaptations
2023-09-23 19:03:06 INFO calculating the utility values
2023-09-23 19:03:06 INFO Inside the Analyzer: Performing the analysis
2023-09-23 19:03:06 INFO Inside the planner: Generating the adaptation plan
2023-09-23 19:03:06 INFO Inside the Executor: executing the adaptations
2023-09-23 19:04:06 INFO calculating the utility values
2023-09-23 19:04:06 INFO Inside the Analyzer: Performing the analysis
2023-09-23 19:04:06 INFO Inside the planner: Generating the adaptation plan
2023-09-23 19:04:06 INFO Inside the Executor: executing the adaptations
2023-09-23 19:05:06 INFO calculating the utility values
2023-09-23 19:05:06 INFO Inside the Analyzer: Performing the analysis
2023-09-23 19:05:06 INFO Inside the planner: Generating the adaptation plan
2023-09-23 19:05:06 INFO Inside the Executor: executing the adaptations
2023-09-23 19:06:06 INFO calculating the utility values
2023-09-23 19:06:06 INFO Inside the Analyzer: Performing the analysis
2023-09-23 19:06:06 INFO Inside the planner: Generating the adaptation plan
2023-09-23 19:06:06 INFO Inside the Executor: executing the adaptations
2023-09-23 19:07:06 INFO calculating the utility values
2023-09-23 19:07:06 INFO Inside the Analyzer: Performing the analysis
2023-09-23 19:07:06 INFO Inside the planner: Generating the adaptation plan
2023-09-23 19:07:06 INFO Inside the Executor: executing the adaptations
2023-09-23 19:08:06 INFO calculating the utility values
2023-09-23 19:08:06 INFO Inside the Analyzer: Performing the analysis
2023-09-23 19:08:06 INFO Inside the planner: Generating the adaptation plan
2023-09-23 19:08:06 INFO Inside the Executor: executing the adaptations
2023-09-23 19:09:06 INFO calculating the utility values
2023-09-23 19:09:06 INFO Inside the Analyzer: Performing the analysis
2023-09-23 19:09:06 INFO Inside the planner: Generating the adaptation plan
2023-09-23 19:09:06 INFO Inside the Executor: executing the adaptations
2023-09-23 19:10:06 INFO calculating the utility values
2023-09-23 19:10:06 INFO Inside the Analyzer: Performing the analysis
2023-09-23 19:10:06 INFO Inside the planner: Generating the adaptation plan
2023-09-23 19:10:06 INFO Inside the Executor: executing the adaptations
2023-09-23 19:11:06 ERROR [Errno 104] Connection reset by peer
