2023-10-09 18:05:00 DEBUG Logger Initialized
2023-10-09 18:05:00 INFO running the adaptation effector module
2023-10-09 18:05:00 INFO Inside the Analyzer: Performing the analysis
2023-10-09 18:05:00 INFO Inside the planner: Generating the adaptation plan
2023-10-09 18:05:00 INFO No adaptation required
2023-10-09 18:05:17 DEBUG Logger Initialized
2023-10-09 18:05:17 INFO running the adaptation effector module
2023-10-09 18:05:17 INFO Inside the Analyzer: Performing the analysis
2023-10-09 18:05:17 INFO Inside the planner: Generating the adaptation plan
2023-10-09 18:05:17 INFO Inside the Executor: executing the adaptations
2023-10-09 18:05:17 INFO removing server
2023-10-09 18:05:17 INFO server removed successfully
2023-10-09 18:05:17 INFO inside change dimer module, change flag increase
2023-10-09 18:05:26 DEBUG Logger Initialized
2023-10-09 18:05:26 INFO running the adaptation effector module
2023-10-09 18:05:26 INFO Inside the Analyzer: Performing the analysis
2023-10-09 18:05:27 INFO Inside the planner: Generating the adaptation plan
2023-10-09 18:05:27 INFO Inside the Executor: executing the adaptations
2023-10-09 18:05:27 INFO inside change dimer module, change flag increase
2023-10-09 18:06:27 INFO calculating the utility values
2023-10-09 18:06:27 INFO Inside the Analyzer: Performing the analysis
2023-10-09 18:06:27 INFO Inside the planner: Generating the adaptation plan
2023-10-09 18:06:27 INFO Inside the Executor: executing the adaptations
2023-10-09 18:06:27 INFO removing server
2023-10-09 18:06:27 INFO server removed successfully
2023-10-09 18:06:27 INFO inside change dimer module, change flag decrease
2023-10-09 18:07:27 INFO calculating the utility values
2023-10-09 18:07:27 INFO Inside the Analyzer: Performing the analysis
2023-10-09 18:07:27 INFO Inside the planner: Generating the adaptation plan
2023-10-09 18:07:27 INFO Inside the Executor: executing the adaptations
2023-10-09 18:07:27 INFO inside add server module
2023-10-09 18:07:27 INFO Server added successfully
2023-10-09 18:07:27 INFO inside change dimer module, change flag increase
2023-10-09 18:08:27 INFO calculating the utility values
2023-10-09 18:08:27 INFO Inside the Analyzer: Performing the analysis
2023-10-09 18:08:27 INFO Inside the planner: Generating the adaptation plan
2023-10-09 18:08:27 INFO Inside the Executor: executing the adaptations
2023-10-09 18:08:27 INFO removing server
2023-10-09 18:08:27 INFO server removed successfully
2023-10-09 18:09:27 INFO calculating the utility values
2023-10-09 18:09:27 INFO Inside the Analyzer: Performing the analysis
2023-10-09 18:09:27 INFO Inside the planner: Generating the adaptation plan
2023-10-09 18:09:27 INFO Inside the Executor: executing the adaptations
2023-10-09 18:09:27 INFO inside change dimer module, change flag decrease
2023-10-09 18:10:27 INFO calculating the utility values
2023-10-09 18:10:27 INFO Inside the Analyzer: Performing the analysis
2023-10-09 18:10:27 INFO Inside the planner: Generating the adaptation plan
2023-10-09 18:10:27 INFO Inside the Executor: executing the adaptations
2023-10-09 18:10:27 INFO inside add server module
2023-10-09 18:10:27 INFO Server added successfully
2023-10-09 18:10:27 INFO inside change dimer module, change flag decrease
2023-10-09 18:11:27 INFO calculating the utility values
2023-10-09 18:11:27 INFO Inside the Analyzer: Performing the analysis
2023-10-09 18:11:27 INFO Inside the planner: Generating the adaptation plan
2023-10-09 18:11:27 INFO No adaptation required
2023-10-09 18:12:27 INFO calculating the utility values
2023-10-09 18:12:27 INFO Inside the Analyzer: Performing the analysis
2023-10-09 18:12:27 INFO Inside the planner: Generating the adaptation plan
2023-10-09 18:12:27 INFO No adaptation required
2023-10-09 18:13:27 INFO calculating the utility values
2023-10-09 18:13:27 INFO Inside the Analyzer: Performing the analysis
2023-10-09 18:13:27 INFO Inside the planner: Generating the adaptation plan
2023-10-09 18:13:27 INFO Inside the Executor: executing the adaptations
2023-10-09 18:13:27 INFO removing server
2023-10-09 18:13:27 INFO server removed successfully
2023-10-09 18:14:27 INFO calculating the utility values
2023-10-09 18:14:27 INFO Inside the Analyzer: Performing the analysis
2023-10-09 18:14:27 INFO Inside the planner: Generating the adaptation plan
2023-10-09 18:14:27 INFO Inside the Executor: executing the adaptations
2023-10-09 18:14:27 INFO inside change dimer module, change flag decrease
2023-10-09 18:15:27 INFO calculating the utility values
2023-10-09 18:15:27 INFO Inside the Analyzer: Performing the analysis
2023-10-09 18:15:27 INFO Inside the planner: Generating the adaptation plan
2023-10-09 18:15:27 INFO No adaptation required
2023-10-09 18:16:27 INFO calculating the utility values
2023-10-09 18:16:27 INFO Inside the Analyzer: Performing the analysis
2023-10-09 18:16:27 INFO Inside the planner: Generating the adaptation plan
2023-10-09 18:16:27 INFO No adaptation required
2023-10-09 18:17:27 INFO calculating the utility values
2023-10-09 18:17:27 INFO Inside the Analyzer: Performing the analysis
2023-10-09 18:17:27 INFO Inside the planner: Generating the adaptation plan
2023-10-09 18:17:27 INFO Inside the Executor: executing the adaptations
2023-10-09 18:17:27 INFO inside add server module
2023-10-09 18:17:27 INFO Server added successfully
2023-10-09 18:18:27 INFO calculating the utility values
2023-10-09 18:18:27 INFO Inside the Analyzer: Performing the analysis
2023-10-09 18:18:27 INFO Inside the planner: Generating the adaptation plan
2023-10-09 18:18:27 INFO Inside the Executor: executing the adaptations
2023-10-09 18:18:27 INFO inside change dimer module, change flag decrease
2023-10-09 18:19:27 INFO calculating the utility values
2023-10-09 18:19:27 INFO Inside the Analyzer: Performing the analysis
2023-10-09 18:19:27 INFO Inside the planner: Generating the adaptation plan
2023-10-09 18:19:27 INFO Inside the Executor: executing the adaptations
2023-10-09 18:19:27 INFO removing server
2023-10-09 18:19:27 INFO server removed successfully
2023-10-09 18:19:27 INFO inside change dimer module, change flag increase
2023-10-09 18:20:27 INFO calculating the utility values
2023-10-09 18:20:27 INFO Inside the Analyzer: Performing the analysis
2023-10-09 18:20:27 INFO Inside the planner: Generating the adaptation plan
2023-10-09 18:20:27 INFO Inside the Executor: executing the adaptations
2023-10-09 18:20:27 INFO removing server
2023-10-09 18:20:27 INFO server removed successfully
2023-10-09 18:21:27 INFO calculating the utility values
2023-10-09 18:21:27 INFO Inside the Analyzer: Performing the analysis
2023-10-09 18:21:27 INFO Inside the planner: Generating the adaptation plan
2023-10-09 18:21:27 INFO Inside the Executor: executing the adaptations
2023-10-09 18:21:27 INFO inside add server module
2023-10-09 18:21:27 INFO Server added successfully
2023-10-09 18:21:27 INFO inside change dimer module, change flag increase
2023-10-09 18:22:27 INFO calculating the utility values
2023-10-09 18:22:27 INFO Inside the Analyzer: Performing the analysis
2023-10-09 18:22:27 INFO Inside the planner: Generating the adaptation plan
2023-10-09 18:22:27 INFO Inside the Executor: executing the adaptations
2023-10-09 18:22:27 INFO removing server
2023-10-09 18:22:27 INFO server removed successfully
2023-10-09 18:22:27 INFO inside change dimer module, change flag decrease
2023-10-09 18:23:27 INFO calculating the utility values
2023-10-09 18:23:27 INFO Inside the Analyzer: Performing the analysis
2023-10-09 18:23:27 INFO Inside the planner: Generating the adaptation plan
2023-10-09 18:23:27 INFO Inside the Executor: executing the adaptations
2023-10-09 18:23:27 INFO inside change dimer module, change flag decrease
2023-10-09 18:24:27 INFO calculating the utility values
2023-10-09 18:24:27 INFO Inside the Analyzer: Performing the analysis
2023-10-09 18:24:27 INFO Inside the planner: Generating the adaptation plan
2023-10-09 18:24:27 INFO Inside the Executor: executing the adaptations
2023-10-09 18:24:27 INFO inside add server module
2023-10-09 18:24:27 INFO Server added successfully
2023-10-09 18:25:27 INFO calculating the utility values
2023-10-09 18:25:27 INFO Inside the Analyzer: Performing the analysis
2023-10-09 18:25:27 INFO Inside the planner: Generating the adaptation plan
2023-10-09 18:25:27 INFO Inside the Executor: executing the adaptations
2023-10-09 18:25:27 INFO inside add server module
2023-10-09 18:25:27 INFO Server added successfully
2023-10-09 18:25:27 INFO inside change dimer module, change flag increase
2023-10-09 18:26:27 INFO calculating the utility values
2023-10-09 18:26:27 INFO Inside the Analyzer: Performing the analysis
2023-10-09 18:26:27 INFO Inside the planner: Generating the adaptation plan
2023-10-09 18:26:27 INFO Inside the Executor: executing the adaptations
2023-10-09 18:26:27 INFO inside change dimer module, change flag increase
2023-10-09 18:27:27 INFO calculating the utility values
2023-10-09 18:27:27 INFO Inside the Analyzer: Performing the analysis
2023-10-09 18:27:27 INFO Inside the planner: Generating the adaptation plan
2023-10-09 18:27:27 INFO No adaptation required
2023-10-09 18:28:27 INFO calculating the utility values
2023-10-09 18:28:27 INFO Inside the Analyzer: Performing the analysis
2023-10-09 18:28:27 INFO Inside the planner: Generating the adaptation plan
2023-10-09 18:28:27 INFO Inside the Executor: executing the adaptations
2023-10-09 18:28:27 INFO removing server
2023-10-09 18:28:27 INFO server removed successfully
2023-10-09 18:29:27 INFO calculating the utility values
2023-10-09 18:29:27 INFO Inside the Analyzer: Performing the analysis
2023-10-09 18:29:27 INFO Inside the planner: Generating the adaptation plan
2023-10-09 18:29:27 INFO No adaptation required
2023-10-09 18:30:27 INFO calculating the utility values
2023-10-09 18:30:27 INFO Inside the Analyzer: Performing the analysis
2023-10-09 18:30:27 INFO Inside the planner: Generating the adaptation plan
2023-10-09 18:30:27 INFO Inside the Executor: executing the adaptations
2023-10-09 18:30:27 INFO inside change dimer module, change flag increase
2023-10-09 18:31:27 INFO calculating the utility values
2023-10-09 18:31:27 INFO Inside the Analyzer: Performing the analysis
2023-10-09 18:31:27 INFO Inside the planner: Generating the adaptation plan
2023-10-09 18:31:27 INFO Inside the Executor: executing the adaptations
2023-10-09 18:31:27 INFO removing server
2023-10-09 18:31:27 INFO server removed successfully
2023-10-09 18:31:27 INFO inside change dimer module, change flag decrease
2023-10-09 18:32:27 INFO calculating the utility values
2023-10-09 18:32:27 INFO Inside the Analyzer: Performing the analysis
2023-10-09 18:32:27 INFO Inside the planner: Generating the adaptation plan
2023-10-09 18:32:27 INFO Inside the Executor: executing the adaptations
2023-10-09 18:32:27 INFO inside change dimer module, change flag decrease
2023-10-09 18:33:27 INFO calculating the utility values
2023-10-09 18:33:27 INFO Inside the Analyzer: Performing the analysis
2023-10-09 18:33:27 INFO Inside the planner: Generating the adaptation plan
2023-10-09 18:33:27 INFO Inside the Executor: executing the adaptations
2023-10-09 18:33:27 INFO inside change dimer module, change flag increase
2023-10-09 18:34:27 INFO calculating the utility values
2023-10-09 18:34:27 INFO Inside the Analyzer: Performing the analysis
2023-10-09 18:34:27 INFO Inside the planner: Generating the adaptation plan
2023-10-09 18:34:27 INFO Inside the Executor: executing the adaptations
2023-10-09 18:34:27 INFO inside change dimer module, change flag increase
2023-10-09 18:35:27 INFO calculating the utility values
2023-10-09 18:35:27 INFO Inside the Analyzer: Performing the analysis
2023-10-09 18:35:27 INFO Inside the planner: Generating the adaptation plan
2023-10-09 18:35:27 INFO Inside the Executor: executing the adaptations
2023-10-09 18:35:27 INFO inside change dimer module, change flag decrease
2023-10-09 18:36:27 INFO calculating the utility values
2023-10-09 18:36:27 INFO Inside the Analyzer: Performing the analysis
2023-10-09 18:36:27 INFO Inside the planner: Generating the adaptation plan
2023-10-09 18:36:27 INFO Inside the Executor: executing the adaptations
2023-10-09 18:36:27 INFO inside add server module
2023-10-09 18:36:27 INFO Server added successfully
2023-10-09 18:37:27 INFO calculating the utility values
2023-10-09 18:37:27 INFO Inside the Analyzer: Performing the analysis
2023-10-09 18:37:27 INFO Inside the planner: Generating the adaptation plan
2023-10-09 18:37:27 INFO Inside the Executor: executing the adaptations
2023-10-09 18:37:27 INFO removing server
2023-10-09 18:37:27 INFO server removed successfully
2023-10-09 18:37:27 INFO inside change dimer module, change flag decrease
2023-10-09 18:38:27 INFO calculating the utility values
2023-10-09 18:38:27 INFO Inside the Analyzer: Performing the analysis
2023-10-09 18:38:27 INFO Inside the planner: Generating the adaptation plan
2023-10-09 18:38:27 INFO Inside the Executor: executing the adaptations
2023-10-09 18:38:27 INFO inside change dimer module, change flag decrease
2023-10-09 18:39:27 INFO calculating the utility values
2023-10-09 18:39:27 INFO Inside the Analyzer: Performing the analysis
2023-10-09 18:39:27 INFO Inside the planner: Generating the adaptation plan
2023-10-09 18:39:27 INFO Inside the Executor: executing the adaptations
2023-10-09 18:39:27 INFO inside add server module
2023-10-09 18:39:27 INFO Server added successfully
2023-10-09 18:40:27 INFO calculating the utility values
2023-10-09 18:40:27 INFO Inside the Analyzer: Performing the analysis
2023-10-09 18:40:27 INFO Inside the planner: Generating the adaptation plan
2023-10-09 18:40:27 INFO Inside the Executor: executing the adaptations
2023-10-09 18:40:27 INFO inside change dimer module, change flag decrease
2023-10-09 18:41:27 INFO calculating the utility values
2023-10-09 18:41:27 INFO Inside the Analyzer: Performing the analysis
2023-10-09 18:41:27 INFO Inside the planner: Generating the adaptation plan
2023-10-09 18:41:27 INFO Inside the Executor: executing the adaptations
2023-10-09 18:41:27 INFO inside change dimer module, change flag decrease
2023-10-09 18:42:27 INFO calculating the utility values
2023-10-09 18:42:27 INFO Inside the Analyzer: Performing the analysis
2023-10-09 18:42:27 INFO Inside the planner: Generating the adaptation plan
2023-10-09 18:42:27 INFO Inside the Executor: executing the adaptations
2023-10-09 18:42:27 INFO removing server
2023-10-09 18:42:27 INFO server removed successfully
2023-10-09 18:42:27 INFO inside change dimer module, change flag decrease
2023-10-09 18:43:27 INFO calculating the utility values
2023-10-09 18:43:27 INFO Inside the Analyzer: Performing the analysis
2023-10-09 18:43:27 INFO Inside the planner: Generating the adaptation plan
2023-10-09 18:43:27 INFO Inside the Executor: executing the adaptations
2023-10-09 18:43:27 INFO inside change dimer module, change flag decrease
2023-10-09 18:44:27 INFO calculating the utility values
2023-10-09 18:44:27 INFO Inside the Analyzer: Performing the analysis
2023-10-09 18:44:27 INFO Inside the planner: Generating the adaptation plan
2023-10-09 18:44:27 INFO No adaptation required
2023-10-09 18:45:27 INFO calculating the utility values
2023-10-09 18:45:27 INFO Inside the Analyzer: Performing the analysis
2023-10-09 18:45:27 INFO Inside the planner: Generating the adaptation plan
2023-10-09 18:45:27 INFO Inside the Executor: executing the adaptations
2023-10-09 18:45:27 INFO inside change dimer module, change flag decrease
2023-10-09 18:46:27 INFO calculating the utility values
2023-10-09 18:46:27 INFO Inside the Analyzer: Performing the analysis
2023-10-09 18:46:27 INFO Inside the planner: Generating the adaptation plan
2023-10-09 18:46:27 INFO Inside the Executor: executing the adaptations
2023-10-09 18:46:27 INFO inside add server module
2023-10-09 18:46:27 INFO Server added successfully
2023-10-09 18:46:27 INFO inside change dimer module, change flag increase
2023-10-09 18:47:27 INFO calculating the utility values
2023-10-09 18:47:27 INFO Inside the Analyzer: Performing the analysis
2023-10-09 18:47:27 INFO Inside the planner: Generating the adaptation plan
2023-10-09 18:47:27 INFO Inside the Executor: executing the adaptations
2023-10-09 18:47:27 INFO removing server
2023-10-09 18:47:27 INFO server removed successfully
2023-10-09 18:47:27 INFO inside change dimer module, change flag decrease
2023-10-09 18:48:27 INFO calculating the utility values
2023-10-09 18:48:27 INFO Inside the Analyzer: Performing the analysis
2023-10-09 18:48:27 INFO Inside the planner: Generating the adaptation plan
2023-10-09 18:48:27 INFO Inside the Executor: executing the adaptations
2023-10-09 18:48:27 INFO inside change dimer module, change flag increase
2023-10-09 18:49:27 INFO calculating the utility values
2023-10-09 18:49:27 INFO Inside the Analyzer: Performing the analysis
2023-10-09 18:49:28 INFO Inside the planner: Generating the adaptation plan
2023-10-09 18:49:28 INFO Inside the Executor: executing the adaptations
2023-10-09 18:49:28 INFO inside add server module
2023-10-09 18:49:28 INFO Server added successfully
2023-10-09 18:50:28 INFO calculating the utility values
2023-10-09 18:50:28 INFO Inside the Analyzer: Performing the analysis
2023-10-09 18:50:28 INFO Inside the planner: Generating the adaptation plan
2023-10-09 18:50:28 INFO Inside the Executor: executing the adaptations
2023-10-09 18:50:28 INFO removing server
2023-10-09 18:50:28 INFO server removed successfully
2023-10-09 18:50:28 INFO inside change dimer module, change flag decrease
2023-10-09 18:51:28 INFO calculating the utility values
2023-10-09 18:51:28 INFO Inside the Analyzer: Performing the analysis
2023-10-09 18:51:28 INFO Inside the planner: Generating the adaptation plan
2023-10-09 18:51:28 INFO Inside the Executor: executing the adaptations
2023-10-09 18:51:28 INFO inside add server module
2023-10-09 18:51:28 INFO Server added successfully
2023-10-09 18:52:28 INFO calculating the utility values
2023-10-09 18:52:28 INFO Inside the Analyzer: Performing the analysis
2023-10-09 18:52:28 INFO Inside the planner: Generating the adaptation plan
2023-10-09 18:52:28 INFO Inside the Executor: executing the adaptations
2023-10-09 18:52:28 INFO removing server
2023-10-09 18:52:28 INFO server removed successfully
2023-10-09 18:53:28 INFO calculating the utility values
2023-10-09 18:53:28 INFO Inside the Analyzer: Performing the analysis
2023-10-09 18:53:28 INFO Inside the planner: Generating the adaptation plan
2023-10-09 18:53:28 INFO Inside the Executor: executing the adaptations
2023-10-09 18:53:28 INFO inside change dimer module, change flag increase
2023-10-09 18:54:28 INFO calculating the utility values
2023-10-09 18:54:28 INFO Inside the Analyzer: Performing the analysis
2023-10-09 18:54:28 INFO Inside the planner: Generating the adaptation plan
2023-10-09 18:54:28 INFO No adaptation required
2023-10-09 18:55:28 INFO calculating the utility values
2023-10-09 18:55:28 INFO Inside the Analyzer: Performing the analysis
2023-10-09 18:55:28 INFO Inside the planner: Generating the adaptation plan
2023-10-09 18:55:28 INFO No adaptation required
2023-10-09 18:56:28 INFO calculating the utility values
2023-10-09 18:56:28 INFO Inside the Analyzer: Performing the analysis
2023-10-09 18:56:28 INFO Inside the planner: Generating the adaptation plan
2023-10-09 18:56:28 INFO No adaptation required
2023-10-09 18:57:28 INFO calculating the utility values
2023-10-09 18:57:28 INFO Inside the Analyzer: Performing the analysis
2023-10-09 18:57:28 INFO Inside the planner: Generating the adaptation plan
2023-10-09 18:57:28 INFO Inside the Executor: executing the adaptations
2023-10-09 18:57:28 INFO inside add server module
2023-10-09 18:57:28 INFO Server added successfully
2023-10-09 18:57:28 INFO inside change dimer module, change flag increase
2023-10-09 18:58:28 INFO calculating the utility values
2023-10-09 18:58:28 INFO Inside the Analyzer: Performing the analysis
2023-10-09 18:58:28 INFO Inside the planner: Generating the adaptation plan
2023-10-09 18:58:28 INFO Inside the Executor: executing the adaptations
2023-10-09 18:58:28 INFO inside change dimer module, change flag decrease
2023-10-09 18:59:28 INFO calculating the utility values
2023-10-09 18:59:28 INFO Inside the Analyzer: Performing the analysis
2023-10-09 18:59:28 INFO Inside the planner: Generating the adaptation plan
2023-10-09 18:59:28 INFO No adaptation required
2023-10-09 19:00:28 INFO calculating the utility values
2023-10-09 19:00:28 INFO Inside the Analyzer: Performing the analysis
2023-10-09 19:00:28 INFO Inside the planner: Generating the adaptation plan
2023-10-09 19:00:28 INFO No adaptation required
2023-10-09 19:01:28 INFO calculating the utility values
2023-10-09 19:01:28 INFO Inside the Analyzer: Performing the analysis
2023-10-09 19:01:28 INFO Inside the planner: Generating the adaptation plan
2023-10-09 19:01:28 INFO Inside the Executor: executing the adaptations
2023-10-09 19:01:28 INFO removing server
2023-10-09 19:01:28 INFO server removed successfully
2023-10-09 19:01:28 INFO inside change dimer module, change flag decrease
2023-10-09 19:02:28 INFO calculating the utility values
2023-10-09 19:02:28 INFO Inside the Analyzer: Performing the analysis
2023-10-09 19:02:28 INFO Inside the planner: Generating the adaptation plan
2023-10-09 19:02:28 INFO Inside the Executor: executing the adaptations
2023-10-09 19:02:28 INFO inside change dimer module, change flag increase
2023-10-09 19:03:28 INFO calculating the utility values
2023-10-09 19:03:28 INFO Inside the Analyzer: Performing the analysis
2023-10-09 19:03:28 INFO Inside the planner: Generating the adaptation plan
2023-10-09 19:03:28 INFO No adaptation required
2023-10-09 19:04:28 INFO calculating the utility values
2023-10-09 19:04:28 INFO Inside the Analyzer: Performing the analysis
2023-10-09 19:04:28 INFO Inside the planner: Generating the adaptation plan
2023-10-09 19:04:28 INFO Inside the Executor: executing the adaptations
2023-10-09 19:04:28 INFO inside change dimer module, change flag increase
2023-10-09 19:05:28 INFO calculating the utility values
2023-10-09 19:05:28 INFO Inside the Analyzer: Performing the analysis
2023-10-09 19:05:28 INFO Inside the planner: Generating the adaptation plan
2023-10-09 19:05:28 INFO Inside the Executor: executing the adaptations
2023-10-09 19:05:28 INFO inside add server module
2023-10-09 19:05:28 INFO Server added successfully
2023-10-09 19:05:28 INFO inside change dimer module, change flag decrease
2023-10-09 19:06:28 INFO calculating the utility values
2023-10-09 19:06:28 INFO Inside the Analyzer: Performing the analysis
2023-10-09 19:06:28 INFO Inside the planner: Generating the adaptation plan
2023-10-09 19:06:28 INFO Inside the Executor: executing the adaptations
2023-10-09 19:06:28 INFO removing server
2023-10-09 19:06:28 INFO server removed successfully
2023-10-09 19:06:28 INFO inside change dimer module, change flag increase
2023-10-09 19:07:28 INFO calculating the utility values
2023-10-09 19:07:28 INFO Inside the Analyzer: Performing the analysis
2023-10-09 19:07:28 INFO Inside the planner: Generating the adaptation plan
2023-10-09 19:07:28 INFO No adaptation required
2023-10-09 19:08:28 INFO calculating the utility values
2023-10-09 19:08:28 INFO Inside the Analyzer: Performing the analysis
2023-10-09 19:08:28 INFO Inside the planner: Generating the adaptation plan
2023-10-09 19:08:28 INFO Inside the Executor: executing the adaptations
2023-10-09 19:08:28 INFO inside add server module
2023-10-09 19:08:28 INFO Server added successfully
2023-10-09 19:08:28 INFO inside change dimer module, change flag decrease
2023-10-09 19:09:28 INFO calculating the utility values
2023-10-09 19:09:28 INFO Inside the Analyzer: Performing the analysis
2023-10-09 19:09:28 INFO Inside the planner: Generating the adaptation plan
2023-10-09 19:09:28 INFO Inside the Executor: executing the adaptations
2023-10-09 19:09:28 INFO inside add server module
2023-10-09 19:09:28 INFO Server added successfully
2023-10-09 19:10:28 INFO calculating the utility values
2023-10-09 19:10:28 INFO Inside the Analyzer: Performing the analysis
2023-10-09 19:10:28 INFO Inside the planner: Generating the adaptation plan
2023-10-09 19:10:28 INFO No adaptation required
2023-10-09 19:11:28 INFO calculating the utility values
2023-10-09 19:11:28 INFO Inside the Analyzer: Performing the analysis
2023-10-09 19:11:28 INFO Inside the planner: Generating the adaptation plan
2023-10-09 19:11:28 INFO Inside the Executor: executing the adaptations
2023-10-09 19:11:28 INFO removing server
2023-10-09 19:11:28 INFO server removed successfully
2023-10-09 19:12:28 INFO calculating the utility values
2023-10-09 19:12:28 INFO Inside the Analyzer: Performing the analysis
2023-10-09 19:12:28 INFO Inside the planner: Generating the adaptation plan
2023-10-09 19:12:28 INFO Inside the Executor: executing the adaptations
2023-10-09 19:12:28 INFO inside add server module
2023-10-09 19:12:28 INFO Server added successfully
2023-10-09 19:12:28 INFO inside change dimer module, change flag decrease
2023-10-09 19:13:28 INFO calculating the utility values
2023-10-09 19:13:28 INFO Inside the Analyzer: Performing the analysis
2023-10-09 19:13:28 INFO Inside the planner: Generating the adaptation plan
2023-10-09 19:13:28 INFO Inside the Executor: executing the adaptations
2023-10-09 19:13:28 INFO inside change dimer module, change flag increase
2023-10-09 19:14:28 INFO calculating the utility values
2023-10-09 19:14:28 INFO Inside the Analyzer: Performing the analysis
2023-10-09 19:14:28 INFO Inside the planner: Generating the adaptation plan
2023-10-09 19:14:28 INFO Inside the Executor: executing the adaptations
2023-10-09 19:14:28 INFO removing server
2023-10-09 19:14:28 INFO server removed successfully
2023-10-09 19:14:28 INFO inside change dimer module, change flag increase
2023-10-09 19:15:28 INFO calculating the utility values
2023-10-09 19:15:28 INFO Inside the Analyzer: Performing the analysis
2023-10-09 19:15:28 INFO Inside the planner: Generating the adaptation plan
2023-10-09 19:15:28 INFO Inside the Executor: executing the adaptations
2023-10-09 19:15:28 INFO inside add server module
2023-10-09 19:15:28 INFO Server added successfully
2023-10-09 19:15:28 INFO inside change dimer module, change flag increase
2023-10-09 19:16:28 INFO calculating the utility values
2023-10-09 19:16:28 INFO Inside the Analyzer: Performing the analysis
2023-10-09 19:16:28 INFO Inside the planner: Generating the adaptation plan
2023-10-09 19:16:28 INFO Inside the Executor: executing the adaptations
2023-10-09 19:16:28 INFO removing server
2023-10-09 19:16:28 INFO server removed successfully
2023-10-09 19:16:28 INFO inside change dimer module, change flag increase
2023-10-09 19:17:28 INFO calculating the utility values
2023-10-09 19:17:28 INFO Inside the Analyzer: Performing the analysis
2023-10-09 19:17:28 INFO Inside the planner: Generating the adaptation plan
2023-10-09 19:17:28 INFO No adaptation required
2023-10-09 19:18:28 INFO calculating the utility values
2023-10-09 19:18:28 INFO Inside the Analyzer: Performing the analysis
2023-10-09 19:18:28 INFO Inside the planner: Generating the adaptation plan
2023-10-09 19:18:28 INFO Inside the Executor: executing the adaptations
2023-10-09 19:18:28 INFO inside change dimer module, change flag decrease
2023-10-09 19:19:28 INFO calculating the utility values
2023-10-09 19:19:28 INFO Inside the Analyzer: Performing the analysis
2023-10-09 19:19:28 INFO Inside the planner: Generating the adaptation plan
2023-10-09 19:19:28 INFO Inside the Executor: executing the adaptations
2023-10-09 19:19:28 INFO removing server
2023-10-09 19:19:28 INFO server removed successfully
2023-10-09 19:20:28 INFO calculating the utility values
2023-10-09 19:20:28 INFO Inside the Analyzer: Performing the analysis
2023-10-09 19:20:28 INFO Inside the planner: Generating the adaptation plan
2023-10-09 19:20:28 INFO Inside the Executor: executing the adaptations
2023-10-09 19:20:28 INFO inside add server module
2023-10-09 19:20:28 INFO Server added successfully
2023-10-09 19:21:28 INFO calculating the utility values
2023-10-09 19:21:28 INFO Inside the Analyzer: Performing the analysis
2023-10-09 19:21:28 INFO Inside the planner: Generating the adaptation plan
2023-10-09 19:21:28 INFO No adaptation required
2023-10-09 19:22:28 INFO calculating the utility values
2023-10-09 19:22:28 INFO Inside the Analyzer: Performing the analysis
2023-10-09 19:22:28 INFO Inside the planner: Generating the adaptation plan
2023-10-09 19:22:28 INFO Inside the Executor: executing the adaptations
2023-10-09 19:22:28 INFO inside add server module
2023-10-09 19:22:28 INFO Server added successfully
2023-10-09 19:22:28 INFO inside change dimer module, change flag decrease
2023-10-09 19:23:28 INFO calculating the utility values
2023-10-09 19:23:28 INFO Inside the Analyzer: Performing the analysis
2023-10-09 19:23:28 INFO Inside the planner: Generating the adaptation plan
2023-10-09 19:23:28 INFO Inside the Executor: executing the adaptations
2023-10-09 19:23:28 INFO inside change dimer module, change flag decrease
2023-10-09 19:24:28 INFO calculating the utility values
2023-10-09 19:24:28 INFO Inside the Analyzer: Performing the analysis
2023-10-09 19:24:28 INFO Inside the planner: Generating the adaptation plan
2023-10-09 19:24:28 INFO Inside the Executor: executing the adaptations
2023-10-09 19:24:28 INFO removing server
2023-10-09 19:24:28 INFO server removed successfully
2023-10-09 19:25:28 INFO calculating the utility values
2023-10-09 19:25:28 INFO Inside the Analyzer: Performing the analysis
2023-10-09 19:25:28 INFO Inside the planner: Generating the adaptation plan
2023-10-09 19:25:28 INFO Inside the Executor: executing the adaptations
2023-10-09 19:25:28 INFO inside change dimer module, change flag increase
2023-10-09 19:26:28 INFO calculating the utility values
2023-10-09 19:26:28 INFO Inside the Analyzer: Performing the analysis
2023-10-09 19:26:28 INFO Inside the planner: Generating the adaptation plan
2023-10-09 19:26:28 INFO Inside the Executor: executing the adaptations
2023-10-09 19:26:28 INFO inside add server module
2023-10-09 19:26:28 INFO Server added successfully
2023-10-09 19:27:28 INFO calculating the utility values
2023-10-09 19:27:28 INFO Inside the Analyzer: Performing the analysis
2023-10-09 19:27:28 INFO Inside the planner: Generating the adaptation plan
2023-10-09 19:27:28 INFO No adaptation required
2023-10-09 19:28:28 INFO calculating the utility values
2023-10-09 19:28:28 INFO Inside the Analyzer: Performing the analysis
2023-10-09 19:28:28 INFO Inside the planner: Generating the adaptation plan
2023-10-09 19:28:28 INFO Inside the Executor: executing the adaptations
2023-10-09 19:28:28 INFO inside change dimer module, change flag increase
2023-10-09 19:29:28 INFO calculating the utility values
2023-10-09 19:29:28 INFO Inside the Analyzer: Performing the analysis
2023-10-09 19:29:28 INFO Inside the planner: Generating the adaptation plan
2023-10-09 19:29:28 INFO Inside the Executor: executing the adaptations
2023-10-09 19:29:28 INFO inside change dimer module, change flag decrease
2023-10-09 19:30:28 INFO calculating the utility values
2023-10-09 19:30:28 INFO Inside the Analyzer: Performing the analysis
2023-10-09 19:30:28 INFO Inside the planner: Generating the adaptation plan
2023-10-09 19:30:28 INFO Inside the Executor: executing the adaptations
2023-10-09 19:30:28 INFO removing server
2023-10-09 19:30:28 INFO server removed successfully
2023-10-09 19:31:28 INFO calculating the utility values
2023-10-09 19:31:28 INFO Inside the Analyzer: Performing the analysis
2023-10-09 19:31:28 INFO Inside the planner: Generating the adaptation plan
2023-10-09 19:31:28 INFO Inside the Executor: executing the adaptations
2023-10-09 19:31:28 INFO inside add server module
2023-10-09 19:31:28 INFO Server added successfully
2023-10-09 19:31:28 INFO inside change dimer module, change flag increase
2023-10-09 19:32:28 INFO calculating the utility values
2023-10-09 19:32:28 INFO Inside the Analyzer: Performing the analysis
2023-10-09 19:32:28 INFO Inside the planner: Generating the adaptation plan
2023-10-09 19:32:28 INFO Inside the Executor: executing the adaptations
2023-10-09 19:32:28 INFO inside change dimer module, change flag decrease
2023-10-09 19:33:28 INFO calculating the utility values
2023-10-09 19:33:28 INFO Inside the Analyzer: Performing the analysis
2023-10-09 19:33:28 INFO Inside the planner: Generating the adaptation plan
2023-10-09 19:33:28 INFO Inside the Executor: executing the adaptations
2023-10-09 19:33:28 INFO removing server
2023-10-09 19:33:28 INFO server removed successfully
2023-10-09 19:34:28 INFO calculating the utility values
2023-10-09 19:34:28 INFO Inside the Analyzer: Performing the analysis
2023-10-09 19:34:28 INFO Inside the planner: Generating the adaptation plan
2023-10-09 19:34:28 INFO Inside the Executor: executing the adaptations
2023-10-09 19:34:28 INFO inside add server module
2023-10-09 19:34:28 INFO Server added successfully
2023-10-09 19:34:28 INFO inside change dimer module, change flag increase
2023-10-09 19:35:28 INFO calculating the utility values
2023-10-09 19:35:28 INFO Inside the Analyzer: Performing the analysis
2023-10-09 19:35:28 INFO Inside the planner: Generating the adaptation plan
2023-10-09 19:35:28 INFO Inside the Executor: executing the adaptations
2023-10-09 19:35:28 INFO removing server
2023-10-09 19:35:28 INFO server removed successfully
2023-10-09 19:35:28 INFO inside change dimer module, change flag increase
2023-10-09 19:36:28 INFO calculating the utility values
2023-10-09 19:36:28 INFO Inside the Analyzer: Performing the analysis
2023-10-09 19:36:28 INFO Inside the planner: Generating the adaptation plan
2023-10-09 19:36:28 INFO Inside the Executor: executing the adaptations
2023-10-09 19:36:28 INFO inside add server module
2023-10-09 19:36:28 INFO Server added successfully
2023-10-09 19:37:28 INFO calculating the utility values
2023-10-09 19:37:28 INFO Inside the Analyzer: Performing the analysis
2023-10-09 19:37:28 INFO Inside the planner: Generating the adaptation plan
2023-10-09 19:37:28 INFO Inside the Executor: executing the adaptations
2023-10-09 19:37:28 INFO inside change dimer module, change flag increase
2023-10-09 19:38:28 INFO calculating the utility values
2023-10-09 19:38:28 INFO Inside the Analyzer: Performing the analysis
2023-10-09 19:38:28 INFO Inside the planner: Generating the adaptation plan
2023-10-09 19:38:28 INFO Inside the Executor: executing the adaptations
2023-10-09 19:38:28 INFO inside change dimer module, change flag decrease
2023-10-09 19:39:28 INFO calculating the utility values
2023-10-09 19:39:28 INFO Inside the Analyzer: Performing the analysis
2023-10-09 19:39:28 INFO Inside the planner: Generating the adaptation plan
2023-10-09 19:39:28 INFO Inside the Executor: executing the adaptations
2023-10-09 19:39:28 INFO removing server
2023-10-09 19:39:28 INFO server removed successfully
2023-10-09 19:40:28 INFO calculating the utility values
2023-10-09 19:40:28 INFO Inside the Analyzer: Performing the analysis
2023-10-09 19:40:28 INFO Inside the planner: Generating the adaptation plan
2023-10-09 19:40:28 INFO Inside the Executor: executing the adaptations
2023-10-09 19:40:28 INFO inside change dimer module, change flag increase
2023-10-09 19:41:28 INFO calculating the utility values
2023-10-09 19:41:28 INFO Inside the Analyzer: Performing the analysis
2023-10-09 19:41:28 INFO Inside the planner: Generating the adaptation plan
2023-10-09 19:41:28 INFO Inside the Executor: executing the adaptations
2023-10-09 19:41:28 INFO inside add server module
2023-10-09 19:41:28 INFO Server added successfully
2023-10-09 19:41:28 INFO inside change dimer module, change flag decrease
2023-10-09 19:42:28 INFO calculating the utility values
2023-10-09 19:42:28 INFO Inside the Analyzer: Performing the analysis
2023-10-09 19:42:28 INFO Inside the planner: Generating the adaptation plan
2023-10-09 19:42:28 INFO Inside the Executor: executing the adaptations
2023-10-09 19:42:28 INFO removing server
2023-10-09 19:42:28 INFO server removed successfully
2023-10-09 19:42:28 INFO inside change dimer module, change flag decrease
2023-10-09 19:43:28 INFO calculating the utility values
2023-10-09 19:43:28 INFO Inside the Analyzer: Performing the analysis
2023-10-09 19:43:28 INFO Inside the planner: Generating the adaptation plan
2023-10-09 19:43:28 INFO No adaptation required
2023-10-09 19:44:28 INFO calculating the utility values
2023-10-09 19:44:28 INFO Inside the Analyzer: Performing the analysis
2023-10-09 19:44:28 INFO Inside the planner: Generating the adaptation plan
2023-10-09 19:44:28 INFO Inside the Executor: executing the adaptations
2023-10-09 19:44:28 INFO removing server
2023-10-09 19:44:28 INFO server removed successfully
2023-10-09 19:44:28 INFO inside change dimer module, change flag decrease
2023-10-09 19:45:28 INFO calculating the utility values
2023-10-09 19:45:28 INFO Inside the Analyzer: Performing the analysis
2023-10-09 19:45:28 INFO Inside the planner: Generating the adaptation plan
2023-10-09 19:45:28 INFO Inside the Executor: executing the adaptations
2023-10-09 19:45:28 INFO inside change dimer module, change flag increase
2023-10-09 19:46:28 INFO calculating the utility values
2023-10-09 19:46:28 INFO Inside the Analyzer: Performing the analysis
2023-10-09 19:46:28 INFO Inside the planner: Generating the adaptation plan
2023-10-09 19:46:28 INFO Inside the Executor: executing the adaptations
2023-10-09 19:46:28 INFO inside change dimer module, change flag decrease
2023-10-09 19:47:28 INFO calculating the utility values
2023-10-09 19:47:28 INFO Inside the Analyzer: Performing the analysis
2023-10-09 19:47:28 INFO Inside the planner: Generating the adaptation plan
2023-10-09 19:47:28 INFO Inside the Executor: executing the adaptations
2023-10-09 19:47:28 INFO inside change dimer module, change flag decrease
2023-10-09 19:48:28 INFO calculating the utility values
2023-10-09 19:48:28 INFO Inside the Analyzer: Performing the analysis
2023-10-09 19:48:28 INFO Inside the planner: Generating the adaptation plan
2023-10-09 19:48:28 INFO Inside the Executor: executing the adaptations
2023-10-09 19:48:28 INFO inside add server module
2023-10-09 19:48:28 INFO Server added successfully
2023-10-09 19:48:28 INFO inside change dimer module, change flag decrease
2023-10-09 19:49:28 INFO calculating the utility values
2023-10-09 19:49:28 INFO Inside the Analyzer: Performing the analysis
2023-10-09 19:49:28 INFO Inside the planner: Generating the adaptation plan
2023-10-09 19:49:28 INFO Inside the Executor: executing the adaptations
2023-10-09 19:49:28 INFO inside add server module
2023-10-09 19:49:28 INFO Server added successfully
2023-10-09 19:50:28 ERROR [Errno 104] Connection reset by peer
2023-10-09 19:51:28 ERROR [Errno 104] Connection reset by peer
2023-10-09 19:52:28 ERROR [Errno 104] Connection reset by peer
2023-10-09 19:53:28 ERROR [Errno 104] Connection reset by peer
2023-10-09 19:54:28 ERROR [Errno 104] Connection reset by peer
2023-10-09 19:55:28 ERROR [Errno 104] Connection reset by peer
2023-10-09 19:56:28 ERROR [Errno 104] Connection reset by peer
2023-10-09 19:57:28 ERROR [Errno 104] Connection reset by peer
2023-10-09 19:58:28 ERROR [Errno 104] Connection reset by peer
2023-10-09 19:59:28 ERROR [Errno 104] Connection reset by peer
2023-10-09 20:00:28 ERROR [Errno 104] Connection reset by peer
2023-10-09 20:01:28 ERROR [Errno 104] Connection reset by peer
2023-10-09 20:02:28 ERROR [Errno 104] Connection reset by peer
2023-10-09 20:03:28 ERROR [Errno 104] Connection reset by peer
2023-10-09 20:04:28 ERROR [Errno 104] Connection reset by peer
2023-10-09 20:05:28 ERROR [Errno 104] Connection reset by peer
2023-10-09 20:06:28 ERROR [Errno 104] Connection reset by peer
2023-10-09 20:07:28 ERROR [Errno 104] Connection reset by peer
2023-10-09 20:08:28 ERROR [Errno 104] Connection reset by peer
2023-10-09 20:09:28 ERROR [Errno 104] Connection reset by peer
2023-10-09 20:10:28 ERROR [Errno 104] Connection reset by peer
2023-10-09 20:13:42 DEBUG Logger Initialized
2023-10-09 20:13:42 INFO running the adaptation effector module
2023-10-09 20:13:42 INFO Inside the Analyzer: Performing the analysis
2023-10-09 20:13:42 INFO Inside the planner: Generating the adaptation plan
2023-10-09 20:13:42 INFO Inside the Executor: executing the adaptations
2023-10-09 20:13:42 INFO removing server
2023-10-09 20:13:42 INFO server removed successfully
2023-10-09 20:13:42 INFO inside change dimer module, change flag increase
2023-10-09 20:14:42 INFO calculating the utility values
2023-10-09 20:14:42 INFO Inside the Analyzer: Performing the analysis
2023-10-09 20:14:42 INFO Inside the planner: Generating the adaptation plan
2023-10-09 20:14:42 INFO Inside the Executor: executing the adaptations
2023-10-09 20:14:42 INFO removing server
2023-10-09 20:14:42 INFO server removed successfully
2023-10-09 20:15:42 INFO calculating the utility values
2023-10-09 20:15:42 INFO Inside the Analyzer: Performing the analysis
2023-10-09 20:15:42 INFO Inside the planner: Generating the adaptation plan
2023-10-09 20:15:42 INFO No adaptation required
2023-10-09 20:16:42 INFO calculating the utility values
2023-10-09 20:16:42 INFO Inside the Analyzer: Performing the analysis
2023-10-09 20:16:42 INFO Inside the planner: Generating the adaptation plan
2023-10-09 20:16:42 INFO Inside the Executor: executing the adaptations
2023-10-09 20:17:42 INFO calculating the utility values
2023-10-09 20:17:42 INFO Inside the Analyzer: Performing the analysis
2023-10-09 20:17:42 INFO Inside the planner: Generating the adaptation plan
2023-10-09 20:17:42 INFO No adaptation required
2023-10-09 20:18:42 INFO calculating the utility values
2023-10-09 20:18:43 INFO Inside the Analyzer: Performing the analysis
2023-10-09 20:18:43 INFO Inside the planner: Generating the adaptation plan
2023-10-09 20:18:43 INFO Inside the Executor: executing the adaptations
2023-10-09 20:19:43 INFO calculating the utility values
2023-10-09 20:19:43 INFO Inside the Analyzer: Performing the analysis
2023-10-09 20:19:43 INFO Inside the planner: Generating the adaptation plan
2023-10-09 20:19:43 INFO No adaptation required
2023-10-09 20:20:43 INFO calculating the utility values
2023-10-09 20:20:43 INFO Inside the Analyzer: Performing the analysis
2023-10-09 20:20:43 INFO Inside the planner: Generating the adaptation plan
2023-10-09 20:20:43 INFO Inside the Executor: executing the adaptations
2023-10-09 20:21:43 INFO calculating the utility values
2023-10-09 20:21:43 INFO Inside the Analyzer: Performing the analysis
2023-10-09 20:21:43 INFO Inside the planner: Generating the adaptation plan
2023-10-09 20:21:43 INFO Inside the Executor: executing the adaptations
2023-10-09 20:21:43 INFO inside add server module
2023-10-09 20:21:43 INFO Server added successfully
2023-10-09 20:22:43 INFO calculating the utility values
2023-10-09 20:22:43 INFO Inside the Analyzer: Performing the analysis
2023-10-09 20:22:43 INFO Inside the planner: Generating the adaptation plan
2023-10-09 20:22:43 INFO Inside the Executor: executing the adaptations
2023-10-09 20:22:43 INFO removing server
2023-10-09 20:22:43 INFO server removed successfully
2023-10-09 20:23:43 INFO calculating the utility values
2023-10-09 20:23:43 INFO Inside the Analyzer: Performing the analysis
2023-10-09 20:23:43 INFO Inside the planner: Generating the adaptation plan
2023-10-09 20:23:43 INFO No adaptation required
2023-10-09 20:24:43 INFO calculating the utility values
2023-10-09 20:24:43 INFO Inside the Analyzer: Performing the analysis
2023-10-09 20:24:43 INFO Inside the planner: Generating the adaptation plan
2023-10-09 20:24:43 INFO Inside the Executor: executing the adaptations
2023-10-09 20:25:43 INFO calculating the utility values
2023-10-09 20:25:43 INFO Inside the Analyzer: Performing the analysis
2023-10-09 20:25:43 INFO Inside the planner: Generating the adaptation plan
2023-10-09 20:25:43 INFO Inside the Executor: executing the adaptations
2023-10-09 20:25:43 INFO inside add server module
2023-10-09 20:25:43 INFO Server added successfully
2023-10-09 20:25:43 INFO inside change dimer module, change flag decrease
2023-10-09 20:26:43 INFO calculating the utility values
2023-10-09 20:26:43 INFO Inside the Analyzer: Performing the analysis
2023-10-09 20:26:43 INFO Inside the planner: Generating the adaptation plan
2023-10-09 20:26:43 INFO Inside the Executor: executing the adaptations
2023-10-09 20:26:43 INFO inside change dimer module, change flag increase
2023-10-09 20:27:43 INFO calculating the utility values
2023-10-09 20:27:43 INFO Inside the Analyzer: Performing the analysis
2023-10-09 20:27:43 INFO Inside the planner: Generating the adaptation plan
2023-10-09 20:27:43 INFO Inside the Executor: executing the adaptations
2023-10-09 20:27:43 INFO inside change dimer module, change flag decrease
2023-10-09 20:28:43 INFO calculating the utility values
2023-10-09 20:28:43 INFO Inside the Analyzer: Performing the analysis
2023-10-09 20:28:43 INFO Inside the planner: Generating the adaptation plan
2023-10-09 20:28:43 INFO Inside the Executor: executing the adaptations
2023-10-09 20:28:43 INFO inside add server module
2023-10-09 20:28:43 INFO Server added successfully
2023-10-09 20:28:43 INFO inside change dimer module, change flag decrease
2023-10-09 20:29:43 INFO calculating the utility values
2023-10-09 20:29:43 INFO Inside the Analyzer: Performing the analysis
2023-10-09 20:29:43 INFO Inside the planner: Generating the adaptation plan
2023-10-09 20:29:43 INFO Inside the Executor: executing the adaptations
2023-10-09 20:29:43 INFO inside change dimer module, change flag decrease
2023-10-09 20:30:43 INFO calculating the utility values
2023-10-09 20:30:43 INFO Inside the Analyzer: Performing the analysis
2023-10-09 20:30:43 INFO Inside the planner: Generating the adaptation plan
2023-10-09 20:30:43 INFO Inside the Executor: executing the adaptations
2023-10-09 20:31:43 INFO calculating the utility values
2023-10-09 20:31:43 INFO Inside the Analyzer: Performing the analysis
2023-10-09 20:31:43 INFO Inside the planner: Generating the adaptation plan
2023-10-09 20:31:43 INFO Inside the Executor: executing the adaptations
2023-10-09 20:32:43 INFO calculating the utility values
2023-10-09 20:32:43 INFO Inside the Analyzer: Performing the analysis
2023-10-09 20:32:43 INFO Inside the planner: Generating the adaptation plan
2023-10-09 20:32:43 INFO Inside the Executor: executing the adaptations
2023-10-09 20:33:43 INFO calculating the utility values
2023-10-09 20:33:43 INFO Inside the Analyzer: Performing the analysis
2023-10-09 20:33:43 INFO Inside the planner: Generating the adaptation plan
2023-10-09 20:33:43 INFO Inside the Executor: executing the adaptations
2023-10-09 20:33:43 INFO removing server
2023-10-09 20:33:43 INFO server removed successfully
2023-10-09 20:34:43 INFO calculating the utility values
2023-10-09 20:34:43 INFO Inside the Analyzer: Performing the analysis
2023-10-09 20:34:43 INFO Inside the planner: Generating the adaptation plan
2023-10-09 20:34:43 INFO Inside the Executor: executing the adaptations
2023-10-09 20:34:43 INFO inside change dimer module, change flag increase
2023-10-09 20:35:43 INFO calculating the utility values
2023-10-09 20:35:43 INFO Inside the Analyzer: Performing the analysis
2023-10-09 20:35:43 INFO Inside the planner: Generating the adaptation plan
2023-10-09 20:35:43 INFO Inside the Executor: executing the adaptations
2023-10-09 20:35:43 INFO inside add server module
2023-10-09 20:35:43 INFO Server added successfully
2023-10-09 20:36:43 INFO calculating the utility values
2023-10-09 20:36:43 INFO Inside the Analyzer: Performing the analysis
2023-10-09 20:36:43 INFO Inside the planner: Generating the adaptation plan
2023-10-09 20:36:43 INFO No adaptation required
2023-10-09 20:37:43 INFO calculating the utility values
2023-10-09 20:37:43 INFO Inside the Analyzer: Performing the analysis
2023-10-09 20:37:43 INFO Inside the planner: Generating the adaptation plan
2023-10-09 20:37:43 INFO Inside the Executor: executing the adaptations
2023-10-09 20:37:43 INFO removing server
2023-10-09 20:37:43 INFO server removed successfully
2023-10-09 20:37:43 INFO inside change dimer module, change flag decrease
2023-10-09 20:38:43 INFO calculating the utility values
2023-10-09 20:38:43 INFO Inside the Analyzer: Performing the analysis
2023-10-09 20:38:43 INFO Inside the planner: Generating the adaptation plan
2023-10-09 20:38:43 INFO Inside the Executor: executing the adaptations
2023-10-09 20:38:43 INFO inside add server module
2023-10-09 20:38:43 INFO Server added successfully
2023-10-09 20:39:43 INFO calculating the utility values
2023-10-09 20:39:43 INFO Inside the Analyzer: Performing the analysis
2023-10-09 20:39:43 INFO Inside the planner: Generating the adaptation plan
2023-10-09 20:39:43 INFO Inside the Executor: executing the adaptations
2023-10-09 20:40:43 INFO calculating the utility values
2023-10-09 20:40:43 INFO Inside the Analyzer: Performing the analysis
2023-10-09 20:40:43 INFO Inside the planner: Generating the adaptation plan
2023-10-09 20:40:43 INFO Inside the Executor: executing the adaptations
2023-10-09 20:41:43 INFO calculating the utility values
2023-10-09 20:41:43 INFO Inside the Analyzer: Performing the analysis
2023-10-09 20:41:43 INFO Inside the planner: Generating the adaptation plan
2023-10-09 20:41:43 INFO Inside the Executor: executing the adaptations
2023-10-09 20:42:43 INFO calculating the utility values
2023-10-09 20:42:43 INFO Inside the Analyzer: Performing the analysis
2023-10-09 20:42:43 INFO Inside the planner: Generating the adaptation plan
2023-10-09 20:42:43 INFO Inside the Executor: executing the adaptations
2023-10-09 20:42:43 INFO inside change dimer module, change flag decrease
2023-10-09 20:43:43 INFO calculating the utility values
2023-10-09 20:43:43 INFO Inside the Analyzer: Performing the analysis
2023-10-09 20:43:43 INFO Inside the planner: Generating the adaptation plan
2023-10-09 20:43:43 INFO Inside the Executor: executing the adaptations
2023-10-09 20:43:43 INFO inside change dimer module, change flag decrease
2023-10-09 20:44:43 INFO calculating the utility values
2023-10-09 20:44:43 INFO Inside the Analyzer: Performing the analysis
2023-10-09 20:44:43 INFO Inside the planner: Generating the adaptation plan
2023-10-09 20:44:43 INFO Inside the Executor: executing the adaptations
2023-10-09 20:44:43 INFO inside change dimer module, change flag increase
2023-10-09 20:45:43 INFO calculating the utility values
2023-10-09 20:45:43 INFO Inside the Analyzer: Performing the analysis
2023-10-09 20:45:43 INFO Inside the planner: Generating the adaptation plan
2023-10-09 20:45:43 INFO Inside the Executor: executing the adaptations
2023-10-09 20:45:43 INFO inside change dimer module, change flag decrease
2023-10-09 20:46:43 INFO calculating the utility values
2023-10-09 20:46:43 INFO Inside the Analyzer: Performing the analysis
2023-10-09 20:46:43 INFO Inside the planner: Generating the adaptation plan
2023-10-09 20:46:43 INFO Inside the Executor: executing the adaptations
2023-10-09 20:46:43 INFO inside change dimer module, change flag decrease
2023-10-09 20:47:43 INFO calculating the utility values
2023-10-09 20:47:43 INFO Inside the Analyzer: Performing the analysis
2023-10-09 20:47:43 INFO Inside the planner: Generating the adaptation plan
2023-10-09 20:47:43 INFO No adaptation required
2023-10-09 20:48:43 INFO calculating the utility values
2023-10-09 20:48:43 INFO Inside the Analyzer: Performing the analysis
2023-10-09 20:48:43 INFO Inside the planner: Generating the adaptation plan
2023-10-09 20:48:43 INFO Inside the Executor: executing the adaptations
2023-10-09 20:48:43 INFO inside change dimer module, change flag decrease
2023-10-09 20:49:43 INFO calculating the utility values
2023-10-09 20:49:43 INFO Inside the Analyzer: Performing the analysis
2023-10-09 20:49:43 INFO Inside the planner: Generating the adaptation plan
2023-10-09 20:49:43 INFO No adaptation required
2023-10-09 20:50:43 INFO calculating the utility values
2023-10-09 20:50:43 INFO Inside the Analyzer: Performing the analysis
2023-10-09 20:50:43 INFO Inside the planner: Generating the adaptation plan
2023-10-09 20:50:43 INFO Inside the Executor: executing the adaptations
2023-10-09 20:50:43 INFO inside change dimer module, change flag increase
2023-10-09 20:51:43 INFO calculating the utility values
2023-10-09 20:51:43 INFO Inside the Analyzer: Performing the analysis
2023-10-09 20:51:43 INFO Inside the planner: Generating the adaptation plan
2023-10-09 20:51:43 INFO Inside the Executor: executing the adaptations
2023-10-09 20:51:43 INFO removing server
2023-10-09 20:51:43 INFO server removed successfully
2023-10-09 20:52:43 INFO calculating the utility values
2023-10-09 20:52:43 INFO Inside the Analyzer: Performing the analysis
2023-10-09 20:52:43 INFO Inside the planner: Generating the adaptation plan
2023-10-09 20:52:43 INFO Inside the Executor: executing the adaptations
2023-10-09 20:52:43 INFO inside change dimer module, change flag decrease
2023-10-09 20:53:43 INFO calculating the utility values
2023-10-09 20:53:43 INFO Inside the Analyzer: Performing the analysis
2023-10-09 20:53:43 INFO Inside the planner: Generating the adaptation plan
2023-10-09 20:53:43 INFO Inside the Executor: executing the adaptations
2023-10-09 20:53:43 INFO inside add server module
2023-10-09 20:53:43 INFO Server added successfully
2023-10-09 20:53:43 INFO inside change dimer module, change flag increase
2023-10-09 20:54:43 INFO calculating the utility values
2023-10-09 20:54:43 INFO Inside the Analyzer: Performing the analysis
2023-10-09 20:54:43 INFO Inside the planner: Generating the adaptation plan
2023-10-09 20:54:43 INFO Inside the Executor: executing the adaptations
2023-10-09 20:54:43 INFO inside change dimer module, change flag increase
2023-10-09 20:55:43 INFO calculating the utility values
2023-10-09 20:55:43 INFO Inside the Analyzer: Performing the analysis
2023-10-09 20:55:43 INFO Inside the planner: Generating the adaptation plan
2023-10-09 20:55:43 INFO Inside the Executor: executing the adaptations
2023-10-09 20:55:43 INFO removing server
2023-10-09 20:55:43 INFO server removed successfully
2023-10-09 20:55:43 INFO inside change dimer module, change flag decrease
2023-10-09 20:56:43 INFO calculating the utility values
2023-10-09 20:56:43 INFO Inside the Analyzer: Performing the analysis
2023-10-09 20:56:43 INFO Inside the planner: Generating the adaptation plan
2023-10-09 20:56:43 INFO Inside the Executor: executing the adaptations
2023-10-09 20:56:43 INFO inside change dimer module, change flag decrease
2023-10-09 20:57:43 INFO calculating the utility values
2023-10-09 20:57:43 INFO Inside the Analyzer: Performing the analysis
2023-10-09 20:57:43 INFO Inside the planner: Generating the adaptation plan
2023-10-09 20:57:43 INFO Inside the Executor: executing the adaptations
2023-10-09 20:57:43 INFO removing server
2023-10-09 20:57:43 INFO server removed successfully
2023-10-09 20:57:43 INFO inside change dimer module, change flag increase
2023-10-09 20:58:43 INFO calculating the utility values
2023-10-09 20:58:43 INFO Inside the Analyzer: Performing the analysis
2023-10-09 20:58:43 INFO Inside the planner: Generating the adaptation plan
2023-10-09 20:58:43 INFO Inside the Executor: executing the adaptations
2023-10-09 20:58:43 INFO inside change dimer module, change flag increase
2023-10-09 20:59:43 INFO calculating the utility values
2023-10-09 20:59:43 INFO Inside the Analyzer: Performing the analysis
2023-10-09 20:59:43 INFO Inside the planner: Generating the adaptation plan
2023-10-09 20:59:43 INFO No adaptation required
2023-10-09 21:00:43 INFO calculating the utility values
2023-10-09 21:00:43 INFO Inside the Analyzer: Performing the analysis
2023-10-09 21:00:43 INFO Inside the planner: Generating the adaptation plan
2023-10-09 21:00:43 INFO Inside the Executor: executing the adaptations
2023-10-09 21:00:43 INFO inside add server module
2023-10-09 21:00:43 INFO Server added successfully
2023-10-09 21:01:43 INFO calculating the utility values
2023-10-09 21:01:43 INFO Inside the Analyzer: Performing the analysis
2023-10-09 21:01:43 INFO Inside the planner: Generating the adaptation plan
2023-10-09 21:01:43 INFO Inside the Executor: executing the adaptations
2023-10-09 21:01:43 INFO inside change dimer module, change flag decrease
2023-10-09 21:02:43 INFO calculating the utility values
2023-10-09 21:02:43 INFO Inside the Analyzer: Performing the analysis
2023-10-09 21:02:43 INFO Inside the planner: Generating the adaptation plan
2023-10-09 21:02:43 INFO Inside the Executor: executing the adaptations
2023-10-09 21:02:43 INFO inside add server module
2023-10-09 21:02:43 INFO Server added successfully
2023-10-09 21:02:43 INFO inside change dimer module, change flag decrease
2023-10-09 21:03:43 INFO calculating the utility values
2023-10-09 21:03:43 INFO Inside the Analyzer: Performing the analysis
2023-10-09 21:03:43 INFO Inside the planner: Generating the adaptation plan
2023-10-09 21:03:43 INFO Inside the Executor: executing the adaptations
2023-10-09 21:03:43 INFO inside change dimer module, change flag decrease
2023-10-09 21:04:43 INFO calculating the utility values
2023-10-09 21:04:43 INFO Inside the Analyzer: Performing the analysis
2023-10-09 21:04:43 INFO Inside the planner: Generating the adaptation plan
2023-10-09 21:04:43 INFO Inside the Executor: executing the adaptations
2023-10-09 21:04:43 INFO inside change dimer module, change flag increase
2023-10-09 21:05:43 INFO calculating the utility values
2023-10-09 21:05:43 INFO Inside the Analyzer: Performing the analysis
2023-10-09 21:05:43 INFO Inside the planner: Generating the adaptation plan
2023-10-09 21:05:43 INFO Inside the Executor: executing the adaptations
2023-10-09 21:05:43 INFO inside change dimer module, change flag increase
2023-10-09 21:06:43 INFO calculating the utility values
2023-10-09 21:06:43 INFO Inside the Analyzer: Performing the analysis
2023-10-09 21:06:43 INFO Inside the planner: Generating the adaptation plan
2023-10-09 21:06:43 INFO Inside the Executor: executing the adaptations
2023-10-09 21:07:43 INFO calculating the utility values
2023-10-09 21:07:43 INFO Inside the Analyzer: Performing the analysis
2023-10-09 21:07:43 INFO Inside the planner: Generating the adaptation plan
2023-10-09 21:07:43 INFO No adaptation required
2023-10-09 21:08:43 INFO calculating the utility values
2023-10-09 21:08:43 INFO Inside the Analyzer: Performing the analysis
2023-10-09 21:08:43 INFO Inside the planner: Generating the adaptation plan
2023-10-09 21:08:43 INFO Inside the Executor: executing the adaptations
2023-10-09 21:09:43 INFO calculating the utility values
2023-10-09 21:09:43 INFO Inside the Analyzer: Performing the analysis
2023-10-09 21:09:43 INFO Inside the planner: Generating the adaptation plan
2023-10-09 21:09:43 INFO Inside the Executor: executing the adaptations
2023-10-09 21:10:43 INFO calculating the utility values
2023-10-09 21:10:43 INFO Inside the Analyzer: Performing the analysis
2023-10-09 21:10:43 INFO Inside the planner: Generating the adaptation plan
2023-10-09 21:10:43 INFO Inside the Executor: executing the adaptations
2023-10-09 21:11:43 INFO calculating the utility values
2023-10-09 21:11:43 INFO Inside the Analyzer: Performing the analysis
2023-10-09 21:11:43 INFO Inside the planner: Generating the adaptation plan
2023-10-09 21:11:43 INFO Inside the Executor: executing the adaptations
2023-10-09 21:12:43 INFO calculating the utility values
2023-10-09 21:12:43 INFO Inside the Analyzer: Performing the analysis
2023-10-09 21:12:43 INFO Inside the planner: Generating the adaptation plan
2023-10-09 21:12:43 INFO Inside the Executor: executing the adaptations
2023-10-09 21:13:43 INFO calculating the utility values
2023-10-09 21:13:43 INFO Inside the Analyzer: Performing the analysis
2023-10-09 21:13:43 INFO Inside the planner: Generating the adaptation plan
2023-10-09 21:13:43 INFO Inside the Executor: executing the adaptations
2023-10-09 21:14:43 INFO calculating the utility values
2023-10-09 21:14:43 INFO Inside the Analyzer: Performing the analysis
2023-10-09 21:14:43 INFO Inside the planner: Generating the adaptation plan
2023-10-09 21:14:43 INFO Inside the Executor: executing the adaptations
2023-10-09 21:14:43 INFO inside change dimer module, change flag increase
2023-10-09 21:15:43 INFO calculating the utility values
2023-10-09 21:15:43 INFO Inside the Analyzer: Performing the analysis
2023-10-09 21:15:43 INFO Inside the planner: Generating the adaptation plan
2023-10-09 21:15:43 INFO Inside the Executor: executing the adaptations
2023-10-09 21:15:43 INFO inside change dimer module, change flag decrease
2023-10-09 21:16:43 INFO calculating the utility values
2023-10-09 21:16:43 INFO Inside the Analyzer: Performing the analysis
2023-10-09 21:16:43 INFO Inside the planner: Generating the adaptation plan
2023-10-09 21:16:43 INFO Inside the Executor: executing the adaptations
2023-10-09 21:16:43 INFO removing server
2023-10-09 21:16:43 INFO server removed successfully
2023-10-09 21:16:43 INFO inside change dimer module, change flag decrease
2023-10-09 21:17:43 INFO calculating the utility values
2023-10-09 21:17:43 INFO Inside the Analyzer: Performing the analysis
2023-10-09 21:17:43 INFO Inside the planner: Generating the adaptation plan
2023-10-09 21:17:43 INFO No adaptation required
2023-10-09 21:18:43 INFO calculating the utility values
2023-10-09 21:18:43 INFO Inside the Analyzer: Performing the analysis
2023-10-09 21:18:43 INFO Inside the planner: Generating the adaptation plan
2023-10-09 21:18:43 INFO Inside the Executor: executing the adaptations
2023-10-09 21:18:43 INFO removing server
2023-10-09 21:18:43 INFO server removed successfully
2023-10-09 21:18:43 INFO inside change dimer module, change flag decrease
2023-10-09 21:19:43 INFO calculating the utility values
2023-10-09 21:19:43 INFO Inside the Analyzer: Performing the analysis
2023-10-09 21:19:43 INFO Inside the planner: Generating the adaptation plan
2023-10-09 21:19:43 INFO Inside the Executor: executing the adaptations
2023-10-09 21:19:43 INFO inside add server module
2023-10-09 21:19:43 INFO Server added successfully
2023-10-09 21:19:43 INFO inside change dimer module, change flag decrease
2023-10-09 21:20:43 INFO calculating the utility values
2023-10-09 21:20:43 INFO Inside the Analyzer: Performing the analysis
2023-10-09 21:20:43 INFO Inside the planner: Generating the adaptation plan
2023-10-09 21:20:43 INFO No adaptation required
2023-10-09 21:21:43 INFO calculating the utility values
2023-10-09 21:21:43 INFO Inside the Analyzer: Performing the analysis
2023-10-09 21:21:43 INFO Inside the planner: Generating the adaptation plan
2023-10-09 21:21:43 INFO Inside the Executor: executing the adaptations
2023-10-09 21:21:43 INFO inside add server module
2023-10-09 21:21:43 INFO Server added successfully
2023-10-09 21:21:43 INFO inside change dimer module, change flag decrease
2023-10-09 21:22:43 INFO calculating the utility values
2023-10-09 21:22:43 INFO Inside the Analyzer: Performing the analysis
2023-10-09 21:22:43 INFO Inside the planner: Generating the adaptation plan
2023-10-09 21:22:43 INFO No adaptation required
2023-10-09 21:23:43 INFO calculating the utility values
2023-10-09 21:23:43 INFO Inside the Analyzer: Performing the analysis
2023-10-09 21:23:43 INFO Inside the planner: Generating the adaptation plan
2023-10-09 21:23:43 INFO No adaptation required
2023-10-09 21:24:43 INFO calculating the utility values
2023-10-09 21:24:43 INFO Inside the Analyzer: Performing the analysis
2023-10-09 21:24:43 INFO Inside the planner: Generating the adaptation plan
2023-10-09 21:24:43 INFO No adaptation required
2023-10-09 21:25:43 INFO calculating the utility values
2023-10-09 21:25:43 INFO Inside the Analyzer: Performing the analysis
2023-10-09 21:25:43 INFO Inside the planner: Generating the adaptation plan
2023-10-09 21:25:43 INFO Inside the Executor: executing the adaptations
2023-10-09 21:25:43 INFO inside change dimer module, change flag increase
2023-10-09 21:26:43 INFO calculating the utility values
2023-10-09 21:26:43 INFO Inside the Analyzer: Performing the analysis
2023-10-09 21:26:43 INFO Inside the planner: Generating the adaptation plan
2023-10-09 21:26:43 INFO No adaptation required
2023-10-09 21:27:43 INFO calculating the utility values
2023-10-09 21:27:43 INFO Inside the Analyzer: Performing the analysis
2023-10-09 21:27:43 INFO Inside the planner: Generating the adaptation plan
2023-10-09 21:27:43 INFO Inside the Executor: executing the adaptations
2023-10-09 21:27:43 INFO inside change dimer module, change flag decrease
2023-10-09 21:28:43 INFO calculating the utility values
2023-10-09 21:28:43 INFO Inside the Analyzer: Performing the analysis
2023-10-09 21:28:43 INFO Inside the planner: Generating the adaptation plan
2023-10-09 21:28:43 INFO Inside the Executor: executing the adaptations
2023-10-09 21:28:43 INFO removing server
2023-10-09 21:28:43 INFO server removed successfully
2023-10-09 21:28:43 INFO inside change dimer module, change flag increase
2023-10-09 21:29:43 INFO calculating the utility values
2023-10-09 21:29:43 INFO Inside the Analyzer: Performing the analysis
2023-10-09 21:29:43 INFO Inside the planner: Generating the adaptation plan
2023-10-09 21:29:43 INFO No adaptation required
2023-10-09 21:30:43 INFO calculating the utility values
2023-10-09 21:30:43 INFO Inside the Analyzer: Performing the analysis
2023-10-09 21:30:43 INFO Inside the planner: Generating the adaptation plan
2023-10-09 21:30:43 INFO Inside the Executor: executing the adaptations
2023-10-09 21:30:43 INFO inside change dimer module, change flag increase
2023-10-09 21:31:43 INFO calculating the utility values
2023-10-09 21:31:43 INFO Inside the Analyzer: Performing the analysis
2023-10-09 21:31:43 INFO Inside the planner: Generating the adaptation plan
2023-10-09 21:31:43 INFO No adaptation required
2023-10-09 21:32:43 INFO calculating the utility values
2023-10-09 21:32:43 INFO Inside the Analyzer: Performing the analysis
2023-10-09 21:32:43 INFO Inside the planner: Generating the adaptation plan
2023-10-09 21:32:43 INFO Inside the Executor: executing the adaptations
2023-10-09 21:32:43 INFO inside change dimer module, change flag increase
2023-10-09 21:33:43 INFO calculating the utility values
2023-10-09 21:33:43 INFO Inside the Analyzer: Performing the analysis
2023-10-09 21:33:43 INFO Inside the planner: Generating the adaptation plan
2023-10-09 21:33:43 INFO Inside the Executor: executing the adaptations
2023-10-09 21:33:43 INFO inside add server module
2023-10-09 21:33:43 INFO Server added successfully
2023-10-09 21:33:43 INFO inside change dimer module, change flag increase
2023-10-09 21:34:43 INFO calculating the utility values
2023-10-09 21:34:43 INFO Inside the Analyzer: Performing the analysis
2023-10-09 21:34:43 INFO Inside the planner: Generating the adaptation plan
2023-10-09 21:34:43 INFO Inside the Executor: executing the adaptations
2023-10-09 21:34:43 INFO inside change dimer module, change flag increase
2023-10-09 21:35:43 INFO calculating the utility values
2023-10-09 21:35:43 INFO Inside the Analyzer: Performing the analysis
2023-10-09 21:35:43 INFO Inside the planner: Generating the adaptation plan
2023-10-09 21:35:43 INFO Inside the Executor: executing the adaptations
2023-10-09 21:36:43 INFO calculating the utility values
2023-10-09 21:36:43 INFO Inside the Analyzer: Performing the analysis
2023-10-09 21:36:43 INFO Inside the planner: Generating the adaptation plan
2023-10-09 21:36:43 INFO Inside the Executor: executing the adaptations
2023-10-09 21:36:43 INFO inside change dimer module, change flag decrease
2023-10-09 21:37:43 INFO calculating the utility values
2023-10-09 21:37:43 INFO Inside the Analyzer: Performing the analysis
2023-10-09 21:37:43 INFO Inside the planner: Generating the adaptation plan
2023-10-09 21:37:43 INFO Inside the Executor: executing the adaptations
2023-10-09 21:38:43 INFO calculating the utility values
2023-10-09 21:38:43 INFO Inside the Analyzer: Performing the analysis
2023-10-09 21:38:43 INFO Inside the planner: Generating the adaptation plan
2023-10-09 21:38:43 INFO Inside the Executor: executing the adaptations
2023-10-09 21:38:43 INFO removing server
2023-10-09 21:38:43 INFO server removed successfully
2023-10-09 21:38:43 INFO inside change dimer module, change flag decrease
2023-10-09 21:39:43 INFO calculating the utility values
2023-10-09 21:39:43 INFO Inside the Analyzer: Performing the analysis
2023-10-09 21:39:43 INFO Inside the planner: Generating the adaptation plan
2023-10-09 21:39:43 INFO No adaptation required
2023-10-09 21:40:43 INFO calculating the utility values
2023-10-09 21:40:43 INFO Inside the Analyzer: Performing the analysis
2023-10-09 21:40:43 INFO Inside the planner: Generating the adaptation plan
2023-10-09 21:40:43 INFO Inside the Executor: executing the adaptations
2023-10-09 21:40:43 INFO removing server
2023-10-09 21:40:43 INFO server removed successfully
2023-10-09 21:40:43 INFO inside change dimer module, change flag increase
2023-10-09 21:41:43 INFO calculating the utility values
2023-10-09 21:41:43 INFO Inside the Analyzer: Performing the analysis
2023-10-09 21:41:43 INFO Inside the planner: Generating the adaptation plan
2023-10-09 21:41:43 INFO Inside the Executor: executing the adaptations
2023-10-09 21:41:43 INFO inside change dimer module, change flag increase
2023-10-09 21:42:43 INFO calculating the utility values
2023-10-09 21:42:43 INFO Inside the Analyzer: Performing the analysis
2023-10-09 21:42:43 INFO Inside the planner: Generating the adaptation plan
2023-10-09 21:42:43 INFO No adaptation required
2023-10-09 21:43:43 INFO calculating the utility values
2023-10-09 21:43:43 INFO Inside the Analyzer: Performing the analysis
2023-10-09 21:43:43 INFO Inside the planner: Generating the adaptation plan
2023-10-09 21:43:43 INFO Inside the Executor: executing the adaptations
2023-10-09 21:43:43 INFO inside change dimer module, change flag increase
2023-10-09 21:44:43 INFO calculating the utility values
2023-10-09 21:44:43 INFO Inside the Analyzer: Performing the analysis
2023-10-09 21:44:43 INFO Inside the planner: Generating the adaptation plan
2023-10-09 21:44:43 INFO Inside the Executor: executing the adaptations
2023-10-09 21:44:43 INFO inside change dimer module, change flag decrease
2023-10-09 21:45:43 INFO calculating the utility values
2023-10-09 21:45:43 INFO Inside the Analyzer: Performing the analysis
2023-10-09 21:45:43 INFO Inside the planner: Generating the adaptation plan
2023-10-09 21:45:43 INFO No adaptation required
2023-10-09 21:46:43 INFO calculating the utility values
2023-10-09 21:46:43 INFO Inside the Analyzer: Performing the analysis
2023-10-09 21:46:43 INFO Inside the planner: Generating the adaptation plan
2023-10-09 21:46:43 INFO Inside the Executor: executing the adaptations
2023-10-09 21:46:43 INFO inside change dimer module, change flag increase
2023-10-09 21:47:43 INFO calculating the utility values
2023-10-09 21:47:43 INFO Inside the Analyzer: Performing the analysis
2023-10-09 21:47:43 INFO Inside the planner: Generating the adaptation plan
2023-10-09 21:47:43 INFO Inside the Executor: executing the adaptations
2023-10-09 21:47:43 INFO inside add server module
2023-10-09 21:47:43 INFO Server added successfully
2023-10-09 21:47:43 INFO inside change dimer module, change flag decrease
2023-10-09 21:48:43 INFO calculating the utility values
2023-10-09 21:48:43 INFO Inside the Analyzer: Performing the analysis
2023-10-09 21:48:43 INFO Inside the planner: Generating the adaptation plan
2023-10-09 21:48:43 INFO Inside the Executor: executing the adaptations
2023-10-09 21:48:43 INFO inside change dimer module, change flag increase
2023-10-09 21:49:43 INFO calculating the utility values
2023-10-09 21:49:43 INFO Inside the Analyzer: Performing the analysis
2023-10-09 21:49:43 INFO Inside the planner: Generating the adaptation plan
2023-10-09 21:49:43 INFO Inside the Executor: executing the adaptations
2023-10-09 21:49:43 INFO inside add server module
2023-10-09 21:49:43 INFO Server added successfully
2023-10-09 21:49:43 INFO inside change dimer module, change flag increase
2023-10-09 21:50:43 INFO calculating the utility values
2023-10-09 21:50:43 INFO Inside the Analyzer: Performing the analysis
2023-10-09 21:50:43 INFO Inside the planner: Generating the adaptation plan
2023-10-09 21:50:43 INFO Inside the Executor: executing the adaptations
2023-10-09 21:50:43 INFO removing server
2023-10-09 21:50:43 INFO server removed successfully
2023-10-09 21:51:43 INFO calculating the utility values
2023-10-09 21:51:43 INFO Inside the Analyzer: Performing the analysis
2023-10-09 21:51:43 INFO Inside the planner: Generating the adaptation plan
2023-10-09 21:51:43 INFO Inside the Executor: executing the adaptations
2023-10-09 21:51:43 INFO inside change dimer module, change flag decrease
2023-10-09 21:52:43 INFO calculating the utility values
2023-10-09 21:52:43 INFO Inside the Analyzer: Performing the analysis
2023-10-09 21:52:43 INFO Inside the planner: Generating the adaptation plan
2023-10-09 21:52:43 INFO Inside the Executor: executing the adaptations
2023-10-09 21:52:43 INFO inside add server module
2023-10-09 21:52:43 INFO Server added successfully
2023-10-09 21:53:43 INFO calculating the utility values
2023-10-09 21:53:43 INFO Inside the Analyzer: Performing the analysis
2023-10-09 21:53:43 INFO Inside the planner: Generating the adaptation plan
2023-10-09 21:53:43 INFO Inside the Executor: executing the adaptations
2023-10-09 21:53:43 INFO inside change dimer module, change flag decrease
2023-10-09 21:54:43 INFO calculating the utility values
2023-10-09 21:54:44 INFO Inside the Analyzer: Performing the analysis
2023-10-09 21:54:44 INFO Inside the planner: Generating the adaptation plan
2023-10-09 21:54:44 INFO Inside the Executor: executing the adaptations
2023-10-09 21:54:44 INFO removing server
2023-10-09 21:54:44 INFO server removed successfully
2023-10-09 21:54:44 INFO inside change dimer module, change flag decrease
2023-10-09 21:55:44 INFO calculating the utility values
2023-10-09 21:55:44 INFO Inside the Analyzer: Performing the analysis
2023-10-09 21:55:44 INFO Inside the planner: Generating the adaptation plan
2023-10-09 21:55:44 INFO No adaptation required
2023-10-09 21:56:44 INFO calculating the utility values
2023-10-09 21:56:44 INFO Inside the Analyzer: Performing the analysis
2023-10-09 21:56:44 INFO Inside the planner: Generating the adaptation plan
2023-10-09 21:56:44 INFO Inside the Executor: executing the adaptations
2023-10-09 21:56:44 INFO inside change dimer module, change flag decrease
2023-10-09 21:57:44 INFO calculating the utility values
2023-10-09 21:57:44 INFO Inside the Analyzer: Performing the analysis
2023-10-09 21:57:44 INFO Inside the planner: Generating the adaptation plan
2023-10-09 21:57:44 INFO No adaptation required
2023-10-09 21:58:44 ERROR [Errno 104] Connection reset by peer
2023-10-09 21:59:44 ERROR [Errno 104] Connection reset by peer
2023-10-09 22:00:44 ERROR [Errno 104] Connection reset by peer
2023-10-09 22:01:44 ERROR [Errno 104] Connection reset by peer
2023-10-09 22:02:44 ERROR [Errno 104] Connection reset by peer
2023-10-09 22:03:44 ERROR [Errno 104] Connection reset by peer
2023-10-09 22:04:44 ERROR [Errno 104] Connection reset by peer
2023-10-09 22:05:44 ERROR [Errno 104] Connection reset by peer
2023-10-09 22:06:44 ERROR [Errno 104] Connection reset by peer
2023-10-09 22:07:44 ERROR [Errno 104] Connection reset by peer
2023-10-09 22:08:44 ERROR [Errno 104] Connection reset by peer
2023-10-09 22:09:44 ERROR [Errno 104] Connection reset by peer
2023-10-09 22:10:44 ERROR [Errno 104] Connection reset by peer
2023-10-09 22:11:44 ERROR [Errno 104] Connection reset by peer
2023-10-09 22:12:44 ERROR [Errno 104] Connection reset by peer
2023-10-09 22:13:44 ERROR [Errno 104] Connection reset by peer
2023-10-09 22:14:44 ERROR [Errno 104] Connection reset by peer
2023-10-09 22:15:44 ERROR [Errno 104] Connection reset by peer
2023-10-09 22:16:44 ERROR [Errno 104] Connection reset by peer
2023-10-09 22:17:44 ERROR [Errno 104] Connection reset by peer
2023-10-09 22:18:44 ERROR [Errno 104] Connection reset by peer
2023-10-09 22:19:44 ERROR [Errno 104] Connection reset by peer
2023-10-09 22:20:44 ERROR [Errno 104] Connection reset by peer
2023-10-09 22:21:44 ERROR [Errno 104] Connection reset by peer
2023-10-09 22:22:44 ERROR [Errno 104] Connection reset by peer
2023-10-09 22:23:44 ERROR [Errno 104] Connection reset by peer
2023-10-09 22:24:44 ERROR [Errno 104] Connection reset by peer
2023-10-09 22:25:44 ERROR [Errno 104] Connection reset by peer
2023-10-09 22:26:44 ERROR [Errno 104] Connection reset by peer
2023-10-09 22:27:44 ERROR [Errno 104] Connection reset by peer
2023-10-09 22:28:44 ERROR [Errno 104] Connection reset by peer
2023-10-09 22:29:44 ERROR [Errno 104] Connection reset by peer
2023-10-09 22:30:44 ERROR [Errno 104] Connection reset by peer
2023-10-09 22:31:44 ERROR [Errno 104] Connection reset by peer
2023-10-09 22:32:44 ERROR [Errno 104] Connection reset by peer
2023-10-09 22:33:44 ERROR [Errno 104] Connection reset by peer
2023-10-09 22:34:44 ERROR [Errno 104] Connection reset by peer
2023-10-09 22:35:44 ERROR [Errno 104] Connection reset by peer
2023-10-09 22:36:44 ERROR [Errno 104] Connection reset by peer
2023-10-09 22:37:44 ERROR [Errno 104] Connection reset by peer
2023-10-09 22:38:44 ERROR [Errno 104] Connection reset by peer
2023-10-09 22:39:44 ERROR [Errno 104] Connection reset by peer
2023-10-09 22:40:44 ERROR [Errno 104] Connection reset by peer
2023-10-09 22:41:44 ERROR [Errno 104] Connection reset by peer
2023-10-09 22:42:44 ERROR [Errno 104] Connection reset by peer
2023-10-09 22:43:44 ERROR [Errno 104] Connection reset by peer
2023-10-09 22:44:44 ERROR [Errno 104] Connection reset by peer
2023-10-09 22:45:44 ERROR [Errno 104] Connection reset by peer
2023-10-09 22:46:44 ERROR [Errno 104] Connection reset by peer
2023-10-09 22:47:44 ERROR [Errno 104] Connection reset by peer
2023-10-09 22:48:44 ERROR [Errno 104] Connection reset by peer
2023-10-09 22:49:44 ERROR [Errno 104] Connection reset by peer
2023-10-09 22:50:44 ERROR [Errno 104] Connection reset by peer
2023-10-09 22:51:44 ERROR [Errno 104] Connection reset by peer
2023-10-09 22:52:44 ERROR [Errno 104] Connection reset by peer
2023-10-09 22:53:44 ERROR [Errno 104] Connection reset by peer
2023-10-09 22:54:44 ERROR [Errno 104] Connection reset by peer
2023-10-09 22:55:44 ERROR [Errno 104] Connection reset by peer
2023-10-09 22:56:44 ERROR [Errno 104] Connection reset by peer
2023-10-09 22:57:44 ERROR [Errno 104] Connection reset by peer
2023-10-09 22:58:44 ERROR [Errno 104] Connection reset by peer
2023-10-09 22:59:44 ERROR [Errno 104] Connection reset by peer
2023-10-09 23:00:44 ERROR [Errno 104] Connection reset by peer
2023-10-09 23:01:44 ERROR [Errno 104] Connection reset by peer
2023-10-09 23:02:44 ERROR [Errno 104] Connection reset by peer
2023-10-09 23:03:44 ERROR [Errno 104] Connection reset by peer
2023-10-09 23:04:44 ERROR [Errno 104] Connection reset by peer
2023-10-09 23:05:44 ERROR [Errno 104] Connection reset by peer
2023-10-09 23:06:44 ERROR [Errno 104] Connection reset by peer
2023-10-09 23:07:44 ERROR [Errno 104] Connection reset by peer
2023-10-09 23:08:44 ERROR [Errno 104] Connection reset by peer
2023-10-09 23:09:44 ERROR [Errno 104] Connection reset by peer
