2023-09-24 10:12:07 DEBUG Logger Initialized
2023-09-24 10:12:07 INFO running the adaptation effector module
2023-09-24 10:12:07 INFO Inside the Analyzer: Performing the analysis
2023-09-24 10:12:07 INFO Inside the planner: Generating the adaptation plan
2023-09-24 10:12:07 INFO Inside the Executor: executing the adaptations
2023-09-24 10:12:07 INFO removing server
2023-09-24 10:12:07 INFO server removed successfully
2023-09-24 10:13:08 INFO calculating the utility values
2023-09-24 10:13:08 INFO Inside the Analyzer: Performing the analysis
2023-09-24 10:13:08 INFO Inside the planner: Generating the adaptation plan
2023-09-24 10:13:08 INFO Inside the Executor: executing the adaptations
2023-09-24 10:13:08 INFO removing server
2023-09-24 10:13:08 INFO server removed successfully
2023-09-24 10:13:08 INFO inside change dimer module, change flag increase
2023-09-24 10:14:08 INFO calculating the utility values
2023-09-24 10:14:08 INFO Inside the Analyzer: Performing the analysis
2023-09-24 10:14:08 INFO Inside the planner: Generating the adaptation plan
2023-09-24 10:14:08 INFO Inside the Executor: executing the adaptations
2023-09-24 10:14:08 INFO inside change dimer module, change flag decrease
2023-09-24 10:15:08 INFO calculating the utility values
2023-09-24 10:15:08 INFO Inside the Analyzer: Performing the analysis
2023-09-24 10:15:08 INFO Inside the planner: Generating the adaptation plan
2023-09-24 10:15:08 INFO Inside the Executor: executing the adaptations
2023-09-24 10:15:08 INFO inside add server module
2023-09-24 10:15:08 INFO Server added successfully
2023-09-24 10:16:08 INFO calculating the utility values
2023-09-24 10:16:08 INFO Inside the Analyzer: Performing the analysis
2023-09-24 10:16:08 INFO Inside the planner: Generating the adaptation plan
2023-09-24 10:16:08 INFO No adaptation required
2023-09-24 10:17:08 INFO calculating the utility values
2023-09-24 10:17:08 INFO Inside the Analyzer: Performing the analysis
2023-09-24 10:17:08 INFO Inside the planner: Generating the adaptation plan
2023-09-24 10:17:08 INFO Inside the Executor: executing the adaptations
2023-09-24 10:17:08 INFO inside add server module
2023-09-24 10:17:08 INFO Server added successfully
2023-09-24 10:17:08 INFO inside change dimer module, change flag decrease
2023-09-24 10:18:08 INFO calculating the utility values
2023-09-24 10:18:08 INFO Inside the Analyzer: Performing the analysis
2023-09-24 10:18:08 INFO Inside the planner: Generating the adaptation plan
2023-09-24 10:18:08 INFO Inside the Executor: executing the adaptations
2023-09-24 10:19:08 INFO calculating the utility values
2023-09-24 10:19:08 INFO Inside the Analyzer: Performing the analysis
2023-09-24 10:19:08 INFO Inside the planner: Generating the adaptation plan
2023-09-24 10:19:08 INFO Inside the Executor: executing the adaptations
2023-09-24 10:19:08 INFO removing server
2023-09-24 10:19:08 INFO server removed successfully
2023-09-24 10:20:08 INFO calculating the utility values
2023-09-24 10:20:08 INFO Inside the Analyzer: Performing the analysis
2023-09-24 10:20:08 INFO Inside the planner: Generating the adaptation plan
2023-09-24 10:20:08 INFO Inside the Executor: executing the adaptations
2023-09-24 10:20:08 INFO removing server
2023-09-24 10:20:08 INFO server removed successfully
2023-09-24 10:21:08 INFO calculating the utility values
2023-09-24 10:21:08 INFO Inside the Analyzer: Performing the analysis
2023-09-24 10:21:08 INFO Inside the planner: Generating the adaptation plan
2023-09-24 10:21:08 INFO Inside the Executor: executing the adaptations
2023-09-24 10:21:08 INFO inside add server module
2023-09-24 10:21:08 INFO Server added successfully
2023-09-24 10:21:08 INFO inside change dimer module, change flag decrease
2023-09-24 10:22:08 INFO calculating the utility values
2023-09-24 10:22:08 INFO Inside the Analyzer: Performing the analysis
2023-09-24 10:22:08 INFO Inside the planner: Generating the adaptation plan
2023-09-24 10:22:08 INFO Inside the Executor: executing the adaptations
2023-09-24 10:22:08 INFO inside add server module
2023-09-24 10:22:08 INFO Server added successfully
2023-09-24 10:22:08 INFO inside change dimer module, change flag increase
2023-09-24 10:23:08 INFO calculating the utility values
2023-09-24 10:23:08 INFO Inside the Analyzer: Performing the analysis
2023-09-24 10:23:08 INFO Inside the planner: Generating the adaptation plan
2023-09-24 10:23:08 INFO Inside the Executor: executing the adaptations
2023-09-24 10:24:08 INFO calculating the utility values
2023-09-24 10:24:08 INFO Inside the Analyzer: Performing the analysis
2023-09-24 10:24:08 INFO Inside the planner: Generating the adaptation plan
2023-09-24 10:24:08 INFO Inside the Executor: executing the adaptations
2023-09-24 10:24:08 INFO removing server
2023-09-24 10:24:08 INFO server removed successfully
2023-09-24 10:25:08 INFO calculating the utility values
2023-09-24 10:25:08 INFO Inside the Analyzer: Performing the analysis
2023-09-24 10:25:08 INFO Inside the planner: Generating the adaptation plan
2023-09-24 10:25:08 INFO Inside the Executor: executing the adaptations
2023-09-24 10:25:08 INFO inside add server module
2023-09-24 10:25:08 INFO Server added successfully
2023-09-24 10:25:08 INFO inside change dimer module, change flag decrease
2023-09-24 10:26:08 INFO calculating the utility values
2023-09-24 10:26:08 INFO Inside the Analyzer: Performing the analysis
2023-09-24 10:26:08 INFO Inside the planner: Generating the adaptation plan
2023-09-24 10:26:08 INFO No adaptation required
2023-09-24 10:27:08 INFO calculating the utility values
2023-09-24 10:27:08 INFO Inside the Analyzer: Performing the analysis
2023-09-24 10:27:08 INFO Inside the planner: Generating the adaptation plan
2023-09-24 10:27:08 INFO No adaptation required
2023-09-24 10:28:08 INFO calculating the utility values
2023-09-24 10:28:08 INFO Inside the Analyzer: Performing the analysis
2023-09-24 10:28:08 INFO Inside the planner: Generating the adaptation plan
2023-09-24 10:28:08 INFO Inside the Executor: executing the adaptations
2023-09-24 10:29:08 INFO calculating the utility values
2023-09-24 10:29:08 INFO Inside the Analyzer: Performing the analysis
2023-09-24 10:29:08 INFO Inside the planner: Generating the adaptation plan
2023-09-24 10:29:08 INFO Inside the Executor: executing the adaptations
2023-09-24 10:29:08 INFO removing server
2023-09-24 10:29:08 INFO server removed successfully
2023-09-24 10:29:08 INFO inside change dimer module, change flag decrease
2023-09-24 10:30:08 INFO calculating the utility values
2023-09-24 10:30:08 INFO Inside the Analyzer: Performing the analysis
2023-09-24 10:30:08 INFO Inside the planner: Generating the adaptation plan
2023-09-24 10:30:08 INFO Inside the Executor: executing the adaptations
2023-09-24 10:30:08 INFO removing server
2023-09-24 10:30:08 INFO server removed successfully
2023-09-24 10:31:08 INFO calculating the utility values
2023-09-24 10:31:08 INFO Inside the Analyzer: Performing the analysis
2023-09-24 10:31:08 INFO Inside the planner: Generating the adaptation plan
2023-09-24 10:31:08 INFO Inside the Executor: executing the adaptations
2023-09-24 10:31:08 INFO inside change dimer module, change flag decrease
2023-09-24 10:32:08 INFO calculating the utility values
2023-09-24 10:32:08 INFO Inside the Analyzer: Performing the analysis
2023-09-24 10:32:08 INFO Inside the planner: Generating the adaptation plan
2023-09-24 10:32:08 INFO Inside the Executor: executing the adaptations
2023-09-24 10:32:08 INFO inside change dimer module, change flag decrease
2023-09-24 10:33:08 INFO calculating the utility values
2023-09-24 10:33:08 INFO Inside the Analyzer: Performing the analysis
2023-09-24 10:33:08 INFO Inside the planner: Generating the adaptation plan
2023-09-24 10:33:08 INFO Inside the Executor: executing the adaptations
2023-09-24 10:33:08 INFO inside add server module
2023-09-24 10:33:08 INFO Server added successfully
2023-09-24 10:33:08 INFO inside change dimer module, change flag decrease
2023-09-24 10:34:08 INFO calculating the utility values
2023-09-24 10:34:08 INFO Inside the Analyzer: Performing the analysis
2023-09-24 10:34:08 INFO Inside the planner: Generating the adaptation plan
2023-09-24 10:34:08 INFO No adaptation required
2023-09-24 10:35:08 INFO calculating the utility values
2023-09-24 10:35:08 INFO Inside the Analyzer: Performing the analysis
2023-09-24 10:35:08 INFO Inside the planner: Generating the adaptation plan
2023-09-24 10:35:08 INFO Inside the Executor: executing the adaptations
2023-09-24 10:35:08 INFO inside add server module
2023-09-24 10:35:08 INFO Server added successfully
2023-09-24 10:35:08 INFO inside change dimer module, change flag decrease
2023-09-24 10:36:08 INFO calculating the utility values
2023-09-24 10:36:08 INFO Inside the Analyzer: Performing the analysis
2023-09-24 10:36:08 INFO Inside the planner: Generating the adaptation plan
2023-09-24 10:36:08 INFO Inside the Executor: executing the adaptations
2023-09-24 10:36:08 INFO removing server
2023-09-24 10:36:08 INFO server removed successfully
2023-09-24 10:37:08 INFO calculating the utility values
2023-09-24 10:37:08 INFO Inside the Analyzer: Performing the analysis
2023-09-24 10:37:08 INFO Inside the planner: Generating the adaptation plan
2023-09-24 10:37:08 INFO Inside the Executor: executing the adaptations
2023-09-24 10:37:08 INFO removing server
2023-09-24 10:37:08 INFO server removed successfully
2023-09-24 10:37:08 INFO inside change dimer module, change flag increase
2023-09-24 10:38:08 INFO calculating the utility values
2023-09-24 10:38:08 INFO Inside the Analyzer: Performing the analysis
2023-09-24 10:38:08 INFO Inside the planner: Generating the adaptation plan
2023-09-24 10:38:08 INFO Inside the Executor: executing the adaptations
2023-09-24 10:38:08 INFO inside change dimer module, change flag increase
2023-09-24 10:39:08 INFO calculating the utility values
2023-09-24 10:39:08 INFO Inside the Analyzer: Performing the analysis
2023-09-24 10:39:08 INFO Inside the planner: Generating the adaptation plan
2023-09-24 10:39:08 INFO Inside the Executor: executing the adaptations
2023-09-24 10:39:08 INFO inside change dimer module, change flag increase
2023-09-24 10:40:08 INFO calculating the utility values
2023-09-24 10:40:08 INFO Inside the Analyzer: Performing the analysis
2023-09-24 10:40:08 INFO Inside the planner: Generating the adaptation plan
2023-09-24 10:40:08 INFO Inside the Executor: executing the adaptations
2023-09-24 10:40:08 INFO inside change dimer module, change flag increase
2023-09-24 10:41:08 INFO calculating the utility values
2023-09-24 10:41:08 INFO Inside the Analyzer: Performing the analysis
2023-09-24 10:41:08 INFO Inside the planner: Generating the adaptation plan
2023-09-24 10:41:08 INFO Inside the Executor: executing the adaptations
2023-09-24 10:42:08 INFO calculating the utility values
2023-09-24 10:42:08 INFO Inside the Analyzer: Performing the analysis
2023-09-24 10:42:08 INFO Inside the planner: Generating the adaptation plan
2023-09-24 10:42:08 INFO Inside the Executor: executing the adaptations
2023-09-24 10:42:08 INFO inside change dimer module, change flag increase
2023-09-24 10:43:08 INFO calculating the utility values
2023-09-24 10:43:08 INFO Inside the Analyzer: Performing the analysis
2023-09-24 10:43:08 INFO Inside the planner: Generating the adaptation plan
2023-09-24 10:43:08 INFO Inside the Executor: executing the adaptations
2023-09-24 10:43:08 INFO inside add server module
2023-09-24 10:43:08 INFO Server added successfully
2023-09-24 10:44:08 INFO calculating the utility values
2023-09-24 10:44:08 INFO Inside the Analyzer: Performing the analysis
2023-09-24 10:44:08 INFO Inside the planner: Generating the adaptation plan
2023-09-24 10:44:08 INFO Inside the Executor: executing the adaptations
2023-09-24 10:44:08 INFO inside add server module
2023-09-24 10:44:08 INFO Server added successfully
2023-09-24 10:44:08 INFO inside change dimer module, change flag decrease
2023-09-24 10:45:08 INFO calculating the utility values
2023-09-24 10:45:08 INFO Inside the Analyzer: Performing the analysis
2023-09-24 10:45:08 INFO Inside the planner: Generating the adaptation plan
2023-09-24 10:45:08 INFO Inside the Executor: executing the adaptations
2023-09-24 10:45:08 INFO removing server
2023-09-24 10:45:08 INFO server removed successfully
2023-09-24 10:45:08 INFO inside change dimer module, change flag increase
2023-09-24 10:46:08 INFO calculating the utility values
2023-09-24 10:46:08 INFO Inside the Analyzer: Performing the analysis
2023-09-24 10:46:08 INFO Inside the planner: Generating the adaptation plan
2023-09-24 10:46:08 INFO Inside the Executor: executing the adaptations
2023-09-24 10:46:08 INFO inside change dimer module, change flag decrease
2023-09-24 10:47:08 INFO calculating the utility values
2023-09-24 10:47:08 INFO Inside the Analyzer: Performing the analysis
2023-09-24 10:47:08 INFO Inside the planner: Generating the adaptation plan
2023-09-24 10:47:08 INFO Inside the Executor: executing the adaptations
2023-09-24 10:47:08 INFO inside change dimer module, change flag decrease
2023-09-24 10:48:08 INFO calculating the utility values
2023-09-24 10:48:08 INFO Inside the Analyzer: Performing the analysis
2023-09-24 10:48:08 INFO Inside the planner: Generating the adaptation plan
2023-09-24 10:48:08 INFO Inside the Executor: executing the adaptations
2023-09-24 10:48:08 INFO removing server
2023-09-24 10:48:08 INFO server removed successfully
2023-09-24 10:48:08 INFO inside change dimer module, change flag increase
2023-09-24 10:49:08 INFO calculating the utility values
2023-09-24 10:49:08 INFO Inside the Analyzer: Performing the analysis
2023-09-24 10:49:08 INFO Inside the planner: Generating the adaptation plan
2023-09-24 10:49:08 INFO Inside the Executor: executing the adaptations
2023-09-24 10:49:08 INFO inside change dimer module, change flag decrease
2023-09-24 10:50:08 INFO calculating the utility values
2023-09-24 10:50:08 INFO Inside the Analyzer: Performing the analysis
2023-09-24 10:50:08 INFO Inside the planner: Generating the adaptation plan
2023-09-24 10:50:08 INFO Inside the Executor: executing the adaptations
2023-09-24 10:50:08 INFO inside add server module
2023-09-24 10:50:08 INFO Server added successfully
2023-09-24 10:50:08 INFO inside change dimer module, change flag increase
2023-09-24 10:51:08 INFO calculating the utility values
2023-09-24 10:51:08 INFO Inside the Analyzer: Performing the analysis
2023-09-24 10:51:09 INFO Inside the planner: Generating the adaptation plan
2023-09-24 10:51:09 INFO No adaptation required
2023-09-24 10:52:09 INFO calculating the utility values
2023-09-24 10:52:09 INFO Inside the Analyzer: Performing the analysis
2023-09-24 10:52:09 INFO Inside the planner: Generating the adaptation plan
2023-09-24 10:52:09 INFO Inside the Executor: executing the adaptations
2023-09-24 10:52:09 INFO inside add server module
2023-09-24 10:52:09 INFO Server added successfully
2023-09-24 10:52:09 INFO inside change dimer module, change flag increase
2023-09-24 10:53:09 INFO calculating the utility values
2023-09-24 10:53:09 INFO Inside the Analyzer: Performing the analysis
2023-09-24 10:53:09 INFO Inside the planner: Generating the adaptation plan
2023-09-24 10:53:09 INFO Inside the Executor: executing the adaptations
2023-09-24 10:53:09 INFO removing server
2023-09-24 10:53:09 INFO server removed successfully
2023-09-24 10:54:09 INFO calculating the utility values
2023-09-24 10:54:09 INFO Inside the Analyzer: Performing the analysis
2023-09-24 10:54:09 INFO Inside the planner: Generating the adaptation plan
2023-09-24 10:54:09 INFO Inside the Executor: executing the adaptations
2023-09-24 10:54:09 INFO inside add server module
2023-09-24 10:54:09 INFO Server added successfully
2023-09-24 10:54:09 INFO inside change dimer module, change flag decrease
2023-09-24 10:55:09 INFO calculating the utility values
2023-09-24 10:55:09 INFO Inside the Analyzer: Performing the analysis
2023-09-24 10:55:09 INFO Inside the planner: Generating the adaptation plan
2023-09-24 10:55:09 INFO Inside the Executor: executing the adaptations
2023-09-24 10:56:09 INFO calculating the utility values
2023-09-24 10:56:09 INFO Inside the Analyzer: Performing the analysis
2023-09-24 10:56:09 INFO Inside the planner: Generating the adaptation plan
2023-09-24 10:56:09 INFO Inside the Executor: executing the adaptations
2023-09-24 10:57:09 INFO calculating the utility values
2023-09-24 10:57:09 INFO Inside the Analyzer: Performing the analysis
2023-09-24 10:57:09 INFO Inside the planner: Generating the adaptation plan
2023-09-24 10:57:09 INFO Inside the Executor: executing the adaptations
2023-09-24 10:58:09 INFO calculating the utility values
2023-09-24 10:58:09 INFO Inside the Analyzer: Performing the analysis
2023-09-24 10:58:09 INFO Inside the planner: Generating the adaptation plan
2023-09-24 10:58:09 INFO Inside the Executor: executing the adaptations
2023-09-24 10:59:09 INFO calculating the utility values
2023-09-24 10:59:09 INFO Inside the Analyzer: Performing the analysis
2023-09-24 10:59:09 INFO Inside the planner: Generating the adaptation plan
2023-09-24 10:59:09 INFO Inside the Executor: executing the adaptations
2023-09-24 11:00:09 INFO calculating the utility values
2023-09-24 11:00:09 INFO Inside the Analyzer: Performing the analysis
2023-09-24 11:00:09 INFO Inside the planner: Generating the adaptation plan
2023-09-24 11:00:09 INFO Inside the Executor: executing the adaptations
2023-09-24 11:01:09 INFO calculating the utility values
2023-09-24 11:01:09 INFO Inside the Analyzer: Performing the analysis
2023-09-24 11:01:09 INFO Inside the planner: Generating the adaptation plan
2023-09-24 11:01:09 INFO Inside the Executor: executing the adaptations
2023-09-24 11:02:09 INFO calculating the utility values
2023-09-24 11:02:09 INFO Inside the Analyzer: Performing the analysis
2023-09-24 11:02:09 INFO Inside the planner: Generating the adaptation plan
2023-09-24 11:02:09 INFO Inside the Executor: executing the adaptations
2023-09-24 11:03:09 INFO calculating the utility values
2023-09-24 11:03:09 INFO Inside the Analyzer: Performing the analysis
2023-09-24 11:03:09 INFO Inside the planner: Generating the adaptation plan
2023-09-24 11:03:09 INFO Inside the Executor: executing the adaptations
2023-09-24 11:04:09 INFO calculating the utility values
2023-09-24 11:04:09 INFO Inside the Analyzer: Performing the analysis
2023-09-24 11:04:09 INFO Inside the planner: Generating the adaptation plan
2023-09-24 11:04:09 INFO Inside the Executor: executing the adaptations
2023-09-24 11:05:09 INFO calculating the utility values
2023-09-24 11:05:09 INFO Inside the Analyzer: Performing the analysis
2023-09-24 11:05:09 INFO Inside the planner: Generating the adaptation plan
2023-09-24 11:05:09 INFO No adaptation required
2023-09-24 11:06:09 INFO calculating the utility values
2023-09-24 11:06:09 INFO Inside the Analyzer: Performing the analysis
2023-09-24 11:06:09 INFO Inside the planner: Generating the adaptation plan
2023-09-24 11:06:09 INFO Inside the Executor: executing the adaptations
2023-09-24 11:07:09 INFO calculating the utility values
2023-09-24 11:07:09 INFO Inside the Analyzer: Performing the analysis
2023-09-24 11:07:09 INFO Inside the planner: Generating the adaptation plan
2023-09-24 11:07:09 INFO No adaptation required
2023-09-24 11:08:09 INFO calculating the utility values
2023-09-24 11:08:09 INFO Inside the Analyzer: Performing the analysis
2023-09-24 11:08:09 INFO Inside the planner: Generating the adaptation plan
2023-09-24 11:08:09 INFO Inside the Executor: executing the adaptations
2023-09-24 11:09:09 INFO calculating the utility values
2023-09-24 11:09:09 INFO Inside the Analyzer: Performing the analysis
2023-09-24 11:09:09 INFO Inside the planner: Generating the adaptation plan
2023-09-24 11:09:09 INFO No adaptation required
2023-09-24 11:10:09 INFO calculating the utility values
2023-09-24 11:10:09 INFO Inside the Analyzer: Performing the analysis
2023-09-24 11:10:09 INFO Inside the planner: Generating the adaptation plan
2023-09-24 11:10:09 INFO Inside the Executor: executing the adaptations
2023-09-24 11:11:09 INFO calculating the utility values
2023-09-24 11:11:09 INFO Inside the Analyzer: Performing the analysis
2023-09-24 11:11:09 INFO Inside the planner: Generating the adaptation plan
2023-09-24 11:11:09 INFO No adaptation required
2023-09-24 11:12:09 INFO calculating the utility values
2023-09-24 11:12:09 INFO Inside the Analyzer: Performing the analysis
2023-09-24 11:12:09 INFO Inside the planner: Generating the adaptation plan
2023-09-24 11:12:09 INFO Inside the Executor: executing the adaptations
2023-09-24 11:13:09 INFO calculating the utility values
2023-09-24 11:13:09 INFO Inside the Analyzer: Performing the analysis
2023-09-24 11:13:09 INFO Inside the planner: Generating the adaptation plan
2023-09-24 11:13:09 INFO No adaptation required
2023-09-24 11:14:09 INFO calculating the utility values
2023-09-24 11:14:09 INFO Inside the Analyzer: Performing the analysis
2023-09-24 11:14:09 INFO Inside the planner: Generating the adaptation plan
2023-09-24 11:14:09 INFO Inside the Executor: executing the adaptations
2023-09-24 11:15:09 INFO calculating the utility values
2023-09-24 11:15:09 INFO Inside the Analyzer: Performing the analysis
2023-09-24 11:15:09 INFO Inside the planner: Generating the adaptation plan
2023-09-24 11:15:09 INFO No adaptation required
2023-09-24 11:16:09 INFO calculating the utility values
2023-09-24 11:16:09 INFO Inside the Analyzer: Performing the analysis
2023-09-24 11:16:09 INFO Inside the planner: Generating the adaptation plan
2023-09-24 11:16:09 INFO No adaptation required
2023-09-24 11:17:09 INFO calculating the utility values
2023-09-24 11:17:09 INFO Inside the Analyzer: Performing the analysis
2023-09-24 11:17:09 INFO Inside the planner: Generating the adaptation plan
2023-09-24 11:17:09 INFO Inside the Executor: executing the adaptations
2023-09-24 11:18:09 INFO calculating the utility values
2023-09-24 11:18:09 INFO Inside the Analyzer: Performing the analysis
2023-09-24 11:18:09 INFO Inside the planner: Generating the adaptation plan
2023-09-24 11:18:09 INFO Inside the Executor: executing the adaptations
2023-09-24 11:18:09 INFO removing server
2023-09-24 11:18:09 INFO server removed successfully
2023-09-24 11:19:09 INFO calculating the utility values
2023-09-24 11:19:09 INFO Inside the Analyzer: Performing the analysis
2023-09-24 11:19:09 INFO Inside the planner: Generating the adaptation plan
2023-09-24 11:19:09 INFO No adaptation required
2023-09-24 11:20:09 INFO calculating the utility values
2023-09-24 11:20:09 INFO Inside the Analyzer: Performing the analysis
2023-09-24 11:20:09 INFO Inside the planner: Generating the adaptation plan
2023-09-24 11:20:09 INFO Inside the Executor: executing the adaptations
2023-09-24 11:20:09 INFO removing server
2023-09-24 11:20:09 INFO server removed successfully
2023-09-24 11:21:09 INFO calculating the utility values
2023-09-24 11:21:09 INFO Inside the Analyzer: Performing the analysis
2023-09-24 11:21:09 INFO Inside the planner: Generating the adaptation plan
2023-09-24 11:21:09 INFO No adaptation required
2023-09-24 11:22:09 INFO calculating the utility values
2023-09-24 11:22:09 INFO Inside the Analyzer: Performing the analysis
2023-09-24 11:22:09 INFO Inside the planner: Generating the adaptation plan
2023-09-24 11:22:09 INFO Inside the Executor: executing the adaptations
2023-09-24 11:23:09 INFO calculating the utility values
2023-09-24 11:23:09 INFO Inside the Analyzer: Performing the analysis
2023-09-24 11:23:09 INFO Inside the planner: Generating the adaptation plan
2023-09-24 11:23:09 INFO Inside the Executor: executing the adaptations
2023-09-24 11:23:09 INFO inside add server module
2023-09-24 11:23:09 INFO Server added successfully
2023-09-24 11:23:09 INFO inside change dimer module, change flag increase
2023-09-24 11:24:09 INFO calculating the utility values
2023-09-24 11:24:09 INFO Inside the Analyzer: Performing the analysis
2023-09-24 11:24:09 INFO Inside the planner: Generating the adaptation plan
2023-09-24 11:24:09 INFO No adaptation required
2023-09-24 11:25:09 INFO calculating the utility values
2023-09-24 11:25:09 INFO Inside the Analyzer: Performing the analysis
2023-09-24 11:25:09 INFO Inside the planner: Generating the adaptation plan
2023-09-24 11:25:09 INFO No adaptation required
2023-09-24 11:26:09 INFO calculating the utility values
2023-09-24 11:26:09 INFO Inside the Analyzer: Performing the analysis
2023-09-24 11:26:09 INFO Inside the planner: Generating the adaptation plan
2023-09-24 11:26:09 INFO No adaptation required
2023-09-24 11:27:09 INFO calculating the utility values
2023-09-24 11:27:09 INFO Inside the Analyzer: Performing the analysis
2023-09-24 11:27:09 INFO Inside the planner: Generating the adaptation plan
2023-09-24 11:27:09 INFO No adaptation required
2023-09-24 11:28:09 INFO calculating the utility values
2023-09-24 11:28:09 INFO Inside the Analyzer: Performing the analysis
2023-09-24 11:28:09 INFO Inside the planner: Generating the adaptation plan
2023-09-24 11:28:09 INFO No adaptation required
2023-09-24 11:29:09 INFO calculating the utility values
2023-09-24 11:29:09 INFO Inside the Analyzer: Performing the analysis
2023-09-24 11:29:09 INFO Inside the planner: Generating the adaptation plan
2023-09-24 11:29:09 INFO Inside the Executor: executing the adaptations
2023-09-24 11:29:09 INFO inside add server module
2023-09-24 11:29:09 INFO Server added successfully
2023-09-24 11:30:09 INFO calculating the utility values
2023-09-24 11:30:09 INFO Inside the Analyzer: Performing the analysis
2023-09-24 11:30:09 INFO Inside the planner: Generating the adaptation plan
2023-09-24 11:30:09 INFO No adaptation required
2023-09-24 11:31:09 INFO calculating the utility values
2023-09-24 11:31:09 INFO Inside the Analyzer: Performing the analysis
2023-09-24 11:31:09 INFO Inside the planner: Generating the adaptation plan
2023-09-24 11:31:09 INFO Inside the Executor: executing the adaptations
2023-09-24 11:32:09 INFO calculating the utility values
2023-09-24 11:32:09 INFO Inside the Analyzer: Performing the analysis
2023-09-24 11:32:09 INFO Inside the planner: Generating the adaptation plan
2023-09-24 11:32:09 INFO No adaptation required
2023-09-24 11:33:09 INFO calculating the utility values
2023-09-24 11:33:09 INFO Inside the Analyzer: Performing the analysis
2023-09-24 11:33:09 INFO Inside the planner: Generating the adaptation plan
2023-09-24 11:33:09 INFO Inside the Executor: executing the adaptations
2023-09-24 11:34:09 INFO calculating the utility values
2023-09-24 11:34:09 INFO Inside the Analyzer: Performing the analysis
2023-09-24 11:34:09 INFO Inside the planner: Generating the adaptation plan
2023-09-24 11:34:09 INFO No adaptation required
2023-09-24 11:35:09 INFO calculating the utility values
2023-09-24 11:35:09 INFO Inside the Analyzer: Performing the analysis
2023-09-24 11:35:09 INFO Inside the planner: Generating the adaptation plan
2023-09-24 11:35:09 INFO No adaptation required
2023-09-24 11:36:09 INFO calculating the utility values
2023-09-24 11:36:09 INFO Inside the Analyzer: Performing the analysis
2023-09-24 11:36:09 INFO Inside the planner: Generating the adaptation plan
2023-09-24 11:36:09 INFO No adaptation required
2023-09-24 11:37:09 INFO calculating the utility values
2023-09-24 11:37:09 INFO Inside the Analyzer: Performing the analysis
2023-09-24 11:37:09 INFO Inside the planner: Generating the adaptation plan
2023-09-24 11:37:09 INFO No adaptation required
2023-09-24 11:38:09 INFO calculating the utility values
2023-09-24 11:38:10 INFO Inside the Analyzer: Performing the analysis
2023-09-24 11:38:10 INFO Inside the planner: Generating the adaptation plan
2023-09-24 11:38:10 INFO Inside the Executor: executing the adaptations
2023-09-24 11:39:10 INFO calculating the utility values
2023-09-24 11:39:10 INFO Inside the Analyzer: Performing the analysis
2023-09-24 11:39:10 INFO Inside the planner: Generating the adaptation plan
2023-09-24 11:39:10 INFO No adaptation required
2023-09-24 11:40:10 INFO calculating the utility values
2023-09-24 11:40:10 INFO Inside the Analyzer: Performing the analysis
2023-09-24 11:40:10 INFO Inside the planner: Generating the adaptation plan
2023-09-24 11:40:10 INFO Inside the Executor: executing the adaptations
2023-09-24 11:41:10 INFO calculating the utility values
2023-09-24 11:41:10 INFO Inside the Analyzer: Performing the analysis
2023-09-24 11:41:10 INFO Inside the planner: Generating the adaptation plan
2023-09-24 11:41:10 INFO No adaptation required
2023-09-24 11:42:10 INFO calculating the utility values
2023-09-24 11:42:10 INFO Inside the Analyzer: Performing the analysis
2023-09-24 11:42:10 INFO Inside the planner: Generating the adaptation plan
2023-09-24 11:42:10 INFO Inside the Executor: executing the adaptations
2023-09-24 11:43:10 INFO calculating the utility values
2023-09-24 11:43:10 INFO Inside the Analyzer: Performing the analysis
2023-09-24 11:43:10 INFO Inside the planner: Generating the adaptation plan
2023-09-24 11:43:10 INFO No adaptation required
2023-09-24 11:44:10 INFO calculating the utility values
2023-09-24 11:44:10 INFO Inside the Analyzer: Performing the analysis
2023-09-24 11:44:10 INFO Inside the planner: Generating the adaptation plan
2023-09-24 11:44:10 INFO Inside the Executor: executing the adaptations
2023-09-24 11:45:10 INFO calculating the utility values
2023-09-24 11:45:10 INFO Inside the Analyzer: Performing the analysis
2023-09-24 11:45:10 INFO Inside the planner: Generating the adaptation plan
2023-09-24 11:45:10 INFO No adaptation required
2023-09-24 11:46:10 INFO calculating the utility values
2023-09-24 11:46:10 INFO Inside the Analyzer: Performing the analysis
2023-09-24 11:46:10 INFO Inside the planner: Generating the adaptation plan
2023-09-24 11:46:10 INFO Inside the Executor: executing the adaptations
2023-09-24 11:47:10 INFO calculating the utility values
2023-09-24 11:47:10 INFO Inside the Analyzer: Performing the analysis
2023-09-24 11:47:10 INFO Inside the planner: Generating the adaptation plan
2023-09-24 11:47:10 INFO No adaptation required
2023-09-24 11:48:10 INFO calculating the utility values
2023-09-24 11:48:10 INFO Inside the Analyzer: Performing the analysis
2023-09-24 11:48:10 INFO Inside the planner: Generating the adaptation plan
2023-09-24 11:48:10 INFO Inside the Executor: executing the adaptations
2023-09-24 11:49:10 INFO calculating the utility values
2023-09-24 11:49:10 INFO Inside the Analyzer: Performing the analysis
2023-09-24 11:49:10 INFO Inside the planner: Generating the adaptation plan
2023-09-24 11:49:10 INFO No adaptation required
2023-09-24 11:50:10 INFO calculating the utility values
2023-09-24 11:50:10 INFO Inside the Analyzer: Performing the analysis
2023-09-24 11:50:10 INFO Inside the planner: Generating the adaptation plan
2023-09-24 11:50:10 INFO Inside the Executor: executing the adaptations
2023-09-24 11:51:10 INFO calculating the utility values
2023-09-24 11:51:10 INFO Inside the Analyzer: Performing the analysis
2023-09-24 11:51:10 INFO Inside the planner: Generating the adaptation plan
2023-09-24 11:51:10 INFO No adaptation required
2023-09-24 11:52:10 INFO calculating the utility values
2023-09-24 11:52:10 INFO Inside the Analyzer: Performing the analysis
2023-09-24 11:52:10 INFO Inside the planner: Generating the adaptation plan
2023-09-24 11:52:10 INFO Inside the Executor: executing the adaptations
2023-09-24 11:53:10 INFO calculating the utility values
2023-09-24 11:53:10 INFO Inside the Analyzer: Performing the analysis
2023-09-24 11:53:10 INFO Inside the planner: Generating the adaptation plan
2023-09-24 11:53:10 INFO No adaptation required
2023-09-24 11:54:10 INFO calculating the utility values
2023-09-24 11:54:10 INFO Inside the Analyzer: Performing the analysis
2023-09-24 11:54:10 INFO Inside the planner: Generating the adaptation plan
2023-09-24 11:54:10 INFO Inside the Executor: executing the adaptations
2023-09-24 11:55:10 INFO calculating the utility values
2023-09-24 11:55:10 INFO Inside the Analyzer: Performing the analysis
2023-09-24 11:55:10 INFO Inside the planner: Generating the adaptation plan
2023-09-24 11:55:10 INFO No adaptation required
2023-09-24 11:56:10 INFO calculating the utility values
2023-09-24 11:56:10 INFO Inside the Analyzer: Performing the analysis
2023-09-24 11:56:10 INFO Inside the planner: Generating the adaptation plan
2023-09-24 11:56:10 INFO No adaptation required
2023-09-24 11:57:10 ERROR [Errno 104] Connection reset by peer
2023-09-24 11:58:10 ERROR [Errno 104] Connection reset by peer
2023-09-24 18:33:23 DEBUG Logger Initialized
2023-09-24 18:33:23 INFO running the adaptation effector module
2023-09-24 18:33:23 INFO Inside the Analyzer: Performing the analysis
2023-09-24 18:33:23 INFO Inside the planner: Generating the adaptation plan
2023-09-24 18:33:23 INFO Inside the Executor: executing the adaptations
2023-09-24 18:34:23 INFO calculating the utility values
2023-09-24 18:34:23 INFO Inside the Analyzer: Performing the analysis
2023-09-24 18:34:23 INFO Inside the planner: Generating the adaptation plan
2023-09-24 18:34:23 INFO Inside the Executor: executing the adaptations
2023-09-24 18:35:23 INFO calculating the utility values
2023-09-24 18:35:23 INFO Inside the Analyzer: Performing the analysis
2023-09-24 18:35:23 INFO Inside the planner: Generating the adaptation plan
2023-09-24 18:35:23 INFO Inside the Executor: executing the adaptations
2023-09-24 18:35:23 INFO removing server
2023-09-24 18:35:23 INFO server removed successfully
2023-09-24 18:35:23 INFO inside change dimer module, change flag decrease
2023-09-24 18:36:23 INFO calculating the utility values
2023-09-24 18:36:23 INFO Inside the Analyzer: Performing the analysis
2023-09-24 18:36:23 INFO Inside the planner: Generating the adaptation plan
2023-09-24 18:36:23 INFO Inside the Executor: executing the adaptations
2023-09-24 18:36:23 INFO inside add server module
2023-09-24 18:36:23 INFO Server added successfully
2023-09-24 18:37:23 INFO calculating the utility values
2023-09-24 18:37:23 INFO Inside the Analyzer: Performing the analysis
2023-09-24 18:37:23 INFO Inside the planner: Generating the adaptation plan
2023-09-24 18:37:23 INFO Inside the Executor: executing the adaptations
2023-09-24 18:37:23 INFO inside change dimer module, change flag decrease
2023-09-24 18:38:23 INFO calculating the utility values
2023-09-24 18:38:23 INFO Inside the Analyzer: Performing the analysis
2023-09-24 18:38:23 INFO Inside the planner: Generating the adaptation plan
2023-09-24 18:38:23 INFO Inside the Executor: executing the adaptations
2023-09-24 18:39:23 INFO calculating the utility values
2023-09-24 18:39:23 INFO Inside the Analyzer: Performing the analysis
2023-09-24 18:39:23 INFO Inside the planner: Generating the adaptation plan
2023-09-24 18:39:23 INFO Inside the Executor: executing the adaptations
2023-09-24 18:39:23 INFO removing server
2023-09-24 18:39:23 INFO server removed successfully
2023-09-24 18:40:23 INFO calculating the utility values
2023-09-24 18:40:23 INFO Inside the Analyzer: Performing the analysis
2023-09-24 18:40:23 INFO Inside the planner: Generating the adaptation plan
2023-09-24 18:40:23 INFO No adaptation required
2023-09-24 18:41:23 INFO calculating the utility values
2023-09-24 18:41:23 INFO Inside the Analyzer: Performing the analysis
2023-09-24 18:41:23 INFO Inside the planner: Generating the adaptation plan
2023-09-24 18:41:23 INFO No adaptation required
2023-09-24 18:42:23 INFO calculating the utility values
2023-09-24 18:42:23 INFO Inside the Analyzer: Performing the analysis
2023-09-24 18:42:23 INFO Inside the planner: Generating the adaptation plan
2023-09-24 18:42:23 INFO Inside the Executor: executing the adaptations
2023-09-24 18:42:23 INFO inside change dimer module, change flag increase
2023-09-24 18:43:23 INFO calculating the utility values
2023-09-24 18:43:23 INFO Inside the Analyzer: Performing the analysis
2023-09-24 18:43:23 INFO Inside the planner: Generating the adaptation plan
2023-09-24 18:43:23 INFO Inside the Executor: executing the adaptations
2023-09-24 18:43:23 INFO inside add server module
2023-09-24 18:43:23 INFO Server added successfully
2023-09-24 18:43:23 INFO inside change dimer module, change flag decrease
2023-09-24 18:44:23 INFO calculating the utility values
2023-09-24 18:44:23 INFO Inside the Analyzer: Performing the analysis
2023-09-24 18:44:23 INFO Inside the planner: Generating the adaptation plan
2023-09-24 18:44:23 INFO Inside the Executor: executing the adaptations
2023-09-24 18:45:23 INFO calculating the utility values
2023-09-24 18:45:23 INFO Inside the Analyzer: Performing the analysis
2023-09-24 18:45:23 INFO Inside the planner: Generating the adaptation plan
2023-09-24 18:45:23 INFO No adaptation required
2023-09-24 18:46:23 INFO calculating the utility values
2023-09-24 18:46:23 INFO Inside the Analyzer: Performing the analysis
2023-09-24 18:46:23 INFO Inside the planner: Generating the adaptation plan
2023-09-24 18:46:23 INFO Inside the Executor: executing the adaptations
2023-09-24 18:47:23 INFO calculating the utility values
2023-09-24 18:47:23 INFO Inside the Analyzer: Performing the analysis
2023-09-24 18:47:23 INFO Inside the planner: Generating the adaptation plan
2023-09-24 18:47:23 INFO Inside the Executor: executing the adaptations
2023-09-24 18:47:23 INFO inside change dimer module, change flag increase
2023-09-24 18:48:23 INFO calculating the utility values
2023-09-24 18:48:23 INFO Inside the Analyzer: Performing the analysis
2023-09-24 18:48:23 INFO Inside the planner: Generating the adaptation plan
2023-09-24 18:48:23 INFO Inside the Executor: executing the adaptations
2023-09-24 18:48:23 INFO removing server
2023-09-24 18:48:23 INFO server removed successfully
2023-09-24 18:48:23 INFO inside change dimer module, change flag decrease
2023-09-24 18:49:23 INFO calculating the utility values
2023-09-24 18:49:23 INFO Inside the Analyzer: Performing the analysis
2023-09-24 18:49:23 INFO Inside the planner: Generating the adaptation plan
2023-09-24 18:49:23 INFO Inside the Executor: executing the adaptations
2023-09-24 18:49:23 INFO inside add server module
2023-09-24 18:49:23 INFO Server added successfully
2023-09-24 18:49:23 INFO inside change dimer module, change flag increase
2023-09-24 18:50:23 INFO calculating the utility values
2023-09-24 18:50:23 INFO Inside the Analyzer: Performing the analysis
2023-09-24 18:50:23 INFO Inside the planner: Generating the adaptation plan
2023-09-24 18:50:23 INFO Inside the Executor: executing the adaptations
2023-09-24 18:50:23 INFO inside change dimer module, change flag increase
2023-09-24 18:51:23 INFO calculating the utility values
2023-09-24 18:51:23 INFO Inside the Analyzer: Performing the analysis
2023-09-24 18:51:23 INFO Inside the planner: Generating the adaptation plan
2023-09-24 18:51:23 INFO No adaptation required
2023-09-24 18:52:23 INFO calculating the utility values
2023-09-24 18:52:23 INFO Inside the Analyzer: Performing the analysis
2023-09-24 18:52:23 INFO Inside the planner: Generating the adaptation plan
2023-09-24 18:52:23 INFO No adaptation required
2023-09-24 18:53:23 INFO calculating the utility values
2023-09-24 18:53:23 INFO Inside the Analyzer: Performing the analysis
2023-09-24 18:53:23 INFO Inside the planner: Generating the adaptation plan
2023-09-24 18:53:23 INFO No adaptation required
2023-09-24 18:54:23 INFO calculating the utility values
2023-09-24 18:54:23 INFO Inside the Analyzer: Performing the analysis
2023-09-24 18:54:23 INFO Inside the planner: Generating the adaptation plan
2023-09-24 18:54:23 INFO No adaptation required
2023-09-24 18:55:23 INFO calculating the utility values
2023-09-24 18:55:23 INFO Inside the Analyzer: Performing the analysis
2023-09-24 18:55:23 INFO Inside the planner: Generating the adaptation plan
2023-09-24 18:55:23 INFO Inside the Executor: executing the adaptations
2023-09-24 18:55:23 INFO inside change dimer module, change flag decrease
2023-09-24 18:56:23 INFO calculating the utility values
2023-09-24 18:56:23 INFO Inside the Analyzer: Performing the analysis
2023-09-24 18:56:23 INFO Inside the planner: Generating the adaptation plan
2023-09-24 18:56:23 INFO Inside the Executor: executing the adaptations
2023-09-24 18:56:23 INFO removing server
2023-09-24 18:56:23 INFO server removed successfully
2023-09-24 18:57:23 INFO calculating the utility values
2023-09-24 18:57:23 INFO Inside the Analyzer: Performing the analysis
2023-09-24 18:57:23 INFO Inside the planner: Generating the adaptation plan
2023-09-24 18:57:23 INFO Inside the Executor: executing the adaptations
2023-09-24 18:57:23 INFO inside change dimer module, change flag increase
2023-09-24 18:58:23 INFO calculating the utility values
2023-09-24 18:58:23 INFO Inside the Analyzer: Performing the analysis
2023-09-24 18:58:23 INFO Inside the planner: Generating the adaptation plan
2023-09-24 18:58:23 INFO No adaptation required
2023-09-24 18:59:23 INFO calculating the utility values
2023-09-24 18:59:23 INFO Inside the Analyzer: Performing the analysis
2023-09-24 18:59:23 INFO Inside the planner: Generating the adaptation plan
2023-09-24 18:59:23 INFO Inside the Executor: executing the adaptations
2023-09-24 18:59:23 INFO inside add server module
2023-09-24 18:59:23 INFO Server added successfully
2023-09-24 18:59:23 INFO inside change dimer module, change flag decrease
2023-09-24 19:00:23 INFO calculating the utility values
2023-09-24 19:00:23 INFO Inside the Analyzer: Performing the analysis
2023-09-24 19:00:23 INFO Inside the planner: Generating the adaptation plan
2023-09-24 19:00:23 INFO Inside the Executor: executing the adaptations
2023-09-24 19:00:23 INFO removing server
2023-09-24 19:00:23 INFO server removed successfully
2023-09-24 19:01:23 INFO calculating the utility values
2023-09-24 19:01:23 INFO Inside the Analyzer: Performing the analysis
2023-09-24 19:01:23 INFO Inside the planner: Generating the adaptation plan
2023-09-24 19:01:23 INFO Inside the Executor: executing the adaptations
2023-09-24 19:01:23 INFO inside change dimer module, change flag increase
2023-09-24 19:02:23 INFO calculating the utility values
2023-09-24 19:02:23 INFO Inside the Analyzer: Performing the analysis
2023-09-24 19:02:23 INFO Inside the planner: Generating the adaptation plan
2023-09-24 19:02:23 INFO Inside the Executor: executing the adaptations
2023-09-24 19:02:23 INFO inside add server module
2023-09-24 19:02:23 INFO Server added successfully
2023-09-24 19:03:23 INFO calculating the utility values
2023-09-24 19:03:23 INFO Inside the Analyzer: Performing the analysis
2023-09-24 19:03:23 INFO Inside the planner: Generating the adaptation plan
2023-09-24 19:03:23 INFO Inside the Executor: executing the adaptations
2023-09-24 19:04:23 INFO calculating the utility values
2023-09-24 19:04:23 INFO Inside the Analyzer: Performing the analysis
2023-09-24 19:04:23 INFO Inside the planner: Generating the adaptation plan
2023-09-24 19:04:23 INFO Inside the Executor: executing the adaptations
2023-09-24 19:04:23 INFO removing server
2023-09-24 19:04:23 INFO server removed successfully
2023-09-24 19:04:23 INFO inside change dimer module, change flag increase
2023-09-24 19:05:23 INFO calculating the utility values
2023-09-24 19:05:23 INFO Inside the Analyzer: Performing the analysis
2023-09-24 19:05:23 INFO Inside the planner: Generating the adaptation plan
2023-09-24 19:05:23 INFO No adaptation required
2023-09-24 19:06:23 INFO calculating the utility values
2023-09-24 19:06:23 INFO Inside the Analyzer: Performing the analysis
2023-09-24 19:06:23 INFO Inside the planner: Generating the adaptation plan
2023-09-24 19:06:23 INFO Inside the Executor: executing the adaptations
2023-09-24 19:06:23 INFO removing server
2023-09-24 19:06:23 INFO server removed successfully
2023-09-24 19:07:23 INFO calculating the utility values
2023-09-24 19:07:23 INFO Inside the Analyzer: Performing the analysis
2023-09-24 19:07:23 INFO Inside the planner: Generating the adaptation plan
2023-09-24 19:07:23 INFO Inside the Executor: executing the adaptations
2023-09-24 19:07:23 INFO inside add server module
2023-09-24 19:07:23 INFO Server added successfully
2023-09-24 19:08:23 INFO calculating the utility values
2023-09-24 19:08:23 INFO Inside the Analyzer: Performing the analysis
2023-09-24 19:08:23 INFO Inside the planner: Generating the adaptation plan
2023-09-24 19:08:23 INFO Inside the Executor: executing the adaptations
2023-09-24 19:09:23 INFO calculating the utility values
2023-09-24 19:09:24 INFO Inside the Analyzer: Performing the analysis
2023-09-24 19:09:24 INFO Inside the planner: Generating the adaptation plan
2023-09-24 19:09:24 INFO Inside the Executor: executing the adaptations
2023-09-24 19:09:24 INFO inside add server module
2023-09-24 19:09:24 INFO Server added successfully
2023-09-24 19:10:24 INFO calculating the utility values
2023-09-24 19:10:24 INFO Inside the Analyzer: Performing the analysis
2023-09-24 19:10:24 INFO Inside the planner: Generating the adaptation plan
2023-09-24 19:10:24 INFO No adaptation required
2023-09-24 19:11:24 INFO calculating the utility values
2023-09-24 19:11:24 INFO Inside the Analyzer: Performing the analysis
2023-09-24 19:11:24 INFO Inside the planner: Generating the adaptation plan
2023-09-24 19:11:24 INFO Inside the Executor: executing the adaptations
2023-09-24 19:12:24 INFO calculating the utility values
2023-09-24 19:12:24 INFO Inside the Analyzer: Performing the analysis
2023-09-24 19:12:24 INFO Inside the planner: Generating the adaptation plan
2023-09-24 19:12:24 INFO No adaptation required
2023-09-24 19:13:24 INFO calculating the utility values
2023-09-24 19:13:24 INFO Inside the Analyzer: Performing the analysis
2023-09-24 19:13:24 INFO Inside the planner: Generating the adaptation plan
2023-09-24 19:13:24 INFO Inside the Executor: executing the adaptations
2023-09-24 19:14:24 INFO calculating the utility values
2023-09-24 19:14:24 INFO Inside the Analyzer: Performing the analysis
2023-09-24 19:14:24 INFO Inside the planner: Generating the adaptation plan
2023-09-24 19:14:24 INFO No adaptation required
2023-09-24 19:15:24 INFO calculating the utility values
2023-09-24 19:15:24 INFO Inside the Analyzer: Performing the analysis
2023-09-24 19:15:24 INFO Inside the planner: Generating the adaptation plan
2023-09-24 19:15:24 INFO No adaptation required
2023-09-24 19:16:24 INFO calculating the utility values
2023-09-24 19:16:24 INFO Inside the Analyzer: Performing the analysis
2023-09-24 19:16:24 INFO Inside the planner: Generating the adaptation plan
2023-09-24 19:16:24 INFO No adaptation required
2023-09-24 19:17:24 INFO calculating the utility values
2023-09-24 19:17:24 INFO Inside the Analyzer: Performing the analysis
2023-09-24 19:17:24 INFO Inside the planner: Generating the adaptation plan
2023-09-24 19:17:24 INFO No adaptation required
2023-09-24 19:18:24 INFO calculating the utility values
2023-09-24 19:18:24 INFO Inside the Analyzer: Performing the analysis
2023-09-24 19:18:24 INFO Inside the planner: Generating the adaptation plan
2023-09-24 19:18:24 INFO Inside the Executor: executing the adaptations
2023-09-24 19:19:24 INFO calculating the utility values
2023-09-24 19:19:24 INFO Inside the Analyzer: Performing the analysis
2023-09-24 19:19:24 INFO Inside the planner: Generating the adaptation plan
2023-09-24 19:19:24 INFO No adaptation required
2023-09-24 19:20:24 INFO calculating the utility values
2023-09-24 19:20:24 INFO Inside the Analyzer: Performing the analysis
2023-09-24 19:20:24 INFO Inside the planner: Generating the adaptation plan
2023-09-24 19:20:24 INFO No adaptation required
2023-09-24 19:21:24 INFO calculating the utility values
2023-09-24 19:21:24 INFO Inside the Analyzer: Performing the analysis
2023-09-24 19:21:24 INFO Inside the planner: Generating the adaptation plan
2023-09-24 19:21:24 INFO No adaptation required
2023-09-24 19:22:24 INFO calculating the utility values
2023-09-24 19:22:24 INFO Inside the Analyzer: Performing the analysis
2023-09-24 19:22:24 INFO Inside the planner: Generating the adaptation plan
2023-09-24 19:22:24 INFO No adaptation required
2023-09-24 19:23:24 INFO calculating the utility values
2023-09-24 19:23:24 INFO Inside the Analyzer: Performing the analysis
2023-09-24 19:23:24 INFO Inside the planner: Generating the adaptation plan
2023-09-24 19:23:24 INFO Inside the Executor: executing the adaptations
2023-09-24 19:24:24 INFO calculating the utility values
2023-09-24 19:24:24 INFO Inside the Analyzer: Performing the analysis
2023-09-24 19:24:24 INFO Inside the planner: Generating the adaptation plan
2023-09-24 19:24:24 INFO No adaptation required
2023-09-24 19:25:24 INFO calculating the utility values
2023-09-24 19:25:24 INFO Inside the Analyzer: Performing the analysis
2023-09-24 19:25:24 INFO Inside the planner: Generating the adaptation plan
2023-09-24 19:25:24 INFO No adaptation required
2023-09-24 19:26:24 INFO calculating the utility values
2023-09-24 19:26:24 INFO Inside the Analyzer: Performing the analysis
2023-09-24 19:26:24 INFO Inside the planner: Generating the adaptation plan
2023-09-24 19:26:24 INFO No adaptation required
2023-09-24 19:27:24 INFO calculating the utility values
2023-09-24 19:27:24 INFO Inside the Analyzer: Performing the analysis
2023-09-24 19:27:24 INFO Inside the planner: Generating the adaptation plan
2023-09-24 19:27:24 INFO Inside the Executor: executing the adaptations
2023-09-24 19:27:24 INFO removing server
2023-09-24 19:27:24 INFO server removed successfully
2023-09-24 19:28:24 INFO calculating the utility values
2023-09-24 19:28:24 INFO Inside the Analyzer: Performing the analysis
2023-09-24 19:28:24 INFO Inside the planner: Generating the adaptation plan
2023-09-24 19:28:24 INFO No adaptation required
2023-09-24 19:29:24 INFO calculating the utility values
2023-09-24 19:29:24 INFO Inside the Analyzer: Performing the analysis
2023-09-24 19:29:24 INFO Inside the planner: Generating the adaptation plan
2023-09-24 19:29:24 INFO Inside the Executor: executing the adaptations
2023-09-24 19:29:24 INFO inside add server module
2023-09-24 19:29:24 INFO Server added successfully
2023-09-24 19:29:24 INFO inside change dimer module, change flag decrease
2023-09-24 19:30:24 INFO calculating the utility values
2023-09-24 19:30:24 INFO Inside the Analyzer: Performing the analysis
2023-09-24 19:30:24 INFO Inside the planner: Generating the adaptation plan
2023-09-24 19:30:24 INFO Inside the Executor: executing the adaptations
2023-09-24 19:31:24 INFO calculating the utility values
2023-09-24 19:31:24 INFO Inside the Analyzer: Performing the analysis
2023-09-24 19:31:24 INFO Inside the planner: Generating the adaptation plan
2023-09-24 19:31:24 INFO Inside the Executor: executing the adaptations
2023-09-24 19:31:24 INFO inside change dimer module, change flag decrease
2023-09-24 19:32:24 INFO calculating the utility values
2023-09-24 19:32:24 INFO Inside the Analyzer: Performing the analysis
2023-09-24 19:32:24 INFO Inside the planner: Generating the adaptation plan
2023-09-24 19:32:24 INFO No adaptation required
2023-09-24 19:33:24 INFO calculating the utility values
2023-09-24 19:33:24 INFO Inside the Analyzer: Performing the analysis
2023-09-24 19:33:24 INFO Inside the planner: Generating the adaptation plan
2023-09-24 19:33:24 INFO Inside the Executor: executing the adaptations
2023-09-24 19:33:24 INFO inside change dimer module, change flag decrease
2023-09-24 19:34:24 INFO calculating the utility values
2023-09-24 19:34:24 INFO Inside the Analyzer: Performing the analysis
2023-09-24 19:34:24 INFO Inside the planner: Generating the adaptation plan
2023-09-24 19:34:24 INFO Inside the Executor: executing the adaptations
2023-09-24 19:34:24 INFO inside change dimer module, change flag increase
2023-09-24 19:35:24 INFO calculating the utility values
2023-09-24 19:35:24 INFO Inside the Analyzer: Performing the analysis
2023-09-24 19:35:24 INFO Inside the planner: Generating the adaptation plan
2023-09-24 19:35:24 INFO No adaptation required
2023-09-24 19:36:24 INFO calculating the utility values
2023-09-24 19:36:24 INFO Inside the Analyzer: Performing the analysis
2023-09-24 19:36:24 INFO Inside the planner: Generating the adaptation plan
2023-09-24 19:36:24 INFO Inside the Executor: executing the adaptations
2023-09-24 19:36:24 INFO inside change dimer module, change flag increase
2023-09-24 19:37:24 INFO calculating the utility values
2023-09-24 19:37:24 INFO Inside the Analyzer: Performing the analysis
2023-09-24 19:37:24 INFO Inside the planner: Generating the adaptation plan
2023-09-24 19:37:24 INFO Inside the Executor: executing the adaptations
2023-09-24 19:38:24 INFO calculating the utility values
2023-09-24 19:38:24 INFO Inside the Analyzer: Performing the analysis
2023-09-24 19:38:24 INFO Inside the planner: Generating the adaptation plan
2023-09-24 19:38:24 INFO No adaptation required
2023-09-24 19:39:24 INFO calculating the utility values
2023-09-24 19:39:24 INFO Inside the Analyzer: Performing the analysis
2023-09-24 19:39:24 INFO Inside the planner: Generating the adaptation plan
2023-09-24 19:39:24 INFO Inside the Executor: executing the adaptations
2023-09-24 19:40:24 INFO calculating the utility values
2023-09-24 19:40:24 INFO Inside the Analyzer: Performing the analysis
2023-09-24 19:40:24 INFO Inside the planner: Generating the adaptation plan
2023-09-24 19:40:24 INFO Inside the Executor: executing the adaptations
2023-09-24 19:41:24 INFO calculating the utility values
2023-09-24 19:41:24 INFO Inside the Analyzer: Performing the analysis
2023-09-24 19:41:24 INFO Inside the planner: Generating the adaptation plan
2023-09-24 19:41:24 INFO Inside the Executor: executing the adaptations
2023-09-24 19:42:24 INFO calculating the utility values
2023-09-24 19:42:24 INFO Inside the Analyzer: Performing the analysis
2023-09-24 19:42:24 INFO Inside the planner: Generating the adaptation plan
2023-09-24 19:42:24 INFO No adaptation required
2023-09-24 19:43:24 INFO calculating the utility values
2023-09-24 19:43:24 INFO Inside the Analyzer: Performing the analysis
2023-09-24 19:43:24 INFO Inside the planner: Generating the adaptation plan
2023-09-24 19:43:24 INFO Inside the Executor: executing the adaptations
2023-09-24 19:44:24 INFO calculating the utility values
2023-09-24 19:44:24 INFO Inside the Analyzer: Performing the analysis
2023-09-24 19:44:24 INFO Inside the planner: Generating the adaptation plan
2023-09-24 19:44:24 INFO Inside the Executor: executing the adaptations
2023-09-24 19:45:24 INFO calculating the utility values
2023-09-24 19:45:24 INFO Inside the Analyzer: Performing the analysis
2023-09-24 19:45:24 INFO Inside the planner: Generating the adaptation plan
2023-09-24 19:45:24 INFO Inside the Executor: executing the adaptations
2023-09-24 19:46:24 INFO calculating the utility values
2023-09-24 19:46:24 INFO Inside the Analyzer: Performing the analysis
2023-09-24 19:46:24 INFO Inside the planner: Generating the adaptation plan
2023-09-24 19:46:24 INFO No adaptation required
2023-09-24 19:47:24 INFO calculating the utility values
2023-09-24 19:47:24 INFO Inside the Analyzer: Performing the analysis
2023-09-24 19:47:24 INFO Inside the planner: Generating the adaptation plan
2023-09-24 19:47:24 INFO Inside the Executor: executing the adaptations
2023-09-24 19:48:24 INFO calculating the utility values
2023-09-24 19:48:24 INFO Inside the Analyzer: Performing the analysis
2023-09-24 19:48:24 INFO Inside the planner: Generating the adaptation plan
2023-09-24 19:48:24 INFO No adaptation required
2023-09-24 19:49:24 INFO calculating the utility values
2023-09-24 19:49:24 INFO Inside the Analyzer: Performing the analysis
2023-09-24 19:49:24 INFO Inside the planner: Generating the adaptation plan
2023-09-24 19:49:24 INFO Inside the Executor: executing the adaptations
2023-09-24 19:50:24 INFO calculating the utility values
2023-09-24 19:50:24 INFO Inside the Analyzer: Performing the analysis
2023-09-24 19:50:24 INFO Inside the planner: Generating the adaptation plan
2023-09-24 19:50:24 INFO No adaptation required
2023-09-24 19:51:24 INFO calculating the utility values
2023-09-24 19:51:24 INFO Inside the Analyzer: Performing the analysis
2023-09-24 19:51:24 INFO Inside the planner: Generating the adaptation plan
2023-09-24 19:51:24 INFO Inside the Executor: executing the adaptations
2023-09-24 19:52:24 INFO calculating the utility values
2023-09-24 19:52:24 INFO Inside the Analyzer: Performing the analysis
2023-09-24 19:52:24 INFO Inside the planner: Generating the adaptation plan
2023-09-24 19:52:24 INFO No adaptation required
2023-09-24 19:53:24 INFO calculating the utility values
2023-09-24 19:53:24 INFO Inside the Analyzer: Performing the analysis
2023-09-24 19:53:24 INFO Inside the planner: Generating the adaptation plan
2023-09-24 19:53:24 INFO No adaptation required
2023-09-24 19:54:24 INFO calculating the utility values
2023-09-24 19:54:24 INFO Inside the Analyzer: Performing the analysis
2023-09-24 19:54:24 INFO Inside the planner: Generating the adaptation plan
2023-09-24 19:54:24 INFO Inside the Executor: executing the adaptations
2023-09-24 19:55:24 INFO calculating the utility values
2023-09-24 19:55:24 INFO Inside the Analyzer: Performing the analysis
2023-09-24 19:55:24 INFO Inside the planner: Generating the adaptation plan
2023-09-24 19:55:24 INFO No adaptation required
2023-09-24 19:56:24 INFO calculating the utility values
2023-09-24 19:56:24 INFO Inside the Analyzer: Performing the analysis
2023-09-24 19:56:24 INFO Inside the planner: Generating the adaptation plan
2023-09-24 19:56:24 INFO No adaptation required
2023-09-24 19:57:24 INFO calculating the utility values
2023-09-24 19:57:24 INFO Inside the Analyzer: Performing the analysis
2023-09-24 19:57:24 INFO Inside the planner: Generating the adaptation plan
2023-09-24 19:57:24 INFO Inside the Executor: executing the adaptations
2023-09-24 19:57:24 INFO removing server
2023-09-24 19:57:24 INFO server removed successfully
2023-09-24 19:57:24 INFO inside change dimer module, change flag decrease
2023-09-24 19:58:24 INFO calculating the utility values
2023-09-24 19:58:24 INFO Inside the Analyzer: Performing the analysis
2023-09-24 19:58:24 INFO Inside the planner: Generating the adaptation plan
2023-09-24 19:58:24 INFO No adaptation required
2023-09-24 19:59:24 INFO calculating the utility values
2023-09-24 19:59:24 INFO Inside the Analyzer: Performing the analysis
2023-09-24 19:59:24 INFO Inside the planner: Generating the adaptation plan
2023-09-24 19:59:24 INFO No adaptation required
2023-09-24 20:00:24 INFO calculating the utility values
2023-09-24 20:00:24 INFO Inside the Analyzer: Performing the analysis
2023-09-24 20:00:24 INFO Inside the planner: Generating the adaptation plan
2023-09-24 20:00:24 INFO No adaptation required
2023-09-24 20:01:24 INFO calculating the utility values
2023-09-24 20:01:24 INFO Inside the Analyzer: Performing the analysis
2023-09-24 20:01:24 INFO Inside the planner: Generating the adaptation plan
2023-09-24 20:01:24 INFO No adaptation required
2023-09-24 20:02:24 INFO calculating the utility values
2023-09-24 20:02:24 INFO Inside the Analyzer: Performing the analysis
2023-09-24 20:02:24 INFO Inside the planner: Generating the adaptation plan
2023-09-24 20:02:24 INFO No adaptation required
2023-09-24 20:03:24 INFO calculating the utility values
2023-09-24 20:03:24 INFO Inside the Analyzer: Performing the analysis
2023-09-24 20:03:24 INFO Inside the planner: Generating the adaptation plan
2023-09-24 20:03:24 INFO No adaptation required
2023-09-24 20:04:24 INFO calculating the utility values
2023-09-24 20:04:24 INFO Inside the Analyzer: Performing the analysis
2023-09-24 20:04:24 INFO Inside the planner: Generating the adaptation plan
2023-09-24 20:04:24 INFO No adaptation required
2023-09-24 20:05:24 INFO calculating the utility values
2023-09-24 20:05:24 INFO Inside the Analyzer: Performing the analysis
2023-09-24 20:05:25 INFO Inside the planner: Generating the adaptation plan
2023-09-24 20:05:25 INFO No adaptation required
2023-09-24 20:06:25 INFO calculating the utility values
2023-09-24 20:06:25 INFO Inside the Analyzer: Performing the analysis
2023-09-24 20:06:25 INFO Inside the planner: Generating the adaptation plan
2023-09-24 20:06:25 INFO No adaptation required
2023-09-24 20:07:25 INFO calculating the utility values
2023-09-24 20:07:25 INFO Inside the Analyzer: Performing the analysis
2023-09-24 20:07:25 INFO Inside the planner: Generating the adaptation plan
2023-09-24 20:07:25 INFO No adaptation required
2023-09-24 20:08:25 INFO calculating the utility values
2023-09-24 20:08:25 INFO Inside the Analyzer: Performing the analysis
2023-09-24 20:08:25 INFO Inside the planner: Generating the adaptation plan
2023-09-24 20:08:25 INFO No adaptation required
2023-09-24 20:09:25 INFO calculating the utility values
2023-09-24 20:09:25 INFO Inside the Analyzer: Performing the analysis
2023-09-24 20:09:25 INFO Inside the planner: Generating the adaptation plan
2023-09-24 20:09:25 INFO No adaptation required
2023-09-24 20:10:25 INFO calculating the utility values
2023-09-24 20:10:25 INFO Inside the Analyzer: Performing the analysis
2023-09-24 20:10:25 INFO Inside the planner: Generating the adaptation plan
2023-09-24 20:10:25 INFO No adaptation required
2023-09-24 20:11:25 INFO calculating the utility values
2023-09-24 20:11:25 INFO Inside the Analyzer: Performing the analysis
2023-09-24 20:11:25 INFO Inside the planner: Generating the adaptation plan
2023-09-24 20:11:25 INFO No adaptation required
2023-09-24 20:12:25 INFO calculating the utility values
2023-09-24 20:12:25 INFO Inside the Analyzer: Performing the analysis
2023-09-24 20:12:25 INFO Inside the planner: Generating the adaptation plan
2023-09-24 20:12:25 INFO No adaptation required
2023-09-24 20:13:25 INFO calculating the utility values
2023-09-24 20:13:25 INFO Inside the Analyzer: Performing the analysis
2023-09-24 20:13:25 INFO Inside the planner: Generating the adaptation plan
2023-09-24 20:13:25 INFO No adaptation required
2023-09-24 20:14:25 INFO calculating the utility values
2023-09-24 20:14:25 INFO Inside the Analyzer: Performing the analysis
2023-09-24 20:14:25 INFO Inside the planner: Generating the adaptation plan
2023-09-24 20:14:25 INFO No adaptation required
2023-09-24 20:15:25 INFO calculating the utility values
2023-09-24 20:15:25 INFO Inside the Analyzer: Performing the analysis
2023-09-24 20:15:25 INFO Inside the planner: Generating the adaptation plan
2023-09-24 20:15:25 INFO No adaptation required
2023-09-24 20:16:25 INFO calculating the utility values
2023-09-24 20:16:25 INFO Inside the Analyzer: Performing the analysis
2023-09-24 20:16:25 INFO Inside the planner: Generating the adaptation plan
2023-09-24 20:16:25 INFO No adaptation required
2023-09-24 20:17:25 INFO calculating the utility values
2023-09-24 20:17:25 INFO Inside the Analyzer: Performing the analysis
2023-09-24 20:17:25 INFO Inside the planner: Generating the adaptation plan
2023-09-24 20:17:25 INFO Inside the Executor: executing the adaptations
2023-09-24 20:17:25 INFO removing server
2023-09-24 20:17:25 INFO server removed successfully
2023-09-24 20:17:25 INFO inside change dimer module, change flag decrease
2023-09-24 20:18:25 ERROR [Errno 104] Connection reset by peer
2023-09-24 20:19:25 ERROR [Errno 104] Connection reset by peer
2023-09-24 20:20:25 ERROR [Errno 104] Connection reset by peer
2023-09-24 20:21:25 ERROR [Errno 104] Connection reset by peer
2023-09-24 20:22:25 ERROR [Errno 104] Connection reset by peer
2023-09-24 20:23:25 ERROR [Errno 104] Connection reset by peer
2023-09-24 20:33:18 DEBUG Logger Initialized
2023-09-24 20:33:18 INFO running the adaptation effector module
2023-09-24 20:33:18 INFO Inside the Analyzer: Performing the analysis
2023-09-24 20:33:18 INFO Inside the planner: Generating the adaptation plan
2023-09-24 20:33:18 INFO Inside the Executor: executing the adaptations
2023-09-24 20:33:18 INFO inside change dimer module, change flag increase
2023-09-24 20:34:18 INFO calculating the utility values
2023-09-24 20:34:18 INFO Inside the Analyzer: Performing the analysis
2023-09-24 20:34:18 INFO Inside the planner: Generating the adaptation plan
2023-09-24 20:34:18 INFO No adaptation required
2023-09-24 20:35:18 INFO calculating the utility values
2023-09-24 20:35:18 INFO Inside the Analyzer: Performing the analysis
2023-09-24 20:35:18 INFO Inside the planner: Generating the adaptation plan
2023-09-24 20:35:18 INFO Inside the Executor: executing the adaptations
2023-09-24 20:36:18 INFO calculating the utility values
2023-09-24 20:36:18 INFO Inside the Analyzer: Performing the analysis
2023-09-24 20:36:18 INFO Inside the planner: Generating the adaptation plan
2023-09-24 20:36:18 INFO Inside the Executor: executing the adaptations
2023-09-24 20:37:18 INFO calculating the utility values
2023-09-24 20:37:18 INFO Inside the Analyzer: Performing the analysis
2023-09-24 20:37:18 INFO Inside the planner: Generating the adaptation plan
2023-09-24 20:37:18 INFO Inside the Executor: executing the adaptations
2023-09-24 20:37:18 INFO removing server
2023-09-24 20:37:18 INFO server removed successfully
2023-09-24 20:38:18 INFO calculating the utility values
2023-09-24 20:38:18 INFO Inside the Analyzer: Performing the analysis
2023-09-24 20:38:18 INFO Inside the planner: Generating the adaptation plan
2023-09-24 20:38:18 INFO Inside the Executor: executing the adaptations
2023-09-24 20:38:18 INFO inside add server module
2023-09-24 20:38:18 INFO Server added successfully
2023-09-24 20:39:18 INFO calculating the utility values
2023-09-24 20:39:18 INFO Inside the Analyzer: Performing the analysis
2023-09-24 20:39:18 INFO Inside the planner: Generating the adaptation plan
2023-09-24 20:39:18 INFO Inside the Executor: executing the adaptations
2023-09-24 20:40:18 INFO calculating the utility values
2023-09-24 20:40:18 INFO Inside the Analyzer: Performing the analysis
2023-09-24 20:40:18 INFO Inside the planner: Generating the adaptation plan
2023-09-24 20:40:18 INFO Inside the Executor: executing the adaptations
2023-09-24 20:40:18 INFO removing server
2023-09-24 20:40:18 INFO server removed successfully
2023-09-24 20:40:18 INFO inside change dimer module, change flag decrease
2023-09-24 20:41:18 INFO calculating the utility values
2023-09-24 20:41:18 INFO Inside the Analyzer: Performing the analysis
2023-09-24 20:41:18 INFO Inside the planner: Generating the adaptation plan
2023-09-24 20:41:18 INFO Inside the Executor: executing the adaptations
2023-09-24 20:41:18 INFO removing server
2023-09-24 20:41:18 INFO server removed successfully
2023-09-24 20:42:18 INFO calculating the utility values
2023-09-24 20:42:18 INFO Inside the Analyzer: Performing the analysis
2023-09-24 20:42:18 INFO Inside the planner: Generating the adaptation plan
2023-09-24 20:42:18 INFO No adaptation required
2023-09-24 20:43:18 INFO calculating the utility values
2023-09-24 20:43:18 INFO Inside the Analyzer: Performing the analysis
2023-09-24 20:43:18 INFO Inside the planner: Generating the adaptation plan
2023-09-24 20:43:18 INFO Inside the Executor: executing the adaptations
2023-09-24 20:43:18 INFO inside change dimer module, change flag increase
2023-09-24 20:44:18 INFO calculating the utility values
2023-09-24 20:44:18 INFO Inside the Analyzer: Performing the analysis
2023-09-24 20:44:18 INFO Inside the planner: Generating the adaptation plan
2023-09-24 20:44:18 INFO Inside the Executor: executing the adaptations
2023-09-24 20:45:18 INFO calculating the utility values
2023-09-24 20:45:18 INFO Inside the Analyzer: Performing the analysis
2023-09-24 20:45:18 INFO Inside the planner: Generating the adaptation plan
2023-09-24 20:45:18 INFO Inside the Executor: executing the adaptations
2023-09-24 20:46:18 INFO calculating the utility values
2023-09-24 20:46:18 INFO Inside the Analyzer: Performing the analysis
2023-09-24 20:46:18 INFO Inside the planner: Generating the adaptation plan
2023-09-24 20:46:18 INFO Inside the Executor: executing the adaptations
2023-09-24 20:46:18 INFO inside change dimer module, change flag decrease
2023-09-24 20:47:18 INFO calculating the utility values
2023-09-24 20:47:18 INFO Inside the Analyzer: Performing the analysis
2023-09-24 20:47:18 INFO Inside the planner: Generating the adaptation plan
2023-09-24 20:47:18 INFO No adaptation required
2023-09-24 20:48:18 INFO calculating the utility values
2023-09-24 20:48:18 INFO Inside the Analyzer: Performing the analysis
2023-09-24 20:48:18 INFO Inside the planner: Generating the adaptation plan
2023-09-24 20:48:18 INFO Inside the Executor: executing the adaptations
2023-09-24 20:48:18 INFO inside add server module
2023-09-24 20:48:18 INFO Server added successfully
2023-09-24 20:49:18 INFO calculating the utility values
2023-09-24 20:49:18 INFO Inside the Analyzer: Performing the analysis
2023-09-24 20:49:18 INFO Inside the planner: Generating the adaptation plan
2023-09-24 20:49:18 INFO No adaptation required
2023-09-24 20:50:18 INFO calculating the utility values
2023-09-24 20:50:18 INFO Inside the Analyzer: Performing the analysis
2023-09-24 20:50:18 INFO Inside the planner: Generating the adaptation plan
2023-09-24 20:50:18 INFO No adaptation required
2023-09-24 20:51:18 INFO calculating the utility values
2023-09-24 20:51:19 INFO Inside the Analyzer: Performing the analysis
2023-09-24 20:51:19 INFO Inside the planner: Generating the adaptation plan
2023-09-24 20:51:19 INFO Inside the Executor: executing the adaptations
2023-09-24 20:51:19 INFO removing server
2023-09-24 20:51:19 INFO server removed successfully
2023-09-24 20:51:19 INFO inside change dimer module, change flag increase
2023-09-24 20:52:19 INFO calculating the utility values
2023-09-24 20:52:19 INFO Inside the Analyzer: Performing the analysis
2023-09-24 20:52:19 INFO Inside the planner: Generating the adaptation plan
2023-09-24 20:52:19 INFO Inside the Executor: executing the adaptations
2023-09-24 20:52:19 INFO inside add server module
2023-09-24 20:52:19 INFO Server added successfully
2023-09-24 20:52:19 INFO inside change dimer module, change flag decrease
2023-09-24 20:53:19 INFO calculating the utility values
2023-09-24 20:53:19 INFO Inside the Analyzer: Performing the analysis
2023-09-24 20:53:19 INFO Inside the planner: Generating the adaptation plan
2023-09-24 20:53:19 INFO Inside the Executor: executing the adaptations
2023-09-24 20:53:19 INFO inside add server module
2023-09-24 20:53:19 INFO Server added successfully
2023-09-24 20:53:19 INFO inside change dimer module, change flag decrease
2023-09-24 20:54:19 INFO calculating the utility values
2023-09-24 20:54:19 INFO Inside the Analyzer: Performing the analysis
2023-09-24 20:54:19 INFO Inside the planner: Generating the adaptation plan
2023-09-24 20:54:19 INFO Inside the Executor: executing the adaptations
2023-09-24 20:54:19 INFO removing server
2023-09-24 20:54:19 INFO server removed successfully
2023-09-24 20:54:19 INFO inside change dimer module, change flag increase
2023-09-24 20:55:19 INFO calculating the utility values
2023-09-24 20:55:19 INFO Inside the Analyzer: Performing the analysis
2023-09-24 20:55:19 INFO Inside the planner: Generating the adaptation plan
2023-09-24 20:55:19 INFO No adaptation required
2023-09-24 20:56:19 INFO calculating the utility values
2023-09-24 20:56:19 INFO Inside the Analyzer: Performing the analysis
2023-09-24 20:56:19 INFO Inside the planner: Generating the adaptation plan
2023-09-24 20:56:19 INFO Inside the Executor: executing the adaptations
2023-09-24 20:56:19 INFO inside change dimer module, change flag increase
2023-09-24 20:57:19 INFO calculating the utility values
2023-09-24 20:57:19 INFO Inside the Analyzer: Performing the analysis
2023-09-24 20:57:19 INFO Inside the planner: Generating the adaptation plan
2023-09-24 20:57:19 INFO Inside the Executor: executing the adaptations
2023-09-24 20:57:19 INFO removing server
2023-09-24 20:57:19 INFO server removed successfully
2023-09-24 20:58:19 INFO calculating the utility values
2023-09-24 20:58:19 INFO Inside the Analyzer: Performing the analysis
2023-09-24 20:58:19 INFO Inside the planner: Generating the adaptation plan
2023-09-24 20:58:19 INFO Inside the Executor: executing the adaptations
2023-09-24 20:59:19 INFO calculating the utility values
2023-09-24 20:59:19 INFO Inside the Analyzer: Performing the analysis
2023-09-24 20:59:19 INFO Inside the planner: Generating the adaptation plan
2023-09-24 20:59:19 INFO Inside the Executor: executing the adaptations
2023-09-24 21:00:19 INFO calculating the utility values
2023-09-24 21:00:19 INFO Inside the Analyzer: Performing the analysis
2023-09-24 21:00:19 INFO Inside the planner: Generating the adaptation plan
2023-09-24 21:00:19 INFO Inside the Executor: executing the adaptations
2023-09-24 21:00:19 INFO inside add server module
2023-09-24 21:00:19 INFO Server added successfully
2023-09-24 21:01:19 INFO calculating the utility values
2023-09-24 21:01:19 INFO Inside the Analyzer: Performing the analysis
2023-09-24 21:01:19 INFO Inside the planner: Generating the adaptation plan
2023-09-24 21:01:19 INFO Inside the Executor: executing the adaptations
2023-09-24 21:01:19 INFO inside add server module
2023-09-24 21:01:19 INFO Server added successfully
2023-09-24 21:02:19 INFO calculating the utility values
2023-09-24 21:02:19 INFO Inside the Analyzer: Performing the analysis
2023-09-24 21:02:19 INFO Inside the planner: Generating the adaptation plan
2023-09-24 21:02:19 INFO Inside the Executor: executing the adaptations
2023-09-24 21:03:19 INFO calculating the utility values
2023-09-24 21:03:19 INFO Inside the Analyzer: Performing the analysis
2023-09-24 21:03:19 INFO Inside the planner: Generating the adaptation plan
2023-09-24 21:03:19 INFO Inside the Executor: executing the adaptations
2023-09-24 21:03:19 INFO removing server
2023-09-24 21:03:19 INFO server removed successfully
2023-09-24 21:04:19 INFO calculating the utility values
2023-09-24 21:04:19 INFO Inside the Analyzer: Performing the analysis
2023-09-24 21:04:19 INFO Inside the planner: Generating the adaptation plan
2023-09-24 21:04:19 INFO Inside the Executor: executing the adaptations
2023-09-24 21:04:19 INFO inside add server module
2023-09-24 21:04:19 INFO Server added successfully
2023-09-24 21:05:19 INFO calculating the utility values
2023-09-24 21:05:19 INFO Inside the Analyzer: Performing the analysis
2023-09-24 21:05:19 INFO Inside the planner: Generating the adaptation plan
2023-09-24 21:05:19 INFO Inside the Executor: executing the adaptations
2023-09-24 21:06:19 INFO calculating the utility values
2023-09-24 21:06:19 INFO Inside the Analyzer: Performing the analysis
2023-09-24 21:06:19 INFO Inside the planner: Generating the adaptation plan
2023-09-24 21:06:19 INFO Inside the Executor: executing the adaptations
2023-09-24 21:07:19 INFO calculating the utility values
2023-09-24 21:07:19 INFO Inside the Analyzer: Performing the analysis
2023-09-24 21:07:19 INFO Inside the planner: Generating the adaptation plan
2023-09-24 21:07:19 INFO Inside the Executor: executing the adaptations
2023-09-24 21:07:19 INFO inside change dimer module, change flag decrease
2023-09-24 21:08:19 INFO calculating the utility values
2023-09-24 21:08:19 INFO Inside the Analyzer: Performing the analysis
2023-09-24 21:08:19 INFO Inside the planner: Generating the adaptation plan
2023-09-24 21:08:19 INFO No adaptation required
2023-09-24 21:09:19 INFO calculating the utility values
2023-09-24 21:09:19 INFO Inside the Analyzer: Performing the analysis
2023-09-24 21:09:19 INFO Inside the planner: Generating the adaptation plan
2023-09-24 21:09:19 INFO Inside the Executor: executing the adaptations
2023-09-24 21:09:19 INFO removing server
2023-09-24 21:09:19 INFO server removed successfully
2023-09-24 21:09:19 INFO inside change dimer module, change flag decrease
2023-09-24 21:10:19 INFO calculating the utility values
2023-09-24 21:10:19 INFO Inside the Analyzer: Performing the analysis
2023-09-24 21:10:19 INFO Inside the planner: Generating the adaptation plan
2023-09-24 21:10:19 INFO Inside the Executor: executing the adaptations
2023-09-24 21:10:19 INFO removing server
2023-09-24 21:10:19 INFO server removed successfully
2023-09-24 21:11:19 INFO calculating the utility values
2023-09-24 21:11:19 INFO Inside the Analyzer: Performing the analysis
2023-09-24 21:11:19 INFO Inside the planner: Generating the adaptation plan
2023-09-24 21:11:19 INFO No adaptation required
2023-09-24 21:12:19 INFO calculating the utility values
2023-09-24 21:12:19 INFO Inside the Analyzer: Performing the analysis
2023-09-24 21:12:19 INFO Inside the planner: Generating the adaptation plan
2023-09-24 21:12:19 INFO Inside the Executor: executing the adaptations
2023-09-24 21:13:19 INFO calculating the utility values
2023-09-24 21:13:19 INFO Inside the Analyzer: Performing the analysis
2023-09-24 21:13:19 INFO Inside the planner: Generating the adaptation plan
2023-09-24 21:13:19 INFO No adaptation required
2023-09-24 21:14:19 INFO calculating the utility values
2023-09-24 21:14:19 INFO Inside the Analyzer: Performing the analysis
2023-09-24 21:14:19 INFO Inside the planner: Generating the adaptation plan
2023-09-24 21:14:19 INFO Inside the Executor: executing the adaptations
2023-09-24 21:15:19 INFO calculating the utility values
2023-09-24 21:15:19 INFO Inside the Analyzer: Performing the analysis
2023-09-24 21:15:19 INFO Inside the planner: Generating the adaptation plan
2023-09-24 21:15:19 INFO Inside the Executor: executing the adaptations
2023-09-24 21:16:19 INFO calculating the utility values
2023-09-24 21:16:19 INFO Inside the Analyzer: Performing the analysis
2023-09-24 21:16:19 INFO Inside the planner: Generating the adaptation plan
2023-09-24 21:16:19 INFO Inside the Executor: executing the adaptations
2023-09-24 21:16:19 INFO inside add server module
2023-09-24 21:16:19 INFO Server added successfully
2023-09-24 21:17:19 INFO calculating the utility values
2023-09-24 21:17:19 INFO Inside the Analyzer: Performing the analysis
2023-09-24 21:17:19 INFO Inside the planner: Generating the adaptation plan
2023-09-24 21:17:19 INFO Inside the Executor: executing the adaptations
2023-09-24 21:17:19 INFO removing server
2023-09-24 21:17:19 INFO server removed successfully
2023-09-24 21:18:19 INFO calculating the utility values
2023-09-24 21:18:19 INFO Inside the Analyzer: Performing the analysis
2023-09-24 21:18:19 INFO Inside the planner: Generating the adaptation plan
2023-09-24 21:18:19 INFO Inside the Executor: executing the adaptations
2023-09-24 21:18:19 INFO inside change dimer module, change flag decrease
2023-09-24 21:19:19 INFO calculating the utility values
2023-09-24 21:19:19 INFO Inside the Analyzer: Performing the analysis
2023-09-24 21:19:19 INFO Inside the planner: Generating the adaptation plan
2023-09-24 21:19:19 INFO No adaptation required
2023-09-24 21:20:19 INFO calculating the utility values
2023-09-24 21:20:19 INFO Inside the Analyzer: Performing the analysis
2023-09-24 21:20:19 INFO Inside the planner: Generating the adaptation plan
2023-09-24 21:20:19 INFO Inside the Executor: executing the adaptations
2023-09-24 21:20:19 INFO inside change dimer module, change flag decrease
2023-09-24 21:21:19 INFO calculating the utility values
2023-09-24 21:21:19 INFO Inside the Analyzer: Performing the analysis
2023-09-24 21:21:19 INFO Inside the planner: Generating the adaptation plan
2023-09-24 21:21:19 INFO No adaptation required
2023-09-24 21:22:19 INFO calculating the utility values
2023-09-24 21:22:19 INFO Inside the Analyzer: Performing the analysis
2023-09-24 21:22:19 INFO Inside the planner: Generating the adaptation plan
2023-09-24 21:22:19 INFO Inside the Executor: executing the adaptations
2023-09-24 21:22:19 INFO inside change dimer module, change flag increase
2023-09-24 21:23:19 INFO calculating the utility values
2023-09-24 21:23:19 INFO Inside the Analyzer: Performing the analysis
2023-09-24 21:23:19 INFO Inside the planner: Generating the adaptation plan
2023-09-24 21:23:19 INFO Inside the Executor: executing the adaptations
2023-09-24 21:23:19 INFO inside change dimer module, change flag decrease
2023-09-24 21:24:19 INFO calculating the utility values
2023-09-24 21:24:19 INFO Inside the Analyzer: Performing the analysis
2023-09-24 21:24:19 INFO Inside the planner: Generating the adaptation plan
2023-09-24 21:24:19 INFO Inside the Executor: executing the adaptations
2023-09-24 21:24:19 INFO inside change dimer module, change flag increase
2023-09-24 21:25:19 INFO calculating the utility values
2023-09-24 21:25:19 INFO Inside the Analyzer: Performing the analysis
2023-09-24 21:25:19 INFO Inside the planner: Generating the adaptation plan
2023-09-24 21:25:19 INFO Inside the Executor: executing the adaptations
2023-09-24 21:25:19 INFO inside change dimer module, change flag decrease
2023-09-24 21:26:19 INFO calculating the utility values
2023-09-24 21:26:19 INFO Inside the Analyzer: Performing the analysis
2023-09-24 21:26:19 INFO Inside the planner: Generating the adaptation plan
2023-09-24 21:26:19 INFO No adaptation required
2023-09-24 21:27:19 INFO calculating the utility values
2023-09-24 21:27:19 INFO Inside the Analyzer: Performing the analysis
2023-09-24 21:27:19 INFO Inside the planner: Generating the adaptation plan
2023-09-24 21:27:19 INFO Inside the Executor: executing the adaptations
2023-09-24 21:27:19 INFO inside add server module
2023-09-24 21:27:19 INFO Server added successfully
2023-09-24 21:27:19 INFO inside change dimer module, change flag increase
2023-09-24 21:28:19 INFO calculating the utility values
2023-09-24 21:28:19 INFO Inside the Analyzer: Performing the analysis
2023-09-24 21:28:19 INFO Inside the planner: Generating the adaptation plan
2023-09-24 21:28:19 INFO No adaptation required
2023-09-24 21:29:19 INFO calculating the utility values
2023-09-24 21:29:19 INFO Inside the Analyzer: Performing the analysis
2023-09-24 21:29:19 INFO Inside the planner: Generating the adaptation plan
2023-09-24 21:29:19 INFO Inside the Executor: executing the adaptations
2023-09-24 21:29:19 INFO inside add server module
2023-09-24 21:29:19 INFO Server added successfully
2023-09-24 21:29:19 INFO inside change dimer module, change flag increase
2023-09-24 21:30:19 INFO calculating the utility values
2023-09-24 21:30:19 INFO Inside the Analyzer: Performing the analysis
2023-09-24 21:30:19 INFO Inside the planner: Generating the adaptation plan
2023-09-24 21:30:19 INFO No adaptation required
2023-09-24 21:31:19 INFO calculating the utility values
2023-09-24 21:31:19 INFO Inside the Analyzer: Performing the analysis
2023-09-24 21:31:19 INFO Inside the planner: Generating the adaptation plan
2023-09-24 21:31:19 INFO No adaptation required
2023-09-24 21:32:19 INFO calculating the utility values
2023-09-24 21:32:19 INFO Inside the Analyzer: Performing the analysis
2023-09-24 21:32:19 INFO Inside the planner: Generating the adaptation plan
2023-09-24 21:32:19 INFO No adaptation required
2023-09-24 21:33:19 INFO calculating the utility values
2023-09-24 21:33:19 INFO Inside the Analyzer: Performing the analysis
2023-09-24 21:33:19 INFO Inside the planner: Generating the adaptation plan
2023-09-24 21:33:19 INFO No adaptation required
2023-09-24 21:34:19 INFO calculating the utility values
2023-09-24 21:34:19 INFO Inside the Analyzer: Performing the analysis
2023-09-24 21:34:19 INFO Inside the planner: Generating the adaptation plan
2023-09-24 21:34:19 INFO No adaptation required
2023-09-24 21:35:19 INFO calculating the utility values
2023-09-24 21:35:19 INFO Inside the Analyzer: Performing the analysis
2023-09-24 21:35:19 INFO Inside the planner: Generating the adaptation plan
2023-09-24 21:35:19 INFO No adaptation required
2023-09-24 21:36:19 INFO calculating the utility values
2023-09-24 21:36:19 INFO Inside the Analyzer: Performing the analysis
2023-09-24 21:36:19 INFO Inside the planner: Generating the adaptation plan
2023-09-24 21:36:19 INFO Inside the Executor: executing the adaptations
2023-09-24 21:36:19 INFO inside change dimer module, change flag decrease
2023-09-24 21:37:19 INFO calculating the utility values
2023-09-24 21:37:19 INFO Inside the Analyzer: Performing the analysis
2023-09-24 21:37:19 INFO Inside the planner: Generating the adaptation plan
2023-09-24 21:37:19 INFO Inside the Executor: executing the adaptations
2023-09-24 21:37:19 INFO inside change dimer module, change flag decrease
2023-09-24 21:38:19 INFO calculating the utility values
2023-09-24 21:38:19 INFO Inside the Analyzer: Performing the analysis
2023-09-24 21:38:19 INFO Inside the planner: Generating the adaptation plan
2023-09-24 21:38:19 INFO No adaptation required
2023-09-24 21:39:19 INFO calculating the utility values
2023-09-24 21:39:19 INFO Inside the Analyzer: Performing the analysis
2023-09-24 21:39:19 INFO Inside the planner: Generating the adaptation plan
2023-09-24 21:39:19 INFO Inside the Executor: executing the adaptations
2023-09-24 21:39:19 INFO inside change dimer module, change flag decrease
2023-09-24 21:40:19 INFO calculating the utility values
2023-09-24 21:40:19 INFO Inside the Analyzer: Performing the analysis
2023-09-24 21:40:19 INFO Inside the planner: Generating the adaptation plan
2023-09-24 21:40:19 INFO No adaptation required
2023-09-24 21:41:19 INFO calculating the utility values
2023-09-24 21:41:19 INFO Inside the Analyzer: Performing the analysis
2023-09-24 21:41:19 INFO Inside the planner: Generating the adaptation plan
2023-09-24 21:41:19 INFO Inside the Executor: executing the adaptations
2023-09-24 21:41:19 INFO inside change dimer module, change flag decrease
2023-09-24 21:42:19 INFO calculating the utility values
2023-09-24 21:42:19 INFO Inside the Analyzer: Performing the analysis
2023-09-24 21:42:19 INFO Inside the planner: Generating the adaptation plan
2023-09-24 21:42:19 INFO No adaptation required
2023-09-24 21:43:19 INFO calculating the utility values
2023-09-24 21:43:19 INFO Inside the Analyzer: Performing the analysis
2023-09-24 21:43:19 INFO Inside the planner: Generating the adaptation plan
2023-09-24 21:43:19 INFO Inside the Executor: executing the adaptations
2023-09-24 21:44:19 INFO calculating the utility values
2023-09-24 21:44:19 INFO Inside the Analyzer: Performing the analysis
2023-09-24 21:44:19 INFO Inside the planner: Generating the adaptation plan
2023-09-24 21:44:19 INFO No adaptation required
2023-09-24 21:45:19 INFO calculating the utility values
2023-09-24 21:45:19 INFO Inside the Analyzer: Performing the analysis
2023-09-24 21:45:19 INFO Inside the planner: Generating the adaptation plan
2023-09-24 21:45:19 INFO Inside the Executor: executing the adaptations
2023-09-24 21:46:19 INFO calculating the utility values
2023-09-24 21:46:19 INFO Inside the Analyzer: Performing the analysis
2023-09-24 21:46:19 INFO Inside the planner: Generating the adaptation plan
2023-09-24 21:46:19 INFO No adaptation required
2023-09-24 21:47:19 INFO calculating the utility values
2023-09-24 21:47:19 INFO Inside the Analyzer: Performing the analysis
2023-09-24 21:47:19 INFO Inside the planner: Generating the adaptation plan
2023-09-24 21:47:19 INFO Inside the Executor: executing the adaptations
2023-09-24 21:47:19 INFO inside change dimer module, change flag decrease
2023-09-24 21:48:19 INFO calculating the utility values
2023-09-24 21:48:19 INFO Inside the Analyzer: Performing the analysis
2023-09-24 21:48:19 INFO Inside the planner: Generating the adaptation plan
2023-09-24 21:48:19 INFO Inside the Executor: executing the adaptations
2023-09-24 21:49:19 INFO calculating the utility values
2023-09-24 21:49:19 INFO Inside the Analyzer: Performing the analysis
2023-09-24 21:49:19 INFO Inside the planner: Generating the adaptation plan
2023-09-24 21:49:19 INFO Inside the Executor: executing the adaptations
2023-09-24 21:49:19 INFO inside change dimer module, change flag decrease
2023-09-24 21:50:19 INFO calculating the utility values
2023-09-24 21:50:19 INFO Inside the Analyzer: Performing the analysis
2023-09-24 21:50:19 INFO Inside the planner: Generating the adaptation plan
2023-09-24 21:50:19 INFO No adaptation required
2023-09-24 21:51:19 INFO calculating the utility values
2023-09-24 21:51:19 INFO Inside the Analyzer: Performing the analysis
2023-09-24 21:51:19 INFO Inside the planner: Generating the adaptation plan
2023-09-24 21:51:19 INFO Inside the Executor: executing the adaptations
2023-09-24 21:51:19 INFO inside change dimer module, change flag decrease
2023-09-24 21:52:19 INFO calculating the utility values
2023-09-24 21:52:19 INFO Inside the Analyzer: Performing the analysis
2023-09-24 21:52:19 INFO Inside the planner: Generating the adaptation plan
2023-09-24 21:52:19 INFO No adaptation required
2023-09-24 21:53:19 INFO calculating the utility values
2023-09-24 21:53:19 INFO Inside the Analyzer: Performing the analysis
2023-09-24 21:53:19 INFO Inside the planner: Generating the adaptation plan
2023-09-24 21:53:19 INFO No adaptation required
2023-09-24 21:54:19 INFO calculating the utility values
2023-09-24 21:54:19 INFO Inside the Analyzer: Performing the analysis
2023-09-24 21:54:19 INFO Inside the planner: Generating the adaptation plan
2023-09-24 21:54:19 INFO No adaptation required
2023-09-24 21:55:19 INFO calculating the utility values
2023-09-24 21:55:19 INFO Inside the Analyzer: Performing the analysis
2023-09-24 21:55:19 INFO Inside the planner: Generating the adaptation plan
2023-09-24 21:55:19 INFO Inside the Executor: executing the adaptations
2023-09-24 21:55:19 INFO inside change dimer module, change flag decrease
2023-09-24 21:56:19 INFO calculating the utility values
2023-09-24 21:56:19 INFO Inside the Analyzer: Performing the analysis
2023-09-24 21:56:19 INFO Inside the planner: Generating the adaptation plan
2023-09-24 21:56:19 INFO No adaptation required
2023-09-24 21:57:19 INFO calculating the utility values
2023-09-24 21:57:19 INFO Inside the Analyzer: Performing the analysis
2023-09-24 21:57:19 INFO Inside the planner: Generating the adaptation plan
2023-09-24 21:57:19 INFO No adaptation required
2023-09-24 21:58:19 INFO calculating the utility values
2023-09-24 21:58:19 INFO Inside the Analyzer: Performing the analysis
2023-09-24 21:58:19 INFO Inside the planner: Generating the adaptation plan
2023-09-24 21:58:19 INFO No adaptation required
2023-09-24 21:59:19 INFO calculating the utility values
2023-09-24 21:59:19 INFO Inside the Analyzer: Performing the analysis
2023-09-24 21:59:19 INFO Inside the planner: Generating the adaptation plan
2023-09-24 21:59:19 INFO Inside the Executor: executing the adaptations
2023-09-24 22:00:19 INFO calculating the utility values
2023-09-24 22:00:20 INFO Inside the Analyzer: Performing the analysis
2023-09-24 22:00:20 INFO Inside the planner: Generating the adaptation plan
2023-09-24 22:00:20 INFO No adaptation required
2023-09-24 22:01:20 INFO calculating the utility values
2023-09-24 22:01:20 INFO Inside the Analyzer: Performing the analysis
2023-09-24 22:01:20 INFO Inside the planner: Generating the adaptation plan
2023-09-24 22:01:20 INFO Inside the Executor: executing the adaptations
2023-09-24 22:02:20 INFO calculating the utility values
2023-09-24 22:02:20 INFO Inside the Analyzer: Performing the analysis
2023-09-24 22:02:20 INFO Inside the planner: Generating the adaptation plan
2023-09-24 22:02:20 INFO No adaptation required
2023-09-24 22:03:20 INFO calculating the utility values
2023-09-24 22:03:20 INFO Inside the Analyzer: Performing the analysis
2023-09-24 22:03:20 INFO Inside the planner: Generating the adaptation plan
2023-09-24 22:03:20 INFO Inside the Executor: executing the adaptations
2023-09-24 22:04:20 INFO calculating the utility values
2023-09-24 22:04:20 INFO Inside the Analyzer: Performing the analysis
2023-09-24 22:04:20 INFO Inside the planner: Generating the adaptation plan
2023-09-24 22:04:20 INFO No adaptation required
2023-09-24 22:05:20 INFO calculating the utility values
2023-09-24 22:05:20 INFO Inside the Analyzer: Performing the analysis
2023-09-24 22:05:20 INFO Inside the planner: Generating the adaptation plan
2023-09-24 22:05:20 INFO Inside the Executor: executing the adaptations
2023-09-24 22:06:20 INFO calculating the utility values
2023-09-24 22:06:20 INFO Inside the Analyzer: Performing the analysis
2023-09-24 22:06:20 INFO Inside the planner: Generating the adaptation plan
2023-09-24 22:06:20 INFO No adaptation required
2023-09-24 22:07:20 INFO calculating the utility values
2023-09-24 22:07:20 INFO Inside the Analyzer: Performing the analysis
2023-09-24 22:07:20 INFO Inside the planner: Generating the adaptation plan
2023-09-24 22:07:20 INFO Inside the Executor: executing the adaptations
2023-09-24 22:08:20 INFO calculating the utility values
2023-09-24 22:08:20 INFO Inside the Analyzer: Performing the analysis
2023-09-24 22:08:20 INFO Inside the planner: Generating the adaptation plan
2023-09-24 22:08:20 INFO No adaptation required
2023-09-24 22:09:20 INFO calculating the utility values
2023-09-24 22:09:20 INFO Inside the Analyzer: Performing the analysis
2023-09-24 22:09:20 INFO Inside the planner: Generating the adaptation plan
2023-09-24 22:09:20 INFO Inside the Executor: executing the adaptations
2023-09-24 22:10:20 INFO calculating the utility values
2023-09-24 22:10:20 INFO Inside the Analyzer: Performing the analysis
2023-09-24 22:10:20 INFO Inside the planner: Generating the adaptation plan
2023-09-24 22:10:20 INFO No adaptation required
2023-09-24 22:11:20 INFO calculating the utility values
2023-09-24 22:11:20 INFO Inside the Analyzer: Performing the analysis
2023-09-24 22:11:20 INFO Inside the planner: Generating the adaptation plan
2023-09-24 22:11:20 INFO Inside the Executor: executing the adaptations
2023-09-24 22:12:20 INFO calculating the utility values
2023-09-24 22:12:20 INFO Inside the Analyzer: Performing the analysis
2023-09-24 22:12:20 INFO Inside the planner: Generating the adaptation plan
2023-09-24 22:12:20 INFO No adaptation required
2023-09-24 22:13:20 INFO calculating the utility values
2023-09-24 22:13:20 INFO Inside the Analyzer: Performing the analysis
2023-09-24 22:13:20 INFO Inside the planner: Generating the adaptation plan
2023-09-24 22:13:20 INFO Inside the Executor: executing the adaptations
2023-09-24 22:14:20 INFO calculating the utility values
2023-09-24 22:14:20 INFO Inside the Analyzer: Performing the analysis
2023-09-24 22:14:20 INFO Inside the planner: Generating the adaptation plan
2023-09-24 22:14:20 INFO No adaptation required
2023-09-24 22:15:20 INFO calculating the utility values
2023-09-24 22:15:20 INFO Inside the Analyzer: Performing the analysis
2023-09-24 22:15:20 INFO Inside the planner: Generating the adaptation plan
2023-09-24 22:15:20 INFO Inside the Executor: executing the adaptations
2023-09-24 22:16:20 INFO calculating the utility values
2023-09-24 22:16:20 INFO Inside the Analyzer: Performing the analysis
2023-09-24 22:16:20 INFO Inside the planner: Generating the adaptation plan
2023-09-24 22:16:20 INFO No adaptation required
2023-09-24 22:17:20 INFO calculating the utility values
2023-09-24 22:17:20 INFO Inside the Analyzer: Performing the analysis
2023-09-24 22:17:20 INFO Inside the planner: Generating the adaptation plan
2023-09-24 22:17:20 INFO No adaptation required
2023-09-24 22:18:20 ERROR [Errno 104] Connection reset by peer
2023-09-24 22:19:20 ERROR [Errno 104] Connection reset by peer
2023-09-24 22:20:20 ERROR [Errno 104] Connection reset by peer
2023-09-24 22:21:20 ERROR [Errno 104] Connection reset by peer
2023-09-24 22:22:20 ERROR [Errno 104] Connection reset by peer
2023-09-24 22:23:20 ERROR [Errno 104] Connection reset by peer
2023-09-24 22:24:20 ERROR [Errno 104] Connection reset by peer
2023-09-24 22:25:20 ERROR [Errno 104] Connection reset by peer
2023-09-24 22:26:20 ERROR [Errno 104] Connection reset by peer
2023-09-24 22:27:20 ERROR [Errno 104] Connection reset by peer
2023-09-24 22:28:20 ERROR [Errno 104] Connection reset by peer
2023-09-24 22:29:20 ERROR [Errno 104] Connection reset by peer
2023-09-24 22:30:20 ERROR [Errno 104] Connection reset by peer
2023-09-24 22:31:20 ERROR [Errno 104] Connection reset by peer
2023-09-24 22:32:20 ERROR [Errno 104] Connection reset by peer
2023-09-24 22:33:20 ERROR [Errno 104] Connection reset by peer
2023-09-24 22:34:20 ERROR [Errno 104] Connection reset by peer
2023-09-24 22:35:20 ERROR [Errno 104] Connection reset by peer
2023-09-24 22:36:20 ERROR [Errno 104] Connection reset by peer
2023-09-24 22:37:20 ERROR [Errno 104] Connection reset by peer
2023-09-24 22:38:20 ERROR [Errno 104] Connection reset by peer
2023-09-24 22:39:20 ERROR [Errno 104] Connection reset by peer
2023-09-24 22:40:20 ERROR [Errno 104] Connection reset by peer
2023-09-24 22:41:20 ERROR [Errno 104] Connection reset by peer
2023-09-24 22:42:20 ERROR [Errno 104] Connection reset by peer
2023-09-24 22:43:20 ERROR [Errno 104] Connection reset by peer
2023-09-24 22:44:20 ERROR [Errno 104] Connection reset by peer
2023-09-24 22:45:20 ERROR [Errno 104] Connection reset by peer
2023-09-24 22:46:20 ERROR [Errno 104] Connection reset by peer
2023-09-24 22:47:20 ERROR [Errno 104] Connection reset by peer
2023-09-24 22:48:20 ERROR [Errno 104] Connection reset by peer
2023-09-24 22:49:20 ERROR [Errno 104] Connection reset by peer
2023-09-24 22:50:20 ERROR [Errno 104] Connection reset by peer
2023-09-24 22:51:20 ERROR [Errno 104] Connection reset by peer
2023-09-24 22:52:20 ERROR [Errno 104] Connection reset by peer
2023-09-24 22:53:20 ERROR [Errno 104] Connection reset by peer
2023-09-24 22:54:20 ERROR [Errno 104] Connection reset by peer
2023-09-24 22:55:20 ERROR [Errno 104] Connection reset by peer
2023-09-24 22:56:20 ERROR [Errno 104] Connection reset by peer
2023-09-24 22:57:20 ERROR [Errno 104] Connection reset by peer
2023-09-24 22:58:20 ERROR [Errno 104] Connection reset by peer
2023-09-24 22:59:20 ERROR [Errno 104] Connection reset by peer
2023-09-24 23:00:20 ERROR [Errno 104] Connection reset by peer
2023-09-24 23:01:20 ERROR [Errno 104] Connection reset by peer
2023-09-24 23:02:20 ERROR [Errno 104] Connection reset by peer
2023-09-24 23:03:20 ERROR [Errno 104] Connection reset by peer
2023-09-24 23:04:20 ERROR [Errno 104] Connection reset by peer
2023-09-24 23:05:20 ERROR [Errno 104] Connection reset by peer
2023-09-24 23:06:20 ERROR [Errno 104] Connection reset by peer
2023-09-24 23:07:20 ERROR [Errno 104] Connection reset by peer
2023-09-24 23:08:20 ERROR [Errno 104] Connection reset by peer
2023-09-24 23:09:20 ERROR [Errno 104] Connection reset by peer
2023-09-24 23:10:20 ERROR [Errno 104] Connection reset by peer
2023-09-24 23:11:20 ERROR [Errno 104] Connection reset by peer
2023-09-24 23:12:20 ERROR [Errno 104] Connection reset by peer
2023-09-24 23:13:20 ERROR [Errno 104] Connection reset by peer
2023-09-24 23:14:20 ERROR [Errno 104] Connection reset by peer
2023-09-24 23:15:20 ERROR [Errno 104] Connection reset by peer
