2023-09-15 09:55:10 DEBUG Logger Initialized
2023-09-15 09:55:10 INFO running the adaptation effector module
2023-09-15 09:55:10 INFO Inside the Analyzer: Performing the analysis
2023-09-15 09:55:10 INFO Inside the planner: Generating the adaptation plan
2023-09-15 09:55:10 INFO Inside the Executor: executing the adaptations
2023-09-15 09:55:10 INFO inside change dimer module, change flag decrease
2023-09-15 09:57:27 DEBUG Logger Initialized
2023-09-15 09:57:28 INFO running the adaptation effector module
2023-09-15 09:57:28 INFO Inside the Analyzer: Performing the analysis
2023-09-15 09:57:28 ERROR initialize_q_values() takes 5 positional arguments but 6 were given
2023-09-15 09:58:19 DEBUG Logger Initialized
2023-09-15 09:58:20 INFO running the adaptation effector module
2023-09-15 09:58:20 INFO Inside the Analyzer: Performing the analysis
2023-09-15 09:58:20 ERROR initialize_q_values() takes 5 positional arguments but 6 were given
2023-09-15 09:59:18 DEBUG Logger Initialized
2023-09-15 09:59:19 INFO running the adaptation effector module
2023-09-15 09:59:19 INFO Inside the Analyzer: Performing the analysis
2023-09-15 09:59:19 INFO Inside the planner: Generating the adaptation plan
2023-09-15 09:59:19 INFO Inside the Executor: executing the adaptations
2023-09-15 09:59:19 INFO removing server
2023-09-15 09:59:19 INFO server removed successfully
2023-09-15 09:59:19 INFO inside change dimer module, change flag increase
2023-09-15 10:00:19 INFO calculating the utility values
2023-09-15 10:00:19 INFO Inside the Analyzer: Performing the analysis
2023-09-15 10:00:19 INFO Inside the planner: Generating the adaptation plan
2023-09-15 10:00:19 INFO Inside the Executor: executing the adaptations
2023-09-15 10:00:19 INFO inside add server module
2023-09-15 10:00:19 INFO Server added successfully
2023-09-15 10:01:19 INFO calculating the utility values
2023-09-15 10:01:19 INFO Inside the Analyzer: Performing the analysis
2023-09-15 10:01:19 INFO Inside the planner: Generating the adaptation plan
2023-09-15 10:01:19 INFO Inside the Executor: executing the adaptations
2023-09-15 10:02:19 INFO calculating the utility values
2023-09-15 10:02:19 INFO Inside the Analyzer: Performing the analysis
2023-09-15 10:02:19 INFO Inside the planner: Generating the adaptation plan
2023-09-15 10:02:19 INFO Inside the Executor: executing the adaptations
2023-09-15 10:02:19 INFO inside change dimer module, change flag decrease
2023-09-15 10:03:19 INFO calculating the utility values
2023-09-15 10:03:19 INFO Inside the Analyzer: Performing the analysis
2023-09-15 10:03:19 INFO Inside the planner: Generating the adaptation plan
2023-09-15 10:03:19 INFO No adaptation required
2023-09-15 10:04:19 INFO calculating the utility values
2023-09-15 10:04:19 INFO Inside the Analyzer: Performing the analysis
2023-09-15 10:04:19 INFO Inside the planner: Generating the adaptation plan
2023-09-15 10:04:19 INFO Inside the Executor: executing the adaptations
2023-09-15 10:04:19 INFO removing server
2023-09-15 10:04:19 INFO server removed successfully
2023-09-15 10:05:19 INFO calculating the utility values
2023-09-15 10:05:19 INFO Inside the Analyzer: Performing the analysis
2023-09-15 10:05:19 INFO Inside the planner: Generating the adaptation plan
2023-09-15 10:05:19 INFO No adaptation required
2023-09-15 10:06:19 INFO calculating the utility values
2023-09-15 10:06:19 INFO Inside the Analyzer: Performing the analysis
2023-09-15 10:06:19 INFO Inside the planner: Generating the adaptation plan
2023-09-15 10:06:19 INFO Inside the Executor: executing the adaptations
2023-09-15 10:06:19 INFO removing server
2023-09-15 10:06:19 INFO server removed successfully
2023-09-15 10:07:19 INFO calculating the utility values
2023-09-15 10:07:19 INFO Inside the Analyzer: Performing the analysis
2023-09-15 10:07:19 INFO Inside the planner: Generating the adaptation plan
2023-09-15 10:07:19 INFO Inside the Executor: executing the adaptations
2023-09-15 10:07:19 INFO inside change dimer module, change flag increase
2023-09-15 10:08:19 INFO calculating the utility values
2023-09-15 10:08:19 INFO Inside the Analyzer: Performing the analysis
2023-09-15 10:08:19 INFO Inside the planner: Generating the adaptation plan
2023-09-15 10:08:19 INFO Inside the Executor: executing the adaptations
2023-09-15 10:08:19 INFO inside add server module
2023-09-15 10:08:19 INFO Server added successfully
2023-09-15 10:08:19 INFO inside change dimer module, change flag decrease
2023-09-15 10:09:19 INFO calculating the utility values
2023-09-15 10:09:19 INFO Inside the Analyzer: Performing the analysis
2023-09-15 10:09:19 INFO Inside the planner: Generating the adaptation plan
2023-09-15 10:09:19 INFO No adaptation required
2023-09-15 10:10:19 INFO calculating the utility values
2023-09-15 10:10:19 INFO Inside the Analyzer: Performing the analysis
2023-09-15 10:10:19 INFO Inside the planner: Generating the adaptation plan
2023-09-15 10:10:19 INFO No adaptation required
2023-09-15 10:11:19 INFO calculating the utility values
2023-09-15 10:11:19 INFO Inside the Analyzer: Performing the analysis
2023-09-15 10:11:19 INFO Inside the planner: Generating the adaptation plan
2023-09-15 10:11:19 INFO Inside the Executor: executing the adaptations
2023-09-15 10:11:19 INFO inside change dimer module, change flag increase
2023-09-15 10:12:19 INFO calculating the utility values
2023-09-15 10:12:19 INFO Inside the Analyzer: Performing the analysis
2023-09-15 10:12:19 INFO Inside the planner: Generating the adaptation plan
2023-09-15 10:12:19 INFO Inside the Executor: executing the adaptations
2023-09-15 10:13:19 INFO calculating the utility values
2023-09-15 10:13:19 INFO Inside the Analyzer: Performing the analysis
2023-09-15 10:13:19 INFO Inside the planner: Generating the adaptation plan
2023-09-15 10:13:19 INFO Inside the Executor: executing the adaptations
2023-09-15 10:13:19 INFO removing server
2023-09-15 10:13:19 INFO server removed successfully
2023-09-15 10:14:19 INFO calculating the utility values
2023-09-15 10:14:19 INFO Inside the Analyzer: Performing the analysis
2023-09-15 10:14:19 INFO Inside the planner: Generating the adaptation plan
2023-09-15 10:14:19 INFO Inside the Executor: executing the adaptations
2023-09-15 10:15:19 INFO calculating the utility values
2023-09-15 10:15:19 INFO Inside the Analyzer: Performing the analysis
2023-09-15 10:15:19 INFO Inside the planner: Generating the adaptation plan
2023-09-15 10:15:19 INFO Inside the Executor: executing the adaptations
2023-09-15 10:15:19 INFO inside add server module
2023-09-15 10:15:19 INFO Server added successfully
2023-09-15 10:15:19 INFO inside change dimer module, change flag decrease
2023-09-15 10:16:19 INFO calculating the utility values
2023-09-15 10:16:19 INFO Inside the Analyzer: Performing the analysis
2023-09-15 10:16:19 INFO Inside the planner: Generating the adaptation plan
2023-09-15 10:16:19 INFO Inside the Executor: executing the adaptations
2023-09-15 10:16:19 INFO inside change dimer module, change flag increase
2023-09-15 10:17:19 INFO calculating the utility values
2023-09-15 10:17:19 INFO Inside the Analyzer: Performing the analysis
2023-09-15 10:17:19 INFO Inside the planner: Generating the adaptation plan
2023-09-15 10:17:19 INFO Inside the Executor: executing the adaptations
2023-09-15 10:18:19 INFO calculating the utility values
2023-09-15 10:18:19 INFO Inside the Analyzer: Performing the analysis
2023-09-15 10:18:19 INFO Inside the planner: Generating the adaptation plan
2023-09-15 10:18:19 INFO Inside the Executor: executing the adaptations
2023-09-15 10:18:19 INFO inside change dimer module, change flag decrease
2023-09-15 10:19:19 INFO calculating the utility values
2023-09-15 10:19:19 INFO Inside the Analyzer: Performing the analysis
2023-09-15 10:19:19 INFO Inside the planner: Generating the adaptation plan
2023-09-15 10:19:19 INFO No adaptation required
2023-09-15 10:20:19 INFO calculating the utility values
2023-09-15 10:20:19 INFO Inside the Analyzer: Performing the analysis
2023-09-15 10:20:19 INFO Inside the planner: Generating the adaptation plan
2023-09-15 10:20:19 INFO Inside the Executor: executing the adaptations
2023-09-15 10:20:19 INFO inside add server module
2023-09-15 10:20:19 INFO Server added successfully
2023-09-15 10:20:19 INFO inside change dimer module, change flag increase
2023-09-15 10:21:19 INFO calculating the utility values
2023-09-15 10:21:19 INFO Inside the Analyzer: Performing the analysis
2023-09-15 10:21:19 INFO Inside the planner: Generating the adaptation plan
2023-09-15 10:21:19 INFO No adaptation required
2023-09-15 10:22:19 INFO calculating the utility values
2023-09-15 10:22:19 INFO Inside the Analyzer: Performing the analysis
2023-09-15 10:22:19 INFO Inside the planner: Generating the adaptation plan
2023-09-15 10:22:19 INFO No adaptation required
2023-09-15 10:23:19 INFO calculating the utility values
2023-09-15 10:23:19 INFO Inside the Analyzer: Performing the analysis
2023-09-15 10:23:19 INFO Inside the planner: Generating the adaptation plan
2023-09-15 10:23:19 INFO No adaptation required
2023-09-15 10:24:19 INFO calculating the utility values
2023-09-15 10:24:19 INFO Inside the Analyzer: Performing the analysis
2023-09-15 10:24:19 INFO Inside the planner: Generating the adaptation plan
2023-09-15 10:24:19 INFO No adaptation required
2023-09-15 10:25:19 INFO calculating the utility values
2023-09-15 10:25:19 INFO Inside the Analyzer: Performing the analysis
2023-09-15 10:25:19 INFO Inside the planner: Generating the adaptation plan
2023-09-15 10:25:19 INFO No adaptation required
2023-09-15 10:26:19 INFO calculating the utility values
2023-09-15 10:26:19 INFO Inside the Analyzer: Performing the analysis
2023-09-15 10:26:19 INFO Inside the planner: Generating the adaptation plan
2023-09-15 10:26:19 INFO Inside the Executor: executing the adaptations
2023-09-15 10:26:19 INFO removing server
2023-09-15 10:26:19 INFO server removed successfully
2023-09-15 10:27:19 INFO calculating the utility values
2023-09-15 10:27:19 INFO Inside the Analyzer: Performing the analysis
2023-09-15 10:27:19 INFO Inside the planner: Generating the adaptation plan
2023-09-15 10:27:19 INFO Inside the Executor: executing the adaptations
2023-09-15 10:27:19 INFO removing server
2023-09-15 10:27:19 INFO server removed successfully
2023-09-15 10:27:19 INFO inside change dimer module, change flag decrease
2023-09-15 10:28:19 INFO calculating the utility values
2023-09-15 10:28:19 INFO Inside the Analyzer: Performing the analysis
2023-09-15 10:28:19 INFO Inside the planner: Generating the adaptation plan
2023-09-15 10:28:19 INFO Inside the Executor: executing the adaptations
2023-09-15 10:28:19 INFO inside change dimer module, change flag decrease
2023-09-15 10:29:19 INFO calculating the utility values
2023-09-15 10:29:19 INFO Inside the Analyzer: Performing the analysis
2023-09-15 10:29:19 INFO Inside the planner: Generating the adaptation plan
2023-09-15 10:29:19 INFO No adaptation required
2023-09-15 10:30:19 INFO calculating the utility values
2023-09-15 10:30:19 INFO Inside the Analyzer: Performing the analysis
2023-09-15 10:30:19 INFO Inside the planner: Generating the adaptation plan
2023-09-15 10:30:19 INFO Inside the Executor: executing the adaptations
2023-09-15 10:30:19 INFO inside add server module
2023-09-15 10:30:19 INFO Server added successfully
2023-09-15 10:30:19 INFO inside change dimer module, change flag decrease
2023-09-15 10:31:19 INFO calculating the utility values
2023-09-15 10:31:19 INFO Inside the Analyzer: Performing the analysis
2023-09-15 10:31:19 INFO Inside the planner: Generating the adaptation plan
2023-09-15 10:31:19 INFO Inside the Executor: executing the adaptations
2023-09-15 10:31:19 INFO inside add server module
2023-09-15 10:31:19 INFO Server added successfully
2023-09-15 10:31:19 INFO inside change dimer module, change flag decrease
2023-09-15 10:32:19 INFO calculating the utility values
2023-09-15 10:32:19 INFO Inside the Analyzer: Performing the analysis
2023-09-15 10:32:19 INFO Inside the planner: Generating the adaptation plan
2023-09-15 10:32:19 INFO No adaptation required
2023-09-15 10:33:19 INFO calculating the utility values
2023-09-15 10:33:19 INFO Inside the Analyzer: Performing the analysis
2023-09-15 10:33:19 INFO Inside the planner: Generating the adaptation plan
2023-09-15 10:33:19 INFO Inside the Executor: executing the adaptations
2023-09-15 10:33:19 INFO removing server
2023-09-15 10:33:19 INFO server removed successfully
2023-09-15 10:33:19 INFO inside change dimer module, change flag increase
2023-09-15 10:34:19 INFO calculating the utility values
2023-09-15 10:34:19 INFO Inside the Analyzer: Performing the analysis
2023-09-15 10:34:19 INFO Inside the planner: Generating the adaptation plan
2023-09-15 10:34:19 INFO No adaptation required
2023-09-15 10:35:19 INFO calculating the utility values
2023-09-15 10:35:19 INFO Inside the Analyzer: Performing the analysis
2023-09-15 10:35:19 INFO Inside the planner: Generating the adaptation plan
2023-09-15 10:35:19 INFO No adaptation required
2023-09-15 10:36:19 INFO calculating the utility values
2023-09-15 10:36:19 INFO Inside the Analyzer: Performing the analysis
2023-09-15 10:36:19 INFO Inside the planner: Generating the adaptation plan
2023-09-15 10:36:19 INFO Inside the Executor: executing the adaptations
2023-09-15 10:36:19 INFO inside change dimer module, change flag decrease
2023-09-15 10:37:19 INFO calculating the utility values
2023-09-15 10:37:19 INFO Inside the Analyzer: Performing the analysis
2023-09-15 10:37:19 INFO Inside the planner: Generating the adaptation plan
2023-09-15 10:37:19 INFO No adaptation required
2023-09-15 10:38:19 INFO calculating the utility values
2023-09-15 10:38:19 INFO Inside the Analyzer: Performing the analysis
2023-09-15 10:38:19 INFO Inside the planner: Generating the adaptation plan
2023-09-15 10:38:19 INFO Inside the Executor: executing the adaptations
2023-09-15 10:38:19 INFO inside add server module
2023-09-15 10:38:19 INFO Server added successfully
2023-09-15 10:38:19 INFO inside change dimer module, change flag decrease
2023-09-15 10:39:19 INFO calculating the utility values
2023-09-15 10:39:19 INFO Inside the Analyzer: Performing the analysis
2023-09-15 10:39:19 INFO Inside the planner: Generating the adaptation plan
2023-09-15 10:39:19 INFO Inside the Executor: executing the adaptations
2023-09-15 10:39:19 INFO inside change dimer module, change flag increase
2023-09-15 10:40:19 INFO calculating the utility values
2023-09-15 10:40:19 INFO Inside the Analyzer: Performing the analysis
2023-09-15 10:40:19 INFO Inside the planner: Generating the adaptation plan
2023-09-15 10:40:19 INFO Inside the Executor: executing the adaptations
2023-09-15 10:40:19 INFO removing server
2023-09-15 10:40:19 INFO server removed successfully
2023-09-15 10:41:19 INFO calculating the utility values
2023-09-15 10:41:19 INFO Inside the Analyzer: Performing the analysis
2023-09-15 10:41:19 INFO Inside the planner: Generating the adaptation plan
2023-09-15 10:41:19 INFO Inside the Executor: executing the adaptations
2023-09-15 10:41:19 INFO inside add server module
2023-09-15 10:41:19 INFO Server added successfully
2023-09-15 10:42:19 INFO calculating the utility values
2023-09-15 10:42:19 INFO Inside the Analyzer: Performing the analysis
2023-09-15 10:42:19 INFO Inside the planner: Generating the adaptation plan
2023-09-15 10:42:19 INFO Inside the Executor: executing the adaptations
2023-09-15 10:42:19 INFO removing server
2023-09-15 10:42:19 INFO server removed successfully
2023-09-15 10:43:19 INFO calculating the utility values
2023-09-15 10:43:19 INFO Inside the Analyzer: Performing the analysis
2023-09-15 10:43:19 INFO Inside the planner: Generating the adaptation plan
2023-09-15 10:43:19 INFO Inside the Executor: executing the adaptations
2023-09-15 10:43:19 INFO inside add server module
2023-09-15 10:43:19 INFO Server added successfully
2023-09-15 10:44:19 INFO calculating the utility values
2023-09-15 10:44:19 INFO Inside the Analyzer: Performing the analysis
2023-09-15 10:44:19 INFO Inside the planner: Generating the adaptation plan
2023-09-15 10:44:19 INFO Inside the Executor: executing the adaptations
2023-09-15 10:44:19 INFO removing server
2023-09-15 10:44:19 INFO server removed successfully
2023-09-15 10:45:19 INFO calculating the utility values
2023-09-15 10:45:19 INFO Inside the Analyzer: Performing the analysis
2023-09-15 10:45:19 INFO Inside the planner: Generating the adaptation plan
2023-09-15 10:45:19 INFO Inside the Executor: executing the adaptations
2023-09-15 10:45:19 INFO inside add server module
2023-09-15 10:45:19 INFO Server added successfully
2023-09-15 10:46:19 INFO calculating the utility values
2023-09-15 10:46:19 INFO Inside the Analyzer: Performing the analysis
2023-09-15 10:46:19 INFO Inside the planner: Generating the adaptation plan
2023-09-15 10:46:19 INFO Inside the Executor: executing the adaptations
2023-09-15 10:46:19 INFO removing server
2023-09-15 10:46:19 INFO server removed successfully
2023-09-15 10:47:19 INFO calculating the utility values
2023-09-15 10:47:19 INFO Inside the Analyzer: Performing the analysis
2023-09-15 10:47:19 INFO Inside the planner: Generating the adaptation plan
2023-09-15 10:47:19 INFO Inside the Executor: executing the adaptations
2023-09-15 10:47:19 INFO inside change dimer module, change flag decrease
2023-09-15 10:48:19 INFO calculating the utility values
2023-09-15 10:48:19 INFO Inside the Analyzer: Performing the analysis
2023-09-15 10:48:19 INFO Inside the planner: Generating the adaptation plan
2023-09-15 10:48:19 INFO No adaptation required
2023-09-15 10:49:19 INFO calculating the utility values
2023-09-15 10:49:19 INFO Inside the Analyzer: Performing the analysis
2023-09-15 10:49:19 INFO Inside the planner: Generating the adaptation plan
2023-09-15 10:49:19 INFO Inside the Executor: executing the adaptations
2023-09-15 10:49:19 INFO inside change dimer module, change flag decrease
2023-09-15 10:50:19 INFO calculating the utility values
2023-09-15 10:50:19 INFO Inside the Analyzer: Performing the analysis
2023-09-15 10:50:19 INFO Inside the planner: Generating the adaptation plan
2023-09-15 10:50:19 INFO No adaptation required
2023-09-15 10:51:19 INFO calculating the utility values
2023-09-15 10:51:19 INFO Inside the Analyzer: Performing the analysis
2023-09-15 10:51:19 INFO Inside the planner: Generating the adaptation plan
2023-09-15 10:51:19 INFO Inside the Executor: executing the adaptations
2023-09-15 10:51:19 INFO inside add server module
2023-09-15 10:51:19 INFO Server added successfully
2023-09-15 10:52:19 INFO calculating the utility values
2023-09-15 10:52:19 INFO Inside the Analyzer: Performing the analysis
2023-09-15 10:52:19 INFO Inside the planner: Generating the adaptation plan
2023-09-15 10:52:19 INFO No adaptation required
2023-09-15 10:53:19 INFO calculating the utility values
2023-09-15 10:53:19 INFO Inside the Analyzer: Performing the analysis
2023-09-15 10:53:19 INFO Inside the planner: Generating the adaptation plan
2023-09-15 10:53:19 INFO No adaptation required
2023-09-15 10:54:19 INFO calculating the utility values
2023-09-15 10:54:19 INFO Inside the Analyzer: Performing the analysis
2023-09-15 10:54:19 INFO Inside the planner: Generating the adaptation plan
2023-09-15 10:54:19 INFO Inside the Executor: executing the adaptations
2023-09-15 10:54:19 INFO removing server
2023-09-15 10:54:19 INFO server removed successfully
2023-09-15 10:55:19 INFO calculating the utility values
2023-09-15 10:55:19 INFO Inside the Analyzer: Performing the analysis
2023-09-15 10:55:19 INFO Inside the planner: Generating the adaptation plan
2023-09-15 10:55:19 INFO Inside the Executor: executing the adaptations
2023-09-15 10:55:19 INFO inside add server module
2023-09-15 10:55:19 INFO Server added successfully
2023-09-15 10:55:19 INFO inside change dimer module, change flag increase
2023-09-15 10:56:19 INFO calculating the utility values
2023-09-15 10:56:19 INFO Inside the Analyzer: Performing the analysis
2023-09-15 10:56:19 INFO Inside the planner: Generating the adaptation plan
2023-09-15 10:56:19 INFO No adaptation required
2023-09-15 10:57:19 INFO calculating the utility values
2023-09-15 10:57:19 INFO Inside the Analyzer: Performing the analysis
2023-09-15 10:57:19 INFO Inside the planner: Generating the adaptation plan
2023-09-15 10:57:19 INFO No adaptation required
2023-09-15 10:58:19 INFO calculating the utility values
2023-09-15 10:58:19 INFO Inside the Analyzer: Performing the analysis
2023-09-15 10:58:19 INFO Inside the planner: Generating the adaptation plan
2023-09-15 10:58:19 INFO Inside the Executor: executing the adaptations
2023-09-15 10:59:19 INFO calculating the utility values
2023-09-15 10:59:19 INFO Inside the Analyzer: Performing the analysis
2023-09-15 10:59:19 INFO Inside the planner: Generating the adaptation plan
2023-09-15 10:59:19 INFO Inside the Executor: executing the adaptations
2023-09-15 11:00:19 INFO calculating the utility values
2023-09-15 11:00:19 INFO Inside the Analyzer: Performing the analysis
2023-09-15 11:00:19 INFO Inside the planner: Generating the adaptation plan
2023-09-15 11:00:19 INFO Inside the Executor: executing the adaptations
2023-09-15 11:00:19 INFO removing server
2023-09-15 11:00:19 INFO server removed successfully
2023-09-15 11:01:19 INFO calculating the utility values
2023-09-15 11:01:19 INFO Inside the Analyzer: Performing the analysis
2023-09-15 11:01:19 INFO Inside the planner: Generating the adaptation plan
2023-09-15 11:01:19 INFO No adaptation required
2023-09-15 11:02:19 INFO calculating the utility values
2023-09-15 11:02:19 INFO Inside the Analyzer: Performing the analysis
2023-09-15 11:02:19 INFO Inside the planner: Generating the adaptation plan
2023-09-15 11:02:19 INFO No adaptation required
2023-09-15 11:03:19 INFO calculating the utility values
2023-09-15 11:03:19 INFO Inside the Analyzer: Performing the analysis
2023-09-15 11:03:19 INFO Inside the planner: Generating the adaptation plan
2023-09-15 11:03:19 INFO Inside the Executor: executing the adaptations
2023-09-15 11:03:19 INFO inside add server module
2023-09-15 11:03:19 INFO Server added successfully
2023-09-15 11:03:19 INFO inside change dimer module, change flag increase
2023-09-15 11:04:19 INFO calculating the utility values
2023-09-15 11:04:19 INFO Inside the Analyzer: Performing the analysis
2023-09-15 11:04:19 INFO Inside the planner: Generating the adaptation plan
2023-09-15 11:04:19 INFO Inside the Executor: executing the adaptations
2023-09-15 11:04:19 INFO removing server
2023-09-15 11:04:19 INFO server removed successfully
2023-09-15 11:04:19 INFO inside change dimer module, change flag increase
2023-09-15 11:05:19 INFO calculating the utility values
2023-09-15 11:05:19 INFO Inside the Analyzer: Performing the analysis
2023-09-15 11:05:19 INFO Inside the planner: Generating the adaptation plan
2023-09-15 11:05:19 INFO Inside the Executor: executing the adaptations
2023-09-15 11:05:19 INFO inside add server module
2023-09-15 11:05:19 INFO Server added successfully
2023-09-15 11:06:19 INFO calculating the utility values
2023-09-15 11:06:19 INFO Inside the Analyzer: Performing the analysis
2023-09-15 11:06:19 INFO Inside the planner: Generating the adaptation plan
2023-09-15 11:06:19 INFO No adaptation required
2023-09-15 11:07:19 INFO calculating the utility values
2023-09-15 11:07:19 INFO Inside the Analyzer: Performing the analysis
2023-09-15 11:07:19 INFO Inside the planner: Generating the adaptation plan
2023-09-15 11:07:19 INFO Inside the Executor: executing the adaptations
2023-09-15 11:08:19 INFO calculating the utility values
2023-09-15 11:08:19 INFO Inside the Analyzer: Performing the analysis
2023-09-15 11:08:19 INFO Inside the planner: Generating the adaptation plan
2023-09-15 11:08:19 INFO Inside the Executor: executing the adaptations
2023-09-15 11:08:19 INFO removing server
2023-09-15 11:08:19 INFO server removed successfully
2023-09-15 11:09:19 INFO calculating the utility values
2023-09-15 11:09:19 INFO Inside the Analyzer: Performing the analysis
2023-09-15 11:09:19 INFO Inside the planner: Generating the adaptation plan
2023-09-15 11:09:19 INFO No adaptation required
2023-09-15 11:10:19 INFO calculating the utility values
2023-09-15 11:10:19 INFO Inside the Analyzer: Performing the analysis
2023-09-15 11:10:19 INFO Inside the planner: Generating the adaptation plan
2023-09-15 11:10:19 INFO No adaptation required
2023-09-15 11:11:19 INFO calculating the utility values
2023-09-15 11:11:19 INFO Inside the Analyzer: Performing the analysis
2023-09-15 11:11:19 INFO Inside the planner: Generating the adaptation plan
2023-09-15 11:11:19 INFO Inside the Executor: executing the adaptations
2023-09-15 11:11:19 INFO inside add server module
2023-09-15 11:11:19 INFO Server added successfully
2023-09-15 11:12:19 INFO calculating the utility values
2023-09-15 11:12:19 INFO Inside the Analyzer: Performing the analysis
2023-09-15 11:12:19 INFO Inside the planner: Generating the adaptation plan
2023-09-15 11:12:19 INFO Inside the Executor: executing the adaptations
2023-09-15 11:13:19 INFO calculating the utility values
2023-09-15 11:13:19 INFO Inside the Analyzer: Performing the analysis
2023-09-15 11:13:19 INFO Inside the planner: Generating the adaptation plan
2023-09-15 11:13:19 INFO No adaptation required
2023-09-15 11:14:19 INFO calculating the utility values
2023-09-15 11:14:19 INFO Inside the Analyzer: Performing the analysis
2023-09-15 11:14:19 INFO Inside the planner: Generating the adaptation plan
2023-09-15 11:14:19 INFO No adaptation required
2023-09-15 11:15:19 INFO calculating the utility values
2023-09-15 11:15:19 INFO Inside the Analyzer: Performing the analysis
2023-09-15 11:15:19 INFO Inside the planner: Generating the adaptation plan
2023-09-15 11:15:19 INFO Inside the Executor: executing the adaptations
2023-09-15 11:15:19 INFO removing server
2023-09-15 11:15:19 INFO server removed successfully
2023-09-15 11:16:19 INFO calculating the utility values
2023-09-15 11:16:20 INFO Inside the Analyzer: Performing the analysis
2023-09-15 11:16:20 INFO Inside the planner: Generating the adaptation plan
2023-09-15 11:16:20 INFO Inside the Executor: executing the adaptations
2023-09-15 11:16:20 INFO inside add server module
2023-09-15 11:16:20 INFO Server added successfully
2023-09-15 11:17:20 INFO calculating the utility values
2023-09-15 11:17:20 INFO Inside the Analyzer: Performing the analysis
2023-09-15 11:17:20 INFO Inside the planner: Generating the adaptation plan
2023-09-15 11:17:20 INFO Inside the Executor: executing the adaptations
2023-09-15 11:17:20 INFO removing server
2023-09-15 11:17:20 INFO server removed successfully
2023-09-15 11:18:20 INFO calculating the utility values
2023-09-15 11:18:20 INFO Inside the Analyzer: Performing the analysis
2023-09-15 11:18:20 INFO Inside the planner: Generating the adaptation plan
2023-09-15 11:18:20 INFO No adaptation required
2023-09-15 11:19:20 INFO calculating the utility values
2023-09-15 11:19:20 INFO Inside the Analyzer: Performing the analysis
2023-09-15 11:19:20 INFO Inside the planner: Generating the adaptation plan
2023-09-15 11:19:20 INFO No adaptation required
2023-09-15 11:20:20 INFO calculating the utility values
2023-09-15 11:20:20 INFO Inside the Analyzer: Performing the analysis
2023-09-15 11:20:20 INFO Inside the planner: Generating the adaptation plan
2023-09-15 11:20:20 INFO Inside the Executor: executing the adaptations
2023-09-15 11:20:20 INFO inside add server module
2023-09-15 11:20:20 INFO Server added successfully
2023-09-15 11:21:20 INFO calculating the utility values
2023-09-15 11:21:20 INFO Inside the Analyzer: Performing the analysis
2023-09-15 11:21:20 INFO Inside the planner: Generating the adaptation plan
2023-09-15 11:21:20 INFO Inside the Executor: executing the adaptations
2023-09-15 11:21:20 INFO removing server
2023-09-15 11:21:20 INFO server removed successfully
2023-09-15 11:22:20 INFO calculating the utility values
2023-09-15 11:22:20 INFO Inside the Analyzer: Performing the analysis
2023-09-15 11:22:20 INFO Inside the planner: Generating the adaptation plan
2023-09-15 11:22:20 INFO No adaptation required
2023-09-15 11:23:20 INFO calculating the utility values
2023-09-15 11:23:20 INFO Inside the Analyzer: Performing the analysis
2023-09-15 11:23:20 INFO Inside the planner: Generating the adaptation plan
2023-09-15 11:23:20 INFO Inside the Executor: executing the adaptations
2023-09-15 11:23:20 INFO inside add server module
2023-09-15 11:23:20 INFO Server added successfully
2023-09-15 11:24:20 INFO calculating the utility values
2023-09-15 11:24:20 INFO Inside the Analyzer: Performing the analysis
2023-09-15 11:24:20 INFO Inside the planner: Generating the adaptation plan
2023-09-15 11:24:20 INFO No adaptation required
2023-09-15 11:25:20 INFO calculating the utility values
2023-09-15 11:25:20 INFO Inside the Analyzer: Performing the analysis
2023-09-15 11:25:20 INFO Inside the planner: Generating the adaptation plan
2023-09-15 11:25:20 INFO Inside the Executor: executing the adaptations
2023-09-15 11:25:20 INFO removing server
2023-09-15 11:25:20 INFO server removed successfully
2023-09-15 11:26:20 INFO calculating the utility values
2023-09-15 11:26:20 INFO Inside the Analyzer: Performing the analysis
2023-09-15 11:26:20 INFO Inside the planner: Generating the adaptation plan
2023-09-15 11:26:20 INFO No adaptation required
2023-09-15 11:27:20 INFO calculating the utility values
2023-09-15 11:27:20 INFO Inside the Analyzer: Performing the analysis
2023-09-15 11:27:20 INFO Inside the planner: Generating the adaptation plan
2023-09-15 11:27:20 INFO No adaptation required
2023-09-15 11:28:20 INFO calculating the utility values
2023-09-15 11:28:20 INFO Inside the Analyzer: Performing the analysis
2023-09-15 11:28:20 INFO Inside the planner: Generating the adaptation plan
2023-09-15 11:28:20 INFO Inside the Executor: executing the adaptations
2023-09-15 11:28:20 INFO inside add server module
2023-09-15 11:28:20 INFO Server added successfully
2023-09-15 11:29:20 INFO calculating the utility values
2023-09-15 11:29:20 INFO Inside the Analyzer: Performing the analysis
2023-09-15 11:29:20 INFO Inside the planner: Generating the adaptation plan
2023-09-15 11:29:20 INFO Inside the Executor: executing the adaptations
2023-09-15 11:29:20 INFO removing server
2023-09-15 11:29:20 INFO server removed successfully
2023-09-15 11:30:20 INFO calculating the utility values
2023-09-15 11:30:20 INFO Inside the Analyzer: Performing the analysis
2023-09-15 11:30:20 INFO Inside the planner: Generating the adaptation plan
2023-09-15 11:30:20 INFO Inside the Executor: executing the adaptations
2023-09-15 11:30:20 INFO inside add server module
2023-09-15 11:30:20 INFO Server added successfully
2023-09-15 11:31:20 INFO calculating the utility values
2023-09-15 11:31:20 INFO Inside the Analyzer: Performing the analysis
2023-09-15 11:31:20 INFO Inside the planner: Generating the adaptation plan
2023-09-15 11:31:20 INFO Inside the Executor: executing the adaptations
2023-09-15 11:31:20 INFO removing server
2023-09-15 11:31:20 INFO server removed successfully
2023-09-15 11:32:20 INFO calculating the utility values
2023-09-15 11:32:20 INFO Inside the Analyzer: Performing the analysis
2023-09-15 11:32:20 INFO Inside the planner: Generating the adaptation plan
2023-09-15 11:32:20 INFO Inside the Executor: executing the adaptations
2023-09-15 11:32:20 INFO inside add server module
2023-09-15 11:32:20 INFO Server added successfully
2023-09-15 11:33:20 INFO calculating the utility values
2023-09-15 11:33:20 INFO Inside the Analyzer: Performing the analysis
2023-09-15 11:33:20 INFO Inside the planner: Generating the adaptation plan
2023-09-15 11:33:20 INFO Inside the Executor: executing the adaptations
2023-09-15 11:33:20 INFO removing server
2023-09-15 11:33:20 INFO server removed successfully
2023-09-15 11:34:20 INFO calculating the utility values
2023-09-15 11:34:20 INFO Inside the Analyzer: Performing the analysis
2023-09-15 11:34:20 INFO Inside the planner: Generating the adaptation plan
2023-09-15 11:34:20 INFO Inside the Executor: executing the adaptations
2023-09-15 11:34:20 INFO inside add server module
2023-09-15 11:34:20 INFO Server added successfully
2023-09-15 11:35:20 INFO calculating the utility values
2023-09-15 11:35:20 INFO Inside the Analyzer: Performing the analysis
2023-09-15 11:35:20 INFO Inside the planner: Generating the adaptation plan
2023-09-15 11:35:20 INFO Inside the Executor: executing the adaptations
2023-09-15 11:35:20 INFO removing server
2023-09-15 11:35:20 INFO server removed successfully
2023-09-15 11:36:20 INFO calculating the utility values
2023-09-15 11:36:20 INFO Inside the Analyzer: Performing the analysis
2023-09-15 11:36:20 INFO Inside the planner: Generating the adaptation plan
2023-09-15 11:36:20 INFO Inside the Executor: executing the adaptations
2023-09-15 11:36:20 INFO inside add server module
2023-09-15 11:36:20 INFO Server added successfully
2023-09-15 11:37:20 INFO calculating the utility values
2023-09-15 11:37:20 INFO Inside the Analyzer: Performing the analysis
2023-09-15 11:37:20 INFO Inside the planner: Generating the adaptation plan
2023-09-15 11:37:20 INFO Inside the Executor: executing the adaptations
2023-09-15 11:37:20 INFO removing server
2023-09-15 11:37:20 INFO server removed successfully
2023-09-15 11:38:20 INFO calculating the utility values
2023-09-15 11:38:20 INFO Inside the Analyzer: Performing the analysis
2023-09-15 11:38:20 INFO Inside the planner: Generating the adaptation plan
2023-09-15 11:38:20 INFO Inside the Executor: executing the adaptations
2023-09-15 11:38:20 INFO inside add server module
2023-09-15 11:38:20 INFO Server added successfully
2023-09-15 11:39:20 INFO calculating the utility values
2023-09-15 11:39:20 INFO Inside the Analyzer: Performing the analysis
2023-09-15 11:39:20 INFO Inside the planner: Generating the adaptation plan
2023-09-15 11:39:20 INFO Inside the Executor: executing the adaptations
2023-09-15 11:39:20 INFO removing server
2023-09-15 11:39:20 INFO server removed successfully
2023-09-15 11:40:20 INFO calculating the utility values
2023-09-15 11:40:20 INFO Inside the Analyzer: Performing the analysis
2023-09-15 11:40:20 INFO Inside the planner: Generating the adaptation plan
2023-09-15 11:40:20 INFO Inside the Executor: executing the adaptations
2023-09-15 11:40:20 INFO inside add server module
2023-09-15 11:40:20 INFO Server added successfully
2023-09-15 11:41:20 INFO calculating the utility values
2023-09-15 11:41:20 INFO Inside the Analyzer: Performing the analysis
2023-09-15 11:41:20 INFO Inside the planner: Generating the adaptation plan
2023-09-15 11:41:20 INFO Inside the Executor: executing the adaptations
2023-09-15 11:41:20 INFO removing server
2023-09-15 11:41:20 INFO server removed successfully
2023-09-15 11:42:20 INFO calculating the utility values
2023-09-15 11:42:20 INFO Inside the Analyzer: Performing the analysis
2023-09-15 11:42:20 INFO Inside the planner: Generating the adaptation plan
2023-09-15 11:42:20 INFO Inside the Executor: executing the adaptations
2023-09-15 11:42:20 INFO inside add server module
2023-09-15 11:42:20 INFO Server added successfully
2023-09-15 11:43:20 INFO calculating the utility values
2023-09-15 11:43:20 INFO Inside the Analyzer: Performing the analysis
2023-09-15 11:43:20 INFO Inside the planner: Generating the adaptation plan
2023-09-15 11:43:20 INFO Inside the Executor: executing the adaptations
2023-09-15 11:43:20 INFO removing server
2023-09-15 11:43:20 INFO server removed successfully
2023-09-15 11:44:20 ERROR [Errno 104] Connection reset by peer
2023-09-15 11:45:20 ERROR [Errno 104] Connection reset by peer
2023-09-15 11:46:20 ERROR [Errno 104] Connection reset by peer
