2023-08-30 11:02:28 DEBUG Logger Initialized
2023-08-30 11:02:28 INFO running the adaptation effector module
2023-08-30 11:02:28 INFO Inside the Analyzer: Performing the analysis
2023-08-30 11:02:28 INFO Inside the planner: Generating the adaptation plan
2023-08-30 11:02:28 INFO calculating the utility values
2023-08-30 11:02:28 INFO Current dimmer value 0.9
2023-08-30 11:02:28 INFO  dimmer flag status, increase : decrease True : True
2023-08-30 11:02:28 INFO Inside the Executor: executing the adaptations
2023-08-30 11:02:28 INFO inside add server module
2023-08-30 11:02:28 INFO Server added successfully
2023-08-30 11:02:28 INFO inside change dimer module, change flag decrease
2023-08-30 11:48:38 DEBUG Logger Initialized
2023-08-30 11:48:38 INFO running the adaptation effector module
2023-08-30 11:48:38 INFO Inside the Analyzer: Performing the analysis
2023-08-30 11:48:38 INFO Inside the planner: Generating the adaptation plan
2023-08-30 11:48:38 INFO calculating the utility values
2023-08-30 11:48:38 INFO Current dimmer value 0.9
2023-08-30 11:48:38 INFO  dimmer flag status, increase : decrease True : True
2023-08-30 11:48:38 INFO Inside the Executor: executing the adaptations
2023-08-30 11:48:38 INFO removing server
2023-08-30 11:48:38 INFO server removed successfully
2023-08-30 11:49:38 INFO Inside the Analyzer: Performing the analysis
2023-08-30 11:49:38 INFO Inside the planner: Generating the adaptation plan
2023-08-30 11:49:38 INFO calculating the utility values
2023-08-30 11:49:38 INFO Current dimmer value 0.9
2023-08-30 11:49:38 INFO  dimmer flag status, increase : decrease True : True
2023-08-30 11:49:38 INFO Inside the Executor: executing the adaptations
2023-08-30 11:49:38 INFO removing server
2023-08-30 11:49:38 INFO server removed successfully
2023-08-30 11:50:38 INFO Inside the Analyzer: Performing the analysis
2023-08-30 11:50:38 INFO  The response time above threshold -- Initializing Planner
2023-08-30 11:50:38 INFO Inside the planner: Generating the adaptation plan
2023-08-30 11:50:38 INFO calculating the utility values
2023-08-30 11:50:38 INFO Current dimmer value 0.9
2023-08-30 11:50:38 INFO  dimmer flag status, increase : decrease True : True
2023-08-30 11:50:38 INFO Inside the Executor: executing the adaptations
2023-08-30 11:50:38 INFO inside add server module
2023-08-30 11:50:38 INFO Server added successfully
2023-08-30 11:50:38 INFO inside change dimer module, change flag decrease
2023-08-30 11:51:38 INFO Inside the Analyzer: Performing the analysis
2023-08-30 11:51:38 INFO  The response time above threshold -- Initializing Planner
2023-08-30 11:51:38 INFO Inside the planner: Generating the adaptation plan
2023-08-30 11:51:38 INFO calculating the utility values
2023-08-30 11:51:38 INFO Current dimmer value 0.8
2023-08-30 11:51:38 INFO  dimmer flag status, increase : decrease True : True
2023-08-30 11:51:38 INFO Inside the Executor: executing the adaptations
2023-08-30 11:51:38 INFO removing server
2023-08-30 11:51:38 INFO server removed successfully
2023-08-30 11:52:38 INFO Inside the Analyzer: Performing the analysis
2023-08-30 11:52:38 INFO  The response time above threshold -- Initializing Planner
2023-08-30 11:52:38 INFO Inside the planner: Generating the adaptation plan
2023-08-30 11:52:38 INFO calculating the utility values
2023-08-30 11:52:38 INFO Current dimmer value 0.8
2023-08-30 11:52:38 INFO  dimmer flag status, increase : decrease True : True
2023-08-30 11:52:38 INFO Inside the Executor: executing the adaptations
2023-08-30 11:52:38 INFO inside add server module
2023-08-30 11:52:38 INFO Server added successfully
2023-08-30 11:52:38 INFO inside change dimer module, change flag decrease
