2023-10-10 08:29:17 DEBUG Logger Initialized
2023-10-10 08:29:17 INFO running the adaptation effector module
2023-10-10 08:29:17 INFO Inside the Analyzer: Performing the analysis
2023-10-10 08:29:17 INFO Inside the planner: Generating the adaptation plan
2023-10-10 08:29:17 INFO No adaptation required
2023-10-10 08:30:17 INFO calculating the utility values
2023-10-10 08:30:17 INFO Inside the Analyzer: Performing the analysis
2023-10-10 08:30:17 INFO Inside the planner: Generating the adaptation plan
2023-10-10 08:30:17 INFO No adaptation required
2023-10-10 08:31:17 INFO calculating the utility values
2023-10-10 08:31:17 INFO Inside the Analyzer: Performing the analysis
2023-10-10 08:31:17 INFO Inside the planner: Generating the adaptation plan
2023-10-10 08:31:17 INFO No adaptation required
2023-10-10 08:32:17 INFO calculating the utility values
2023-10-10 08:32:17 INFO Inside the Analyzer: Performing the analysis
2023-10-10 08:32:17 INFO Inside the planner: Generating the adaptation plan
2023-10-10 08:32:17 INFO No adaptation required
2023-10-10 08:33:17 INFO calculating the utility values
2023-10-10 08:33:17 INFO Inside the Analyzer: Performing the analysis
2023-10-10 08:33:17 INFO Inside the planner: Generating the adaptation plan
2023-10-10 08:33:17 INFO No adaptation required
2023-10-10 08:34:17 INFO calculating the utility values
2023-10-10 08:34:17 INFO Inside the Analyzer: Performing the analysis
2023-10-10 08:34:17 INFO Inside the planner: Generating the adaptation plan
2023-10-10 08:34:17 INFO No adaptation required
2023-10-10 08:35:17 INFO calculating the utility values
2023-10-10 08:35:17 INFO Inside the Analyzer: Performing the analysis
2023-10-10 08:35:17 INFO Inside the planner: Generating the adaptation plan
2023-10-10 08:35:17 INFO Inside the Executor: executing the adaptations
2023-10-10 08:35:17 INFO removing server
2023-10-10 08:35:17 INFO server removed successfully
2023-10-10 08:35:17 INFO inside change dimer module, change flag increase
2023-10-10 08:36:17 INFO calculating the utility values
2023-10-10 08:36:17 INFO Inside the Analyzer: Performing the analysis
2023-10-10 08:36:17 INFO Inside the planner: Generating the adaptation plan
2023-10-10 08:36:17 INFO Inside the Executor: executing the adaptations
2023-10-10 08:36:17 INFO inside change dimer module, change flag decrease
2023-10-10 08:37:17 INFO calculating the utility values
2023-10-10 08:37:17 INFO Inside the Analyzer: Performing the analysis
2023-10-10 08:37:17 INFO Inside the planner: Generating the adaptation plan
2023-10-10 08:37:17 INFO Inside the Executor: executing the adaptations
2023-10-10 08:37:17 INFO inside add server module
2023-10-10 08:37:17 INFO Server added successfully
2023-10-10 08:37:17 INFO inside change dimer module, change flag decrease
2023-10-10 08:38:17 INFO calculating the utility values
2023-10-10 08:38:17 INFO Inside the Analyzer: Performing the analysis
2023-10-10 08:38:17 INFO Inside the planner: Generating the adaptation plan
2023-10-10 08:38:17 INFO No adaptation required
2023-10-10 08:39:17 INFO calculating the utility values
2023-10-10 08:39:17 INFO Inside the Analyzer: Performing the analysis
2023-10-10 08:39:17 INFO Inside the planner: Generating the adaptation plan
2023-10-10 08:39:17 INFO Inside the Executor: executing the adaptations
2023-10-10 08:39:17 INFO removing server
2023-10-10 08:39:17 INFO server removed successfully
2023-10-10 08:40:17 INFO calculating the utility values
2023-10-10 08:40:17 INFO Inside the Analyzer: Performing the analysis
2023-10-10 08:40:17 INFO Inside the planner: Generating the adaptation plan
2023-10-10 08:40:17 INFO Inside the Executor: executing the adaptations
2023-10-10 08:40:17 INFO inside add server module
2023-10-10 08:40:17 INFO Server added successfully
2023-10-10 08:41:17 INFO calculating the utility values
2023-10-10 08:41:18 INFO Inside the Analyzer: Performing the analysis
2023-10-10 08:41:18 INFO Inside the planner: Generating the adaptation plan
2023-10-10 08:41:18 INFO No adaptation required
2023-10-10 08:42:18 INFO calculating the utility values
2023-10-10 08:42:18 INFO Inside the Analyzer: Performing the analysis
2023-10-10 08:42:18 INFO Inside the planner: Generating the adaptation plan
2023-10-10 08:42:18 INFO No adaptation required
2023-10-10 08:43:18 INFO calculating the utility values
2023-10-10 08:43:18 INFO Inside the Analyzer: Performing the analysis
2023-10-10 08:43:18 INFO Inside the planner: Generating the adaptation plan
2023-10-10 08:43:18 INFO Inside the Executor: executing the adaptations
2023-10-10 08:43:18 INFO removing server
2023-10-10 08:43:18 INFO server removed successfully
2023-10-10 08:43:18 INFO inside change dimer module, change flag decrease
2023-10-10 08:44:18 INFO calculating the utility values
2023-10-10 08:44:18 INFO Inside the Analyzer: Performing the analysis
2023-10-10 08:44:18 INFO Inside the planner: Generating the adaptation plan
2023-10-10 08:44:18 INFO Inside the Executor: executing the adaptations
2023-10-10 08:44:18 INFO removing server
2023-10-10 08:44:18 INFO server removed successfully
2023-10-10 08:45:18 INFO calculating the utility values
2023-10-10 08:45:18 INFO Inside the Analyzer: Performing the analysis
2023-10-10 08:45:18 INFO Inside the planner: Generating the adaptation plan
2023-10-10 08:45:18 INFO Inside the Executor: executing the adaptations
2023-10-10 08:45:18 INFO inside change dimer module, change flag decrease
2023-10-10 08:46:18 INFO calculating the utility values
2023-10-10 08:46:18 INFO Inside the Analyzer: Performing the analysis
2023-10-10 08:46:18 INFO Inside the planner: Generating the adaptation plan
2023-10-10 08:46:18 INFO Inside the Executor: executing the adaptations
2023-10-10 08:46:18 INFO inside change dimer module, change flag decrease
2023-10-10 08:47:18 INFO calculating the utility values
2023-10-10 08:47:18 INFO Inside the Analyzer: Performing the analysis
2023-10-10 08:47:18 INFO Inside the planner: Generating the adaptation plan
2023-10-10 08:47:18 INFO Inside the Executor: executing the adaptations
2023-10-10 08:47:18 INFO inside change dimer module, change flag increase
2023-10-10 08:48:18 INFO calculating the utility values
2023-10-10 08:48:18 INFO Inside the Analyzer: Performing the analysis
2023-10-10 08:48:18 INFO Inside the planner: Generating the adaptation plan
2023-10-10 08:48:18 INFO Inside the Executor: executing the adaptations
2023-10-10 08:48:18 INFO inside change dimer module, change flag decrease
2023-10-10 08:49:18 INFO calculating the utility values
2023-10-10 08:49:18 INFO Inside the Analyzer: Performing the analysis
2023-10-10 08:49:18 INFO Inside the planner: Generating the adaptation plan
2023-10-10 08:49:18 INFO Inside the Executor: executing the adaptations
2023-10-10 08:49:18 INFO inside change dimer module, change flag increase
2023-10-10 08:50:18 INFO calculating the utility values
2023-10-10 08:50:18 INFO Inside the Analyzer: Performing the analysis
2023-10-10 08:50:18 INFO Inside the planner: Generating the adaptation plan
2023-10-10 08:50:18 INFO Inside the Executor: executing the adaptations
2023-10-10 08:50:18 INFO inside change dimer module, change flag decrease
2023-10-10 08:51:18 INFO calculating the utility values
2023-10-10 08:51:18 INFO Inside the Analyzer: Performing the analysis
2023-10-10 08:51:18 INFO Inside the planner: Generating the adaptation plan
2023-10-10 08:51:18 INFO Inside the Executor: executing the adaptations
2023-10-10 08:51:18 INFO inside change dimer module, change flag decrease
2023-10-10 08:52:18 INFO calculating the utility values
2023-10-10 08:52:18 INFO Inside the Analyzer: Performing the analysis
2023-10-10 08:52:18 INFO Inside the planner: Generating the adaptation plan
2023-10-10 08:52:18 INFO Inside the Executor: executing the adaptations
2023-10-10 08:52:18 INFO inside change dimer module, change flag increase
2023-10-10 08:53:18 INFO calculating the utility values
2023-10-10 08:53:18 INFO Inside the Analyzer: Performing the analysis
2023-10-10 08:53:18 INFO Inside the planner: Generating the adaptation plan
2023-10-10 08:53:18 INFO Inside the Executor: executing the adaptations
2023-10-10 08:53:18 INFO inside change dimer module, change flag decrease
2023-10-10 08:54:18 INFO calculating the utility values
2023-10-10 08:54:18 INFO Inside the Analyzer: Performing the analysis
2023-10-10 08:54:18 INFO Inside the planner: Generating the adaptation plan
2023-10-10 08:54:18 INFO Inside the Executor: executing the adaptations
2023-10-10 08:54:18 INFO inside change dimer module, change flag decrease
2023-10-10 08:55:18 INFO calculating the utility values
2023-10-10 08:55:18 INFO Inside the Analyzer: Performing the analysis
2023-10-10 08:55:18 INFO Inside the planner: Generating the adaptation plan
2023-10-10 08:55:18 INFO Inside the Executor: executing the adaptations
2023-10-10 08:55:18 INFO inside change dimer module, change flag decrease
2023-10-10 08:56:18 INFO calculating the utility values
2023-10-10 08:56:18 INFO Inside the Analyzer: Performing the analysis
2023-10-10 08:56:18 INFO Inside the planner: Generating the adaptation plan
2023-10-10 08:56:18 INFO No adaptation required
2023-10-10 08:57:18 INFO calculating the utility values
2023-10-10 08:57:18 INFO Inside the Analyzer: Performing the analysis
2023-10-10 08:57:18 INFO Inside the planner: Generating the adaptation plan
2023-10-10 08:57:18 INFO No adaptation required
2023-10-10 08:58:18 INFO calculating the utility values
2023-10-10 08:58:18 INFO Inside the Analyzer: Performing the analysis
2023-10-10 08:58:18 INFO Inside the planner: Generating the adaptation plan
2023-10-10 08:58:18 INFO No adaptation required
2023-10-10 08:59:18 INFO calculating the utility values
2023-10-10 08:59:18 INFO Inside the Analyzer: Performing the analysis
2023-10-10 08:59:18 INFO Inside the planner: Generating the adaptation plan
2023-10-10 08:59:18 INFO No adaptation required
2023-10-10 09:00:18 INFO calculating the utility values
2023-10-10 09:00:18 INFO Inside the Analyzer: Performing the analysis
2023-10-10 09:00:18 INFO Inside the planner: Generating the adaptation plan
2023-10-10 09:00:18 INFO No adaptation required
2023-10-10 09:01:18 INFO calculating the utility values
2023-10-10 09:01:18 INFO Inside the Analyzer: Performing the analysis
2023-10-10 09:01:18 INFO Inside the planner: Generating the adaptation plan
2023-10-10 09:01:18 INFO No adaptation required
2023-10-10 09:02:18 INFO calculating the utility values
2023-10-10 09:02:18 INFO Inside the Analyzer: Performing the analysis
2023-10-10 09:02:18 INFO Inside the planner: Generating the adaptation plan
2023-10-10 09:02:18 INFO No adaptation required
2023-10-10 09:03:18 INFO calculating the utility values
2023-10-10 09:03:18 INFO Inside the Analyzer: Performing the analysis
2023-10-10 09:03:18 INFO Inside the planner: Generating the adaptation plan
2023-10-10 09:03:18 INFO No adaptation required
2023-10-10 09:04:18 INFO calculating the utility values
2023-10-10 09:04:18 INFO Inside the Analyzer: Performing the analysis
2023-10-10 09:04:18 INFO Inside the planner: Generating the adaptation plan
2023-10-10 09:04:18 INFO No adaptation required
2023-10-10 09:05:18 INFO calculating the utility values
2023-10-10 09:05:18 INFO Inside the Analyzer: Performing the analysis
2023-10-10 09:05:18 INFO Inside the planner: Generating the adaptation plan
2023-10-10 09:05:18 INFO No adaptation required
2023-10-10 09:06:18 INFO calculating the utility values
2023-10-10 09:06:18 INFO Inside the Analyzer: Performing the analysis
2023-10-10 09:06:18 INFO Inside the planner: Generating the adaptation plan
2023-10-10 09:06:18 INFO No adaptation required
2023-10-10 09:07:18 INFO calculating the utility values
2023-10-10 09:07:18 INFO Inside the Analyzer: Performing the analysis
2023-10-10 09:07:18 INFO Inside the planner: Generating the adaptation plan
2023-10-10 09:07:18 INFO No adaptation required
2023-10-10 09:08:18 INFO calculating the utility values
2023-10-10 09:08:18 INFO Inside the Analyzer: Performing the analysis
2023-10-10 09:08:18 INFO Inside the planner: Generating the adaptation plan
2023-10-10 09:08:18 INFO No adaptation required
2023-10-10 09:09:18 INFO calculating the utility values
2023-10-10 09:09:18 INFO Inside the Analyzer: Performing the analysis
2023-10-10 09:09:18 INFO Inside the planner: Generating the adaptation plan
2023-10-10 09:09:18 INFO Inside the Executor: executing the adaptations
2023-10-10 09:09:18 INFO inside add server module
2023-10-10 09:09:18 INFO Server added successfully
2023-10-10 09:10:18 INFO calculating the utility values
2023-10-10 09:10:18 INFO Inside the Analyzer: Performing the analysis
2023-10-10 09:10:18 INFO Inside the planner: Generating the adaptation plan
2023-10-10 09:10:18 INFO Inside the Executor: executing the adaptations
2023-10-10 09:10:18 INFO inside add server module
2023-10-10 09:10:18 INFO Server added successfully
2023-10-10 09:11:18 INFO calculating the utility values
2023-10-10 09:11:18 INFO Inside the Analyzer: Performing the analysis
2023-10-10 09:11:18 INFO Inside the planner: Generating the adaptation plan
2023-10-10 09:11:18 INFO Inside the Executor: executing the adaptations
2023-10-10 09:11:18 INFO inside change dimer module, change flag decrease
2023-10-10 09:12:18 INFO calculating the utility values
2023-10-10 09:12:18 INFO Inside the Analyzer: Performing the analysis
2023-10-10 09:12:18 INFO Inside the planner: Generating the adaptation plan
2023-10-10 09:12:18 INFO No adaptation required
2023-10-10 09:13:18 INFO calculating the utility values
2023-10-10 09:13:18 INFO Inside the Analyzer: Performing the analysis
2023-10-10 09:13:18 INFO Inside the planner: Generating the adaptation plan
2023-10-10 09:13:18 INFO Inside the Executor: executing the adaptations
2023-10-10 09:13:18 INFO removing server
2023-10-10 09:13:18 INFO server removed successfully
2023-10-10 09:14:18 INFO calculating the utility values
2023-10-10 09:14:18 INFO Inside the Analyzer: Performing the analysis
2023-10-10 09:14:18 INFO Inside the planner: Generating the adaptation plan
2023-10-10 09:14:18 INFO Inside the Executor: executing the adaptations
2023-10-10 09:14:18 INFO removing server
2023-10-10 09:14:18 INFO server removed successfully
2023-10-10 09:14:18 INFO inside change dimer module, change flag increase
2023-10-10 09:15:18 INFO calculating the utility values
2023-10-10 09:15:18 INFO Inside the Analyzer: Performing the analysis
2023-10-10 09:15:18 INFO Inside the planner: Generating the adaptation plan
2023-10-10 09:15:18 INFO No adaptation required
2023-10-10 09:16:18 INFO calculating the utility values
2023-10-10 09:16:18 INFO Inside the Analyzer: Performing the analysis
2023-10-10 09:16:18 INFO Inside the planner: Generating the adaptation plan
2023-10-10 09:16:18 INFO No adaptation required
2023-10-10 09:17:18 INFO calculating the utility values
2023-10-10 09:17:18 INFO Inside the Analyzer: Performing the analysis
2023-10-10 09:17:18 INFO Inside the planner: Generating the adaptation plan
2023-10-10 09:17:18 INFO Inside the Executor: executing the adaptations
2023-10-10 09:17:18 INFO inside change dimer module, change flag decrease
2023-10-10 09:18:18 INFO calculating the utility values
2023-10-10 09:18:18 INFO Inside the Analyzer: Performing the analysis
2023-10-10 09:18:18 INFO Inside the planner: Generating the adaptation plan
2023-10-10 09:18:18 INFO Inside the Executor: executing the adaptations
2023-10-10 09:19:18 INFO calculating the utility values
2023-10-10 09:19:18 INFO Inside the Analyzer: Performing the analysis
2023-10-10 09:19:18 INFO Inside the planner: Generating the adaptation plan
2023-10-10 09:19:18 INFO Inside the Executor: executing the adaptations
2023-10-10 09:20:18 INFO calculating the utility values
2023-10-10 09:20:18 INFO Inside the Analyzer: Performing the analysis
2023-10-10 09:20:18 INFO Inside the planner: Generating the adaptation plan
2023-10-10 09:20:18 INFO Inside the Executor: executing the adaptations
2023-10-10 09:21:18 INFO calculating the utility values
2023-10-10 09:21:18 INFO Inside the Analyzer: Performing the analysis
2023-10-10 09:21:18 INFO Inside the planner: Generating the adaptation plan
2023-10-10 09:21:18 INFO Inside the Executor: executing the adaptations
2023-10-10 09:22:18 INFO calculating the utility values
2023-10-10 09:22:18 INFO Inside the Analyzer: Performing the analysis
2023-10-10 09:22:18 INFO Inside the planner: Generating the adaptation plan
2023-10-10 09:22:18 INFO Inside the Executor: executing the adaptations
2023-10-10 09:22:18 INFO inside add server module
2023-10-10 09:22:18 INFO Server added successfully
2023-10-10 09:22:18 INFO inside change dimer module, change flag decrease
2023-10-10 09:23:18 INFO calculating the utility values
2023-10-10 09:23:18 INFO Inside the Analyzer: Performing the analysis
2023-10-10 09:23:18 INFO Inside the planner: Generating the adaptation plan
2023-10-10 09:23:18 INFO No adaptation required
2023-10-10 09:24:18 INFO calculating the utility values
2023-10-10 09:24:18 INFO Inside the Analyzer: Performing the analysis
2023-10-10 09:24:18 INFO Inside the planner: Generating the adaptation plan
2023-10-10 09:24:18 INFO No adaptation required
2023-10-10 09:25:18 INFO calculating the utility values
2023-10-10 09:25:18 INFO Inside the Analyzer: Performing the analysis
2023-10-10 09:25:18 INFO Inside the planner: Generating the adaptation plan
2023-10-10 09:25:18 INFO No adaptation required
2023-10-10 09:26:18 INFO calculating the utility values
2023-10-10 09:26:18 INFO Inside the Analyzer: Performing the analysis
2023-10-10 09:26:18 INFO Inside the planner: Generating the adaptation plan
2023-10-10 09:26:18 INFO No adaptation required
2023-10-10 09:27:18 INFO calculating the utility values
2023-10-10 09:27:18 INFO Inside the Analyzer: Performing the analysis
2023-10-10 09:27:18 INFO Inside the planner: Generating the adaptation plan
2023-10-10 09:27:18 INFO No adaptation required
2023-10-10 09:28:18 INFO calculating the utility values
2023-10-10 09:28:18 INFO Inside the Analyzer: Performing the analysis
2023-10-10 09:28:18 INFO Inside the planner: Generating the adaptation plan
2023-10-10 09:28:18 INFO No adaptation required
2023-10-10 09:29:18 INFO calculating the utility values
2023-10-10 09:29:18 INFO Inside the Analyzer: Performing the analysis
2023-10-10 09:29:18 INFO Inside the planner: Generating the adaptation plan
2023-10-10 09:29:18 INFO No adaptation required
2023-10-10 09:30:18 INFO calculating the utility values
2023-10-10 09:30:18 INFO Inside the Analyzer: Performing the analysis
2023-10-10 09:30:18 INFO Inside the planner: Generating the adaptation plan
2023-10-10 09:30:18 INFO No adaptation required
2023-10-10 09:31:18 INFO calculating the utility values
2023-10-10 09:31:18 INFO Inside the Analyzer: Performing the analysis
2023-10-10 09:31:18 INFO Inside the planner: Generating the adaptation plan
2023-10-10 09:31:18 INFO Inside the Executor: executing the adaptations
2023-10-10 09:31:18 INFO inside add server module
2023-10-10 09:31:18 INFO Server added successfully
2023-10-10 09:32:18 INFO calculating the utility values
2023-10-10 09:32:18 INFO Inside the Analyzer: Performing the analysis
2023-10-10 09:32:18 INFO Inside the planner: Generating the adaptation plan
2023-10-10 09:32:18 INFO Inside the Executor: executing the adaptations
2023-10-10 09:32:18 INFO removing server
2023-10-10 09:32:18 INFO server removed successfully
2023-10-10 09:33:18 INFO calculating the utility values
2023-10-10 09:33:18 INFO Inside the Analyzer: Performing the analysis
2023-10-10 09:33:18 INFO Inside the planner: Generating the adaptation plan
2023-10-10 09:33:18 INFO No adaptation required
2023-10-10 09:34:18 INFO calculating the utility values
2023-10-10 09:34:18 INFO Inside the Analyzer: Performing the analysis
2023-10-10 09:34:18 INFO Inside the planner: Generating the adaptation plan
2023-10-10 09:34:18 INFO No adaptation required
2023-10-10 09:35:18 INFO calculating the utility values
2023-10-10 09:35:18 INFO Inside the Analyzer: Performing the analysis
2023-10-10 09:35:18 INFO Inside the planner: Generating the adaptation plan
2023-10-10 09:35:18 INFO Inside the Executor: executing the adaptations
2023-10-10 09:35:18 INFO removing server
2023-10-10 09:35:18 INFO server removed successfully
2023-10-10 09:36:18 INFO calculating the utility values
2023-10-10 09:36:18 INFO Inside the Analyzer: Performing the analysis
2023-10-10 09:36:18 INFO Inside the planner: Generating the adaptation plan
2023-10-10 09:36:18 INFO Inside the Executor: executing the adaptations
2023-10-10 09:36:18 INFO inside add server module
2023-10-10 09:36:18 INFO Server added successfully
2023-10-10 09:36:18 INFO inside change dimer module, change flag increase
2023-10-10 09:37:18 INFO calculating the utility values
2023-10-10 09:37:18 INFO Inside the Analyzer: Performing the analysis
2023-10-10 09:37:18 INFO Inside the planner: Generating the adaptation plan
2023-10-10 09:37:18 INFO Inside the Executor: executing the adaptations
2023-10-10 09:37:18 INFO inside add server module
2023-10-10 09:37:18 INFO Server added successfully
2023-10-10 09:37:18 INFO inside change dimer module, change flag decrease
2023-10-10 09:38:18 INFO calculating the utility values
2023-10-10 09:38:18 INFO Inside the Analyzer: Performing the analysis
2023-10-10 09:38:18 INFO Inside the planner: Generating the adaptation plan
2023-10-10 09:38:18 INFO No adaptation required
2023-10-10 09:39:18 INFO calculating the utility values
2023-10-10 09:39:18 INFO Inside the Analyzer: Performing the analysis
2023-10-10 09:39:18 INFO Inside the planner: Generating the adaptation plan
2023-10-10 09:39:18 INFO No adaptation required
2023-10-10 09:40:18 INFO calculating the utility values
2023-10-10 09:40:18 INFO Inside the Analyzer: Performing the analysis
2023-10-10 09:40:18 INFO Inside the planner: Generating the adaptation plan
2023-10-10 09:40:18 INFO No adaptation required
2023-10-10 09:41:18 INFO calculating the utility values
2023-10-10 09:41:18 INFO Inside the Analyzer: Performing the analysis
2023-10-10 09:41:18 INFO Inside the planner: Generating the adaptation plan
2023-10-10 09:41:18 INFO Inside the Executor: executing the adaptations
2023-10-10 09:41:18 INFO inside change dimer module, change flag increase
2023-10-10 09:42:18 INFO calculating the utility values
2023-10-10 09:42:18 INFO Inside the Analyzer: Performing the analysis
2023-10-10 09:42:18 INFO Inside the planner: Generating the adaptation plan
2023-10-10 09:42:18 INFO Inside the Executor: executing the adaptations
2023-10-10 09:42:18 INFO inside change dimer module, change flag increase
2023-10-10 09:43:18 INFO calculating the utility values
2023-10-10 09:43:18 INFO Inside the Analyzer: Performing the analysis
2023-10-10 09:43:18 INFO Inside the planner: Generating the adaptation plan
2023-10-10 09:43:18 INFO Inside the Executor: executing the adaptations
2023-10-10 09:43:18 INFO inside change dimer module, change flag decrease
2023-10-10 09:44:18 INFO calculating the utility values
2023-10-10 09:44:18 INFO Inside the Analyzer: Performing the analysis
2023-10-10 09:44:18 INFO Inside the planner: Generating the adaptation plan
2023-10-10 09:44:18 INFO No adaptation required
2023-10-10 09:45:18 INFO calculating the utility values
2023-10-10 09:45:18 INFO Inside the Analyzer: Performing the analysis
2023-10-10 09:45:18 INFO Inside the planner: Generating the adaptation plan
2023-10-10 09:45:18 INFO Inside the Executor: executing the adaptations
2023-10-10 09:45:18 INFO inside change dimer module, change flag increase
2023-10-10 09:46:18 INFO calculating the utility values
2023-10-10 09:46:18 INFO Inside the Analyzer: Performing the analysis
2023-10-10 09:46:18 INFO Inside the planner: Generating the adaptation plan
2023-10-10 09:46:18 INFO Inside the Executor: executing the adaptations
2023-10-10 09:46:18 INFO inside change dimer module, change flag decrease
2023-10-10 09:47:18 INFO calculating the utility values
2023-10-10 09:47:18 INFO Inside the Analyzer: Performing the analysis
2023-10-10 09:47:18 INFO Inside the planner: Generating the adaptation plan
2023-10-10 09:47:18 INFO Inside the Executor: executing the adaptations
2023-10-10 09:47:18 INFO inside change dimer module, change flag increase
2023-10-10 09:48:18 INFO calculating the utility values
2023-10-10 09:48:18 INFO Inside the Analyzer: Performing the analysis
2023-10-10 09:48:18 INFO Inside the planner: Generating the adaptation plan
2023-10-10 09:48:18 INFO Inside the Executor: executing the adaptations
2023-10-10 09:48:18 INFO inside change dimer module, change flag increase
2023-10-10 09:49:18 INFO calculating the utility values
2023-10-10 09:49:18 INFO Inside the Analyzer: Performing the analysis
2023-10-10 09:49:18 INFO Inside the planner: Generating the adaptation plan
2023-10-10 09:49:18 INFO Inside the Executor: executing the adaptations
2023-10-10 09:49:18 INFO inside change dimer module, change flag decrease
2023-10-10 09:50:18 INFO calculating the utility values
2023-10-10 09:50:18 INFO Inside the Analyzer: Performing the analysis
2023-10-10 09:50:18 INFO Inside the planner: Generating the adaptation plan
2023-10-10 09:50:18 INFO Inside the Executor: executing the adaptations
2023-10-10 09:50:18 INFO removing server
2023-10-10 09:50:18 INFO server removed successfully
2023-10-10 09:50:18 INFO inside change dimer module, change flag decrease
2023-10-10 09:51:18 INFO calculating the utility values
2023-10-10 09:51:18 INFO Inside the Analyzer: Performing the analysis
2023-10-10 09:51:18 INFO Inside the planner: Generating the adaptation plan
2023-10-10 09:51:18 INFO No adaptation required
2023-10-10 09:52:18 INFO calculating the utility values
2023-10-10 09:52:18 INFO Inside the Analyzer: Performing the analysis
2023-10-10 09:52:18 INFO Inside the planner: Generating the adaptation plan
2023-10-10 09:52:18 INFO No adaptation required
2023-10-10 09:53:18 INFO calculating the utility values
2023-10-10 09:53:18 INFO Inside the Analyzer: Performing the analysis
2023-10-10 09:53:18 INFO Inside the planner: Generating the adaptation plan
2023-10-10 09:53:18 INFO No adaptation required
2023-10-10 09:54:18 INFO calculating the utility values
2023-10-10 09:54:18 INFO Inside the Analyzer: Performing the analysis
2023-10-10 09:54:18 INFO Inside the planner: Generating the adaptation plan
2023-10-10 09:54:18 INFO No adaptation required
2023-10-10 09:55:18 INFO calculating the utility values
2023-10-10 09:55:18 INFO Inside the Analyzer: Performing the analysis
2023-10-10 09:55:18 INFO Inside the planner: Generating the adaptation plan
2023-10-10 09:55:18 INFO No adaptation required
2023-10-10 09:56:18 INFO calculating the utility values
2023-10-10 09:56:18 INFO Inside the Analyzer: Performing the analysis
2023-10-10 09:56:18 INFO Inside the planner: Generating the adaptation plan
2023-10-10 09:56:18 INFO No adaptation required
2023-10-10 09:57:18 INFO calculating the utility values
2023-10-10 09:57:18 INFO Inside the Analyzer: Performing the analysis
2023-10-10 09:57:18 INFO Inside the planner: Generating the adaptation plan
2023-10-10 09:57:18 INFO No adaptation required
2023-10-10 09:58:18 INFO calculating the utility values
2023-10-10 09:58:18 INFO Inside the Analyzer: Performing the analysis
2023-10-10 09:58:18 INFO Inside the planner: Generating the adaptation plan
2023-10-10 09:58:18 INFO Inside the Executor: executing the adaptations
2023-10-10 09:58:18 INFO inside add server module
2023-10-10 09:58:18 INFO Server added successfully
2023-10-10 09:58:18 INFO inside change dimer module, change flag increase
2023-10-10 09:59:18 INFO calculating the utility values
2023-10-10 09:59:18 INFO Inside the Analyzer: Performing the analysis
2023-10-10 09:59:18 INFO Inside the planner: Generating the adaptation plan
2023-10-10 09:59:18 INFO Inside the Executor: executing the adaptations
2023-10-10 09:59:18 INFO inside change dimer module, change flag increase
2023-10-10 10:00:18 INFO calculating the utility values
2023-10-10 10:00:18 INFO Inside the Analyzer: Performing the analysis
2023-10-10 10:00:18 INFO Inside the planner: Generating the adaptation plan
2023-10-10 10:00:18 INFO Inside the Executor: executing the adaptations
2023-10-10 10:00:18 INFO inside change dimer module, change flag decrease
2023-10-10 10:01:18 INFO calculating the utility values
2023-10-10 10:01:18 INFO Inside the Analyzer: Performing the analysis
2023-10-10 10:01:18 INFO Inside the planner: Generating the adaptation plan
2023-10-10 10:01:18 INFO Inside the Executor: executing the adaptations
2023-10-10 10:01:18 INFO inside change dimer module, change flag increase
2023-10-10 10:02:18 INFO calculating the utility values
2023-10-10 10:02:18 INFO Inside the Analyzer: Performing the analysis
2023-10-10 10:02:18 INFO Inside the planner: Generating the adaptation plan
2023-10-10 10:02:18 INFO Inside the Executor: executing the adaptations
2023-10-10 10:02:18 INFO removing server
2023-10-10 10:02:18 INFO server removed successfully
2023-10-10 10:02:18 INFO inside change dimer module, change flag increase
2023-10-10 10:03:18 INFO calculating the utility values
2023-10-10 10:03:19 INFO Inside the Analyzer: Performing the analysis
2023-10-10 10:03:19 INFO Inside the planner: Generating the adaptation plan
2023-10-10 10:03:19 INFO Inside the Executor: executing the adaptations
2023-10-10 10:03:19 INFO inside change dimer module, change flag decrease
2023-10-10 10:04:19 INFO calculating the utility values
2023-10-10 10:04:19 INFO Inside the Analyzer: Performing the analysis
2023-10-10 10:04:19 INFO Inside the planner: Generating the adaptation plan
2023-10-10 10:04:19 INFO No adaptation required
2023-10-10 10:05:19 INFO calculating the utility values
2023-10-10 10:05:19 INFO Inside the Analyzer: Performing the analysis
2023-10-10 10:05:19 INFO Inside the planner: Generating the adaptation plan
2023-10-10 10:05:19 INFO No adaptation required
2023-10-10 10:06:19 INFO calculating the utility values
2023-10-10 10:06:19 INFO Inside the Analyzer: Performing the analysis
2023-10-10 10:06:19 INFO Inside the planner: Generating the adaptation plan
2023-10-10 10:06:19 INFO No adaptation required
2023-10-10 10:07:19 INFO calculating the utility values
2023-10-10 10:07:19 INFO Inside the Analyzer: Performing the analysis
2023-10-10 10:07:19 INFO Inside the planner: Generating the adaptation plan
2023-10-10 10:07:19 INFO No adaptation required
2023-10-10 10:08:19 INFO calculating the utility values
2023-10-10 10:08:19 INFO Inside the Analyzer: Performing the analysis
2023-10-10 10:08:19 INFO Inside the planner: Generating the adaptation plan
2023-10-10 10:08:19 INFO No adaptation required
2023-10-10 10:09:19 INFO calculating the utility values
2023-10-10 10:09:19 INFO Inside the Analyzer: Performing the analysis
2023-10-10 10:09:19 INFO Inside the planner: Generating the adaptation plan
2023-10-10 10:09:19 INFO No adaptation required
2023-10-10 10:10:19 INFO calculating the utility values
2023-10-10 10:10:19 INFO Inside the Analyzer: Performing the analysis
2023-10-10 10:10:19 INFO Inside the planner: Generating the adaptation plan
2023-10-10 10:10:19 INFO No adaptation required
2023-10-10 10:11:19 INFO calculating the utility values
2023-10-10 10:11:19 INFO Inside the Analyzer: Performing the analysis
2023-10-10 10:11:19 INFO Inside the planner: Generating the adaptation plan
2023-10-10 10:11:19 INFO No adaptation required
2023-10-10 10:12:19 INFO calculating the utility values
2023-10-10 10:12:19 INFO Inside the Analyzer: Performing the analysis
2023-10-10 10:12:19 INFO Inside the planner: Generating the adaptation plan
2023-10-10 10:12:19 INFO No adaptation required
2023-10-10 10:13:19 INFO calculating the utility values
2023-10-10 10:13:19 INFO Inside the Analyzer: Performing the analysis
2023-10-10 10:13:19 INFO Inside the planner: Generating the adaptation plan
2023-10-10 10:13:19 INFO No adaptation required
2023-10-10 10:14:19 ERROR [Errno 104] Connection reset by peer
2023-10-10 10:15:19 ERROR [Errno 104] Connection reset by peer
2023-10-10 10:16:19 ERROR [Errno 104] Connection reset by peer
2023-10-10 10:17:19 ERROR [Errno 104] Connection reset by peer
2023-10-10 10:18:19 ERROR [Errno 104] Connection reset by peer
2023-10-10 10:19:19 ERROR [Errno 104] Connection reset by peer
2023-10-10 10:20:19 ERROR [Errno 104] Connection reset by peer
2023-10-10 10:21:19 ERROR [Errno 104] Connection reset by peer
